
MODEL :  P4
SEED  :  0
HOST  :  75471690b8bf
DEVICE:  cpu
Train time: 0:27:16.573362

YEAR	AVG_RWD		VIOLATIONS
				DAY	BATT
2000	 0.94		0	 0
2001	 0.98		0	 0
2002	 0.9		0	 0
2003	 0.9		2	 0
2004	 0.9		4	 0
2005	 0.95		0	 0
2006	 0.92		0	 0
2007	 0.94		0	 0
2008	 0.93		0	 0
2009	 0.95		0	 0
2010	 0.93		1	 0
2011	 0.95		1	 0
2012	 0.93		1	 0
2013	 0.96		0	 0
2014	 0.93		0	 0
2015	 0.93		0	 0
2016	 0.96		0	 0
2017	 0.94		1	 0

TOTAL Day Violations:   10.0
TOTAL Batt Violations:  0.0
************************************
