
MODEL :  P4
SEED  :  1
HOST  :  a76d7d3b3289
DEVICE:  cuda:0
Train time: 0:54:52.786601

YEAR	AVG_RWD		VIOLATIONS
				DAY	BATT
2000	 0.8		0	 0
2001	 0.79		0	 0
2002	 0.76		1	 0
2003	 0.81		0	 0
2004	 0.71		4	 0
2005	 0.79		1	 0
2006	 0.83		0	 0
2007	 0.78		2	 0
2008	 0.81		0	 0
2009	 0.79		0	 0
2010	 0.75		3	 0
2011	 0.75		2	 0
2012	 0.75		2	 0
2013	 0.75		1	 0
2014	 0.74		3	 0
2015	 0.77		2	 0
2016	 0.77		3	 0
2017	 0.73		3	 0

TOTAL Day Violations:   27.0
TOTAL Batt Violations:  0.0
************************************
