
MODEL :  P4
SEED  :  2
HOST  :  75471690b8bf
DEVICE:  cpu

MODEL :  P4
SEED  :  2
HOST  :  75471690b8bf
DEVICE:  cpu
Train time: 0:29:42.523501

YEAR	AVG_RWD		VIOLATIONS
				DAY	BATT
2000	 0.87		0	 0
2001	 0.88		0	 0
2002	 0.83		0	 0
2003	 0.88		0	 0
2004	 0.83		0	 0
2005	 0.89		0	 0
2006	 0.91		0	 0
2007	 0.87		0	 0
2008	 0.9		0	 0
2009	 0.88		0	 0
2010	 0.85		0	 0
2011	 0.87		0	 0
2012	 0.84		0	 0
2013	 0.84		0	 0
2014	 0.83		0	 0
2015	 0.85		0	 0
2016	 0.88		0	 0
2017	 0.84		0	 0

TOTAL Day Violations:   0.0
TOTAL Batt Violations:  0.0
************************************
