
MODEL :  P4
SEED  :  3
HOST  :  a76d7d3b3289
DEVICE:  cpu
Train time: 0:16:17.086853

YEAR	AVG_RWD		VIOLATIONS
				DAY	BATT
2000	 0.8		0	 0
2001	 0.78		3	 0
2002	 0.74		5	 0
2003	 0.81		0	 0
2004	 0.74		2	 0
2005	 0.86		0	 0
2006	 0.85		0	 0
2007	 0.8		1	 0
2008	 0.85		0	 0
2009	 0.8		2	 0
2010	 0.75		3	 0
2011	 0.76		3	 0
2012	 0.77		1	 0
2013	 0.71		7	 0
2014	 0.74		2	 0
2015	 0.73		6	 0
2016	 0.8		1	 0
2017	 0.76		1	 0

TOTAL Day Violations:   37.0
TOTAL Batt Violations:  0.0
************************************
