
MODEL :  P4
SEED  :  4
HOST  :  a76d7d3b3289
DEVICE:  cpu
Train time: 0:18:09.476596

YEAR	AVG_RWD		VIOLATIONS
				DAY	BATT
2000	 1.01		0	 0
2001	 1.03		0	 0
2002	 0.98		0	 0
2003	 1.01		0	 0
2004	 0.98		0	 0
2005	 1.03		0	 0
2006	 1.02		0	 0
2007	 1.01		0	 0
2008	 1.02		0	 0
2009	 1.01		0	 0
2010	 1.0		0	 0
2011	 1.03		0	 0
2012	 1.0		0	 0
2013	 1.02		0	 0
2014	 0.99		0	 0
2015	 1.01		0	 0
2016	 1.02		0	 0
2017	 1.01		0	 0

TOTAL Day Violations:   0.0
TOTAL Batt Violations:  0.0
************************************
