
MODEL :  P4
SEED  :  5
HOST  :  75471690b8bf
DEVICE:  cpu
Train time: 0:29:44.283233

YEAR	AVG_RWD		VIOLATIONS
				DAY	BATT
2000	 0.78		0	 0
2001	 0.81		0	 0
2002	 0.74		0	 0
2003	 0.78		2	 0
2004	 0.75		0	 0
2005	 0.82		0	 0
2006	 0.8		0	 0
2007	 0.78		0	 0
2008	 0.82		0	 0
2009	 0.81		0	 0
2010	 0.77		0	 0
2011	 0.79		0	 0
2012	 0.76		0	 0
2013	 0.75		0	 0
2014	 0.75		0	 0
2015	 0.76		0	 0
2016	 0.79		0	 0
2017	 0.78		0	 0

TOTAL Day Violations:   2.0
TOTAL Batt Violations:  0.0
************************************
