
MODEL :  P4
SEED  :  6
HOST  :  a76d7d3b3289
DEVICE:  cpu
Train time: 0:18:05.403198

YEAR	AVG_RWD		VIOLATIONS
				DAY	BATT
2000	 0.31		16	 107
2001	 0.76		2	 0
2002	 0.09		26	 299
2003	 -0.05		32	 325
2004	 0.71		2	 0
2005	 0.8		0	 0
2006	 0.66		0	 0
2007	 0.72		1	 0
2008	 0.79		0	 0
2009	 0.69		2	 0
2010	 0.67		4	 0
2011	 0.73		4	 0
2012	 0.71		1	 0
2013	 0.65		8	 0
2014	 0.23		22	 170
2015	 0.6		3	 0
2016	 0.72		3	 0
2017	 0.68		5	 9

TOTAL Day Violations:   131.0
TOTAL Batt Violations:  910.0
************************************
