
MODEL :  P4
SEED  :  7
HOST  :  a76d7d3b3289
DEVICE:  cpu
Train time: 0:16:16.939473

YEAR	AVG_RWD		VIOLATIONS
				DAY	BATT
2000	 0.85		0	 0
2001	 0.85		0	 0
2002	 0.79		1	 0
2003	 0.88		0	 0
2004	 0.76		2	 0
2005	 0.87		1	 0
2006	 0.9		0	 0
2007	 0.82		3	 0
2008	 0.88		0	 0
2009	 0.85		0	 0
2010	 0.78		3	 0
2011	 0.8		3	 0
2012	 0.77		2	 0
2013	 0.74		5	 0
2014	 0.74		4	 0
2015	 0.8		1	 0
2016	 0.82		4	 0
2017	 0.79		2	 0

TOTAL Day Violations:   31.0
TOTAL Batt Violations:  0.0
************************************
