
MODEL :  P4
SEED  :  8
HOST  :  75471690b8bf
DEVICE:  cpu
Train time: 0:26:44.620521

YEAR	AVG_RWD		VIOLATIONS
				DAY	BATT
2000	 0.85		2	 0
2001	 0.87		1	 0
2002	 0.81		1	 0
2003	 0.89		1	 0
2004	 0.79		2	 0
2005	 0.93		0	 0
2006	 0.91		0	 0
2007	 0.83		4	 0
2008	 0.91		0	 0
2009	 0.86		1	 0
2010	 0.78		5	 0
2011	 0.84		4	 0
2012	 0.8		2	 0
2013	 0.75		8	 0
2014	 0.75		6	 0
2015	 0.8		2	 0
2016	 0.85		3	 0
2017	 0.82		2	 0

TOTAL Day Violations:   44.0
TOTAL Batt Violations:  0.0
************************************
