
MODEL :  P4
SEED  :  9
HOST  :  75471690b8bf
DEVICE:  cpu
Train time: 0:27:23.189579

YEAR	AVG_RWD		VIOLATIONS
				DAY	BATT
2000	 0.85		1	 0
2001	 0.88		0	 0
2002	 0.81		1	 1
2003	 0.84		2	 0
2004	 0.77		6	 1
2005	 0.86		1	 0
2006	 0.86		0	 0
2007	 0.83		2	 1
2008	 0.85		2	 0
2009	 0.88		0	 0
2010	 0.82		3	 0
2011	 0.83		5	 0
2012	 0.78		5	 0
2013	 0.8		4	 0
2014	 0.78		5	 1
2015	 0.83		2	 0
2016	 0.84		3	 2
2017	 0.81		4	 0

TOTAL Day Violations:   46.0
TOTAL Batt Violations:  6.0
************************************
