

Seed ARG:  0
Train time: 0:10:38.830794
YEAR	AVG_RWD		VIOLATIONS
			DAY	BATT
2000	 1.42		0	 0
2001	 1.42		0	 0
2002	 1.38		0	 0
2003	 1.42		0	 0
2004	 1.38		0	 0
2005	 1.41		0	 0
2006	 1.45		0	 0
2007	 1.41		0	 0
2008	 1.4		0	 0
2009	 1.41		0	 0
2010	 1.4		0	 0
2011	 1.38		0	 0
2012	 1.36		1	 0
2013	 1.37		0	 0
2014	 1.38		0	 0
2015	 1.4		0	 0
2016	 1.42		0	 0
2017	 1.38		0	 0

TOTAL Day Violations:   1.0
TOTAL Batt Violations:  0.0
Run time: 0:11:10.435194




Seed ARG:  1
Train time: 0:10:22.239024
YEAR	AVG_RWD		VIOLATIONS
			DAY	BATT
2000	 1.43		0	 0
2001	 1.45		0	 0
2002	 0.94		20	 143
2003	 1.12		15	 97
2004	 1.29		5	 36
2005	 1.43		0	 0
2006	 1.47		0	 0
2007	 1.41		3	 0
2008	 1.44		0	 0
2009	 1.44		0	 0
2010	 1.39		2	 0
2011	 1.42		1	 0
2012	 1.37		3	 0
2013	 1.39		2	 0
2014	 1.39		1	 0
2015	 1.43		0	 0
2016	 1.42		3	 0
2017	 1.18		12	 97

TOTAL Day Violations:   67.0
TOTAL Batt Violations:  373.0
Run time: 0:10:55.607435




Seed ARG:  2
Train time: 0:10:48.558631
YEAR	AVG_RWD		VIOLATIONS
			DAY	BATT
2000	 1.38		1	 0
2001	 1.37		3	 0
2002	 1.34		3	 1
2003	 1.38		1	 0
2004	 1.31		5	 4
2005	 1.36		2	 0
2006	 1.41		0	 0
2007	 1.34		5	 2
2008	 1.36		3	 0
2009	 1.37		1	 0
2010	 1.32		6	 0
2011	 1.32		6	 2
2012	 1.31		5	 2
2013	 1.3		7	 1
2014	 1.29		8	 1
2015	 1.36		3	 0
2016	 1.34		6	 4
2017	 1.32		4	 4

TOTAL Day Violations:   69.0
TOTAL Batt Violations:  21.0
Run time: 0:11:21.193035




Seed ARG:  3
Train time: 0:10:28.154238
YEAR	AVG_RWD		VIOLATIONS
			DAY	BATT
2000	 1.34		0	 0
2001	 1.35		0	 0
2002	 1.3		0	 0
2003	 1.33		0	 0
2004	 1.29		1	 0
2005	 1.31		0	 0
2006	 1.35		0	 0
2007	 1.31		1	 0
2008	 1.31		0	 0
2009	 1.34		0	 0
2010	 1.32		0	 0
2011	 1.31		0	 0
2012	 1.29		0	 0
2013	 1.3		0	 0
2014	 1.31		0	 0
2015	 1.32		0	 0
2016	 1.33		1	 0
2017	 1.3		0	 0

TOTAL Day Violations:   3.0
TOTAL Batt Violations:  0.0
Run time: 0:11:01.616434


