Seed ARG:  0
Train time: 0:12:49.513850
YEAR	AVG_RWD		VIOLATIONS
			DAY	BATT
2000	 0.98		17	 31
2001	 1.02		19	 36
2002	 0.9		21	 38
2003	 1.07		10	 2
2004	 0.91		22	 38
2005	 1.17		4	 11
2006	 1.14		6	 11
2007	 0.99		19	 33
2008	 1.13		5	 6
2009	 1.04		13	 27
2010	 0.93		21	 41
2011	 0.98		21	 33
2012	 0.88		22	 36
2013	 0.85		28	 67
2014	 0.86		25	 53
2015	 0.87		26	 57
2016	 1.02		17	 36
2017	 0.95		24	 61

TOTAL Day Violations:   320.0
TOTAL Batt Violations:  617.0
Run time: 0:13:25.594268

Seed ARG:  1
Train time: 0:12:40.193587
YEAR	AVG_RWD		VIOLATIONS
			DAY	BATT
2000	 1.0		17	 30
2001	 1.0		19	 35
2002	 0.95		19	 35
2003	 1.11		7	 11
2004	 0.89		23	 38
2005	 1.11		5	 9
2006	 1.18		5	 13
2007	 0.96		20	 43
2008	 1.13		4	 4
2009	 1.04		13	 23
2010	 0.92		23	 44
2011	 0.94		19	 36
2012	 0.9		20	 31
2013	 0.82		27	 54
2014	 0.84		28	 53
2015	 0.89		26	 51
2016	 0.99		20	 38
2017	 0.85		27	 54

TOTAL Day Violations:   322.0
TOTAL Batt Violations:  602.0
Run time: 0:13:17.069533

Seed ARG:  2
Train time: 0:12:56.068342
YEAR	AVG_RWD		VIOLATIONS
			DAY	BATT
2000	 0.2		61	 185
2001	 0.25		59	 207
2002	 0.04		68	 189
2003	 0.51		40	 75
2004	 0.02		74	 233
2005	 0.43		51	 99
2006	 0.63		30	 74
2007	 0.21		61	 200
2008	 0.52		38	 83
2009	 0.35		52	 139
2010	 0.06		71	 237
2011	 0.15		70	 206
2012	 -0.15		90	 233
2013	 -0.13		85	 283
2014	 -0.11		83	 286
2015	 0.06		67	 266
2016	 0.29		56	 160
2017	 0.15		65	 238

TOTAL Day Violations:   1121.0
TOTAL Batt Violations:  3393.0
Run time: 0:13:31.613447

Seed ARG:  3
Train time: 0:12:55.777140
YEAR	AVG_RWD		VIOLATIONS
			DAY	BATT
2000	 1.28		0	 0
2001	 1.3		0	 0
2002	 1.22		1	 0
2003	 1.19		3	 0
2004	 1.3		0	 0
2005	 1.33		0	 0
2006	 1.22		0	 0
2007	 1.3		0	 0
2008	 1.3		0	 0
2009	 1.27		0	 0
2010	 1.29		0	 0
2011	 1.35		0	 0
2012	 1.31		0	 0
2013	 1.34		0	 0
2014	 1.29		0	 0
2015	 1.25		0	 0
2016	 1.28		0	 0
2017	 1.31		2	 0

TOTAL Day Violations:   6.0
TOTAL Batt Violations:  0.0
Run time: 0:13:33.085998

Seed ARG:  4
Train time: 0:12:52.527257
YEAR	AVG_RWD		VIOLATIONS
			DAY	BATT
2000	 1.19		1	 0
2001	 1.21		0	 0
2002	 1.13		3	 10
2003	 1.2		2	 0
2004	 1.19		0	 0
2005	 1.27		0	 0
2006	 1.21		0	 0
2007	 1.22		0	 0
2008	 1.26		0	 0
2009	 1.2		0	 0
2010	 1.2		0	 0
2011	 1.23		0	 0
2012	 1.2		0	 0
2013	 1.21		1	 0
2014	 1.19		0	 0
2015	 1.18		0	 0
2016	 1.21		0	 0
2017	 1.23		0	 0

TOTAL Day Violations:   7.0
TOTAL Batt Violations:  10.0
Run time: 0:13:28.985010


