

Seed ARG:  0
Device:  cpu
Train time: 0:29:12.723766
YEAR	AVG_RWD		VIOLATIONS
			DAY	BATT
2000	 1.45		0	 0
2001	 1.47		0	 0
2002	 1.4		0	 0
2003	 1.43		1	 0
2004	 1.42		1	 0
2005	 1.46		0	 0
2006	 1.45		0	 0
2007	 1.44		2	 0
2008	 1.45		0	 0
2009	 1.45		0	 0
2010	 1.43		1	 0
2011	 1.46		0	 0
2012	 1.43		0	 0
2013	 1.45		0	 0
2014	 1.41		1	 0
2015	 1.43		0	 0
2016	 1.44		2	 0
2017	 1.45		0	 0

TOTAL Day Violations:   8.0
TOTAL Batt Violations:  0.0

Run time: 0:29:46.333122


Seed ARG:  1
Device:  cpu
Train time: 0:29:03.188339
YEAR	AVG_RWD		VIOLATIONS
			DAY	BATT
2000	 1.28		0	 0
2001	 1.29		0	 0
2002	 1.26		1	 0
2003	 1.28		1	 0
2004	 1.23		3	 1
2005	 1.25		0	 0
2006	 1.31		0	 0
2007	 1.25		3	 0
2008	 1.26		1	 0
2009	 1.28		0	 0
2010	 1.26		1	 0
2011	 1.22		3	 0
2012	 1.25		1	 0
2013	 1.22		3	 0
2014	 1.26		1	 0
2015	 1.29		1	 0
2016	 1.23		5	 0
2017	 1.24		1	 0

TOTAL Day Violations:   25.0
TOTAL Batt Violations:  1.0

Run time: 0:29:36.920210


Seed ARG:  2
Device:  cpu
Train time: 0:28:41.429998
YEAR	AVG_RWD		VIOLATIONS
			DAY	BATT
2000	 1.23		0	 0
2001	 1.23		0	 0
2002	 1.2		1	 0
2003	 1.21		2	 0
2004	 1.14		4	 0
2005	 1.19		1	 0
2006	 1.27		0	 0
2007	 1.19		3	 1
2008	 1.21		2	 0
2009	 1.23		0	 0
2010	 1.18		3	 0
2011	 1.15		5	 0
2012	 1.16		2	 0
2013	 1.14		4	 0
2014	 1.13		5	 0
2015	 1.21		2	 0
2016	 1.18		5	 0
2017	 1.16		4	 1

TOTAL Day Violations:   43.0
TOTAL Batt Violations:  2.0

Run time: 0:29:14.335443


Seed ARG:  3
Device:  cpu
Train time: 0:28:37.545112
YEAR	AVG_RWD		VIOLATIONS
			DAY	BATT
2000	 1.43		0	 0
2001	 1.43		0	 0
2002	 1.4		1	 0
2003	 1.42		1	 0
2004	 1.35		4	 3
2005	 1.4		1	 0
2006	 1.44		0	 0
2007	 1.39		3	 1
2008	 1.4		2	 0
2009	 1.43		0	 0
2010	 1.37		3	 2
2011	 1.35		5	 1
2012	 1.38		2	 0
2013	 1.37		3	 0
2014	 1.35		5	 2
2015	 1.41		2	 2
2016	 1.39		5	 1
2017	 1.37		4	 0

TOTAL Day Violations:   41.0
TOTAL Batt Violations:  12.0

Run time: 0:29:09.928630


Seed ARG:  4
Device:  cpu
Train time: 0:28:46.856001
YEAR	AVG_RWD		VIOLATIONS
			DAY	BATT
2000	 1.39		0	 0
2001	 1.4		0	 0
2002	 1.36		1	 1
2003	 1.4		1	 0
2004	 1.31		5	 1
2005	 1.38		1	 0
2006	 1.43		0	 0
2007	 1.36		3	 1
2008	 1.38		2	 0
2009	 1.4		0	 0
2010	 1.34		3	 0
2011	 1.33		5	 0
2012	 1.33		2	 0
2013	 1.31		5	 0
2014	 1.31		5	 0
2015	 1.37		2	 0
2016	 1.35		5	 2
2017	 1.33		4	 0

TOTAL Day Violations:   44.0
TOTAL Batt Violations:  5.0

Run time: 0:29:20.124262


Seed ARG:  5
Device:  cpu
Train time: 0:28:50.744533
YEAR	AVG_RWD		VIOLATIONS
			DAY	BATT
2000	 1.27		2	 0
2001	 1.26		3	 0
2002	 1.23		5	 0
2003	 1.3		1	 0
2004	 1.17		8	 0
2005	 1.26		1	 0
2006	 1.31		2	 0
2007	 1.22		6	 1
2008	 1.25		4	 0
2009	 1.28		1	 0
2010	 1.19		8	 1
2011	 1.19		6	 1
2012	 1.19		6	 0
2013	 1.15		11	 0
2014	 1.18		7	 1
2015	 1.21		8	 0
2016	 1.19		11	 1
2017	 1.17		10	 0

TOTAL Day Violations:   100.0
TOTAL Batt Violations:  5.0

Run time: 0:29:23.676551


Seed ARG:  6
Device:  cpu
Train time: 0:29:17.320693
YEAR	AVG_RWD		VIOLATIONS
			DAY	BATT
2000	 1.27		0	 0
2001	 1.29		0	 0
2002	 1.2		1	 0
2003	 1.25		2	 0
2004	 1.17		4	 0
2005	 1.25		1	 0
2006	 1.3		0	 0
2007	 1.21		4	 0
2008	 1.24		2	 0
2009	 1.28		0	 0
2010	 1.2		3	 0
2011	 1.21		5	 0
2012	 1.19		2	 0
2013	 1.17		5	 0
2014	 1.16		5	 0
2015	 1.23		2	 0
2016	 1.23		5	 0
2017	 1.2		4	 0

TOTAL Day Violations:   45.0
TOTAL Batt Violations:  0.0

Run time: 0:29:50.598765


Seed ARG:  7
Device:  cpu
Train time: 0:25:58.187268
YEAR	AVG_RWD		VIOLATIONS
			DAY	BATT
2000	 1.41		0	 0
2001	 1.41		0	 0
2002	 1.36		1	 0
2003	 1.39		1	 0
2004	 1.34		4	 1
2005	 1.37		1	 0
2006	 1.41		0	 0
2007	 1.37		3	 0
2008	 1.37		2	 0
2009	 1.41		0	 0
2010	 1.37		2	 0
2011	 1.35		4	 1
2012	 1.37		1	 0
2013	 1.36		3	 0
2014	 1.35		4	 1
2015	 1.39		2	 0
2016	 1.36		5	 1
2017	 1.35		4	 0

TOTAL Day Violations:   37.0
TOTAL Batt Violations:  4.0

Run time: 0:26:30.837849


Seed ARG:  8
Device:  cpu
Train time: 0:29:16.462406
YEAR	AVG_RWD		VIOLATIONS
			DAY	BATT
2000	 1.48		0	 0
2001	 1.51		0	 0
2002	 1.46		0	 0
2003	 1.47		0	 0
2004	 1.45		1	 0
2005	 1.49		0	 0
2006	 1.5		0	 0
2007	 1.5		0	 0
2008	 1.49		0	 0
2009	 1.49		0	 0
2010	 1.48		0	 0
2011	 1.5		0	 0
2012	 1.46		0	 0
2013	 1.48		0	 0
2014	 1.47		0	 0
2015	 1.49		0	 0
2016	 1.49		0	 0
2017	 1.49		0	 0

TOTAL Day Violations:   1.0
TOTAL Batt Violations:  0.0

Run time: 0:29:51.031054


Seed ARG:  9
Device:  cpu
Train time: 0:28:43.792252
YEAR	AVG_RWD		VIOLATIONS
			DAY	BATT
2000	 1.27		0	 0
2001	 1.28		0	 0
2002	 1.22		2	 0
2003	 1.27		1	 0
2004	 1.17		4	 0
2005	 1.23		1	 0
2006	 1.31		0	 0
2007	 1.21		5	 0
2008	 1.23		2	 0
2009	 1.27		0	 0
2010	 1.19		5	 1
2011	 1.19		4	 0
2012	 1.18		3	 0
2013	 1.16		5	 0
2014	 1.17		5	 0
2015	 1.24		2	 0
2016	 1.23		5	 1
2017	 1.18		5	 0

TOTAL Day Violations:   49.0
TOTAL Batt Violations:  2.0

Run time: 0:29:14.956529
