

Seed ARG:  0
Device:  cpu
Train time: 0:28:53.634497
YEAR	AVG_RWD		VIOLATIONS
			DAY	BATT
2000	 1.3		0	 0
2001	 1.32		0	 0
2002	 1.24		1	 0
2003	 1.24		2	 0
2004	 1.24		2	 0
2005	 1.29		1	 0
2006	 1.3		0	 0
2007	 1.26		2	 0
2008	 1.28		1	 0
2009	 1.3		0	 0
2010	 1.25		2	 0
2011	 1.28		1	 0
2012	 1.26		1	 0
2013	 1.23		3	 0
2014	 1.24		2	 0
2015	 1.27		1	 0
2016	 1.29		3	 0
2017	 1.23		3	 0

TOTAL Day Violations:   25.0
TOTAL Batt Violations:  0.0

Run time: 0:29:26.496054


Seed ARG:  1
Device:  cpu
Train time: 0:28:45.440264
YEAR	AVG_RWD		VIOLATIONS
			DAY	BATT
2000	 1.34		0	 0
2001	 1.36		1	 0
2002	 1.28		3	 1
2003	 1.3		3	 0
2004	 1.26		5	 2
2005	 1.32		2	 0
2006	 1.37		0	 0
2007	 1.3		3	 1
2008	 1.32		2	 1
2009	 1.34		0	 0
2010	 1.28		4	 1
2011	 1.28		5	 0
2012	 1.28		3	 0
2013	 1.24		6	 2
2014	 1.25		5	 2
2015	 1.31		2	 0
2016	 1.28		7	 5
2017	 1.26		7	 0

TOTAL Day Violations:   58.0
TOTAL Batt Violations:  15.0

Run time: 0:29:18.093210


Seed ARG:  2
Device:  cpu
Train time: 0:28:42.581334
YEAR	AVG_RWD		VIOLATIONS
			DAY	BATT
2000	 1.45		0	 0
2001	 1.49		0	 0
2002	 1.33		4	 0
2003	 1.39		2	 0
2004	 1.37		4	 0
2005	 1.47		0	 0
2006	 1.41		0	 0
2007	 1.45		0	 0
2008	 1.46		0	 0
2009	 1.44		1	 0
2010	 1.42		0	 0
2011	 1.49		0	 0
2012	 1.43		1	 0
2013	 1.48		0	 0
2014	 1.41		1	 0
2015	 1.42		0	 0
2016	 1.46		0	 0
2017	 1.41		4	 0

TOTAL Day Violations:   17.0
TOTAL Batt Violations:  0.0

Run time: 0:29:15.393111


Seed ARG:  3
Device:  cpu
Train time: 0:29:52.397902
YEAR	AVG_RWD		VIOLATIONS
			DAY	BATT
2000	 1.43		0	 0
2001	 1.47		0	 0
2002	 1.38		2	 0
2003	 1.41		2	 1
2004	 1.38		4	 2
2005	 1.44		1	 0
2006	 1.44		0	 0
2007	 1.42		3	 2
2008	 1.42		3	 0
2009	 1.42		1	 0
2010	 1.4		3	 2
2011	 1.4		5	 1
2012	 1.4		2	 0
2013	 1.4		4	 0
2014	 1.35		7	 2
2015	 1.42		2	 0
2016	 1.4		5	 1
2017	 1.4		4	 0

TOTAL Day Violations:   48.0
TOTAL Batt Violations:  11.0

Run time: 0:30:24.341800


Seed ARG:  4
Device:  cpu
Train time: 0:30:37.826571
YEAR	AVG_RWD		VIOLATIONS
			DAY	BATT
2000	 0.97		0	 0
2001	 0.97		0	 0
2002	 0.97		1	 0
2003	 0.98		1	 0
2004	 0.9		3	 2
2005	 0.93		0	 0
2006	 1.03		0	 0
2007	 0.92		2	 1
2008	 0.93		2	 0
2009	 0.98		0	 0
2010	 0.94		1	 1
2011	 0.88		4	 1
2012	 0.92		1	 0
2013	 0.89		2	 0
2014	 0.92		2	 2
2015	 0.96		2	 0
2016	 0.94		4	 0
2017	 0.89		3	 0

TOTAL Day Violations:   28.0
TOTAL Batt Violations:  7.0

Run time: 0:31:10.103699


Seed ARG:  5
Device:  cpu
Train time: 0:30:20.952126
YEAR	AVG_RWD		VIOLATIONS
			DAY	BATT
2000	 1.12		0	 0
2001	 1.11		1	 0
2002	 1.07		1	 1
2003	 1.12		1	 0
2004	 1.0		5	 1
2005	 1.09		1	 0
2006	 1.14		1	 0
2007	 1.03		7	 1
2008	 1.07		3	 0
2009	 1.12		0	 0
2010	 1.04		3	 0
2011	 1.01		6	 0
2012	 1.03		3	 0
2013	 0.97		7	 0
2014	 1.0		6	 0
2015	 1.08		2	 0
2016	 1.03		7	 1
2017	 0.99		7	 0

TOTAL Day Violations:   61.0
TOTAL Batt Violations:  4.0

Run time: 0:30:52.728019


Seed ARG:  6
Device:  cpu
Train time: 0:29:36.902761
YEAR	AVG_RWD		VIOLATIONS
			DAY	BATT
2000	 1.45		0	 0
2001	 1.45		0	 0
2002	 1.4		1	 0
2003	 1.43		2	 0
2004	 1.37		5	 0
2005	 1.45		2	 0
2006	 1.43		2	 0
2007	 1.39		6	 0
2008	 1.46		1	 0
2009	 1.43		2	 0
2010	 1.4		5	 0
2011	 1.41		6	 0
2012	 1.41		3	 1
2013	 1.38		7	 1
2014	 1.34		8	 0
2015	 1.39		4	 0
2016	 1.38		8	 0
2017	 1.35		10	 0

TOTAL Day Violations:   72.0
TOTAL Batt Violations:  2.0

Run time: 0:30:08.368038


Seed ARG:  7
Device:  cpu
Train time: 0:29:24.749808
YEAR	AVG_RWD		VIOLATIONS
			DAY	BATT
2000	 1.41		0	 0
2001	 1.45		0	 0
2002	 1.39		1	 0
2003	 1.4		2	 0
2004	 1.36		4	 2
2005	 1.43		1	 0
2006	 1.45		0	 0
2007	 1.41		3	 2
2008	 1.41		1	 0
2009	 1.42		0	 0
2010	 1.38		3	 2
2011	 1.4		4	 2
2012	 1.38		2	 0
2013	 1.39		5	 0
2014	 1.35		5	 2
2015	 1.4		2	 3
2016	 1.38		5	 3
2017	 1.38		3	 0

TOTAL Day Violations:   41.0
TOTAL Batt Violations:  16.0

Run time: 0:29:57.098718


Seed ARG:  8
Device:  cpu
Train time: 0:29:12.077490
YEAR	AVG_RWD		VIOLATIONS
			DAY	BATT
2000	 1.21		11	 0
2001	 1.19		12	 0
2002	 1.14		18	 2
2003	 1.29		4	 2
2004	 1.11		16	 6
2005	 1.25		6	 1
2006	 1.29		6	 0
2007	 1.16		14	 7
2008	 1.24		8	 4
2009	 1.21		11	 0
2010	 1.11		18	 4
2011	 1.11		17	 5
2012	 1.12		16	 3
2013	 1.04		24	 8
2014	 1.05		23	 8
2015	 1.09		22	 1
2016	 1.11		20	 9
2017	 1.05		23	 2

TOTAL Day Violations:   269.0
TOTAL Batt Violations:  62.0

Run time: 0:29:43.594190


Seed ARG:  9
Device:  cpu
Train time: 0:30:14.314568
YEAR	AVG_RWD		VIOLATIONS
			DAY	BATT
2000	 1.33		0	 0
2001	 1.33		0	 0
2002	 1.31		1	 0
2003	 1.34		1	 0
2004	 1.26		3	 0
2005	 1.3		1	 0
2006	 1.35		0	 0
2007	 1.29		3	 0
2008	 1.3		2	 0
2009	 1.33		0	 0
2010	 1.29		2	 0
2011	 1.27		3	 0
2012	 1.29		1	 0
2013	 1.27		3	 0
2014	 1.28		3	 0
2015	 1.32		1	 0
2016	 1.28		5	 0
2017	 1.29		1	 0

TOTAL Day Violations:   30.0
TOTAL Batt Violations:  0.0

Run time: 0:30:46.262788
