

Seed ARG:  0
Device:  cpu
Train time: 0:32:08.183955
YEAR	AVG_RWD		VIOLATIONS
			DAY	BATT
2000	 1.11		2	 0
2001	 1.11		0	 0
2002	 1.05		5	 0
2003	 1.1		4	 0
2004	 1.14		0	 0
2005	 1.19		0	 0
2006	 1.14		0	 0
2007	 1.12		0	 0
2008	 1.18		0	 0
2009	 1.13		1	 0
2010	 1.13		0	 0
2011	 1.17		0	 0
2012	 1.13		1	 0
2013	 1.17		0	 0
2014	 1.08		2	 0
2015	 1.1		0	 0
2016	 1.14		0	 0
2017	 1.12		2	 0

TOTAL Day Violations:   17.0
TOTAL Batt Violations:  0.0

Run time: 0:32:46.363720


Seed ARG:  1
Device:  cpu
Train time: 0:31:52.177151
YEAR	AVG_RWD		VIOLATIONS
			DAY	BATT
2000	 1.3		0	 0
2001	 1.31		0	 0
2002	 1.26		0	 0
2003	 1.31		0	 0
2004	 1.25		0	 0
2005	 1.3		0	 0
2006	 1.33		0	 0
2007	 1.28		0	 0
2008	 1.29		0	 0
2009	 1.3		0	 0
2010	 1.26		0	 0
2011	 1.27		0	 0
2012	 1.26		0	 0
2013	 1.25		0	 0
2014	 1.25		0	 0
2015	 1.28		0	 0
2016	 1.3		0	 0
2017	 1.25		0	 0

TOTAL Day Violations:   0.0
TOTAL Batt Violations:  0.0

Run time: 0:32:29.720209


Seed ARG:  2
Device:  cpu
Train time: 0:33:32.051750
YEAR	AVG_RWD		VIOLATIONS
			DAY	BATT
2000	 0.83		22	 7
2001	 0.8		27	 8
2002	 0.78		27	 10
2003	 0.94		13	 5
2004	 0.66		35	 18
2005	 0.91		12	 5
2006	 0.98		12	 7
2007	 0.75		28	 24
2008	 0.87		17	 9
2009	 0.83		23	 8
2010	 0.72		31	 20
2011	 0.69		32	 16
2012	 0.64		37	 16
2013	 0.64		36	 36
2014	 0.59		44	 16
2015	 0.68		38	 18
2016	 0.76		30	 22
2017	 0.69		32	 26

TOTAL Day Violations:   496.0
TOTAL Batt Violations:  271.0

Run time: 0:34:08.884779


Seed ARG:  3
Device:  cpu
Train time: 0:34:06.623592
YEAR	AVG_RWD		VIOLATIONS
			DAY	BATT
2000	 0.69		6	 0
2001	 0.68		8	 0
2002	 0.68		9	 2
2003	 0.73		4	 2
2004	 0.6		13	 8
2005	 0.64		8	 1
2006	 0.73		6	 0
2007	 0.62		12	 6
2008	 0.6		14	 4
2009	 0.67		9	 0
2010	 0.59		15	 6
2011	 0.55		16	 8
2012	 0.59		14	 5
2013	 0.56		14	 9
2014	 0.55		18	 9
2015	 0.64		13	 4
2016	 0.6		14	 12
2017	 0.61		11	 8

TOTAL Day Violations:   204.0
TOTAL Batt Violations:  84.0

Run time: 0:34:44.683131


Seed ARG:  4
Device:  cpu
Train time: 0:30:55.328789
YEAR	AVG_RWD		VIOLATIONS
			DAY	BATT
2000	 1.35		1	 0
2001	 1.38		0	 0
2002	 1.32		0	 0
2003	 1.38		0	 0
2004	 1.32		0	 0
2005	 1.37		0	 0
2006	 1.4		0	 0
2007	 1.35		1	 0
2008	 1.37		0	 0
2009	 1.38		0	 0
2010	 1.34		0	 0
2011	 1.34		0	 0
2012	 1.31		0	 0
2013	 1.31		0	 0
2014	 1.31		1	 0
2015	 1.34		0	 0
2016	 1.37		0	 0
2017	 1.32		1	 0

TOTAL Day Violations:   4.0
TOTAL Batt Violations:  0.0

Run time: 0:31:32.793265


Seed ARG:  5
Device:  cpu
Train time: 0:32:57.692874
YEAR	AVG_RWD		VIOLATIONS
			DAY	BATT
2000	 1.26		0	 0
2001	 1.28		0	 0
2002	 1.17		3	 19
2003	 1.22		2	 9
2004	 1.2		1	 0
2005	 1.23		0	 0
2006	 1.28		0	 0
2007	 1.25		0	 0
2008	 1.24		0	 0
2009	 1.26		0	 0
2010	 1.23		1	 0
2011	 1.24		0	 0
2012	 1.22		0	 0
2013	 1.23		0	 0
2014	 1.22		0	 0
2015	 1.25		0	 0
2016	 1.25		0	 0
2017	 1.22		0	 0

TOTAL Day Violations:   7.0
TOTAL Batt Violations:  28.0

Run time: 0:33:33.268042


Seed ARG:  6
Device:  cpu
Train time: 0:32:50.648101
YEAR	AVG_RWD		VIOLATIONS
			DAY	BATT
2000	 0.05		44	 25
2001	 0.11		36	 39
2002	 0.08		40	 46
2003	 0.25		25	 17
2004	 -0.0		45	 47
2005	 0.21		24	 11
2006	 0.26		25	 16
2007	 0.03		43	 43
2008	 0.17		28	 17
2009	 0.09		40	 28
2010	 -0.03		49	 48
2011	 -0.02		45	 47
2012	 -0.03		48	 43
2013	 -0.14		56	 58
2014	 -0.12		56	 56
2015	 -0.03		51	 52
2016	 0.04		42	 50
2017	 -0.02		46	 55

TOTAL Day Violations:   743.0
TOTAL Batt Violations:  698.0

Run time: 0:33:27.314620


Seed ARG:  7
Device:  cpu
Train time: 0:32:46.541819
YEAR	AVG_RWD		VIOLATIONS
			DAY	BATT
2000	 0.1		68	 159
2001	 0.19		58	 165
2002	 0.1		63	 149
2003	 0.36		45	 81
2004	 -0.13		84	 201
2005	 0.21		55	 84
2006	 0.49		40	 69
2007	 0.09		65	 183
2008	 0.24		54	 76
2009	 0.19		59	 128
2010	 -0.08		78	 183
2011	 -0.1		76	 175
2012	 -0.25		90	 196
2013	 -0.26		86	 226
2014	 -0.23		91	 240
2015	 0.05		68	 206
2016	 0.2		57	 142
2017	 -0.02		68	 199

TOTAL Day Violations:   1205.0
TOTAL Batt Violations:  2862.0

Run time: 0:33:21.735041


Seed ARG:  8
Device:  cpu
Train time: 0:36:08.732671
YEAR	AVG_RWD		VIOLATIONS
			DAY	BATT
2000	 1.23		0	 0
2001	 1.23		2	 0
2002	 0.62		25	 376
2003	 0.45		33	 494
2004	 1.14		6	 0
2005	 1.21		1	 0
2006	 1.27		2	 0
2007	 1.13		10	 0
2008	 1.21		2	 0
2009	 1.21		3	 0
2010	 1.13		7	 0
2011	 1.13		7	 0
2012	 1.11		7	 0
2013	 1.06		11	 0
2014	 1.09		8	 0
2015	 1.15		7	 0
2016	 1.15		9	 0
2017	 1.06		14	 0

TOTAL Day Violations:   154.0
TOTAL Batt Violations:  870.0

Run time: 0:36:45.866335


Seed ARG:  9
Device:  cpu
Train time: 0:32:58.907679
YEAR	AVG_RWD		VIOLATIONS
			DAY	BATT
2000	 1.0		11	 2
2001	 0.97		16	 4
2002	 0.94		18	 0
2003	 1.08		5	 0
2004	 0.91		18	 2
2005	 1.05		5	 1
2006	 1.09		6	 4
2007	 0.93		18	 9
2008	 1.04		6	 1
2009	 0.99		13	 7
2010	 0.91		18	 3
2011	 0.93		15	 4
2012	 0.91		17	 7
2013	 0.81		25	 12
2014	 0.88		20	 4
2015	 0.88		23	 12
2016	 0.93		19	 4
2017	 0.86		21	 10

TOTAL Day Violations:   274.0
TOTAL Batt Violations:  86.0

Run time: 0:33:34.603162
