

Seed ARG:  0
Device:  cpu
Train time: 0:29:10.863741
YEAR	AVG_RWD		VIOLATIONS
			DAY	BATT
2000	 1.44		0	 0
2001	 1.46		0	 0
2002	 1.42		1	 0
2003	 1.45		0	 0
2004	 1.38		3	 0
2005	 1.44		0	 0
2006	 1.47		0	 0
2007	 1.42		2	 0
2008	 1.43		1	 0
2009	 1.45		0	 0
2010	 1.42		1	 0
2011	 1.42		1	 0
2012	 1.42		0	 0
2013	 1.41		2	 0
2014	 1.4		2	 0
2015	 1.44		1	 0
2016	 1.42		3	 0
2017	 1.42		1	 0

TOTAL Day Violations:   18.0
TOTAL Batt Violations:  0.0

Run time: 0:29:49.692036


Seed ARG:  1
Device:  cpu
Train time: 0:29:05.497774
YEAR	AVG_RWD		VIOLATIONS
			DAY	BATT
2000	 1.29		2	 0
2001	 1.28		5	 0
2002	 1.25		6	 1
2003	 1.33		1	 2
2004	 1.22		6	 3
2005	 1.29		3	 0
2006	 1.35		1	 0
2007	 1.25		7	 4
2008	 1.31		3	 2
2009	 1.3		3	 0
2010	 1.25		5	 2
2011	 1.23		8	 1
2012	 1.25		4	 2
2013	 1.18		10	 6
2014	 1.19		10	 7
2015	 1.26		5	 2
2016	 1.24		8	 6
2017	 1.2		10	 3

TOTAL Day Violations:   97.0
TOTAL Batt Violations:  41.0

Run time: 0:29:42.183894


Seed ARG:  2
Device:  cpu
Train time: 0:34:34.633719
YEAR	AVG_RWD		VIOLATIONS
			DAY	BATT
2000	 1.35		0	 0
2001	 1.36		0	 0
2002	 1.31		0	 0
2003	 1.33		1	 0
2004	 1.28		3	 0
2005	 1.32		0	 0
2006	 1.35		0	 0
2007	 1.33		2	 0
2008	 1.32		1	 0
2009	 1.35		0	 0
2010	 1.32		1	 0
2011	 1.32		1	 0
2012	 1.32		0	 0
2013	 1.33		0	 0
2014	 1.32		1	 0
2015	 1.35		1	 0
2016	 1.31		4	 0
2017	 1.33		1	 0

TOTAL Day Violations:   16.0
TOTAL Batt Violations:  0.0

Run time: 0:35:12.064522


Seed ARG:  3
Device:  cpu
Train time: 0:34:28.743528
YEAR	AVG_RWD		VIOLATIONS
			DAY	BATT
2000	 1.23		0	 0
2001	 1.23		1	 0
2002	 1.2		2	 0
2003	 1.24		1	 0
2004	 1.15		5	 1
2005	 1.21		1	 0
2006	 1.25		1	 0
2007	 1.18		4	 3
2008	 1.19		5	 0
2009	 1.22		2	 0
2010	 1.15		7	 2
2011	 1.14		7	 2
2012	 1.16		4	 1
2013	 1.11		9	 1
2014	 1.12		9	 1
2015	 1.2		3	 1
2016	 1.17		6	 3
2017	 1.12		9	 1

TOTAL Day Violations:   76.0
TOTAL Batt Violations:  16.0

Run time: 0:35:05.856600


Seed ARG:  4
Device:  cpu
Train time: 0:33:50.375087
YEAR	AVG_RWD		VIOLATIONS
			DAY	BATT
2000	 1.15		10	 0
2001	 1.09		16	 0
2002	 1.07		15	 3
2003	 1.19		3	 3
2004	 1.01		18	 9
2005	 1.18		6	 2
2006	 1.24		5	 0
2007	 1.05		19	 7
2008	 1.14		10	 4
2009	 1.13		13	 0
2010	 1.0		21	 6
2011	 1.06		16	 8
2012	 0.97		23	 4
2013	 0.97		24	 9
2014	 0.98		23	 13
2015	 0.99		27	 4
2016	 1.1		16	 11
2017	 0.99		23	 7

TOTAL Day Violations:   288.0
TOTAL Batt Violations:  90.0

Run time: 0:34:27.346766


Seed ARG:  5
Device:  cpu
Train time: 0:33:03.051533
YEAR	AVG_RWD		VIOLATIONS
			DAY	BATT
2000	 0.78		17	 21
2001	 0.73		24	 17
2002	 0.69		26	 20
2003	 0.88		11	 11
2004	 0.59		33	 23
2005	 0.84		10	 11
2006	 0.91		12	 13
2007	 0.68		27	 35
2008	 0.78		18	 13
2009	 0.75		23	 22
2010	 0.65		29	 39
2011	 0.6		32	 27
2012	 0.6		31	 27
2013	 0.52		36	 47
2014	 0.49		42	 35
2015	 0.63		32	 40
2016	 0.69		27	 42
2017	 0.58		31	 45

TOTAL Day Violations:   461.0
TOTAL Batt Violations:  488.0

Run time: 0:33:39.824569


Seed ARG:  6
Device:  cpu
Train time: 0:33:11.900190
YEAR	AVG_RWD		VIOLATIONS
			DAY	BATT
2000	 1.1		15	 4
2001	 1.07		19	 2
2002	 1.02		23	 5
2003	 1.21		7	 2
2004	 1.0		21	 15
2005	 1.14		10	 2
2006	 1.23		8	 7
2007	 0.99		26	 17
2008	 1.17		9	 3
2009	 1.11		16	 2
2010	 0.96		28	 19
2011	 0.97		27	 14
2012	 0.96		26	 15
2013	 0.89		30	 30
2014	 0.92		32	 18
2015	 0.98		27	 12
2016	 1.03		23	 19
2017	 0.94		27	 31

TOTAL Day Violations:   374.0
TOTAL Batt Violations:  217.0

Run time: 0:33:48.724012


Seed ARG:  7
Device:  cpu
Train time: 0:34:46.294091
YEAR	AVG_RWD		VIOLATIONS
			DAY	BATT
2000	 1.28		1	 0
2001	 1.32		1	 0
2002	 1.21		3	 2
2003	 1.26		3	 0
2004	 1.23		3	 3
2005	 1.33		3	 0
2006	 1.3		2	 0
2007	 1.28		4	 2
2008	 1.29		3	 0
2009	 1.31		2	 0
2010	 1.26		4	 3
2011	 1.28		6	 3
2012	 1.27		3	 0
2013	 1.24		8	 3
2014	 1.19		8	 4
2015	 1.23		4	 2
2016	 1.3		4	 5
2017	 1.27		6	 1

TOTAL Day Violations:   68.0
TOTAL Batt Violations:  28.0

Run time: 0:35:23.360849


Seed ARG:  8
Device:  cpu
Train time: 0:36:32.670054
YEAR	AVG_RWD		VIOLATIONS
			DAY	BATT
2000	 1.41		0	 0
2001	 1.44		0	 0
2002	 1.39		1	 0
2003	 1.44		0	 0
2004	 1.34		2	 0
2005	 1.43		0	 0
2006	 1.46		0	 0
2007	 1.39		2	 0
2008	 1.42		1	 0
2009	 1.43		0	 0
2010	 1.39		0	 0
2011	 1.39		1	 0
2012	 1.37		0	 0
2013	 1.37		1	 0
2014	 1.35		1	 0
2015	 1.4		0	 0
2016	 1.41		2	 0
2017	 1.4		0	 0

TOTAL Day Violations:   11.0
TOTAL Batt Violations:  0.0

Run time: 0:37:09.875208


Seed ARG:  9
Device:  cpu
Train time: 0:35:59.973478
YEAR	AVG_RWD		VIOLATIONS
			DAY	BATT
2000	 1.26		0	 0
2001	 1.26		0	 0
2002	 1.24		1	 1
2003	 1.27		1	 0
2004	 1.18		4	 1
2005	 1.24		1	 0
2006	 1.3		0	 0
2007	 1.22		3	 1
2008	 1.24		2	 0
2009	 1.27		0	 0
2010	 1.21		3	 0
2011	 1.18		5	 0
2012	 1.19		2	 0
2013	 1.18		4	 2
2014	 1.17		5	 1
2015	 1.24		2	 0
2016	 1.21		6	 1
2017	 1.2		4	 0

TOTAL Day Violations:   43.0
TOTAL Batt Violations:  7.0

Run time: 0:36:39.236026
