

Seed ARG:  0
Device:  cpu
Train time: 0:29:13.819415
YEAR	AVG_RWD		VIOLATIONS
			DAY	BATT
2000	 1.23		2	 0
2001	 1.21		4	 0
2002	 1.16		4	 1
2003	 1.22		4	 0
2004	 1.08		9	 0
2005	 1.23		3	 0
2006	 1.27		3	 0
2007	 1.13		10	 1
2008	 1.23		3	 0
2009	 1.23		2	 0
2010	 1.12		9	 0
2011	 1.14		8	 0
2012	 1.11		8	 2
2013	 1.06		12	 0
2014	 1.11		7	 1
2015	 1.13		8	 0
2016	 1.15		9	 2
2017	 1.09		11	 0

TOTAL Day Violations:   116.0
TOTAL Batt Violations:  7.0

Run time: 0:29:47.517275


Seed ARG:  1
Device:  cpu
Train time: 0:29:10.822946
YEAR	AVG_RWD		VIOLATIONS
			DAY	BATT
2000	 1.29		0	 0
2001	 1.31		0	 0
2002	 1.23		1	 0
2003	 1.29		1	 0
2004	 1.25		0	 0
2005	 1.31		0	 0
2006	 1.35		0	 0
2007	 1.28		0	 0
2008	 1.3		0	 0
2009	 1.31		0	 0
2010	 1.27		0	 0
2011	 1.25		0	 0
2012	 1.23		0	 0
2013	 1.22		0	 0
2014	 1.22		1	 0
2015	 1.28		0	 0
2016	 1.3		1	 0
2017	 1.24		0	 0

TOTAL Day Violations:   4.0
TOTAL Batt Violations:  0.0

Run time: 0:29:41.016578


Seed ARG:  2
Device:  cpu
Train time: 0:29:19.829291
YEAR	AVG_RWD		VIOLATIONS
			DAY	BATT
2000	 1.15		0	 0
2001	 1.16		0	 0
2002	 1.07		2	 0
2003	 1.13		3	 0
2004	 1.1		3	 1
2005	 1.18		1	 0
2006	 1.18		0	 0
2007	 1.13		3	 1
2008	 1.16		0	 0
2009	 1.18		0	 0
2010	 1.16		3	 1
2011	 1.14		4	 2
2012	 1.12		3	 0
2013	 1.14		3	 0
2014	 1.09		5	 1
2015	 1.13		2	 0
2016	 1.14		5	 1
2017	 1.15		4	 1

TOTAL Day Violations:   41.0
TOTAL Batt Violations:  8.0

Run time: 0:29:52.316587


Seed ARG:  3
Device:  cpu
Train time: 0:27:28.537109
YEAR	AVG_RWD		VIOLATIONS
			DAY	BATT
2000	 1.11		1	 0
2001	 1.11		0	 0
2002	 1.05		1	 0
2003	 1.1		2	 5
2004	 1.1		0	 0
2005	 1.14		0	 0
2006	 1.13		0	 0
2007	 1.13		0	 0
2008	 1.16		0	 0
2009	 1.13		0	 0
2010	 1.11		0	 0
2011	 1.12		0	 0
2012	 1.11		0	 0
2013	 1.14		0	 0
2014	 1.07		0	 0
2015	 1.1		0	 0
2016	 1.15		0	 0
2017	 1.14		0	 0

TOTAL Day Violations:   4.0
TOTAL Batt Violations:  5.0

Run time: 0:28:00.621544


Seed ARG:  4
Device:  cpu
Train time: 0:28:09.540577
YEAR	AVG_RWD		VIOLATIONS
			DAY	BATT
2000	 1.24		0	 0
2001	 1.25		0	 0
2002	 1.2		1	 0
2003	 1.25		0	 0
2004	 1.18		1	 0
2005	 1.21		0	 0
2006	 1.28		0	 0
2007	 1.21		1	 0
2008	 1.22		0	 0
2009	 1.24		0	 0
2010	 1.21		0	 0
2011	 1.2		0	 0
2012	 1.17		1	 0
2013	 1.14		3	 0
2014	 1.18		1	 0
2015	 1.22		0	 0
2016	 1.23		1	 0
2017	 1.18		0	 0

TOTAL Day Violations:   9.0
TOTAL Batt Violations:  0.0

Run time: 0:28:41.389479


Seed ARG:  5
Device:  cpu
Train time: 0:31:19.482323
YEAR	AVG_RWD		VIOLATIONS
			DAY	BATT
2000	 0.9		3	 0
2001	 0.96		1	 0
2002	 0.8		6	 0
2003	 0.92		4	 2
2004	 0.9		1	 0
2005	 1.02		1	 0
2006	 0.97		1	 0
2007	 0.94		1	 0
2008	 0.99		1	 0
2009	 0.97		3	 0
2010	 0.89		4	 0
2011	 1.0		3	 0
2012	 0.91		2	 0
2013	 0.89		5	 0
2014	 0.85		6	 0
2015	 0.87		3	 0
2016	 0.95		2	 0
2017	 0.92		6	 0

TOTAL Day Violations:   53.0
TOTAL Batt Violations:  2.0

Run time: 0:31:51.829077


Seed ARG:  6
Device:  cpu
Train time: 0:30:03.060072
YEAR	AVG_RWD		VIOLATIONS
			DAY	BATT
2000	 -4.4		259	 1503
2001	 -4.64		270	 1454
2002	 -4.75		284	 1627
2003	 -4.57		263	 1448
2004	 -4.57		283	 1498
2005	 -4.47		265	 1294
2006	 -4.83		271	 1570
2007	 -4.65		279	 1474
2008	 -4.31		257	 1333
2009	 -4.5		268	 1371
2010	 -4.54		269	 1432
2011	 -4.37		264	 1144
2012	 -4.28		274	 1415
2013	 -4.42		281	 1331
2014	 -4.27		266	 1374
2015	 -4.73		283	 1529
2016	 -4.37		258	 1331
2017	 -4.59		283	 1255

TOTAL Day Violations:   4877.0
TOTAL Batt Violations:  25383.0

Run time: 0:30:34.805074


Seed ARG:  7
Device:  cpu
Train time: 0:29:53.844414
YEAR	AVG_RWD		VIOLATIONS
			DAY	BATT
2000	 1.16		0	 0
2001	 1.25		0	 0
2002	 1.09		3	 0
2003	 1.2		2	 0
2004	 1.15		1	 0
2005	 1.26		0	 0
2006	 1.24		0	 0
2007	 1.18		4	 0
2008	 1.22		0	 0
2009	 1.23		0	 0
2010	 1.19		2	 0
2011	 1.18		1	 0
2012	 1.18		0	 0
2013	 1.13		4	 0
2014	 1.13		3	 0
2015	 1.18		1	 0
2016	 1.22		2	 0
2017	 1.2		1	 0

TOTAL Day Violations:   24.0
TOTAL Batt Violations:  0.0

Run time: 0:30:24.929503


Seed ARG:  8
Device:  cpu
Train time: 0:27:02.384946
YEAR	AVG_RWD		VIOLATIONS
			DAY	BATT
2000	 1.43		0	 0
2001	 1.43		0	 0
2002	 1.39		0	 0
2003	 1.44		0	 0
2004	 1.37		0	 0
2005	 1.46		0	 0
2006	 1.47		0	 0
2007	 1.42		0	 0
2008	 1.45		0	 0
2009	 1.43		0	 0
2010	 1.39		0	 0
2011	 1.41		0	 0
2012	 1.37		0	 0
2013	 1.38		0	 0
2014	 1.36		0	 0
2015	 1.4		0	 0
2016	 1.44		0	 0
2017	 1.4		0	 0

TOTAL Day Violations:   0.0
TOTAL Batt Violations:  0.0

Run time: 0:27:34.964024


Seed ARG:  9
Device:  cpu
Train time: 0:26:40.216532
YEAR	AVG_RWD		VIOLATIONS
			DAY	BATT
2000	 1.41		0	 0
2001	 1.42		0	 0
2002	 1.38		0	 0
2003	 1.42		0	 0
2004	 1.36		1	 0
2005	 1.41		0	 0
2006	 1.43		0	 0
2007	 1.39		2	 0
2008	 1.42		0	 0
2009	 1.41		0	 0
2010	 1.38		1	 0
2011	 1.39		1	 0
2012	 1.37		0	 0
2013	 1.38		0	 0
2014	 1.36		1	 0
2015	 1.39		1	 0
2016	 1.39		2	 0
2017	 1.38		1	 0

TOTAL Day Violations:   10.0
TOTAL Batt Violations:  0.0

Run time: 0:27:11.253304
