

Seed ARG:  0
Device:  cpu
Train time: 0:26:00.863416
YEAR	AVG_RWD		VIOLATIONS
			DAY	BATT
2000	 1.25		11	 0
2001	 1.27		9	 0
2002	 1.21		11	 1
2003	 1.31		5	 0
2004	 1.15		15	 3
2005	 1.31		5	 0
2006	 1.35		4	 2
2007	 1.18		16	 4
2008	 1.31		5	 0
2009	 1.25		10	 1
2010	 1.15		18	 2
2011	 1.17		16	 1
2012	 1.16		14	 3
2013	 1.09		21	 4
2014	 1.1		20	 4
2015	 1.11		23	 2
2016	 1.2		15	 2
2017	 1.11		21	 3

TOTAL Day Violations:   239.0
TOTAL Batt Violations:  32.0

Run time: 0:26:33.527176


Seed ARG:  1
Device:  cpu
Train time: 0:26:30.694088
YEAR	AVG_RWD		VIOLATIONS
			DAY	BATT
2000	 1.01		16	 23
2001	 0.98		21	 29
2002	 0.97		18	 30
2003	 1.14		7	 6
2004	 0.9		22	 35
2005	 1.12		6	 7
2006	 1.18		6	 7
2007	 0.97		20	 29
2008	 1.11		6	 4
2009	 1.05		14	 17
2010	 0.94		20	 34
2011	 0.91		22	 26
2012	 0.9		21	 34
2013	 0.83		27	 46
2014	 0.86		26	 45
2015	 0.9		25	 38
2016	 1.0		18	 29
2017	 0.87		25	 42

TOTAL Day Violations:   320.0
TOTAL Batt Violations:  481.0

Run time: 0:27:01.635928


Seed ARG:  2
Device:  cpu
Train time: 0:29:06.100845
YEAR	AVG_RWD		VIOLATIONS
			DAY	BATT
2000	 0.96		17	 34
2001	 0.99		20	 41
2002	 0.85		25	 43
2003	 1.05		11	 18
2004	 0.94		24	 45
2005	 1.19		5	 11
2006	 1.1		8	 13
2007	 0.95		19	 43
2008	 1.12		5	 7
2009	 1.0		17	 29
2010	 0.95		24	 51
2011	 0.97		22	 41
2012	 0.91		23	 32
2013	 0.89		30	 63
2014	 0.78		32	 54
2015	 0.83		27	 53
2016	 0.99		21	 39
2017	 0.88		29	 61

TOTAL Day Violations:   359.0
TOTAL Batt Violations:  678.0

Run time: 0:29:38.564751


Seed ARG:  3
Device:  cpu
Train time: 0:26:37.080438
YEAR	AVG_RWD		VIOLATIONS
			DAY	BATT
2000	 1.08		0	 0
2001	 1.08		0	 0
2002	 1.07		1	 0
2003	 1.1		0	 0
2004	 1.01		4	 1
2005	 1.05		1	 0
2006	 1.11		0	 0
2007	 1.04		2	 0
2008	 1.06		1	 0
2009	 1.08		0	 0
2010	 1.04		2	 0
2011	 0.99		5	 0
2012	 1.02		2	 0
2013	 0.99		4	 0
2014	 1.0		5	 1
2015	 1.06		2	 0
2016	 1.02		5	 1
2017	 1.01		4	 0

TOTAL Day Violations:   38.0
TOTAL Batt Violations:  3.0

Run time: 0:27:09.552740


Seed ARG:  4
Device:  cpu
Train time: 0:28:05.091720
YEAR	AVG_RWD		VIOLATIONS
			DAY	BATT
2000	 1.44		0	 0
2001	 1.47		0	 0
2002	 1.38		0	 0
2003	 1.44		1	 0
2004	 1.4		3	 0
2005	 1.47		0	 0
2006	 1.46		0	 0
2007	 1.42		2	 0
2008	 1.43		0	 0
2009	 1.45		0	 0
2010	 1.43		1	 0
2011	 1.46		0	 0
2012	 1.39		2	 0
2013	 1.41		2	 0
2014	 1.44		0	 0
2015	 1.44		1	 0
2016	 1.44		2	 0
2017	 1.4		3	 0

TOTAL Day Violations:   17.0
TOTAL Batt Violations:  0.0

Run time: 0:28:37.465607


Seed ARG:  5
Device:  cpu
Train time: 0:31:23.906435
YEAR	AVG_RWD		VIOLATIONS
			DAY	BATT
2000	 1.01		1	 0
2001	 1.0		2	 0
2002	 0.46		23	 396
2003	 -0.22		51	 900
2004	 0.9		7	 0
2005	 0.99		1	 0
2006	 1.07		1	 0
2007	 0.93		7	 0
2008	 1.01		1	 0
2009	 1.0		3	 0
2010	 0.92		7	 0
2011	 0.9		6	 0
2012	 0.9		6	 0
2013	 0.8		13	 0
2014	 0.06		42	 616
2015	 0.94		6	 0
2016	 0.92		10	 0
2017	 0.84		12	 0

TOTAL Day Violations:   199.0
TOTAL Batt Violations:  1912.0

Run time: 0:31:55.537657


Seed ARG:  6
Device:  cpu
Train time: 0:30:28.673765
YEAR	AVG_RWD		VIOLATIONS
			DAY	BATT
2000	 1.14		2	 0
2001	 1.12		5	 0
2002	 1.07		6	 2
2003	 1.17		2	 2
2004	 1.0		10	 1
2005	 1.12		4	 0
2006	 1.19		4	 0
2007	 1.05		10	 4
2008	 1.13		3	 0
2009	 1.14		4	 0
2010	 1.02		9	 0
2011	 1.02		10	 2
2012	 1.0		8	 0
2013	 0.92		16	 5
2014	 0.95		14	 4
2015	 1.03		10	 1
2016	 1.06		11	 4
2017	 0.98		13	 2

TOTAL Day Violations:   141.0
TOTAL Batt Violations:  27.0

Run time: 0:30:59.126124


Seed ARG:  7
Device:  cpu
Train time: 0:29:40.676780
YEAR	AVG_RWD		VIOLATIONS
			DAY	BATT
2000	 1.32		0	 0
2001	 1.33		0	 0
2002	 1.28		0	 0
2003	 1.28		2	 0
2004	 1.29		0	 0
2005	 1.35		0	 0
2006	 1.32		0	 0
2007	 1.33		0	 0
2008	 1.31		0	 0
2009	 1.32		0	 0
2010	 1.3		0	 0
2011	 1.34		0	 0
2012	 1.3		0	 0
2013	 1.32		0	 0
2014	 1.31		0	 0
2015	 1.33		0	 0
2016	 1.34		0	 0
2017	 1.32		0	 0

TOTAL Day Violations:   2.0
TOTAL Batt Violations:  0.0

Run time: 0:30:11.370966


Seed ARG:  8
Device:  cpu
Train time: 0:30:01.304175
YEAR	AVG_RWD		VIOLATIONS
			DAY	BATT
2000	 1.29		1	 0
2001	 1.34		0	 0
2002	 1.29		0	 0
2003	 1.29		2	 3
2004	 1.31		0	 0
2005	 1.36		0	 0
2006	 1.35		0	 0
2007	 1.33		0	 0
2008	 1.34		0	 0
2009	 1.32		0	 0
2010	 1.35		0	 0
2011	 1.36		0	 0
2012	 1.31		0	 0
2013	 1.34		0	 0
2014	 1.31		0	 0
2015	 1.33		0	 0
2016	 1.37		0	 0
2017	 1.34		1	 0

TOTAL Day Violations:   4.0
TOTAL Batt Violations:  3.0

Run time: 0:30:32.987492


Seed ARG:  9
Device:  cpu
Train time: 0:29:57.287629
YEAR	AVG_RWD		VIOLATIONS
			DAY	BATT
2000	 1.41		1	 0
2001	 1.41		2	 0
2002	 1.37		1	 0
2003	 1.41		2	 0
2004	 1.36		5	 0
2005	 1.43		1	 0
2006	 1.43		0	 0
2007	 1.38		5	 0
2008	 1.41		2	 0
2009	 1.44		0	 0
2010	 1.39		3	 0
2011	 1.4		2	 0
2012	 1.37		3	 0
2013	 1.34		7	 0
2014	 1.34		4	 0
2015	 1.39		1	 0
2016	 1.39		5	 0
2017	 1.34		8	 0

TOTAL Day Violations:   52.0
TOTAL Batt Violations:  0.0

Run time: 0:30:29.213003
