

Seed ARG:  0
Device:  cpu
Train time: 0:28:12.997138
YEAR	AVG_RWD		VIOLATIONS
			DAY	BATT
2000	 1.38		1	 3
2001	 1.4		0	 0
2002	 0.94		19	 189
2003	 1.28		5	 24
2004	 1.35		0	 0
2005	 1.38		0	 0
2006	 1.4		0	 0
2007	 1.4		0	 0
2008	 1.37		0	 0
2009	 1.39		1	 0
2010	 1.36		0	 0
2011	 1.39		0	 0
2012	 1.32		2	 4
2013	 1.38		0	 0
2014	 1.35		0	 0
2015	 1.36		0	 0
2016	 1.41		0	 0
2017	 1.27		5	 48

TOTAL Day Violations:   33.0
TOTAL Batt Violations:  268.0

Run time: 0:28:50.904101


Seed ARG:  1
Device:  cpu
Train time: 0:32:07.031822
YEAR	AVG_RWD		VIOLATIONS
			DAY	BATT
2000	 1.43		1	 0
2001	 1.44		1	 0
2002	 1.38		0	 0
2003	 1.44		2	 0
2004	 1.37		2	 0
2005	 1.46		0	 0
2006	 1.43		2	 0
2007	 1.42		1	 0
2008	 1.44		1	 0
2009	 1.41		3	 0
2010	 1.41		0	 0
2011	 1.43		0	 0
2012	 1.37		2	 0
2013	 1.38		2	 0
2014	 1.37		2	 0
2015	 1.39		1	 0
2016	 1.42		2	 0
2017	 1.41		1	 0

TOTAL Day Violations:   23.0
TOTAL Batt Violations:  0.0

Run time: 0:32:45.621398


Seed ARG:  2
Device:  cpu
Train time: 0:32:08.277618
YEAR	AVG_RWD		VIOLATIONS
			DAY	BATT
2000	 0.93		0	 0
2001	 0.94		0	 0
2002	 0.88		2	 0
2003	 0.88		3	 0
2004	 0.9		1	 0
2005	 0.99		0	 0
2006	 0.9		0	 0
2007	 0.94		0	 0
2008	 0.97		0	 0
2009	 0.93		0	 0
2010	 0.92		0	 0
2011	 0.99		0	 0
2012	 0.94		0	 0
2013	 0.98		0	 0
2014	 0.89		1	 0
2015	 0.91		0	 0
2016	 0.94		0	 0
2017	 0.97		2	 0

TOTAL Day Violations:   9.0
TOTAL Batt Violations:  0.0

Run time: 0:32:45.778693


Seed ARG:  3
Device:  cpu
Train time: 0:29:09.527618
YEAR	AVG_RWD		VIOLATIONS
			DAY	BATT
2000	 1.39		0	 0
2001	 1.4		0	 0
2002	 1.33		0	 0
2003	 1.38		0	 0
2004	 1.35		0	 0
2005	 1.38		0	 0
2006	 1.41		0	 0
2007	 1.37		0	 0
2008	 1.36		0	 0
2009	 1.4		0	 0
2010	 1.37		0	 0
2011	 1.38		0	 0
2012	 1.33		0	 0
2013	 1.35		0	 0
2014	 1.34		0	 0
2015	 1.38		0	 0
2016	 1.38		2	 0
2017	 1.36		0	 0

TOTAL Day Violations:   2.0
TOTAL Batt Violations:  0.0

Run time: 0:29:47.026513


Seed ARG:  4
Device:  cpu
Train time: 0:32:01.154847
YEAR	AVG_RWD		VIOLATIONS
			DAY	BATT
2000	 0.97		0	 0
2001	 0.99		0	 0
2002	 0.95		1	 0
2003	 0.99		0	 0
2004	 0.91		3	 0
2005	 0.97		0	 0
2006	 1.03		0	 0
2007	 0.94		2	 0
2008	 0.96		1	 0
2009	 0.97		1	 0
2010	 0.92		3	 0
2011	 0.89		4	 0
2012	 0.9		2	 0
2013	 0.87		3	 0
2014	 0.89		5	 0
2015	 0.96		0	 0
2016	 0.94		4	 0
2017	 0.9		3	 0

TOTAL Day Violations:   32.0
TOTAL Batt Violations:  0.0

Run time: 0:32:38.003107


Seed ARG:  5
Device:  cpu
Train time: 0:32:07.360156
YEAR	AVG_RWD		VIOLATIONS
			DAY	BATT
2000	 0.3		31	 72
2001	 1.03		1	 0
2002	 0.39		32	 209
2003	 0.51		29	 100
2004	 0.95		6	 0
2005	 1.11		0	 0
2006	 0.94		5	 0
2007	 1.1		2	 0
2008	 1.02		1	 0
2009	 1.07		0	 0
2010	 1.09		2	 0
2011	 1.07		5	 0
2012	 1.11		1	 0
2013	 1.13		3	 0
2014	 0.72		19	 19
2015	 1.07		2	 0
2016	 1.1		2	 0
2017	 1.14		3	 0

TOTAL Day Violations:   144.0
TOTAL Batt Violations:  400.0

Run time: 0:32:45.188319


Seed ARG:  6
Device:  cpu
Train time: 0:32:25.093926
YEAR	AVG_RWD		VIOLATIONS
			DAY	BATT
2000	 1.02		1	 0
2001	 1.01		2	 0
2002	 0.99		1	 0
2003	 1.04		1	 0
2004	 0.95		5	 0
2005	 1.01		1	 0
2006	 1.09		0	 0
2007	 0.96		6	 0
2008	 1.01		3	 0
2009	 1.03		1	 0
2010	 0.95		5	 0
2011	 0.95		4	 0
2012	 0.93		7	 0
2013	 0.89		8	 0
2014	 0.93		6	 0
2015	 0.95		5	 0
2016	 0.95		7	 0
2017	 0.92		6	 0

TOTAL Day Violations:   69.0
TOTAL Batt Violations:  0.0

Run time: 0:33:03.043037


Seed ARG:  7
Device:  cpu
Train time: 0:28:53.317940
YEAR	AVG_RWD		VIOLATIONS
			DAY	BATT
2000	 0.68		0	 0
2001	 0.67		0	 0
2002	 0.67		2	 0
2003	 0.41		9	 6
2004	 0.62		5	 0
2005	 0.64		1	 0
2006	 0.63		2	 0
2007	 0.62		3	 1
2008	 0.62		4	 0
2009	 0.67		0	 0
2010	 0.64		2	 1
2011	 0.58		5	 0
2012	 0.63		2	 0
2013	 0.56		5	 0
2014	 0.54		6	 1
2015	 0.64		2	 0
2016	 0.58		7	 3
2017	 0.59		5	 0

TOTAL Day Violations:   60.0
TOTAL Batt Violations:  12.0

Run time: 0:29:30.220755


Seed ARG:  8
Device:  cpu
Train time: 0:31:50.326101
YEAR	AVG_RWD		VIOLATIONS
			DAY	BATT
2000	 1.43		1	 0
2001	 1.44		0	 0
2002	 1.37		1	 0
2003	 1.43		0	 0
2004	 1.38		1	 0
2005	 1.44		0	 0
2006	 1.45		0	 0
2007	 1.39		3	 0
2008	 1.44		0	 0
2009	 1.42		1	 0
2010	 1.4		1	 0
2011	 1.41		0	 0
2012	 1.37		1	 0
2013	 1.39		0	 0
2014	 1.38		0	 0
2015	 1.38		1	 0
2016	 1.41		2	 0
2017	 1.36		2	 0

TOTAL Day Violations:   14.0
TOTAL Batt Violations:  0.0

Run time: 0:32:27.509632


Seed ARG:  9
Device:  cpu
Train time: 0:31:52.646276
YEAR	AVG_RWD		VIOLATIONS
			DAY	BATT
2000	 1.34		0	 0
2001	 1.34		0	 0
2002	 1.22		2	 0
2003	 1.29		2	 0
2004	 1.27		2	 0
2005	 1.35		0	 0
2006	 1.32		0	 0
2007	 1.26		2	 0
2008	 1.33		0	 0
2009	 1.33		0	 0
2010	 1.3		0	 0
2011	 1.32		1	 0
2012	 1.27		1	 0
2013	 1.27		2	 0
2014	 1.23		2	 0
2015	 1.24		1	 0
2016	 1.31		1	 0
2017	 1.29		0	 0

TOTAL Day Violations:   16.0
TOTAL Batt Violations:  0.0

Run time: 0:32:29.994219
