

Seed ARG:  0
Device:  cpu
Train time: 0:28:24.251309
YEAR	AVG_RWD		VIOLATIONS
			DAY	BATT
2000	 1.37		0	 0
2001	 1.41		0	 0
2002	 1.33		1	 0
2003	 1.37		2	 0
2004	 1.35		1	 0
2005	 1.4		0	 0
2006	 1.39		0	 0
2007	 1.37		2	 0
2008	 1.38		1	 0
2009	 1.4		0	 0
2010	 1.37		2	 0
2011	 1.4		0	 0
2012	 1.37		0	 0
2013	 1.34		3	 0
2014	 1.33		2	 0
2015	 1.36		0	 0
2016	 1.39		2	 0
2017	 1.37		1	 0

TOTAL Day Violations:   17.0
TOTAL Batt Violations:  0.0

Run time: 0:28:56.262499


Seed ARG:  1
Device:  cpu
Train time: 0:29:15.939691
YEAR	AVG_RWD		VIOLATIONS
			DAY	BATT
2000	 1.34		0	 0
2001	 1.37		0	 0
2002	 1.29		1	 0
2003	 1.3		2	 0
2004	 1.31		1	 0
2005	 1.34		0	 0
2006	 1.35		0	 0
2007	 1.33		2	 0
2008	 1.34		1	 0
2009	 1.34		0	 0
2010	 1.33		1	 0
2011	 1.34		1	 0
2012	 1.33		0	 0
2013	 1.32		0	 0
2014	 1.31		1	 0
2015	 1.31		1	 0
2016	 1.33		2	 0
2017	 1.33		0	 0

TOTAL Day Violations:   13.0
TOTAL Batt Violations:  0.0

Run time: 0:29:47.530541


Seed ARG:  2
Device:  cpu
Train time: 0:29:07.787433
YEAR	AVG_RWD		VIOLATIONS
			DAY	BATT
2000	 0.2		48	 117
2001	 0.82		21	 2
2002	 0.21		47	 129
2003	 0.41		38	 124
2004	 0.69		26	 48
2005	 0.92		15	 32
2006	 -0.09		64	 101
2007	 0.65		27	 34
2008	 0.76		23	 25
2009	 0.27		47	 66
2010	 0.54		30	 49
2011	 0.95		15	 14
2012	 0.76		20	 24
2013	 0.84		19	 31
2014	 0.63		26	 53
2015	 0.29		41	 64
2016	 0.68		26	 45
2017	 0.9		17	 63

TOTAL Day Violations:   550.0
TOTAL Batt Violations:  1021.0

Run time: 0:29:39.389031


Seed ARG:  3
Device:  cpu
Train time: 0:29:24.508983
YEAR	AVG_RWD		VIOLATIONS
			DAY	BATT
2000	 1.25		0	 0
2001	 1.24		2	 0
2002	 1.15		4	 2
2003	 1.24		2	 1
2004	 1.1		8	 1
2005	 1.23		1	 1
2006	 1.26		1	 0
2007	 1.16		6	 4
2008	 1.22		3	 1
2009	 1.24		1	 0
2010	 1.15		6	 2
2011	 1.16		7	 0
2012	 1.13		6	 0
2013	 1.09		10	 5
2014	 1.08		10	 5
2015	 1.15		7	 0
2016	 1.18		7	 4
2017	 1.12		8	 1

TOTAL Day Violations:   89.0
TOTAL Batt Violations:  27.0

Run time: 0:29:56.627632


Seed ARG:  4
Device:  cpu
Train time: 0:29:34.293733
YEAR	AVG_RWD		VIOLATIONS
			DAY	BATT
2000	 1.32		0	 0
2001	 1.33		0	 0
2002	 1.28		0	 0
2003	 1.28		2	 0
2004	 1.28		0	 0
2005	 1.3		0	 0
2006	 1.33		0	 0
2007	 1.3		1	 0
2008	 1.32		0	 0
2009	 1.33		0	 0
2010	 1.3		0	 0
2011	 1.31		0	 0
2012	 1.3		0	 0
2013	 1.27		0	 0
2014	 1.29		0	 0
2015	 1.31		0	 0
2016	 1.32		1	 0
2017	 1.29		0	 0

TOTAL Day Violations:   4.0
TOTAL Batt Violations:  0.0

Run time: 0:30:05.115486


Seed ARG:  5
Device:  cpu
Train time: 0:29:10.566941
YEAR	AVG_RWD		VIOLATIONS
			DAY	BATT
2000	 1.31		0	 0
2001	 1.33		0	 0
2002	 1.27		1	 0
2003	 1.31		2	 0
2004	 1.24		3	 0
2005	 1.32		0	 0
2006	 1.34		0	 0
2007	 1.27		2	 0
2008	 1.29		2	 0
2009	 1.31		0	 0
2010	 1.27		2	 0
2011	 1.28		1	 0
2012	 1.24		3	 0
2013	 1.21		5	 0
2014	 1.24		2	 0
2015	 1.28		0	 0
2016	 1.28		4	 0
2017	 1.25		2	 0

TOTAL Day Violations:   29.0
TOTAL Batt Violations:  0.0

Run time: 0:29:43.152612


Seed ARG:  6
Device:  cpu
Train time: 0:29:30.448781
YEAR	AVG_RWD		VIOLATIONS
			DAY	BATT
2000	 1.15		1	 0
2001	 1.15		5	 0
2002	 1.06		5	 0
2003	 1.15		4	 0
2004	 1.06		7	 3
2005	 1.18		2	 0
2006	 1.13		1	 0
2007	 1.08		5	 2
2008	 1.2		1	 0
2009	 1.16		3	 0
2010	 1.05		8	 0
2011	 1.07		11	 0
2012	 1.11		3	 0
2013	 1.01		11	 2
2014	 0.92		17	 1
2015	 1.02		7	 4
2016	 1.09		8	 0
2017	 1.01		11	 0

TOTAL Day Violations:   110.0
TOTAL Batt Violations:  12.0

Run time: 0:30:02.278157


Seed ARG:  7
Device:  cpu
Train time: 0:29:39.221720
YEAR	AVG_RWD		VIOLATIONS
			DAY	BATT
2000	 1.49		0	 0
2001	 1.54		0	 0
2002	 1.48		0	 0
2003	 1.47		2	 0
2004	 1.51		0	 0
2005	 1.55		0	 0
2006	 1.5		0	 0
2007	 1.53		0	 0
2008	 1.53		0	 0
2009	 1.51		0	 0
2010	 1.5		0	 0
2011	 1.54		0	 0
2012	 1.51		0	 0
2013	 1.53		0	 0
2014	 1.49		0	 0
2015	 1.52		0	 0
2016	 1.54		0	 0
2017	 1.51		0	 0

TOTAL Day Violations:   2.0
TOTAL Batt Violations:  0.0

Run time: 0:30:11.513184


Seed ARG:  8
Device:  cpu
Train time: 0:29:25.859355
YEAR	AVG_RWD		VIOLATIONS
			DAY	BATT
2000	 1.21		1	 0
2001	 1.24		2	 0
2002	 1.13		4	 1
2003	 1.2		3	 2
2004	 1.14		5	 5
2005	 1.22		2	 1
2006	 1.25		0	 0
2007	 1.16		5	 2
2008	 1.21		2	 2
2009	 1.22		2	 0
2010	 1.17		3	 4
2011	 1.14		7	 4
2012	 1.15		2	 0
2013	 1.09		8	 5
2014	 1.12		6	 6
2015	 1.15		4	 0
2016	 1.18		6	 4
2017	 1.14		4	 3

TOTAL Day Violations:   66.0
TOTAL Batt Violations:  39.0

Run time: 0:29:58.133096


Seed ARG:  9
Device:  cpu
Train time: 0:30:14.926879
YEAR	AVG_RWD		VIOLATIONS
			DAY	BATT
2000	 1.31		0	 0
2001	 1.33		1	 0
2002	 1.25		1	 0
2003	 1.29		2	 0
2004	 1.25		3	 3
2005	 1.3		0	 0
2006	 1.32		0	 0
2007	 1.25		4	 0
2008	 1.29		1	 0
2009	 1.3		1	 0
2010	 1.28		1	 0
2011	 1.26		4	 0
2012	 1.27		1	 0
2013	 1.26		0	 0
2014	 1.22		5	 1
2015	 1.29		1	 0
2016	 1.26		6	 2
2017	 1.26		3	 0

TOTAL Day Violations:   34.0
TOTAL Batt Violations:  6.0

Run time: 0:30:46.444667
