

Seed ARG:  0
Device:  cpu
Train time: 0:29:19.558230
YEAR	AVG_RWD		VIOLATIONS
			DAY	BATT
2000	 1.37		0	 0
2001	 1.37		0	 0
2002	 1.34		1	 0
2003	 1.38		0	 0
2004	 1.32		1	 0
2005	 1.35		0	 0
2006	 1.39		0	 0
2007	 1.33		3	 0
2008	 1.37		0	 0
2009	 1.37		0	 0
2010	 1.33		1	 0
2011	 1.33		1	 0
2012	 1.33		1	 0
2013	 1.32		2	 0
2014	 1.33		1	 0
2015	 1.37		0	 0
2016	 1.35		3	 0
2017	 1.33		0	 0

TOTAL Day Violations:   14.0
TOTAL Batt Violations:  0.0

Run time: 0:29:51.963973


Seed ARG:  1
Device:  cpu
Train time: 0:28:43.216407
YEAR	AVG_RWD		VIOLATIONS
			DAY	BATT
2000	 0.73		30	 41
2001	 0.78		33	 64
2002	 0.68		29	 59
2003	 0.97		10	 17
2004	 0.55		42	 58
2005	 0.96		17	 22
2006	 1.04		12	 18
2007	 0.74		32	 67
2008	 0.96		14	 8
2009	 0.86		23	 33
2010	 0.68		36	 75
2011	 0.74		33	 54
2012	 0.64		37	 54
2013	 0.6		43	 84
2014	 0.49		52	 110
2015	 0.64		39	 81
2016	 0.82		30	 50
2017	 0.65		41	 87

TOTAL Day Violations:   553.0
TOTAL Batt Violations:  982.0

Run time: 0:29:16.459931
