

Seed ARG:  0
Device:  cpu
Train time: 0:28:22.971540
YEAR	AVG_RWD		VIOLATIONS
			DAY	BATT
2000	 1.41		0	 0
2001	 1.42		0	 0
2002	 1.36		1	 0
2003	 1.41		1	 0
2004	 1.34		4	 0
2005	 1.4		0	 0
2006	 1.42		0	 0
2007	 1.37		3	 1
2008	 1.4		1	 0
2009	 1.41		0	 0
2010	 1.37		2	 0
2011	 1.37		3	 0
2012	 1.37		1	 0
2013	 1.35		4	 0
2014	 1.34		5	 0
2015	 1.38		2	 0
2016	 1.38		5	 0
2017	 1.36		4	 0

TOTAL Day Violations:   36.0
TOTAL Batt Violations:  1.0

Run time: 0:28:54.860371


Seed ARG:  1
Device:  cpu
Train time: 0:29:43.209160
YEAR	AVG_RWD		VIOLATIONS
			DAY	BATT
2000	 1.45		0	 0
2001	 1.47		0	 0
2002	 1.44		0	 0
2003	 1.45		1	 0
2004	 1.4		2	 0
2005	 1.44		0	 0
2006	 1.48		0	 0
2007	 1.43		2	 0
2008	 1.44		1	 0
2009	 1.46		0	 0
2010	 1.43		1	 0
2011	 1.4		4	 0
2012	 1.41		2	 0
2013	 1.41		3	 0
2014	 1.42		1	 0
2015	 1.44		1	 0
2016	 1.41		6	 0
2017	 1.41		3	 0

TOTAL Day Violations:   27.0
TOTAL Batt Violations:  0.0

Run time: 0:30:16.622779


Seed ARG:  2
Device:  cpu
Train time: 0:29:17.449956
YEAR	AVG_RWD		VIOLATIONS
			DAY	BATT
2000	 1.34		0	 0
2001	 1.37		0	 0
2002	 1.3		2	 0
2003	 1.29		3	 0
2004	 1.28		4	 1
2005	 1.33		1	 0
2006	 1.36		0	 0
2007	 1.32		2	 1
2008	 1.32		2	 0
2009	 1.34		0	 0
2010	 1.29		3	 0
2011	 1.3		4	 0
2012	 1.31		2	 0
2013	 1.3		4	 0
2014	 1.27		4	 0
2015	 1.34		1	 0
2016	 1.32		3	 0
2017	 1.27		5	 0

TOTAL Day Violations:   40.0
TOTAL Batt Violations:  2.0

Run time: 0:29:49.004047


Seed ARG:  3
Device:  cpu
Train time: 0:29:09.468023
YEAR	AVG_RWD		VIOLATIONS
			DAY	BATT
2000	 1.32		0	 0
2001	 1.34		0	 0
2002	 1.28		0	 0
2003	 1.27		2	 0
2004	 1.29		1	 0
2005	 1.3		0	 0
2006	 1.31		0	 0
2007	 1.3		2	 0
2008	 1.3		0	 0
2009	 1.33		0	 0
2010	 1.3		0	 0
2011	 1.32		0	 0
2012	 1.29		1	 0
2013	 1.31		1	 0
2014	 1.3		1	 0
2015	 1.32		0	 0
2016	 1.33		1	 0
2017	 1.32		0	 0

TOTAL Day Violations:   9.0
TOTAL Batt Violations:  0.0

Run time: 0:29:40.510762


Seed ARG:  4
Device:  cpu
Train time: 0:29:07.480377
YEAR	AVG_RWD		VIOLATIONS
			DAY	BATT
2000	 1.37		0	 0
2001	 1.38		0	 0
2002	 1.34		0	 0
2003	 1.35		2	 0
2004	 1.32		2	 0
2005	 1.36		0	 0
2006	 1.37		0	 0
2007	 1.34		2	 0
2008	 1.37		0	 0
2009	 1.37		0	 0
2010	 1.34		1	 0
2011	 1.35		1	 0
2012	 1.34		0	 0
2013	 1.34		0	 0
2014	 1.32		2	 1
2015	 1.35		1	 0
2016	 1.35		3	 0
2017	 1.34		0	 0

TOTAL Day Violations:   14.0
TOTAL Batt Violations:  1.0

Run time: 0:29:38.265535


Seed ARG:  5
Device:  cpu
Train time: 0:29:05.287280
YEAR	AVG_RWD		VIOLATIONS
			DAY	BATT
2000	 1.37		1	 0
2001	 1.36		2	 0
2002	 1.34		2	 0
2003	 1.38		1	 0
2004	 1.29		5	 2
2005	 1.37		1	 0
2006	 1.4		1	 0
2007	 1.33		5	 2
2008	 1.35		3	 0
2009	 1.37		1	 0
2010	 1.31		4	 2
2011	 1.28		9	 0
2012	 1.29		5	 3
2013	 1.26		8	 0
2014	 1.3		5	 2
2015	 1.33		4	 2
2016	 1.31		9	 3
2017	 1.29		6	 1

TOTAL Day Violations:   72.0
TOTAL Batt Violations:  17.0

Run time: 0:29:36.602960


Seed ARG:  6
Device:  cpu
Train time: 0:29:13.615757
YEAR	AVG_RWD		VIOLATIONS
			DAY	BATT
2000	 1.41		0	 0
2001	 1.41		0	 0
2002	 1.38		0	 0
2003	 1.42		0	 0
2004	 1.35		1	 0
2005	 1.41		0	 0
2006	 1.44		0	 0
2007	 1.39		2	 0
2008	 1.41		0	 0
2009	 1.41		0	 0
2010	 1.37		1	 0
2011	 1.38		1	 0
2012	 1.36		1	 0
2013	 1.37		0	 0
2014	 1.37		0	 0
2015	 1.4		0	 0
2016	 1.38		3	 0
2017	 1.39		0	 0

TOTAL Day Violations:   9.0
TOTAL Batt Violations:  0.0

Run time: 0:29:44.614656


Seed ARG:  7
Device:  cpu
Train time: 0:29:11.412290
YEAR	AVG_RWD		VIOLATIONS
			DAY	BATT
2000	 1.33		3	 0
2001	 1.33		4	 0
2002	 1.29		5	 1
2003	 1.35		2	 2
2004	 1.22		11	 4
2005	 1.32		3	 0
2006	 1.39		0	 0
2007	 1.25		10	 4
2008	 1.3		6	 1
2009	 1.31		5	 0
2010	 1.26		8	 4
2011	 1.24		10	 5
2012	 1.24		8	 2
2013	 1.19		14	 1
2014	 1.2		13	 6
2015	 1.32		3	 3
2016	 1.29		8	 6
2017	 1.2		13	 1

TOTAL Day Violations:   126.0
TOTAL Batt Violations:  40.0

Run time: 0:29:43.130215


Seed ARG:  8
Device:  cpu
Train time: 0:29:12.802501
YEAR	AVG_RWD		VIOLATIONS
			DAY	BATT
2000	 1.37		0	 0
2001	 1.38		0	 0
2002	 1.33		1	 0
2003	 1.36		1	 0
2004	 1.29		4	 0
2005	 1.34		1	 0
2006	 1.39		0	 0
2007	 1.33		3	 0
2008	 1.34		2	 0
2009	 1.37		0	 0
2010	 1.32		3	 0
2011	 1.31		4	 0
2012	 1.31		2	 0
2013	 1.29		4	 0
2014	 1.29		5	 0
2015	 1.35		1	 0
2016	 1.33		5	 0
2017	 1.32		2	 0

TOTAL Day Violations:   38.0
TOTAL Batt Violations:  0.0

Run time: 0:29:44.777827


Seed ARG:  9
Device:  cpu
Train time: 0:30:31.266369
YEAR	AVG_RWD		VIOLATIONS
			DAY	BATT
2000	 1.08		15	 0
2001	 1.07		17	 1
2002	 1.03		17	 3
2003	 1.18		7	 2
2004	 0.94		23	 11
2005	 1.16		7	 1
2006	 1.2		8	 0
2007	 1.04		17	 10
2008	 1.12		11	 3
2009	 1.11		13	 0
2010	 0.97		22	 8
2011	 0.97		21	 10
2012	 0.93		24	 5
2013	 0.89		26	 12
2014	 0.89		27	 11
2015	 0.93		28	 4
2016	 1.01		22	 16
2017	 0.91		26	 10

TOTAL Day Violations:   331.0
TOTAL Batt Violations:  107.0

Run time: 0:31:01.710365
