

Seed ARG:  0
Device:  cpu
Train time: 0:28:29.382383
YEAR	AVG_RWD		VIOLATIONS
			DAY	BATT
2000	 1.42		0	 0
2001	 1.44		0	 0
2002	 1.37		0	 0
2003	 1.39		2	 0
2004	 1.38		2	 0
2005	 1.42		0	 0
2006	 1.41		0	 0
2007	 1.41		2	 0
2008	 1.42		0	 0
2009	 1.41		0	 0
2010	 1.4		1	 0
2011	 1.43		0	 0
2012	 1.41		0	 0
2013	 1.4		2	 0
2014	 1.39		1	 0
2015	 1.4		0	 0
2016	 1.39		4	 0
2017	 1.41		0	 0

TOTAL Day Violations:   14.0
TOTAL Batt Violations:  0.0

Run time: 0:29:02.601769


Seed ARG:  1
Device:  cpu
Train time: 0:29:01.522918
YEAR	AVG_RWD		VIOLATIONS
			DAY	BATT
2000	 1.39		0	 0
2001	 1.4		0	 0
2002	 1.3		3	 0
2003	 1.33		3	 0
2004	 1.23		8	 5
2005	 1.36		1	 0
2006	 1.42		0	 0
2007	 1.35		3	 1
2008	 1.36		2	 0
2009	 1.39		0	 0
2010	 1.33		3	 0
2011	 1.33		5	 0
2012	 1.33		2	 0
2013	 1.32		4	 0
2014	 1.31		5	 1
2015	 1.36		2	 0
2016	 1.35		5	 0
2017	 1.2		9	 40

TOTAL Day Violations:   55.0
TOTAL Batt Violations:  47.0

Run time: 0:29:32.631145


Seed ARG:  2
Device:  cpu
Train time: 0:29:09.439939
YEAR	AVG_RWD		VIOLATIONS
			DAY	BATT
2000	 1.15		0	 0
2001	 1.14		1	 0
2002	 1.14		1	 0
2003	 1.15		1	 0
2004	 1.07		5	 4
2005	 1.12		1	 0
2006	 1.2		0	 0
2007	 1.11		4	 3
2008	 1.12		3	 0
2009	 1.16		0	 0
2010	 1.1		4	 0
2011	 1.06		5	 2
2012	 1.11		2	 1
2013	 1.08		4	 0
2014	 1.06		7	 2
2015	 1.13		4	 0
2016	 1.1		5	 1
2017	 1.08		4	 0

TOTAL Day Violations:   51.0
TOTAL Batt Violations:  13.0

Run time: 0:29:41.263215


Seed ARG:  3
Device:  cpu
Train time: 0:26:09.430939
YEAR	AVG_RWD		VIOLATIONS
			DAY	BATT
2000	 1.42		0	 0
2001	 1.43		0	 0
2002	 1.39		1	 0
2003	 1.4		1	 0
2004	 1.36		2	 0
2005	 1.39		0	 0
2006	 1.43		0	 0
2007	 1.39		2	 0
2008	 1.39		1	 0
2009	 1.42		0	 0
2010	 1.38		1	 0
2011	 1.38		1	 0
2012	 1.38		0	 0
2013	 1.38		1	 0
2014	 1.37		1	 0
2015	 1.41		1	 0
2016	 1.39		3	 0
2017	 1.39		0	 0

TOTAL Day Violations:   15.0
TOTAL Batt Violations:  0.0

Run time: 0:26:40.634913


Seed ARG:  4
Device:  cpu
Train time: 0:26:04.542875
YEAR	AVG_RWD		VIOLATIONS
			DAY	BATT
2000	 1.11		0	 0
2001	 1.11		1	 0
2002	 1.08		3	 2
2003	 1.13		1	 0
2004	 1.01		5	 3
2005	 1.07		1	 1
2006	 1.16		0	 0
2007	 1.07		3	 4
2008	 1.08		2	 1
2009	 1.12		0	 0
2010	 1.06		3	 3
2011	 1.02		5	 4
2012	 1.02		4	 2
2013	 1.01		5	 3
2014	 1.03		5	 5
2015	 1.09		3	 1
2016	 1.06		6	 5
2017	 1.02		5	 0

TOTAL Day Violations:   52.0
TOTAL Batt Violations:  34.0

Run time: 0:26:35.419841


Seed ARG:  5
Device:  cpu
Train time: 0:29:19.585846
YEAR	AVG_RWD		VIOLATIONS
			DAY	BATT
2000	 1.25		0	 0
2001	 1.24		1	 0
2002	 1.22		2	 1
2003	 1.25		1	 0
2004	 1.16		5	 0
2005	 1.21		1	 0
2006	 1.29		0	 0
2007	 1.2		4	 2
2008	 1.22		2	 0
2009	 1.24		1	 0
2010	 1.19		4	 0
2011	 1.15		6	 2
2012	 1.17		3	 0
2013	 1.14		6	 1
2014	 1.14		8	 2
2015	 1.21		4	 1
2016	 1.18		7	 6
2017	 1.15		7	 1

TOTAL Day Violations:   62.0
TOTAL Batt Violations:  16.0

Run time: 0:29:51.671654


Seed ARG:  6
Device:  cpu
Train time: 0:29:11.940955
YEAR	AVG_RWD		VIOLATIONS
			DAY	BATT
2000	 0.9		24	 2
2001	 0.94		26	 1
2002	 0.84		25	 5
2003	 1.02		8	 2
2004	 0.83		30	 9
2005	 1.01		13	 3
2006	 1.01		12	 0
2007	 0.89		24	 12
2008	 1.01		15	 3
2009	 0.93		22	 3
2010	 0.86		27	 10
2011	 0.86		30	 12
2012	 0.83		31	 5
2013	 0.81		32	 13
2014	 0.75		38	 12
2015	 0.77		37	 8
2016	 0.91		25	 11
2017	 0.82		34	 11

TOTAL Day Violations:   453.0
TOTAL Batt Violations:  122.0

Run time: 0:29:44.170259


Seed ARG:  7
Device:  cpu
Train time: 0:26:08.175568
YEAR	AVG_RWD		VIOLATIONS
			DAY	BATT
2000	 1.38		0	 0
2001	 1.38		0	 0
2002	 1.34		1	 0
2003	 1.39		1	 0
2004	 1.31		3	 0
2005	 1.38		1	 0
2006	 1.41		0	 0
2007	 1.35		3	 0
2008	 1.38		2	 0
2009	 1.38		0	 0
2010	 1.34		3	 0
2011	 1.34		4	 0
2012	 1.33		2	 0
2013	 1.31		4	 0
2014	 1.32		3	 0
2015	 1.35		1	 0
2016	 1.34		5	 1
2017	 1.33		3	 0

TOTAL Day Violations:   36.0
TOTAL Batt Violations:  1.0

Run time: 0:26:39.770948


Seed ARG:  8
Device:  cpu
Train time: 0:29:08.645799
YEAR	AVG_RWD		VIOLATIONS
			DAY	BATT
2000	 1.26		0	 0
2001	 1.25		2	 0
2002	 1.23		2	 0
2003	 1.25		1	 1
2004	 1.18		5	 5
2005	 1.22		1	 0
2006	 1.29		0	 0
2007	 1.21		5	 4
2008	 1.23		3	 1
2009	 1.26		1	 0
2010	 1.18		6	 3
2011	 1.17		5	 5
2012	 1.2		2	 0
2013	 1.18		5	 1
2014	 1.18		6	 3
2015	 1.23		3	 2
2016	 1.22		5	 5
2017	 1.19		5	 1

TOTAL Day Violations:   57.0
TOTAL Batt Violations:  31.0

Run time: 0:29:40.571418


Seed ARG:  9
Device:  cpu
Train time: 0:29:43.827270
YEAR	AVG_RWD		VIOLATIONS
			DAY	BATT
2000	 1.1		0	 0
2001	 1.08		0	 0
2002	 1.06		1	 0
2003	 1.09		1	 0
2004	 1.0		5	 0
2005	 1.06		1	 0
2006	 1.12		0	 0
2007	 1.02		5	 1
2008	 1.04		2	 0
2009	 1.09		0	 0
2010	 1.03		3	 0
2011	 0.98		6	 0
2012	 1.01		2	 1
2013	 0.96		5	 0
2014	 0.98		6	 1
2015	 1.04		3	 0
2016	 1.04		5	 2
2017	 0.98		5	 0

TOTAL Day Violations:   50.0
TOTAL Batt Violations:  5.0

Run time: 0:30:16.082530
