

Seed ARG:  0
Device:  cpu
Train time: 0:32:45.578809
YEAR	AVG_RWD		VIOLATIONS
			DAY	BATT
2000	 0.91		9	 0
2001	 0.89		12	 0
2002	 0.87		13	 3
2003	 0.94		9	 2
2004	 0.8		17	 10
2005	 0.89		9	 2
2006	 0.96		9	 0
2007	 0.78		22	 8
2008	 0.84		16	 4
2009	 0.83		19	 0
2010	 0.79		19	 7
2011	 0.76		21	 10
2012	 0.74		22	 4
2013	 0.73		21	 10
2014	 0.75		22	 12
2015	 0.85		16	 4
2016	 0.82		19	 13
2017	 0.76		21	 10

TOTAL Day Violations:   296.0
TOTAL Batt Violations:  99.0

Run time: 0:33:24.124247
