

Seed ARG:  0
Device:  cpu
Train time: 0:33:33.103039
YEAR	AVG_RWD		VIOLATIONS
			DAY	BATT
2000	 1.02		0	 0
2001	 0.94		8	 0
2002	 0.95		7	 2
2003	 1.04		1	 2
2004	 0.86		14	 4
2005	 0.96		4	 0
2006	 1.08		1	 0
2007	 0.9		11	 4
2008	 0.98		5	 2
2009	 0.97		6	 0
2010	 0.89		12	 2
2011	 0.85		13	 2
2012	 0.9		9	 1
2013	 0.82		15	 4
2014	 0.83		15	 5
2015	 0.92		10	 4
2016	 0.93		9	 5
2017	 0.84		13	 2

TOTAL Day Violations:   153.0
TOTAL Batt Violations:  39.0

Run time: 0:34:10.652621


Seed ARG:  1
Device:  cpu
Train time: 0:33:33.845779
YEAR	AVG_RWD		VIOLATIONS
			DAY	BATT
2000	 1.25		2	 0
2001	 1.28		0	 0
2002	 1.22		3	 2
2003	 1.29		1	 2
2004	 1.15		6	 4
2005	 1.25		2	 0
2006	 1.33		1	 0
2007	 1.2		6	 4
2008	 1.25		4	 2
2009	 1.26		2	 0
2010	 1.16		9	 3
2011	 1.19		5	 5
2012	 1.17		5	 2
2013	 1.15		7	 5
2014	 1.14		8	 8
2015	 1.2		5	 2
2016	 1.2		8	 5
2017	 1.19		5	 1

TOTAL Day Violations:   79.0
TOTAL Batt Violations:  45.0

Run time: 0:34:11.876489


Seed ARG:  2
Device:  cpu
Train time: 0:32:57.790105
YEAR	AVG_RWD		VIOLATIONS
			DAY	BATT
2000	 1.36		0	 0
2001	 1.37		0	 0
2002	 1.32		1	 0
2003	 1.36		1	 0
2004	 1.27		4	 1
2005	 1.34		1	 0
2006	 1.38		0	 0
2007	 1.32		3	 0
2008	 1.34		2	 0
2009	 1.37		0	 0
2010	 1.29		3	 0
2011	 1.31		4	 0
2012	 1.3		2	 0
2013	 1.29		4	 0
2014	 1.29		2	 0
2015	 1.32		2	 0
2016	 1.32		5	 0
2017	 1.29		4	 0

TOTAL Day Violations:   38.0
TOTAL Batt Violations:  1.0

Run time: 0:33:34.486665


Seed ARG:  3
Device:  cpu
Train time: 0:29:46.417831
YEAR	AVG_RWD		VIOLATIONS
			DAY	BATT
2000	 1.27		1	 0
2001	 1.33		2	 0
2002	 1.18		6	 0
2003	 1.25		4	 9
2004	 1.2		6	 4
2005	 1.32		2	 0
2006	 1.28		0	 0
2007	 1.22		7	 3
2008	 1.3		3	 0
2009	 1.26		3	 0
2010	 1.21		7	 3
2011	 1.23		7	 3
2012	 1.19		8	 0
2013	 1.16		13	 1
2014	 1.16		9	 2
2015	 1.24		5	 1
2016	 1.19		11	 4
2017	 1.16		14	 0

TOTAL Day Violations:   108.0
TOTAL Batt Violations:  30.0

Run time: 0:30:23.595830


Seed ARG:  4
Device:  cpu
Train time: 0:33:29.977139
YEAR	AVG_RWD		VIOLATIONS
			DAY	BATT
2000	 1.33		0	 0
2001	 1.33		0	 0
2002	 1.29		1	 0
2003	 1.34		1	 0
2004	 1.24		3	 1
2005	 1.32		1	 0
2006	 1.36		0	 0
2007	 1.29		3	 1
2008	 1.33		1	 0
2009	 1.33		0	 0
2010	 1.27		3	 0
2011	 1.27		4	 1
2012	 1.27		2	 0
2013	 1.24		5	 0
2014	 1.24		5	 0
2015	 1.3		2	 0
2016	 1.28		5	 0
2017	 1.27		3	 0

TOTAL Day Violations:   39.0
TOTAL Batt Violations:  3.0

Run time: 0:34:07.958951


Seed ARG:  5
Device:  cpu
Train time: 0:33:11.918543
YEAR	AVG_RWD		VIOLATIONS
			DAY	BATT
2000	 1.24		0	 0
2001	 1.25		0	 0
2002	 1.2		1	 1
2003	 1.24		1	 0
2004	 1.14		6	 1
2005	 1.24		1	 0
2006	 1.25		0	 0
2007	 1.19		4	 2
2008	 1.21		3	 0
2009	 1.24		0	 0
2010	 1.17		5	 0
2011	 1.17		6	 0
2012	 1.18		3	 1
2013	 1.15		7	 1
2014	 1.16		5	 1
2015	 1.19		4	 0
2016	 1.15		9	 3
2017	 1.15		6	 0

TOTAL Day Violations:   61.0
TOTAL Batt Violations:  10.0

Run time: 0:33:48.363838


Seed ARG:  6
Device:  cpu
Train time: 0:36:18.627211
YEAR	AVG_RWD		VIOLATIONS
			DAY	BATT
2000	 1.42		0	 0
2001	 1.45		0	 0
2002	 1.37		1	 0
2003	 1.38		3	 0
2004	 1.34		3	 0
2005	 1.43		1	 0
2006	 1.43		0	 0
2007	 1.42		2	 0
2008	 1.42		1	 0
2009	 1.44		0	 0
2010	 1.37		2	 0
2011	 1.41		3	 0
2012	 1.38		2	 0
2013	 1.38		3	 0
2014	 1.33		4	 1
2015	 1.4		1	 0
2016	 1.4		4	 0
2017	 1.39		3	 0

TOTAL Day Violations:   33.0
TOTAL Batt Violations:  1.0

Run time: 0:36:57.270888


Seed ARG:  7
Device:  cpu
Train time: 0:34:47.348349
YEAR	AVG_RWD		VIOLATIONS
			DAY	BATT
2000	 1.44		0	 0
2001	 1.46		0	 0
2002	 1.39		1	 0
2003	 1.43		1	 0
2004	 1.37		4	 0
2005	 1.44		0	 0
2006	 1.47		0	 0
2007	 1.41		3	 0
2008	 1.43		0	 0
2009	 1.45		0	 0
2010	 1.39		3	 0
2011	 1.4		5	 0
2012	 1.39		2	 0
2013	 1.39		4	 0
2014	 1.37		3	 0
2015	 1.42		1	 0
2016	 1.42		3	 0
2017	 1.41		1	 0

TOTAL Day Violations:   31.0
TOTAL Batt Violations:  0.0

Run time: 0:35:24.563632
