

Seed ARG:  0
Device:  cpu
Train time: 0:10:44.841701
YEAR	AVG_RWD		VIOLATIONS
			DAY	BATT
2000	 1.47		1	 0
2001	 1.49		0	 0
2002	 1.35		6	 0
2003	 1.39		4	 0
2004	 1.37		4	 0
2005	 1.49		0	 0
2006	 1.45		0	 0
2007	 1.48		0	 0
2008	 1.49		0	 0
2009	 1.44		2	 0
2010	 1.46		0	 0
2011	 1.49		0	 0
2012	 1.44		2	 0
2013	 1.49		0	 0
2014	 1.46		0	 0
2015	 1.46		0	 0
2016	 1.48		0	 0
2017	 1.36		6	 7

Total Day Vilolations 25.0
Total Batt Violations 7.0
Run time: 0:11:16.084328


Seed ARG:  1
Device:  cpu
Train time: 0:10:50.167251
YEAR	AVG_RWD		VIOLATIONS
			DAY	BATT
2000	 1.33		0	 0
2001	 1.34		0	 0
2002	 1.29		0	 0
2003	 1.31		1	 0
2004	 1.32		0	 0
2005	 1.35		0	 0
2006	 1.31		0	 0
2007	 1.34		0	 0
2008	 1.33		0	 0
2009	 1.34		0	 0
2010	 1.33		0	 0
2011	 1.36		0	 0
2012	 1.33		0	 0
2013	 1.35		0	 0
2014	 1.32		0	 0
2015	 1.32		0	 0
2016	 1.35		0	 0
2017	 1.35		0	 0

Total Day Vilolations 1.0
Total Batt Violations 0.0
Run time: 0:11:21.371998


Seed ARG:  2
Device:  cpu
Train time: 0:10:48.106632
YEAR	AVG_RWD		VIOLATIONS
			DAY	BATT
2000	 1.5		2	 0
2001	 1.56		0	 0
2002	 1.37		7	 0
2003	 1.26		13	 29
2004	 1.38		7	 0
2005	 1.51		3	 0
2006	 1.42		5	 0
2007	 1.53		0	 0
2008	 1.5		2	 0
2009	 1.46		4	 0
2010	 1.41		6	 0
2011	 1.54		1	 0
2012	 1.47		3	 0
2013	 1.53		1	 0
2014	 1.37		6	 5
2015	 1.51		1	 0
2016	 1.49		3	 0
2017	 1.37		8	 12

Total Day Vilolations 72.0
Total Batt Violations 46.0
Run time: 0:11:19.354788


Seed ARG:  3
Device:  cpu
Train time: 0:11:04.090694
YEAR	AVG_RWD		VIOLATIONS
			DAY	BATT
2000	 1.41		0	 0
2001	 1.42		0	 0
2002	 1.37		1	 0
2003	 1.4		0	 0
2004	 1.36		1	 0
2005	 1.39		0	 0
2006	 1.42		0	 0
2007	 1.39		1	 0
2008	 1.38		1	 0
2009	 1.41		0	 0
2010	 1.38		0	 0
2011	 1.37		1	 0
2012	 1.35		1	 0
2013	 1.35		1	 0
2014	 1.35		2	 0
2015	 1.4		0	 0
2016	 1.38		4	 0
2017	 1.37		0	 0

Total Day Vilolations 13.0
Total Batt Violations 0.0
Run time: 0:11:35.148334


Seed ARG:  4
Device:  cpu
Train time: 0:11:07.110692
YEAR	AVG_RWD		VIOLATIONS
			DAY	BATT
2000	 1.35		0	 0
2001	 1.37		0	 0
2002	 1.31		1	 0
2003	 1.38		0	 0
2004	 1.29		1	 0
2005	 1.38		0	 0
2006	 1.4		0	 0
2007	 1.33		2	 0
2008	 1.36		0	 0
2009	 1.37		0	 0
2010	 1.31		2	 0
2011	 1.35		0	 0
2012	 1.28		1	 0
2013	 1.28		3	 0
2014	 1.28		2	 0
2015	 1.33		0	 0
2016	 1.35		2	 0
2017	 1.33		0	 0

Total Day Vilolations 14.0
Total Batt Violations 0.0
Run time: 0:11:37.547949


Seed ARG:  5
Device:  cpu
Train time: 0:10:56.719084
YEAR	AVG_RWD		VIOLATIONS
			DAY	BATT
2000	 1.43		0	 0
2001	 1.44		0	 0
2002	 1.41		0	 0
2003	 1.42		0	 0
2004	 1.38		1	 0
2005	 1.41		0	 0
2006	 1.45		0	 0
2007	 1.42		0	 0
2008	 1.41		0	 0
2009	 1.43		0	 0
2010	 1.41		0	 0
2011	 1.4		0	 0
2012	 1.4		0	 0
2013	 1.4		0	 0
2014	 1.39		0	 0
2015	 1.43		0	 0
2016	 1.42		0	 0
2017	 1.4		0	 0

Total Day Vilolations 1.0
Total Batt Violations 0.0
Run time: 0:11:28.180611


Seed ARG:  6
Device:  cpu
Train time: 0:11:08.284606
YEAR	AVG_RWD		VIOLATIONS
			DAY	BATT
2000	 1.4		0	 0
2001	 1.4		0	 0
2002	 1.38		0	 0
2003	 1.4		0	 0
2004	 1.36		0	 0
2005	 1.42		0	 0
2006	 1.42		0	 0
2007	 1.39		0	 0
2008	 1.41		0	 0
2009	 1.39		0	 0
2010	 1.38		0	 0
2011	 1.37		0	 0
2012	 1.37		0	 0
2013	 1.36		0	 0
2014	 1.36		0	 0
2015	 1.38		0	 0
2016	 1.38		0	 0
2017	 1.35		0	 0

Total Day Vilolations 0.0
Total Batt Violations 0.0
Run time: 0:11:40.486702


Seed ARG:  7
Device:  cpu
Train time: 0:10:33.797226
YEAR	AVG_RWD		VIOLATIONS
			DAY	BATT
2000	 1.41		0	 0
2001	 1.4		0	 0
2002	 1.37		1	 0
2003	 1.43		0	 0
2004	 1.34		1	 0
2005	 1.42		0	 0
2006	 1.45		0	 0
2007	 1.38		1	 0
2008	 1.43		0	 0
2009	 1.41		0	 0
2010	 1.37		0	 0
2011	 1.38		0	 0
2012	 1.36		0	 0
2013	 1.33		2	 0
2014	 1.32		2	 0
2015	 1.37		0	 0
2016	 1.38		2	 0
2017	 1.36		0	 0

Total Day Vilolations 9.0
Total Batt Violations 0.0
Run time: 0:11:06.174420


Seed ARG:  8
Device:  cpu
Train time: 0:10:23.221441
YEAR	AVG_RWD		VIOLATIONS
			DAY	BATT
2000	 1.29		0	 0
2001	 1.28		0	 0
2002	 1.28		0	 0
2003	 1.29		0	 0
2004	 1.24		1	 0
2005	 1.27		0	 0
2006	 1.3		0	 0
2007	 1.29		0	 0
2008	 1.29		0	 0
2009	 1.28		0	 0
2010	 1.27		0	 0
2011	 1.24		1	 0
2012	 1.26		0	 0
2013	 1.26		0	 0
2014	 1.26		1	 0
2015	 1.29		0	 0
2016	 1.28		1	 0
2017	 1.26		0	 0

Total Day Vilolations 4.0
Total Batt Violations 0.0
Run time: 0:10:54.695483


Seed ARG:  9
Device:  cpu
Train time: 0:10:22.917169
YEAR	AVG_RWD		VIOLATIONS
			DAY	BATT
2000	 1.43		0	 0
2001	 1.44		0	 0
2002	 1.4		1	 0
2003	 1.43		1	 0
2004	 1.35		4	 0
2005	 1.42		1	 0
2006	 1.47		0	 0
2007	 1.4		3	 0
2008	 1.41		1	 0
2009	 1.44		0	 0
2010	 1.39		3	 0
2011	 1.37		5	 0
2012	 1.37		2	 0
2013	 1.35		4	 0
2014	 1.35		4	 0
2015	 1.4		2	 0
2016	 1.41		4	 0
2017	 1.36		4	 0

Total Day Vilolations 39.0
Total Batt Violations 0.0
Run time: 0:10:53.256945
