
Seed ARG:  0
Device:  cpu
Train time: 0:10:25.276152
YEAR	AVG_RWD		VIOLATIONS
			DAY	BATT
2000	 1.12		0	 0
2001	 1.14		0	 0
2002	 1.08		1	 1
2003	 1.15		1	 0
2004	 1.06		2	 0
2005	 1.12		1	 0
2006	 1.18		1	 0
2007	 1.09		2	 1
2008	 1.11		1	 0
2009	 1.14		0	 0
2010	 1.04		5	 0
2011	 1.04		3	 0
2012	 1.03		2	 0
2013	 0.98		5	 0
2014	 1.01		5	 0
2015	 1.08		3	 0
2016	 1.1		3	 0
2017	 1.04		2	 0

Total Day Vilolations 37.0
Total Batt Violations 2.0
Run time: 0:10:55.693813

Seed ARG:  1
Device:  cpu
Train time: 0:10:28.682950
YEAR	AVG_RWD		VIOLATIONS
			DAY	BATT
2000	 0.94		14	 0
2001	 0.98		12	 1
2002	 0.93		15	 0
2003	 1.02		7	 0
2004	 0.88		17	 6
2005	 1.02		5	 0
2006	 1.1		4	 3
2007	 0.92		15	 5
2008	 1.02		6	 1
2009	 1.01		8	 1
2010	 0.88		17	 0
2011	 0.86		19	 2
2012	 0.87		16	 4
2013	 0.79		23	 10
2014	 0.84		19	 2
2015	 0.88		20	 2
2016	 0.93		15	 2
2017	 0.84		20	 2

Total Day Vilolations 252.0
Total Batt Violations 41.0
Run time: 0:11:02.085986

Seed ARG:  2
Device:  cpu
Train time: 0:10:29.246193
YEAR	AVG_RWD		VIOLATIONS
			DAY	BATT
2000	 1.17		0	 0
2001	 1.19		0	 0
2002	 1.14		1	 0
2003	 1.15		3	 0
2004	 1.19		0	 0
2005	 1.24		0	 0
2006	 1.2		0	 0
2007	 1.21		0	 0
2008	 1.23		0	 0
2009	 1.2		0	 0
2010	 1.2		0	 0
2011	 1.23		0	 0
2012	 1.19		0	 0
2013	 1.22		0	 0
2014	 1.16		0	 0
2015	 1.2		0	 0
2016	 1.22		0	 0
2017	 1.22		0	 0

Total Day Vilolations 4.0
Total Batt Violations 0.0
Run time: 0:11:00.661398

Seed ARG:  3
Device:  cpu
Train time: 0:10:21.604327
YEAR	AVG_RWD		VIOLATIONS
			DAY	BATT
2000	 1.05		7	 0
2001	 1.08		4	 1
2002	 1.0		9	 1
2003	 1.11		3	 0
2004	 0.93		13	 1
2005	 1.07		3	 0
2006	 1.14		4	 0
2007	 0.96		14	 1
2008	 1.06		5	 0
2009	 1.07		5	 0
2010	 0.93		15	 0
2011	 0.92		14	 0
2012	 0.93		11	 1
2013	 0.84		19	 1
2014	 0.91		14	 0
2015	 0.97		13	 1
2016	 1.01		12	 3
2017	 0.88		17	 0

Total Day Vilolations 182.0
Total Batt Violations 10.0
Run time: 0:10:52.964515

Seed ARG:  4
Device:  cpu
Train time: 0:10:20.835123
YEAR	AVG_RWD		VIOLATIONS
			DAY	BATT
2000	 -0.26		87	 268
2001	 -0.31		90	 246
2002	 -0.38		99	 280
2003	 -0.19		80	 194
2004	 -0.51		108	 343
2005	 -0.36		93	 214
2006	 -0.0		64	 179
2007	 -0.42		98	 284
2008	 -0.31		89	 213
2009	 -0.21		80	 243
2010	 -0.47		103	 323
2011	 -0.5		105	 306
2012	 -0.6		114	 352
2013	 -0.69		120	 362
2014	 -0.58		116	 385
2015	 -0.45		105	 311
2016	 -0.33		91	 271
2017	 -0.49		100	 277

Total Day Vilolations 1742.0
Total Batt Violations 5051.0
Run time: 0:10:52.422422

Seed ARG:  5
Device:  cpu
Train time: 0:10:34.546665
YEAR	AVG_RWD		VIOLATIONS
			DAY	BATT
2000	 1.36		0	 0
2001	 1.38		0	 0
2002	 1.3		0	 0
2003	 1.37		0	 0
2004	 1.31		0	 0
2005	 1.37		0	 0
2006	 1.41		0	 0
2007	 1.35		0	 0
2008	 1.36		0	 0
2009	 1.37		0	 0
2010	 1.33		0	 0
2011	 1.34		0	 0
2012	 1.3		0	 0
2013	 1.29		0	 0
2014	 1.3		0	 0
2015	 1.33		0	 0
2016	 1.38		0	 0
2017	 1.32		0	 0

Total Day Vilolations 0.0
Total Batt Violations 0.0
Run time: 0:11:05.685865

Seed ARG:  6
Device:  cpu
Train time: 0:10:44.701185
YEAR	AVG_RWD		VIOLATIONS
			DAY	BATT
2000	 1.3		0	 0
2001	 1.3		1	 0
2002	 1.24		1	 0
2003	 1.29		1	 0
2004	 1.2		5	 0
2005	 1.29		1	 0
2006	 1.35		0	 0
2007	 1.24		5	 0
2008	 1.28		1	 0
2009	 1.31		0	 0
2010	 1.25		1	 0
2011	 1.25		2	 0
2012	 1.2		3	 0
2013	 1.19		4	 0
2014	 1.2		3	 0
2015	 1.26		1	 0
2016	 1.28		3	 0
2017	 1.22		2	 0

Total Day Vilolations 34.0
Total Batt Violations 0.0
Run time: 0:11:17.416708

Seed ARG:  7
Device:  cpu
Train time: 0:10:15.687699
YEAR	AVG_RWD		VIOLATIONS
			DAY	BATT
2000	 1.23		0	 0
2001	 1.24		0	 0
2002	 1.18		1	 0
2003	 1.25		0	 0
2004	 1.17		0	 0
2005	 1.24		0	 0
2006	 1.29		0	 0
2007	 1.19		2	 0
2008	 1.23		0	 0
2009	 1.24		0	 0
2010	 1.18		1	 0
2011	 1.18		0	 0
2012	 1.15		1	 0
2013	 1.1		4	 0
2014	 1.14		1	 0
2015	 1.19		0	 0
2016	 1.22		2	 0
2017	 1.14		2	 0

Total Day Vilolations 14.0
Total Batt Violations 0.0
Run time: 0:10:46.527804

Seed ARG:  8
Device:  cpu
Train time: 0:10:13.087714
YEAR	AVG_RWD		VIOLATIONS
			DAY	BATT
2000	 1.26		0	 0
2001	 1.26		1	 0
2002	 1.18		1	 0
2003	 1.27		0	 0
2004	 1.19		0	 0
2005	 1.28		0	 0
2006	 1.33		0	 0
2007	 1.22		3	 0
2008	 1.26		0	 0
2009	 1.27		1	 0
2010	 1.19		3	 0
2011	 1.2		3	 0
2012	 1.16		1	 0
2013	 1.1		6	 0
2014	 1.14		4	 0
2015	 1.19		3	 0
2016	 1.26		2	 0
2017	 1.18		3	 0

Total Day Vilolations 31.0
Total Batt Violations 0.0
Run time: 0:10:44.678512
