
Seed ARG:  0
Device:  cpu
Train time: 0:13:04.182947
YEAR	AVG_RWD		VIOLATIONS
			DAY	BATT
2000	 1.44		0	 0
2001	 1.49		0	 0
2002	 1.39		1	 0
2003	 1.41		3	 0
2004	 1.42		1	 0
2005	 1.48		0	 0
2006	 1.42		0	 0
2007	 1.43		2	 0
2008	 1.46		0	 0
2009	 1.44		0	 0
2010	 1.44		0	 0
2011	 1.48		0	 0
2012	 1.44		0	 0
2013	 1.47		0	 0
2014	 1.43		1	 0
2015	 1.45		1	 0
2016	 1.42		3	 0
2017	 1.47		0	 0

TOTAL Day Violations:   12.0
TOTAL Batt Violations:  0.0
Run time: 0:13:42.194402



Seed ARG:  1
Device:  cpu
Train time: 0:13:19.360195
YEAR	AVG_RWD		VIOLATIONS
			DAY	BATT
2000	 1.29		0	 0
2001	 1.28		0	 0
2002	 1.25		1	 0
2003	 1.29		1	 0
2004	 1.2		4	 0
2005	 1.26		1	 0
2006	 1.31		0	 0
2007	 1.24		3	 0
2008	 1.27		2	 0
2009	 1.28		0	 0
2010	 1.23		3	 0
2011	 1.2		5	 0
2012	 1.23		2	 0
2013	 1.19		5	 0
2014	 1.21		4	 0
2015	 1.25		2	 0
2016	 1.24		5	 0
2017	 1.18		5	 0

TOTAL Day Violations:   43.0
TOTAL Batt Violations:  0.0
Run time: 0:13:55.604226



Seed ARG:  2
Device:  cpu
Train time: 0:13:34.125898
YEAR	AVG_RWD		VIOLATIONS
			DAY	BATT
2000	 1.25		0	 0
2001	 1.25		0	 0
2002	 1.23		1	 0
2003	 1.26		1	 0
2004	 1.18		5	 0
2005	 1.23		0	 0
2006	 1.27		1	 0
2007	 1.19		5	 0
2008	 1.23		2	 0
2009	 1.25		1	 0
2010	 1.22		2	 0
2011	 1.2		3	 0
2012	 1.2		2	 0
2013	 1.15		6	 0
2014	 1.21		2	 0
2015	 1.24		1	 0
2016	 1.2		5	 0
2017	 1.17		4	 0

TOTAL Day Violations:   41.0
TOTAL Batt Violations:  0.0
Run time: 0:14:12.583705



Seed ARG:  3
Device:  cpu
Train time: 0:13:22.174925
YEAR	AVG_RWD		VIOLATIONS
			DAY	BATT
2000	 1.28		0	 0
2001	 1.27		1	 0
2002	 1.22		2	 0
2003	 1.27		2	 0
2004	 1.17		7	 1
2005	 1.25		1	 0
2006	 1.29		0	 0
2007	 1.21		6	 1
2008	 1.26		2	 0
2009	 1.27		1	 0
2010	 1.2		6	 0
2011	 1.2		6	 0
2012	 1.22		3	 0
2013	 1.18		8	 0
2014	 1.18		7	 3
2015	 1.22		5	 0
2016	 1.23		6	 3
2017	 1.18		7	 0

TOTAL Day Violations:   70.0
TOTAL Batt Violations:  8.0
Run time: 0:13:59.146534



Seed ARG:  4
Device:  cpu
Train time: 0:13:15.928303
YEAR	AVG_RWD		VIOLATIONS
			DAY	BATT
2000	 1.25		0	 0
2001	 1.24		0	 0
2002	 1.22		1	 2
2003	 1.25		1	 2
2004	 1.16		5	 2
2005	 1.22		1	 0
2006	 1.29		0	 0
2007	 1.17		7	 3
2008	 1.23		3	 0
2009	 1.24		0	 0
2010	 1.16		6	 1
2011	 1.15		7	 1
2012	 1.19		3	 1
2013	 1.14		7	 0
2014	 1.13		9	 3
2015	 1.21		4	 0
2016	 1.19		7	 5
2017	 1.15		8	 0

TOTAL Day Violations:   69.0
TOTAL Batt Violations:  20.0
Run time: 0:13:53.888873



Seed ARG:  5
Device:  cpu
Train time: 0:13:09.300520
YEAR	AVG_RWD		VIOLATIONS
			DAY	BATT
2000	 1.23		0	 0
2001	 1.27		0	 0
2002	 1.19		1	 0
2003	 1.2		3	 0
2004	 1.18		4	 1
2005	 1.22		1	 0
2006	 1.2		0	 0
2007	 1.2		3	 1
2008	 1.25		1	 0
2009	 1.25		0	 0
2010	 1.2		2	 0
2011	 1.21		4	 0
2012	 1.21		2	 0
2013	 1.19		3	 0
2014	 1.17		5	 2
2015	 1.2		2	 0
2016	 1.21		5	 1
2017	 1.2		4	 0

TOTAL Day Violations:   40.0
TOTAL Batt Violations:  5.0
Run time: 0:13:46.661549



Seed ARG:  6
Device:  cpu
Train time: 0:13:10.969950
YEAR	AVG_RWD		VIOLATIONS
			DAY	BATT
2000	 1.37		0	 0
2001	 1.38		0	 0
2002	 1.34		1	 1
2003	 1.37		1	 1
2004	 1.3		4	 3
2005	 1.36		1	 0
2006	 1.39		0	 0
2007	 1.32		5	 2
2008	 1.36		2	 0
2009	 1.38		0	 0
2010	 1.33		3	 2
2011	 1.31		5	 1
2012	 1.32		2	 0
2013	 1.3		5	 0
2014	 1.29		5	 3
2015	 1.34		2	 1
2016	 1.34		5	 5
2017	 1.32		4	 0

TOTAL Day Violations:   45.0
TOTAL Batt Violations:  19.0
Run time: 0:13:47.890341



Seed ARG:  7
Device:  cpu
Train time: 0:12:56.875282
YEAR	AVG_RWD		VIOLATIONS
			DAY	BATT
2000	 1.36		0	 0
2001	 1.38		0	 0
2002	 1.3		2	 1
2003	 1.35		1	 1
2004	 1.27		4	 2
2005	 1.33		1	 1
2006	 1.39		0	 0
2007	 1.32		3	 0
2008	 1.33		2	 0
2009	 1.36		0	 0
2010	 1.3		2	 1
2011	 1.32		3	 0
2012	 1.28		3	 0
2013	 1.27		5	 3
2014	 1.25		6	 1
2015	 1.34		1	 0
2016	 1.29		7	 2
2017	 1.3		4	 0

TOTAL Day Violations:   44.0
TOTAL Batt Violations:  12.0
Run time: 0:13:33.216144



Seed ARG:  8
Device:  cpu
Train time: 0:13:03.150737
YEAR	AVG_RWD		VIOLATIONS
			DAY	BATT
2000	 1.33		0	 0
2001	 1.35		0	 0
2002	 1.32		1	 0
2003	 1.34		1	 0
2004	 1.26		5	 2
2005	 1.3		1	 0
2006	 1.37		0	 0
2007	 1.31		3	 3
2008	 1.29		4	 0
2009	 1.35		0	 0
2010	 1.28		4	 2
2011	 1.26		5	 2
2012	 1.29		2	 0
2013	 1.26		5	 0
2014	 1.25		7	 2
2015	 1.33		2	 1
2016	 1.29		7	 2
2017	 1.28		4	 0

TOTAL Day Violations:   51.0
TOTAL Batt Violations:  14.0
Run time: 0:13:40.526883



Seed ARG:  9
Device:  cpu
Train time: 0:13:03.149179
YEAR	AVG_RWD		VIOLATIONS
			DAY	BATT
2000	 1.38		0	 0
2001	 1.38		0	 0
2002	 1.35		0	 0
2003	 1.38		0	 0
2004	 1.33		1	 0
2005	 1.35		0	 0
2006	 1.4		0	 0
2007	 1.35		2	 0
2008	 1.36		0	 0
2009	 1.38		0	 0
2010	 1.35		0	 0
2011	 1.33		0	 0
2012	 1.33		0	 0
2013	 1.32		1	 0
2014	 1.33		2	 0
2015	 1.37		0	 0
2016	 1.37		1	 0
2017	 1.34		0	 0

TOTAL Day Violations:   7.0
TOTAL Batt Violations:  0.0
Run time: 0:13:40.692007


