Seed ARG:  0
Device:  cpu
Train time: 0:13:31.147974
YEAR	AVG_RWD		VIOLATIONS
			DAY	BATT
2000	 1.14		1	 0
2001	 1.09		6	 0
2002	 1.08		5	 3
2003	 1.18		1	 2
2004	 0.99		8	 6
2005	 1.14		2	 2
2006	 1.19		2	 0
2007	 1.06		6	 5
2008	 1.13		4	 2
2009	 1.12		4	 0
2010	 1.01		9	 2
2011	 1.03		8	 2
2012	 1.02		6	 3
2013	 0.94		12	 9
2014	 0.99		7	 8
2015	 1.04		8	 0
2016	 1.05		10	 8
2017	 0.98		9	 2

TOTAL Day Violations:   108.0
TOTAL Batt Violations:  54.0
Run time: 0:14:10.062225


Seed ARG:  1
Device:  cpu
Train time: 0:13:10.806550
YEAR	AVG_RWD		VIOLATIONS
			DAY	BATT
2000	 1.17		0	 0
2001	 1.14		4	 0
2002	 1.12		6	 1
2003	 1.18		1	 1
2004	 1.06		7	 7
2005	 1.11		2	 2
2006	 1.2		2	 0
2007	 1.09		7	 4
2008	 1.1		7	 3
2009	 1.13		4	 0
2010	 1.1		5	 4
2011	 1.01		13	 5
2012	 1.05		9	 4
2013	 1.04		9	 6
2014	 1.03		12	 5
2015	 1.11		10	 0
2016	 1.12		6	 7
2017	 1.08		7	 6

TOTAL Day Violations:   111.0
TOTAL Batt Violations:  55.0
Run time: 0:13:48.378210


Seed ARG:  2
Device:  cpu
Train time: 0:13:16.940240
YEAR	AVG_RWD		VIOLATIONS
			DAY	BATT
2000	 1.34		3	 0
2001	 1.32		5	 0
2002	 1.3		3	 3
2003	 1.38		1	 2
2004	 1.25		7	 4
2005	 1.37		1	 0
2006	 1.4		0	 0
2007	 1.28		9	 4
2008	 1.35		3	 0
2009	 1.37		0	 0
2010	 1.27		7	 5
2011	 1.26		10	 4
2012	 1.27		6	 0
2013	 1.2		12	 5
2014	 1.24		8	 8
2015	 1.29		6	 5
2016	 1.31		6	 6
2017	 1.23		10	 4

TOTAL Day Violations:   97.0
TOTAL Batt Violations:  50.0
Run time: 0:13:53.702656


Seed ARG:  3
Device:  cpu
Train time: 0:12:53.472836
YEAR	AVG_RWD		VIOLATIONS
			DAY	BATT
2000	 1.32		0	 0
2001	 1.33		0	 0
2002	 1.3		1	 0
2003	 1.32		1	 0
2004	 1.24		4	 0
2005	 1.29		1	 0
2006	 1.34		0	 0
2007	 1.28		3	 0
2008	 1.3		1	 0
2009	 1.32		0	 0
2010	 1.27		3	 0
2011	 1.24		5	 0
2012	 1.26		2	 0
2013	 1.25		4	 0
2014	 1.25		4	 0
2015	 1.3		2	 0
2016	 1.29		4	 1
2017	 1.25		5	 0

TOTAL Day Violations:   40.0
TOTAL Batt Violations:  1.0
Run time: 0:13:30.604240


Seed ARG:  4
Device:  cpu
Train time: 0:13:18.073952
YEAR	AVG_RWD		VIOLATIONS
			DAY	BATT
2000	 1.32		0	 0
2001	 1.31		3	 0
2002	 1.3		2	 0
2003	 1.32		1	 0
2004	 1.2		9	 2
2005	 1.29		1	 0
2006	 1.35		0	 0
2007	 1.28		4	 0
2008	 1.29		3	 0
2009	 1.3		3	 0
2010	 1.28		3	 0
2011	 1.21		9	 0
2012	 1.26		3	 0
2013	 1.23		6	 0
2014	 1.24		6	 0
2015	 1.29		4	 0
2016	 1.28		5	 2
2017	 1.24		6	 0

TOTAL Day Violations:   68.0
TOTAL Batt Violations:  4.0
Run time: 0:13:53.918584


Seed ARG:  5
Device:  cpu
Train time: 0:13:15.106095
YEAR	AVG_RWD		VIOLATIONS
			DAY	BATT
2000	 1.37		0	 0
2001	 1.38		0	 0
2002	 1.33		1	 0
2003	 1.34		2	 0
2004	 1.29		5	 0
2005	 1.35		1	 0
2006	 1.38		0	 0
2007	 1.33		3	 1
2008	 1.35		2	 0
2009	 1.37		0	 0
2010	 1.32		3	 1
2011	 1.33		4	 0
2012	 1.33		2	 0
2013	 1.32		4	 0
2014	 1.29		5	 0
2015	 1.35		2	 0
2016	 1.33		5	 0
2017	 1.31		5	 0

TOTAL Day Violations:   44.0
TOTAL Batt Violations:  2.0
Run time: 0:13:51.415762


Seed ARG:  6
Device:  cpu
Train time: 0:13:15.805771
YEAR	AVG_RWD		VIOLATIONS
			DAY	BATT
2000	 1.29		0	 0
2001	 1.32		0	 0
2002	 1.26		1	 1
2003	 1.29		1	 0
2004	 1.23		4	 1
2005	 1.27		1	 0
2006	 1.32		0	 0
2007	 1.27		3	 2
2008	 1.27		2	 0
2009	 1.3		0	 0
2010	 1.26		2	 0
2011	 1.23		5	 0
2012	 1.25		2	 1
2013	 1.24		4	 0
2014	 1.23		5	 0
2015	 1.29		2	 1
2016	 1.26		5	 2
2017	 1.24		5	 0

TOTAL Day Violations:   42.0
TOTAL Batt Violations:  8.0
Run time: 0:13:52.117354


Seed ARG:  7
Device:  cpu
Train time: 0:13:11.435269
YEAR	AVG_RWD		VIOLATIONS
			DAY	BATT
2000	 1.19		0	 0
2001	 1.18		0	 0
2002	 1.18		1	 0
2003	 1.17		1	 0
2004	 1.1		5	 1
2005	 1.12		1	 0
2006	 1.2		0	 0
2007	 1.15		3	 1
2008	 1.13		4	 0
2009	 1.18		1	 0
2010	 1.16		1	 1
2011	 1.09		4	 0
2012	 1.13		2	 0
2013	 1.14		2	 0
2014	 1.12		5	 1
2015	 1.19		2	 0
2016	 1.13		5	 3
2017	 1.13		3	 0

TOTAL Day Violations:   40.0
TOTAL Batt Violations:  7.0
Run time: 0:13:48.143481


Seed ARG:  8
Device:  cpu
Train time: 0:13:13.539214
YEAR	AVG_RWD		VIOLATIONS
			DAY	BATT
2000	 1.41		0	 0
2001	 1.41		1	 0
2002	 1.39		1	 0
2003	 1.41		1	 0
2004	 1.34		4	 2
2005	 1.4		0	 0
2006	 1.43		0	 0
2007	 1.38		3	 2
2008	 1.39		2	 0
2009	 1.42		0	 0
2010	 1.37		3	 0
2011	 1.35		5	 0
2012	 1.37		2	 0
2013	 1.36		4	 0
2014	 1.35		4	 0
2015	 1.4		2	 0
2016	 1.37		5	 2
2017	 1.36		4	 0

TOTAL Day Violations:   41.0
TOTAL Batt Violations:  6.0
Run time: 0:13:51.440704


Seed ARG:  9
Device:  cpu
Train time: 0:12:49.296580
YEAR	AVG_RWD		VIOLATIONS
			DAY	BATT
2000	 1.1		2	 0
2001	 1.07		6	 0
2002	 1.1		4	 1
2003	 1.11		2	 2
2004	 1.01		9	 5
2005	 1.08		3	 0
2006	 1.13		1	 0
2007	 1.02		10	 4
2008	 1.05		7	 2
2009	 1.1		3	 0
2010	 1.04		8	 2
2011	 1.0		11	 4
2012	 1.02		9	 2
2013	 1.03		7	 1
2014	 0.99		13	 4
2015	 1.07		6	 0
2016	 1.03		8	 7
2017	 1.02		9	 0

TOTAL Day Violations:   118.0
TOTAL Batt Violations:  34.0
Run time: 0:13:25.738460


