

Seed ARG:  0
Device:  cpu


Seed ARG:  8
Device:  cpu
Train time: 0:31:16.424252
YEAR	AVG_RWD		VIOLATIONS
			DAY	BATT
2000	 1.26		0	 0
2001	 1.25		2	 0
2002	 1.23		2	 0
2003	 1.25		1	 1
2004	 1.18		5	 5
2005	 1.22		1	 0
2006	 1.29		0	 0
2007	 1.21		5	 4
2008	 1.23		3	 1
2009	 1.26		1	 0
2010	 1.18		6	 3
2011	 1.17		5	 5
2012	 1.2		2	 0
2013	 1.18		5	 1
2014	 1.18		6	 3
2015	 1.23		3	 2
2016	 1.22		5	 5
2017	 1.19		5	 1

TOTAL Day Violations:   57.0
TOTAL Batt Violations:  31.0

Run time: 0:31:48.995063
