

Seed ARG:  0
Device:  cpu
Train time: 0:31:43.094207
YEAR	AVG_RWD		VIOLATIONS
			DAY	BATT
2000	 1.22		0	 0
2001	 1.22		0	 0
2002	 1.17		1	 0
2003	 1.24		0	 0
2004	 1.13		3	 0
2005	 1.22		0	 0
2006	 1.27		0	 0
2007	 1.16		4	 0
2008	 1.21		1	 0
2009	 1.22		0	 0
2010	 1.16		2	 0
2011	 1.16		1	 0
2012	 1.12		2	 0
2013	 1.1		3	 0
2014	 1.12		3	 0
2015	 1.17		1	 0
2016	 1.19		3	 1
2017	 1.14		2	 0

TOTAL Day Violations:   26.0
TOTAL Batt Violations:  1.0

Run time: 0:32:15.459432


Seed ARG:  1
Device:  cpu
Train time: 0:30:17.792799
YEAR	AVG_RWD		VIOLATIONS
			DAY	BATT
2000	 1.34		0	 0
2001	 1.36		0	 0
2002	 1.27		0	 0
2003	 1.31		1	 3
2004	 1.31		0	 0
2005	 1.35		0	 0
2006	 1.34		0	 0
2007	 1.34		0	 0
2008	 1.35		0	 0
2009	 1.34		0	 0
2010	 1.33		0	 0
2011	 1.35		0	 0
2012	 1.32		0	 0
2013	 1.31		0	 0
2014	 1.3		0	 0
2015	 1.31		0	 0
2016	 1.35		0	 0
2017	 1.31		0	 0

TOTAL Day Violations:   1.0
TOTAL Batt Violations:  3.0

Run time: 0:30:50.007008


Seed ARG:  2
Device:  cpu
Train time: 0:29:56.988619
YEAR	AVG_RWD		VIOLATIONS
			DAY	BATT
2000	 1.25		0	 0
2001	 1.34		0	 0
2002	 1.16		4	 0
2003	 1.19		4	 5
2004	 1.3		0	 0
2005	 1.36		0	 0
2006	 1.23		0	 0
2007	 1.29		1	 0
2008	 1.32		0	 0
2009	 1.3		0	 0
2010	 1.32		0	 0
2011	 1.34		0	 0
2012	 1.33		0	 0
2013	 1.32		0	 0
2014	 1.27		1	 0
2015	 1.25		0	 0
2016	 1.31		0	 0
2017	 1.34		1	 0

TOTAL Day Violations:   11.0
TOTAL Batt Violations:  5.0

Run time: 0:30:29.148655


Seed ARG:  3
Device:  cpu
Train time: 0:27:00.416313
YEAR	AVG_RWD		VIOLATIONS
			DAY	BATT
2000	 0.99		4	 0
2001	 0.98		6	 0
2002	 0.93		11	 0
2003	 1.01		4	 0
2004	 0.89		12	 1
2005	 1.01		3	 0
2006	 1.04		5	 0
2007	 0.94		9	 0
2008	 1.0		4	 0
2009	 0.97		8	 0
2010	 0.9		11	 0
2011	 0.89		11	 0
2012	 0.88		11	 0
2013	 0.8		18	 3
2014	 0.88		11	 1
2015	 0.91		13	 0
2016	 0.87		18	 2
2017	 0.83		16	 0

TOTAL Day Violations:   175.0
TOTAL Batt Violations:  7.0

Run time: 0:27:32.204433


Seed ARG:  4
Device:  cpu
Train time: 0:30:14.817229
YEAR	AVG_RWD		VIOLATIONS
			DAY	BATT
2000	 -0.68		104	 388
2001	 -0.49		97	 355
2002	 -0.8		119	 419
2003	 -0.39		86	 274
2004	 -0.85		122	 476
2005	 -0.55		100	 365
2006	 -0.21		67	 220
2007	 -0.72		111	 422
2008	 -0.7		113	 330
2009	 -0.46		85	 292
2010	 -0.75		115	 435
2011	 -0.77		112	 439
2012	 -1.02		131	 498
2013	 -1.09		142	 551
2014	 -0.79		118	 510
2015	 -0.74		110	 423
2016	 -0.51		96	 346
2017	 -0.72		111	 429

TOTAL Day Violations:   1939.0
TOTAL Batt Violations:  7172.0

Run time: 0:30:47.898949


Seed ARG:  5
Device:  cpu
Train time: 0:29:58.865674
YEAR	AVG_RWD		VIOLATIONS
			DAY	BATT
2000	 -0.29		71	 147
2001	 -0.22		62	 136
2002	 -0.27		66	 138
2003	 -0.07		47	 92
2004	 -0.45		82	 195
2005	 -0.22		58	 84
2006	 -0.0		46	 84
2007	 -0.31		66	 168
2008	 -0.2		57	 91
2009	 -0.22		63	 139
2010	 -0.43		79	 174
2011	 -0.46		80	 171
2012	 -0.52		85	 188
2013	 -0.62		91	 204
2014	 -0.57		95	 218
2015	 -0.37		75	 185
2016	 -0.27		65	 153
2017	 -0.35		64	 176

TOTAL Day Violations:   1252.0
TOTAL Batt Violations:  2743.0

Run time: 0:30:29.940994
