

Seed ARG:  0
Device:  cpu
Train time: 0:28:43.390826
YEAR	AVG_RWD		VIOLATIONS
			DAY	BATT
2000	 1.26		1	 0
2001	 1.34		0	 0
2002	 1.26		0	 0
2003	 1.27		2	 19
2004	 1.26		1	 0
2005	 1.34		0	 0
2006	 1.33		0	 0
2007	 1.31		0	 0
2008	 1.31		0	 0
2009	 1.32		0	 0
2010	 1.29		0	 0
2011	 1.3		0	 0
2012	 1.26		0	 0
2013	 1.29		0	 0
2014	 1.27		0	 0
2015	 1.3		0	 0
2016	 1.33		1	 0
2017	 1.29		0	 0

TOTAL Day Violations:   5.0
TOTAL Batt Violations:  19.0

Run time: 0:29:16.514874


Seed ARG:  1
Device:  cpu
Train time: 0:28:36.750625
YEAR	AVG_RWD		VIOLATIONS
			DAY	BATT
2000	 1.39		0	 0
2001	 1.42		0	 0
2002	 1.36		0	 0
2003	 1.42		1	 0
2004	 1.37		0	 0
2005	 1.45		0	 0
2006	 1.43		0	 0
2007	 1.42		0	 0
2008	 1.43		0	 0
2009	 1.43		0	 0
2010	 1.4		0	 0
2011	 1.43		0	 0
2012	 1.39		0	 0
2013	 1.41		0	 0
2014	 1.39		0	 0
2015	 1.4		0	 0
2016	 1.44		0	 0
2017	 1.42		0	 0

TOTAL Day Violations:   1.0
TOTAL Batt Violations:  0.0

Run time: 0:29:09.828051


Seed ARG:  2
Device:  cpu
Train time: 0:28:57.711419
YEAR	AVG_RWD		VIOLATIONS
			DAY	BATT
2000	 1.37		0	 0
2001	 1.38		0	 0
2002	 1.33		0	 0
2003	 1.36		0	 0
2004	 1.33		0	 0
2005	 1.36		0	 0
2006	 1.4		0	 0
2007	 1.35		0	 0
2008	 1.36		0	 0
2009	 1.37		0	 0
2010	 1.34		0	 0
2011	 1.33		0	 0
2012	 1.31		0	 0
2013	 1.3		0	 0
2014	 1.32		0	 0
2015	 1.34		0	 0
2016	 1.36		1	 0
2017	 1.32		0	 0

TOTAL Day Violations:   1.0
TOTAL Batt Violations:  0.0

Run time: 0:29:30.652505


Seed ARG:  3
Device:  cpu
Train time: 0:25:41.242116
YEAR	AVG_RWD		VIOLATIONS
			DAY	BATT
2000	 1.27		0	 0
2001	 1.28		0	 0
2002	 1.21		1	 0
2003	 1.23		1	 0
2004	 1.23		1	 0
2005	 1.27		0	 0
2006	 1.28		0	 0
2007	 1.27		0	 0
2008	 1.26		0	 0
2009	 1.26		0	 0
2010	 1.25		0	 0
2011	 1.23		1	 0
2012	 1.24		0	 0
2013	 1.2		2	 0
2014	 1.21		2	 0
2015	 1.26		0	 0
2016	 1.26		1	 0
2017	 1.22		0	 0

TOTAL Day Violations:   9.0
TOTAL Batt Violations:  0.0

Run time: 0:26:13.201023


Seed ARG:  4
Device:  cpu
Train time: 0:28:49.183941
YEAR	AVG_RWD		VIOLATIONS
			DAY	BATT
2000	 1.23		4	 0
2001	 1.23		8	 0
2002	 1.14		9	 1
2003	 1.28		3	 0
2004	 1.14		10	 3
2005	 1.27		4	 0
2006	 1.3		3	 0
2007	 1.16		11	 0
2008	 1.29		1	 0
2009	 1.23		7	 1
2010	 1.17		11	 2
2011	 1.16		11	 1
2012	 1.15		10	 1
2013	 1.03		20	 2
2014	 1.07		16	 4
2015	 1.14		12	 1
2016	 1.23		9	 4
2017	 1.08		17	 2

TOTAL Day Violations:   166.0
TOTAL Batt Violations:  22.0

Run time: 0:29:22.040521


Seed ARG:  5
Device:  cpu
Train time: 0:28:51.856789
YEAR	AVG_RWD		VIOLATIONS
			DAY	BATT
2000	 1.09		1	 0
2001	 1.1		1	 0
2002	 1.07		1	 0
2003	 1.11		1	 0
2004	 0.99		8	 1
2005	 1.07		2	 0
2006	 1.14		2	 0
2007	 1.01		9	 0
2008	 1.08		2	 0
2009	 1.09		3	 0
2010	 1.02		7	 0
2011	 0.99		8	 0
2012	 1.01		4	 0
2013	 0.93		12	 0
2014	 1.0		7	 0
2015	 1.03		7	 0
2016	 1.01		11	 1
2017	 0.93		13	 0

TOTAL Day Violations:   99.0
TOTAL Batt Violations:  2.0

Run time: 0:29:24.279945


Seed ARG:  6
Device:  cpu
Train time: 0:28:42.146640
YEAR	AVG_RWD		VIOLATIONS
			DAY	BATT
2000	 1.45		0	 0
2001	 1.47		0	 0
2002	 1.41		1	 0
2003	 1.44		1	 0
2004	 1.42		1	 0
2005	 1.48		0	 0
2006	 1.46		0	 0
2007	 1.42		2	 0
2008	 1.46		0	 0
2009	 1.44		0	 0
2010	 1.43		0	 0
2011	 1.45		0	 0
2012	 1.42		0	 0
2013	 1.42		1	 0
2014	 1.41		0	 0
2015	 1.42		0	 0
2016	 1.44		2	 0
2017	 1.42		0	 0

TOTAL Day Violations:   8.0
TOTAL Batt Violations:  0.0

Run time: 0:29:14.938068


Seed ARG:  7
Device:  cpu
Train time: 0:28:49.735110
YEAR	AVG_RWD		VIOLATIONS
			DAY	BATT
2000	 1.3		3	 0
2001	 1.33		1	 0
2002	 1.25		4	 0
2003	 1.34		1	 0
2004	 1.24		5	 0
2005	 1.31		3	 0
2006	 1.37		1	 0
2007	 1.31		2	 0
2008	 1.32		2	 0
2009	 1.32		1	 0
2010	 1.24		7	 0
2011	 1.24		8	 0
2012	 1.22		6	 0
2013	 1.15		14	 0
2014	 1.21		7	 0
2015	 1.26		6	 0
2016	 1.27		8	 2
2017	 1.19		12	 0

TOTAL Day Violations:   91.0
TOTAL Batt Violations:  2.0

Run time: 0:29:23.038117


Seed ARG:  8
Device:  cpu
Train time: 0:28:32.237401
YEAR	AVG_RWD		VIOLATIONS
			DAY	BATT
2000	 0.84		23	 7
2001	 0.8		27	 7
2002	 0.81		23	 11
2003	 0.96		10	 2
2004	 0.71		31	 14
2005	 0.92		13	 4
2006	 0.95		16	 7
2007	 0.75		29	 14
2008	 0.9		16	 4
2009	 0.8		27	 3
2010	 0.75		27	 12
2011	 0.69		33	 14
2012	 0.64		37	 14
2013	 0.62		36	 24
2014	 0.59		44	 22
2015	 0.67		37	 17
2016	 0.75		30	 21
2017	 0.71		29	 23

TOTAL Day Violations:   488.0
TOTAL Batt Violations:  220.0

Run time: 0:29:05.531762


Seed ARG:  9
Device:  cpu
Train time: 0:28:46.099228
YEAR	AVG_RWD		VIOLATIONS
			DAY	BATT
2000	 1.35		1	 0
2001	 1.42		0	 0
2002	 1.28		3	 15
2003	 1.34		3	 13
2004	 1.36		0	 0
2005	 1.45		0	 0
2006	 1.38		0	 0
2007	 1.41		0	 0
2008	 1.41		0	 0
2009	 1.4		0	 0
2010	 1.4		0	 0
2011	 1.4		0	 0
2012	 1.37		0	 0
2013	 1.39		0	 0
2014	 1.36		0	 0
2015	 1.38		0	 0
2016	 1.44		0	 0
2017	 1.34		2	 4

TOTAL Day Violations:   9.0
TOTAL Batt Violations:  32.0

Run time: 0:29:18.171534
