

Seed ARG:  0
Device:  cpu
Train time: 0:28:52.486940
YEAR	AVG_RWD		VIOLATIONS
			DAY	BATT
2000	 1.31		0	 0
2001	 1.32		0	 0
2002	 1.26		2	 0
2003	 1.31		1	 0
2004	 1.23		4	 1
2005	 1.29		1	 0
2006	 1.34		0	 0
2007	 1.27		3	 0
2008	 1.3		1	 0
2009	 1.32		0	 0
2010	 1.26		3	 0
2011	 1.25		5	 0
2012	 1.25		2	 0
2013	 1.21		6	 0
2014	 1.23		4	 1
2015	 1.27		2	 0
2016	 1.28		4	 0
2017	 1.23		4	 0

TOTAL Day Violations:   42.0
TOTAL Batt Violations:  2.0

Run time: 0:29:24.612775


Seed ARG:  1
Device:  cpu
Train time: 0:27:17.260619
YEAR	AVG_RWD		VIOLATIONS
			DAY	BATT
2000	 1.47		0	 0
2001	 1.48		0	 0
2002	 1.36		5	 0
2003	 1.28		10	 12
2004	 1.34		5	 9
2005	 1.44		1	 0
2006	 1.48		0	 0
2007	 1.45		2	 0
2008	 1.46		1	 0
2009	 1.47		0	 0
2010	 1.35		5	 0
2011	 1.44		2	 0
2012	 1.44		1	 0
2013	 1.45		1	 0
2014	 1.43		2	 0
2015	 1.47		0	 0
2016	 1.45		3	 0
2017	 1.27		9	 48

TOTAL Day Violations:   47.0
TOTAL Batt Violations:  69.0

Run time: 0:27:49.320773


Seed ARG:  2
Device:  cpu
Train time: 0:30:07.865460
YEAR	AVG_RWD		VIOLATIONS
			DAY	BATT
2000	 1.41		0	 0
2001	 1.41		0	 0
2002	 1.39		1	 0
2003	 1.42		0	 0
2004	 1.38		1	 0
2005	 1.4		0	 0
2006	 1.44		0	 0
2007	 1.4		2	 0
2008	 1.4		1	 0
2009	 1.42		0	 0
2010	 1.39		1	 0
2011	 1.36		3	 0
2012	 1.38		1	 0
2013	 1.38		1	 0
2014	 1.37		2	 0
2015	 1.42		0	 0
2016	 1.37		5	 0
2017	 1.38		1	 0

TOTAL Day Violations:   19.0
TOTAL Batt Violations:  0.0

Run time: 0:30:39.688060


Seed ARG:  3
Device:  cpu
Train time: 0:27:13.419166
YEAR	AVG_RWD		VIOLATIONS
			DAY	BATT
2000	 0.98		19	 0
2001	 0.96		21	 0
2002	 0.94		20	 3
2003	 1.09		7	 3
2004	 0.86		28	 10
2005	 1.0		11	 4
2006	 1.05		14	 0
2007	 0.91		25	 8
2008	 0.99		16	 5
2009	 0.93		23	 0
2010	 0.87		29	 5
2011	 0.84		28	 11
2012	 0.82		33	 7
2013	 0.8		34	 9
2014	 0.82		33	 12
2015	 0.83		37	 7
2016	 0.87		28	 13
2017	 0.84		29	 8

TOTAL Day Violations:   435.0
TOTAL Batt Violations:  105.0

Run time: 0:27:44.616643


Seed ARG:  4
Device:  cpu
Train time: 0:27:18.077536
YEAR	AVG_RWD		VIOLATIONS
			DAY	BATT
2000	 1.19		0	 0
2001	 1.21		2	 0
2002	 1.11		5	 2
2003	 1.13		5	 0
2004	 1.12		7	 3
2005	 1.21		1	 1
2006	 1.16		4	 0
2007	 1.15		6	 3
2008	 1.21		3	 1
2009	 1.21		1	 0
2010	 1.14		8	 0
2011	 1.14		8	 2
2012	 1.14		7	 2
2013	 1.08		12	 4
2014	 1.11		8	 3
2015	 1.14		6	 0
2016	 1.12		11	 4
2017	 1.11		9	 1

TOTAL Day Violations:   103.0
TOTAL Batt Violations:  26.0

Run time: 0:27:50.513231


Seed ARG:  5
Device:  cpu
Train time: 0:30:24.903320
YEAR	AVG_RWD		VIOLATIONS
			DAY	BATT
2000	 1.36		0	 0
2001	 1.38		0	 0
2002	 1.24		5	 1
2003	 1.3		3	 0
2004	 1.28		5	 3
2005	 1.35		1	 0
2006	 1.36		0	 0
2007	 1.32		3	 0
2008	 1.35		2	 1
2009	 1.38		0	 0
2010	 1.31		4	 0
2011	 1.31		5	 0
2012	 1.32		2	 0
2013	 1.3		5	 4
2014	 1.26		5	 1
2015	 1.32		2	 0
2016	 1.33		5	 0
2017	 1.3		4	 1

TOTAL Day Violations:   51.0
TOTAL Batt Violations:  11.0

Run time: 0:30:57.029338
