

Seed ARG:  0
Device:  cpu
Train time: 0:32:40.378301
YEAR	AVG_RWD		VIOLATIONS
			DAY	BATT
2000	 1.02		3	 0
2001	 0.97		8	 0
2002	 0.97		9	 2
2003	 1.06		3	 1
2004	 0.92		11	 3
2005	 1.01		2	 0
2006	 1.08		3	 0
2007	 0.92		14	 3
2008	 0.99		8	 1
2009	 1.0		7	 0
2010	 0.91		14	 2
2011	 0.89		12	 4
2012	 0.92		11	 2
2013	 0.83		20	 5
2014	 0.89		15	 6
2015	 0.93		15	 2
2016	 0.89		18	 6
2017	 0.87		17	 1

TOTAL Day Violations:   190.0
TOTAL Batt Violations:  38.0

Run time: 0:33:16.421525


Seed ARG:  1
Device:  cpu
Train time: 0:32:24.231947
YEAR	AVG_RWD		VIOLATIONS
			DAY	BATT
2000	 0.79		9	 0
2001	 0.77		12	 0
2002	 0.77		13	 2
2003	 0.81		9	 2
2004	 0.67		21	 9
2005	 0.78		8	 2
2006	 0.83		9	 0
2007	 0.68		20	 8
2008	 0.73		16	 4
2009	 0.74		17	 0
2010	 0.69		19	 6
2011	 0.64		22	 11
2012	 0.64		24	 4
2013	 0.65		20	 10
2014	 0.66		22	 8
2015	 0.71		19	 4
2016	 0.71		18	 13
2017	 0.69		18	 10

TOTAL Day Violations:   296.0
TOTAL Batt Violations:  93.0

Run time: 0:33:00.362437


Seed ARG:  2
Device:  cpu
Train time: 0:35:13.524757
YEAR	AVG_RWD		VIOLATIONS
			DAY	BATT
2000	 1.23		0	 0
2001	 1.23		1	 0
2002	 1.16		2	 0
2003	 1.18		3	 0
2004	 1.12		6	 1
2005	 1.19		1	 0
2006	 1.22		0	 0
2007	 1.17		3	 0
2008	 1.2		2	 0
2009	 1.22		0	 0
2010	 1.17		4	 0
2011	 1.17		5	 0
2012	 1.14		4	 0
2013	 1.12		6	 0
2014	 1.13		6	 0
2015	 1.18		3	 0
2016	 1.17		6	 1
2017	 1.13		5	 0

TOTAL Day Violations:   57.0
TOTAL Batt Violations:  2.0

Run time: 0:35:49.485403


Seed ARG:  3
Device:  cpu
Train time: 0:35:12.736888
YEAR	AVG_RWD		VIOLATIONS
			DAY	BATT
2000	 1.33		0	 0
2001	 1.32		1	 0
2002	 1.28		2	 2
2003	 1.34		1	 1
2004	 1.24		5	 1
2005	 1.31		1	 0
2006	 1.38		0	 0
2007	 1.28		5	 3
2008	 1.32		2	 2
2009	 1.33		1	 0
2010	 1.25		6	 2
2011	 1.26		5	 3
2012	 1.26		3	 0
2013	 1.22		8	 2
2014	 1.22		8	 4
2015	 1.29		3	 1
2016	 1.28		7	 5
2017	 1.22		8	 1

TOTAL Day Violations:   66.0
TOTAL Batt Violations:  27.0

Run time: 0:35:49.039553


Seed ARG:  4
Device:  cpu
Train time: 0:35:17.207241
YEAR	AVG_RWD		VIOLATIONS
			DAY	BATT
2000	 1.18		0	 0
2001	 1.18		1	 0
2002	 1.16		1	 0
2003	 1.17		1	 2
2004	 1.11		5	 3
2005	 1.13		2	 0
2006	 1.19		1	 0
2007	 1.13		4	 2
2008	 1.12		3	 2
2009	 1.18		0	 0
2010	 1.14		3	 1
2011	 1.1		5	 3
2012	 1.13		4	 2
2013	 1.13		3	 1
2014	 1.1		8	 2
2015	 1.16		4	 0
2016	 1.14		5	 6
2017	 1.11		5	 1

TOTAL Day Violations:   55.0
TOTAL Batt Violations:  25.0

Run time: 0:35:54.916104
