

Seed ARG:  0
Device:  cpu
Train time: 0:31:59.583993
YEAR	AVG_RWD		VIOLATIONS
			DAY	BATT
2000	 1.55		0	 0
2001	 1.57		0	 0
2002	 1.53		0	 0
2003	 1.54		1	 0
2004	 1.5		3	 2
2005	 1.56		0	 0
2006	 1.56		0	 0
2007	 1.54		2	 0
2008	 1.55		0	 0
2009	 1.55		0	 0
2010	 1.53		1	 0
2011	 1.55		1	 0
2012	 1.54		0	 0
2013	 1.55		0	 0
2014	 1.52		1	 0
2015	 1.56		0	 0
2016	 1.54		3	 0
2017	 1.55		0	 0

TOTAL Day Violations:   12.0
TOTAL Batt Violations:  2.0

Run time: 0:32:37.073180


Seed ARG:  1
Device:  cpu
Train time: 0:32:10.081754
YEAR	AVG_RWD		VIOLATIONS
			DAY	BATT
2000	 1.37		0	 0
2001	 1.4		0	 0
2002	 1.29		1	 0
2003	 1.32		3	 0
2004	 1.3		3	 0
2005	 1.37		1	 0
2006	 1.36		0	 0
2007	 1.33		3	 0
2008	 1.36		0	 0
2009	 1.38		0	 0
2010	 1.33		2	 0
2011	 1.37		2	 0
2012	 1.35		0	 0
2013	 1.33		3	 0
2014	 1.31		2	 0
2015	 1.32		2	 0
2016	 1.34		3	 0
2017	 1.34		1	 0

TOTAL Day Violations:   26.0
TOTAL Batt Violations:  0.0

Run time: 0:32:47.823797


Seed ARG:  2
Device:  cpu
Train time: 0:32:06.562394
YEAR	AVG_RWD		VIOLATIONS
			DAY	BATT
2000	 1.22		0	 0
2001	 1.26		0	 0
2002	 1.19		0	 0
2003	 1.24		0	 0
2004	 1.19		2	 0
2005	 1.24		0	 0
2006	 1.27		0	 0
2007	 1.25		2	 1
2008	 1.24		0	 0
2009	 1.25		0	 0
2010	 1.27		0	 0
2011	 1.24		3	 0
2012	 1.23		0	 0
2013	 1.25		0	 0
2014	 1.21		1	 2
2015	 1.23		1	 0
2016	 1.27		0	 0
2017	 1.25		1	 0

TOTAL Day Violations:   10.0
TOTAL Batt Violations:  3.0

Run time: 0:32:43.442769


Seed ARG:  3
Device:  cpu
Train time: 0:32:14.045733
YEAR	AVG_RWD		VIOLATIONS
			DAY	BATT
2000	 0.55		49	 53
2001	 0.59		44	 67
2002	 0.58		45	 71
2003	 0.77		28	 25
2004	 0.39		62	 87
2005	 0.67		35	 22
2006	 0.77		31	 25
2007	 0.49		53	 72
2008	 0.67		37	 27
2009	 0.57		48	 52
2010	 0.45		57	 80
2011	 0.45		57	 72
2012	 0.36		66	 85
2013	 0.36		63	 98
2014	 0.33		68	 96
2015	 0.46		58	 93
2016	 0.52		51	 77
2017	 0.44		57	 87

TOTAL Day Violations:   909.0
TOTAL Batt Violations:  1189.0

Run time: 0:32:51.046092


Seed ARG:  4
Device:  cpu
Train time: 0:31:55.987225
YEAR	AVG_RWD		VIOLATIONS
			DAY	BATT
2000	 1.42		0	 0
2001	 1.43		0	 0
2002	 1.38		1	 0
2003	 1.43		1	 0
2004	 1.33		5	 2
2005	 1.4		1	 0
2006	 1.45		0	 0
2007	 1.39		3	 1
2008	 1.41		2	 0
2009	 1.43		0	 0
2010	 1.37		3	 0
2011	 1.37		4	 1
2012	 1.36		2	 0
2013	 1.35		5	 0
2014	 1.34		4	 1
2015	 1.39		2	 0
2016	 1.38		5	 0
2017	 1.35		4	 0

TOTAL Day Violations:   42.0
TOTAL Batt Violations:  5.0

Run time: 0:32:32.183411


Seed ARG:  5
Device:  cpu
Train time: 0:31:44.747399
YEAR	AVG_RWD		VIOLATIONS
			DAY	BATT
2000	 1.04		2	 0
2001	 1.0		7	 0
2002	 0.97		6	 0
2003	 1.02		3	 2
2004	 0.92		10	 6
2005	 0.98		4	 0
2006	 1.04		2	 0
2007	 0.96		9	 5
2008	 0.96		6	 4
2009	 1.0		4	 0
2010	 0.94		10	 4
2011	 0.91		11	 8
2012	 0.93		10	 4
2013	 0.9		13	 4
2014	 0.89		14	 7
2015	 0.98		6	 1
2016	 0.97		9	 7
2017	 0.93		8	 4

TOTAL Day Violations:   134.0
TOTAL Batt Violations:  56.0

Run time: 0:32:20.904861


Seed ARG:  6
Device:  cpu
Train time: 0:31:59.207323
YEAR	AVG_RWD		VIOLATIONS
			DAY	BATT
2000	 1.27		0	 0
2001	 1.23		4	 0
2002	 1.24		1	 0
2003	 1.26		1	 2
2004	 1.17		6	 6
2005	 1.23		1	 0
2006	 1.29		0	 0
2007	 1.22		5	 4
2008	 1.22		4	 0
2009	 1.25		2	 0
2010	 1.2		4	 2
2011	 1.17		6	 3
2012	 1.2		2	 1
2013	 1.2		4	 0
2014	 1.17		9	 2
2015	 1.26		1	 1
2016	 1.23		5	 7
2017	 1.19		5	 0

TOTAL Day Violations:   60.0
TOTAL Batt Violations:  28.0

Run time: 0:32:36.027798


Seed ARG:  7
Device:  cpu
Train time: 0:33:21.677717
YEAR	AVG_RWD		VIOLATIONS
			DAY	BATT
2000	 1.36		0	 0
2001	 1.39		0	 0
2002	 1.32		0	 0
2003	 1.33		2	 1
2004	 1.32		1	 0
2005	 1.39		0	 0
2006	 1.36		0	 0
2007	 1.36		1	 0
2008	 1.39		0	 0
2009	 1.38		0	 0
2010	 1.33		2	 0
2011	 1.37		1	 0
2012	 1.35		0	 0
2013	 1.35		0	 0
2014	 1.32		1	 0
2015	 1.33		1	 0
2016	 1.35		3	 0
2017	 1.35		0	 0

TOTAL Day Violations:   12.0
TOTAL Batt Violations:  1.0

Run time: 0:33:58.299115
