

Seed ARG:  0
Device:  cpu
Train time: 0:35:49.372455
YEAR	AVG_RWD		VIOLATIONS
			DAY	BATT
2000	 1.38		0	 0
2001	 1.39		0	 0
2002	 1.36		1	 0
2003	 1.4		0	 0
2004	 1.33		1	 0
2005	 1.39		0	 0
2006	 1.41		0	 0
2007	 1.38		0	 0
2008	 1.4		0	 0
2009	 1.39		0	 0
2010	 1.35		0	 0
2011	 1.35		0	 0
2012	 1.36		0	 0
2013	 1.34		2	 0
2014	 1.34		1	 0
2015	 1.36		0	 0
2016	 1.37		1	 0
2017	 1.36		0	 0

TOTAL Day Violations:   6.0
TOTAL Batt Violations:  0.0

Run time: 0:36:26.519447


Seed ARG:  1
Device:  cpu
Train time: 0:35:02.190858
YEAR	AVG_RWD		VIOLATIONS
			DAY	BATT
2000	 1.23		17	 45
2001	 1.19		20	 52
2002	 1.14		20	 53
2003	 1.33		8	 18
2004	 1.13		21	 59
2005	 1.36		5	 13
2006	 1.36		7	 18
2007	 1.2		19	 51
2008	 1.37		4	 11
2009	 1.23		16	 43
2010	 1.15		22	 55
2011	 1.22		17	 49
2012	 1.13		21	 63
2013	 1.06		28	 73
2014	 1.05		28	 67
2015	 1.11		25	 73
2016	 1.23		17	 49
2017	 1.13		23	 69

TOTAL Day Violations:   318.0
TOTAL Batt Violations:  861.0

Run time: 0:35:38.664673


Seed ARG:  2
Device:  cpu
Train time: 0:35:22.994209
YEAR	AVG_RWD		VIOLATIONS
			DAY	BATT
2000	 1.3		0	 0
2001	 1.31		0	 0
2002	 1.29		1	 0
2003	 1.33		1	 0
2004	 1.23		5	 0
2005	 1.31		0	 0
2006	 1.34		0	 0
2007	 1.27		3	 0
2008	 1.31		2	 0
2009	 1.31		0	 0
2010	 1.26		3	 0
2011	 1.26		2	 0
2012	 1.26		1	 0
2013	 1.23		4	 0
2014	 1.23		4	 0
2015	 1.29		2	 0
2016	 1.26		6	 0
2017	 1.25		3	 0

TOTAL Day Violations:   37.0
TOTAL Batt Violations:  0.0

Run time: 0:36:00.225619


Seed ARG:  3
Device:  cpu
Train time: 0:34:58.613547
YEAR	AVG_RWD		VIOLATIONS
			DAY	BATT
2000	 0.65		24	 29
2001	 0.61		30	 33
2002	 0.64		26	 35
2003	 0.79		13	 12
2004	 0.51		36	 43
2005	 0.76		10	 12
2006	 0.83		11	 11
2007	 0.58		31	 40
2008	 0.7		18	 11
2009	 0.67		23	 27
2010	 0.51		37	 44
2011	 0.54		32	 39
2012	 0.5		36	 34
2013	 0.47		39	 58
2014	 0.44		44	 45
2015	 0.54		37	 58
2016	 0.59		32	 45
2017	 0.49		37	 54

TOTAL Day Violations:   516.0
TOTAL Batt Violations:  630.0

Run time: 0:35:35.475133


Seed ARG:  4
Device:  cpu
Train time: 0:35:21.823476
YEAR	AVG_RWD		VIOLATIONS
			DAY	BATT
2000	 1.07		13	 0
2001	 1.01		21	 2
2002	 1.0		21	 3
2003	 1.14		10	 0
2004	 0.93		23	 7
2005	 1.16		5	 0
2006	 1.17		9	 3
2007	 0.99		20	 10
2008	 1.12		11	 1
2009	 1.1		12	 4
2010	 0.97		21	 6
2011	 0.95		23	 8
2012	 0.93		23	 10
2013	 0.87		27	 14
2014	 0.83		33	 10
2015	 0.92		27	 9
2016	 0.97		23	 23
2017	 0.91		25	 16

TOTAL Day Violations:   347.0
TOTAL Batt Violations:  126.0

Run time: 0:35:57.375540


Seed ARG:  5
Device:  cpu
Train time: 0:33:12.425969
YEAR	AVG_RWD		VIOLATIONS
			DAY	BATT
2000	 1.31		0	 0
2001	 1.32		0	 0
2002	 1.24		2	 0
2003	 1.3		1	 0
2004	 1.25		0	 0
2005	 1.31		0	 0
2006	 1.34		0	 0
2007	 1.29		0	 0
2008	 1.3		0	 0
2009	 1.32		0	 0
2010	 1.28		0	 0
2011	 1.28		0	 0
2012	 1.25		0	 0
2013	 1.25		0	 0
2014	 1.26		0	 0
2015	 1.28		0	 0
2016	 1.3		0	 0
2017	 1.25		0	 0

TOTAL Day Violations:   3.0
TOTAL Batt Violations:  0.0

Run time: 0:33:49.822878


Seed ARG:  6
Device:  cpu
Train time: 0:32:04.277131
YEAR	AVG_RWD		VIOLATIONS
			DAY	BATT
2000	 1.28		0	 0
2001	 1.3		0	 0
2002	 1.2		1	 0
2003	 1.25		2	 0
2004	 1.26		0	 0
2005	 1.32		0	 0
2006	 1.29		0	 0
2007	 1.28		0	 0
2008	 1.31		0	 0
2009	 1.29		0	 0
2010	 1.28		0	 0
2011	 1.32		0	 0
2012	 1.27		0	 0
2013	 1.28		0	 0
2014	 1.26		0	 0
2015	 1.24		0	 0
2016	 1.29		0	 0
2017	 1.29		1	 0

TOTAL Day Violations:   4.0
TOTAL Batt Violations:  0.0

Run time: 0:32:41.725353


Seed ARG:  7
Device:  cpu
Train time: 0:32:08.963132
YEAR	AVG_RWD		VIOLATIONS
			DAY	BATT
2000	 1.38		0	 0
2001	 1.4		0	 0
2002	 1.3		1	 0
2003	 1.33		2	 0
2004	 1.36		0	 0
2005	 1.39		0	 0
2006	 1.36		0	 0
2007	 1.37		0	 0
2008	 1.38		0	 0
2009	 1.4		0	 0
2010	 1.36		0	 0
2011	 1.39		0	 0
2012	 1.35		0	 0
2013	 1.36		0	 0
2014	 1.35		0	 0
2015	 1.34		0	 0
2016	 1.38		0	 0
2017	 1.38		0	 0

TOTAL Day Violations:   3.0
TOTAL Batt Violations:  0.0

Run time: 0:32:46.768834


Seed ARG:  8
Device:  cpu
Train time: 0:32:10.151708
YEAR	AVG_RWD		VIOLATIONS
			DAY	BATT
2000	 1.27		0	 0
2001	 1.27		0	 0
2002	 1.22		1	 0
2003	 1.28		0	 0
2004	 1.2		1	 0
2005	 1.27		1	 0
2006	 1.31		0	 0
2007	 1.24		1	 0
2008	 1.27		0	 0
2009	 1.26		0	 0
2010	 1.23		0	 0
2011	 1.23		1	 0
2012	 1.21		1	 0
2013	 1.2		2	 0
2014	 1.21		1	 0
2015	 1.24		0	 0
2016	 1.24		3	 0
2017	 1.19		3	 0

TOTAL Day Violations:   15.0
TOTAL Batt Violations:  0.0

Run time: 0:32:49.273333


Seed ARG:  9
Device:  cpu
Train time: 0:32:22.016797
YEAR	AVG_RWD		VIOLATIONS
			DAY	BATT
2000	 1.18		4	 0
2001	 1.3		1	 0
2002	 1.12		5	 0
2003	 1.19		4	 0
2004	 1.2		5	 0
2005	 1.32		1	 0
2006	 1.24		0	 0
2007	 1.22		4	 0
2008	 1.29		0	 0
2009	 1.22		2	 0
2010	 1.21		2	 0
2011	 1.26		4	 0
2012	 1.26		1	 0
2013	 1.24		1	 0
2014	 1.16		7	 0
2015	 1.19		0	 0
2016	 1.24		1	 0
2017	 1.19		7	 0

TOTAL Day Violations:   49.0
TOTAL Batt Violations:  0.0

Run time: 0:33:00.509509
