

Seed ARG:  0
Device:  cpu
Train time: 0:32:01.282035
YEAR	AVG_RWD		VIOLATIONS
			DAY	BATT
2000	 1.36		6	 0
2001	 1.36		7	 0
2002	 1.31		8	 2
2003	 1.43		1	 0
2004	 1.25		13	 0
2005	 1.43		2	 0
2006	 1.44		3	 0
2007	 1.29		12	 0
2008	 1.42		2	 0
2009	 1.39		4	 1
2010	 1.27		13	 0
2011	 1.26		15	 0
2012	 1.28		10	 0
2013	 1.18		18	 3
2014	 1.19		18	 0
2015	 1.25		15	 1
2016	 1.3		13	 0
2017	 1.2		18	 0

TOTAL Day Violations:   178.0
TOTAL Batt Violations:  7.0

Run time: 0:32:38.508641


Seed ARG:  1
Device:  cpu
Train time: 0:31:57.942765
YEAR	AVG_RWD		VIOLATIONS
			DAY	BATT
2000	 1.09		0	 0
2001	 1.09		0	 0
2002	 1.08		0	 0
2003	 1.1		1	 0
2004	 1.03		2	 1
2005	 1.06		0	 0
2006	 1.13		0	 0
2007	 1.05		2	 0
2008	 1.08		1	 0
2009	 1.09		0	 0
2010	 1.03		2	 0
2011	 1.01		3	 0
2012	 1.03		1	 0
2013	 1.02		2	 0
2014	 1.02		2	 0
2015	 1.06		2	 0
2016	 1.04		4	 0
2017	 1.04		1	 0

TOTAL Day Violations:   23.0
TOTAL Batt Violations:  1.0

Run time: 0:32:35.228137


Seed ARG:  2
Device:  cpu
Train time: 0:32:17.862751
YEAR	AVG_RWD		VIOLATIONS
			DAY	BATT
2000	 1.19		1	 0
2001	 1.18		3	 0
2002	 1.15		2	 0
2003	 1.22		1	 0
2004	 1.1		5	 2
2005	 1.21		1	 0
2006	 1.23		3	 0
2007	 1.13		6	 0
2008	 1.2		0	 0
2009	 1.19		2	 0
2010	 1.11		6	 0
2011	 1.09		7	 1
2012	 1.08		6	 0
2013	 1.02		11	 0
2014	 1.05		9	 2
2015	 1.12		5	 0
2016	 1.11		10	 0
2017	 1.07		8	 0

TOTAL Day Violations:   86.0
TOTAL Batt Violations:  5.0

Run time: 0:32:56.961813


Seed ARG:  3
Device:  cpu
Train time: 0:29:01.651986
YEAR	AVG_RWD		VIOLATIONS
			DAY	BATT
2000	 0.98		0	 0
2001	 1.0		0	 0
2002	 1.0		1	 0
2003	 0.99		1	 2
2004	 0.94		5	 2
2005	 0.96		1	 0
2006	 1.01		0	 0
2007	 0.95		5	 3
2008	 0.94		4	 0
2009	 1.0		0	 0
2010	 0.97		3	 0
2011	 0.9		5	 0
2012	 0.94		3	 2
2013	 0.92		6	 2
2014	 0.93		6	 3
2015	 0.97		3	 1
2016	 0.93		6	 3
2017	 0.93		5	 0

TOTAL Day Violations:   54.0
TOTAL Batt Violations:  18.0

Run time: 0:29:39.012681


Seed ARG:  4
Device:  cpu
Train time: 0:32:16.649647
YEAR	AVG_RWD		VIOLATIONS
			DAY	BATT
2000	 0.94		16	 1
2001	 0.89		23	 3
2002	 0.9		20	 4
2003	 1.04		8	 0
2004	 0.85		21	 11
2005	 1.0		8	 2
2006	 1.05		10	 0
2007	 0.88		20	 11
2008	 0.99		10	 0
2009	 0.97		14	 1
2010	 0.84		24	 7
2011	 0.82		25	 5
2012	 0.79		27	 7
2013	 0.77		28	 11
2014	 0.71		36	 7
2015	 0.82		28	 4
2016	 0.87		24	 5
2017	 0.79		28	 9

TOTAL Day Violations:   370.0
TOTAL Batt Violations:  88.0

Run time: 0:32:54.639302


Seed ARG:  5
Device:  cpu
Train time: 0:31:57.996369
YEAR	AVG_RWD		VIOLATIONS
			DAY	BATT
2000	 0.74		7	 0
2001	 0.7		10	 0
2002	 0.7		11	 1
2003	 0.79		3	 1
2004	 0.64		15	 1
2005	 0.75		5	 1
2006	 0.81		5	 0
2007	 0.64		15	 4
2008	 0.74		5	 1
2009	 0.73		10	 0
2010	 0.64		15	 1
2011	 0.58		18	 3
2012	 0.6		17	 2
2013	 0.5		24	 4
2014	 0.6		16	 1
2015	 0.62		18	 0
2016	 0.65		17	 6
2017	 0.59		17	 1

TOTAL Day Violations:   228.0
TOTAL Batt Violations:  27.0

Run time: 0:32:34.471203


Seed ARG:  6
Device:  cpu
Train time: 0:32:13.375013
YEAR	AVG_RWD		VIOLATIONS
			DAY	BATT
2000	 0.71		18	 37
2001	 0.65		24	 45
2002	 0.69		20	 40
2003	 0.83		9	 15
2004	 0.58		27	 54
2005	 0.83		6	 11
2006	 0.87		8	 17
2007	 0.67		20	 48
2008	 0.79		11	 13
2009	 0.73		17	 41
2010	 0.63		24	 53
2011	 0.6		25	 49
2012	 0.58		26	 55
2013	 0.5		32	 71
2014	 0.53		32	 59
2015	 0.59		28	 72
2016	 0.64		25	 46
2017	 0.56		28	 68

TOTAL Day Violations:   380.0
TOTAL Batt Violations:  794.0

Run time: 0:32:52.925051


Seed ARG:  7
Device:  cpu
Train time: 0:33:20.332133
YEAR	AVG_RWD		VIOLATIONS
			DAY	BATT
2000	 0.37		16	 70
2001	 0.28		23	 93
2002	 0.32		22	 85
2003	 0.53		9	 26
2004	 0.19		29	 106
2005	 0.52		7	 16
2006	 0.54		9	 34
2007	 0.29		21	 88
2008	 0.5		10	 18
2009	 0.35		18	 78
2010	 0.21		26	 101
2011	 0.2		29	 90
2012	 0.16		28	 102
2013	 0.08		31	 137
2014	 0.1		34	 112
2015	 0.17		28	 134
2016	 0.26		25	 94
2017	 0.15		29	 111

TOTAL Day Violations:   394.0
TOTAL Batt Violations:  1495.0

Run time: 0:33:56.862990
