

Seed ARG:  0
Device:  cpu
Train time: 0:28:36.988988
YEAR	AVG_RWD		VIOLATIONS
			DAY	BATT
2000	 1.32		0	 0
2001	 1.35		0	 0
2002	 1.27		1	 0
2003	 1.27		3	 0
2004	 1.26		4	 0
2005	 1.33		0	 0
2006	 1.33		0	 0
2007	 1.29		3	 0
2008	 1.31		1	 0
2009	 1.32		0	 0
2010	 1.29		2	 0
2011	 1.31		2	 0
2012	 1.29		2	 0
2013	 1.28		3	 0
2014	 1.26		4	 0
2015	 1.3		1	 0
2016	 1.29		5	 0
2017	 1.29		2	 0

TOTAL Day Violations:   33.0
TOTAL Batt Violations:  0.0

Run time: 0:29:08.934124


Seed ARG:  1
Device:  cpu
Train time: 0:25:26.493574
YEAR	AVG_RWD		VIOLATIONS
			DAY	BATT
2000	 1.24		0	 0
2001	 1.29		0	 0
2002	 1.19		1	 0
2003	 1.22		3	 0
2004	 1.2		2	 0
2005	 1.28		0	 0
2006	 1.27		0	 0
2007	 1.24		1	 0
2008	 1.25		1	 0
2009	 1.26		0	 0
2010	 1.22		2	 0
2011	 1.26		0	 0
2012	 1.23		0	 0
2013	 1.19		2	 0
2014	 1.2		2	 0
2015	 1.22		1	 0
2016	 1.24		3	 0
2017	 1.23		1	 0

TOTAL Day Violations:   19.0
TOTAL Batt Violations:  0.0

Run time: 0:25:59.280584


Seed ARG:  2
Device:  cpu
Train time: 0:28:46.759810
YEAR	AVG_RWD		VIOLATIONS
			DAY	BATT
2000	 1.32		0	 0
2001	 1.35		0	 0
2002	 1.3		0	 0
2003	 1.25		3	 0
2004	 1.27		4	 0
2005	 1.3		1	 0
2006	 1.36		0	 0
2007	 1.3		3	 0
2008	 1.29		2	 0
2009	 1.33		0	 0
2010	 1.31		1	 0
2011	 1.28		4	 0
2012	 1.29		2	 0
2013	 1.3		1	 0
2014	 1.29		2	 0
2015	 1.33		1	 0
2016	 1.32		4	 0
2017	 1.3		2	 0

TOTAL Day Violations:   30.0
TOTAL Batt Violations:  0.0

Run time: 0:29:19.577942


Seed ARG:  3
Device:  cpu
Train time: 0:28:39.193369
YEAR	AVG_RWD		VIOLATIONS
			DAY	BATT
2000	 1.37		0	 0
2001	 1.38		0	 0
2002	 1.33		1	 0
2003	 1.29		3	 0
2004	 1.35		2	 0
2005	 1.38		0	 0
2006	 1.33		0	 0
2007	 1.37		0	 0
2008	 1.37		0	 0
2009	 1.36		0	 0
2010	 1.36		1	 0
2011	 1.41		0	 0
2012	 1.39		0	 0
2013	 1.4		1	 0
2014	 1.38		0	 0
2015	 1.36		0	 0
2016	 1.39		0	 0
2017	 1.39		1	 0

TOTAL Day Violations:   9.0
TOTAL Batt Violations:  0.0

Run time: 0:29:10.897009


Seed ARG:  4
Device:  cpu
Train time: 0:29:26.173999
YEAR	AVG_RWD		VIOLATIONS
			DAY	BATT
2000	 1.34		1	 0
2001	 1.37		0	 0
2002	 1.31		1	 0
2003	 1.34		2	 0
2004	 1.29		5	 1
2005	 1.34		1	 0
2006	 1.35		0	 0
2007	 1.31		4	 1
2008	 1.32		2	 0
2009	 1.36		0	 0
2010	 1.31		3	 0
2011	 1.3		5	 0
2012	 1.31		2	 1
2013	 1.28		4	 0
2014	 1.26		6	 1
2015	 1.31		2	 0
2016	 1.31		5	 2
2017	 1.3		4	 0

TOTAL Day Violations:   47.0
TOTAL Batt Violations:  6.0

Run time: 0:30:00.547291


Seed ARG:  5
Device:  cpu
Train time: 0:28:46.114416
YEAR	AVG_RWD		VIOLATIONS
			DAY	BATT
2000	 1.33		0	 0
2001	 1.36		0	 0
2002	 1.28		1	 0
2003	 1.32		2	 0
2004	 1.28		3	 0
2005	 1.34		1	 0
2006	 1.36		0	 0
2007	 1.32		2	 0
2008	 1.33		1	 0
2009	 1.35		0	 0
2010	 1.3		3	 0
2011	 1.29		5	 0
2012	 1.29		1	 0
2013	 1.26		4	 0
2014	 1.25		5	 0
2015	 1.31		1	 0
2016	 1.33		3	 0
2017	 1.28		4	 0

TOTAL Day Violations:   36.0
TOTAL Batt Violations:  0.0

Run time: 0:29:19.045806


Seed ARG:  6
Device:  cpu
Train time: 0:28:52.320085
YEAR	AVG_RWD		VIOLATIONS
			DAY	BATT
2000	 1.33		0	 0
2001	 1.44		0	 0
2002	 1.31		1	 0
2003	 0.83		23	 8
2004	 1.39		0	 0
2005	 1.46		0	 0
2006	 1.26		4	 0
2007	 1.4		0	 0
2008	 1.42		0	 0
2009	 1.44		0	 0
2010	 1.4		0	 0
2011	 1.44		0	 0
2012	 1.41		0	 0
2013	 1.4		0	 0
2014	 1.13		12	 0
2015	 1.39		0	 0
2016	 1.44		0	 0
2017	 1.34		4	 0

TOTAL Day Violations:   44.0
TOTAL Batt Violations:  8.0

Run time: 0:29:25.256922


Seed ARG:  7
Device:  cpu
Train time: 0:25:56.507286
YEAR	AVG_RWD		VIOLATIONS
			DAY	BATT
2000	 1.18		2	 0
2001	 1.17		3	 0
2002	 1.16		1	 0
2003	 1.21		1	 0
2004	 1.06		9	 0
2005	 1.17		2	 0
2006	 1.21		2	 0
2007	 1.12		7	 2
2008	 1.18		2	 0
2009	 1.16		4	 0
2010	 1.1		7	 0
2011	 1.11		6	 0
2012	 1.1		7	 0
2013	 1.03		14	 0
2014	 1.08		9	 1
2015	 1.13		6	 0
2016	 1.1		11	 1
2017	 1.05		12	 0

TOTAL Day Violations:   105.0
TOTAL Batt Violations:  4.0

Run time: 0:26:28.587796


Seed ARG:  8
Device:  cpu
Train time: 0:28:39.100737
YEAR	AVG_RWD		VIOLATIONS
			DAY	BATT
2000	 1.27		0	 0
2001	 1.27		0	 0
2002	 1.25		0	 0
2003	 1.26		1	 0
2004	 1.24		1	 0
2005	 1.23		0	 0
2006	 1.28		0	 0
2007	 1.26		1	 0
2008	 1.25		0	 0
2009	 1.27		0	 0
2010	 1.26		0	 0
2011	 1.22		0	 0
2012	 1.23		1	 0
2013	 1.24		0	 0
2014	 1.24		1	 0
2015	 1.28		0	 0
2016	 1.25		2	 0
2017	 1.23		0	 0

TOTAL Day Violations:   7.0
TOTAL Batt Violations:  0.0

Run time: 0:29:11.314218


Seed ARG:  9
Device:  cpu
Train time: 0:28:45.540330
YEAR	AVG_RWD		VIOLATIONS
			DAY	BATT
2000	 1.27		0	 0
2001	 1.3		1	 0
2002	 1.2		3	 0
2003	 1.24		2	 0
2004	 1.22		3	 3
2005	 1.3		1	 0
2006	 1.28		0	 0
2007	 1.23		3	 2
2008	 1.28		1	 0
2009	 1.27		0	 0
2010	 1.23		3	 2
2011	 1.25		3	 4
2012	 1.24		1	 0
2013	 1.22		4	 0
2014	 1.2		4	 4
2015	 1.23		1	 0
2016	 1.23		5	 0
2017	 1.25		2	 0

TOTAL Day Violations:   37.0
TOTAL Batt Violations:  15.0

Run time: 0:29:18.801676
