

Seed ARG:  0
Device:  cpu
Train time: 0:28:45.342659
YEAR	AVG_RWD		VIOLATIONS
			DAY	BATT
2000	 1.46		0	 0
2001	 1.48		0	 0
2002	 1.43		0	 0
2003	 1.47		0	 0
2004	 1.42		0	 0
2005	 1.47		0	 0
2006	 1.48		0	 0
2007	 1.45		0	 0
2008	 1.47		0	 0
2009	 1.46		0	 0
2010	 1.44		0	 0
2011	 1.45		0	 0
2012	 1.41		0	 0
2013	 1.42		0	 0
2014	 1.41		0	 0
2015	 1.45		0	 0
2016	 1.46		0	 0
2017	 1.43		0	 0

TOTAL Day Violations:   0.0
TOTAL Batt Violations:  0.0

Run time: 0:29:18.647694


Seed ARG:  1
Device:  cpu
Train time: 0:29:07.128726
YEAR	AVG_RWD		VIOLATIONS
			DAY	BATT
2000	 1.4		0	 0
2001	 1.42		0	 0
2002	 1.38		0	 0
2003	 1.39		1	 0
2004	 1.34		2	 0
2005	 1.38		0	 0
2006	 1.42		0	 0
2007	 1.38		3	 0
2008	 1.38		1	 0
2009	 1.41		0	 0
2010	 1.38		1	 0
2011	 1.37		2	 0
2012	 1.36		2	 0
2013	 1.38		1	 0
2014	 1.37		2	 0
2015	 1.41		0	 0
2016	 1.39		3	 0
2017	 1.35		2	 0

TOTAL Day Violations:   20.0
TOTAL Batt Violations:  0.0

Run time: 0:29:40.901909


Seed ARG:  2
Device:  cpu
Train time: 0:28:41.572043
YEAR	AVG_RWD		VIOLATIONS
			DAY	BATT
2000	 1.4		0	 0
2001	 1.41		0	 0
2002	 1.36		1	 0
2003	 1.4		0	 0
2004	 1.35		1	 0
2005	 1.38		1	 0
2006	 1.43		0	 0
2007	 1.37		3	 0
2008	 1.38		2	 0
2009	 1.4		0	 0
2010	 1.38		1	 0
2011	 1.36		4	 0
2012	 1.35		2	 0
2013	 1.34		4	 0
2014	 1.34		3	 0
2015	 1.39		1	 0
2016	 1.36		5	 0
2017	 1.36		2	 0

TOTAL Day Violations:   30.0
TOTAL Batt Violations:  0.0

Run time: 0:29:13.481822


Seed ARG:  3
Device:  cpu
Train time: 0:25:44.020750
YEAR	AVG_RWD		VIOLATIONS
			DAY	BATT
2000	 1.14		0	 0
2001	 1.15		0	 0
2002	 1.15		0	 0
2003	 1.12		1	 0
2004	 1.11		3	 0
2005	 1.09		1	 0
2006	 1.18		0	 0
2007	 1.11		3	 0
2008	 1.11		1	 0
2009	 1.15		0	 0
2010	 1.13		1	 0
2011	 1.07		4	 0
2012	 1.11		2	 0
2013	 1.1		2	 0
2014	 1.12		2	 0
2015	 1.15		1	 0
2016	 1.09		6	 0
2017	 1.12		1	 0

TOTAL Day Violations:   28.0
TOTAL Batt Violations:  0.0

Run time: 0:26:15.567589


Seed ARG:  4
Device:  cpu
Train time: 0:30:48.148953
YEAR	AVG_RWD		VIOLATIONS
			DAY	BATT
2000	 1.43		0	 0
2001	 1.46		0	 0
2002	 1.37		1	 0
2003	 1.4		2	 0
2004	 1.37		3	 1
2005	 1.46		0	 0
2006	 1.42		0	 0
2007	 1.41		3	 1
2008	 1.44		1	 0
2009	 1.44		0	 0
2010	 1.39		3	 1
2011	 1.42		5	 0
2012	 1.4		2	 0
2013	 1.39		4	 0
2014	 1.36		4	 2
2015	 1.39		2	 0
2016	 1.38		5	 2
2017	 1.4		3	 0

TOTAL Day Violations:   38.0
TOTAL Batt Violations:  7.0

Run time: 0:31:20.984904
