

Seed ARG:  0
Device:  cpu
Train time: 0:28:46.357178
YEAR	AVG_RWD		VIOLATIONS
			DAY	BATT
2000	 1.23		0	 0
2001	 1.24		0	 0
2002	 1.21		0	 0
2003	 1.25		0	 0
2004	 1.18		1	 0
2005	 1.23		0	 0
2006	 1.28		0	 0
2007	 1.2		2	 0
2008	 1.23		0	 0
2009	 1.24		0	 0
2010	 1.21		0	 0
2011	 1.19		0	 0
2012	 1.17		0	 0
2013	 1.16		0	 0
2014	 1.17		1	 0
2015	 1.22		0	 0
2016	 1.22		2	 0
2017	 1.18		0	 0

TOTAL Day Violations:   6.0
TOTAL Batt Violations:  0.0

Run time: 0:29:19.415174


Seed ARG:  1
Device:  cpu
Train time: 0:28:36.117771
YEAR	AVG_RWD		VIOLATIONS
			DAY	BATT
2000	 0.95		2	 0
2001	 0.94		3	 0
2002	 0.91		6	 1
2003	 0.97		3	 1
2004	 0.88		7	 0
2005	 0.96		1	 0
2006	 0.99		3	 0
2007	 0.86		11	 2
2008	 0.94		4	 0
2009	 0.95		3	 0
2010	 0.86		9	 2
2011	 0.88		5	 0
2012	 0.84		11	 0
2013	 0.8		11	 2
2014	 0.85		9	 0
2015	 0.88		9	 0
2016	 0.9		8	 3
2017	 0.81		13	 1

TOTAL Day Violations:   118.0
TOTAL Batt Violations:  12.0

Run time: 0:29:08.690831


Seed ARG:  2
Device:  cpu
Train time: 0:28:38.803662
YEAR	AVG_RWD		VIOLATIONS
			DAY	BATT
2000	 1.36		0	 0
2001	 1.37		0	 0
2002	 1.32		1	 0
2003	 1.37		0	 0
2004	 1.33		0	 0
2005	 1.4		0	 0
2006	 1.39		0	 0
2007	 1.37		0	 0
2008	 1.39		0	 0
2009	 1.37		0	 0
2010	 1.33		1	 0
2011	 1.37		0	 0
2012	 1.32		0	 0
2013	 1.33		1	 0
2014	 1.3		0	 0
2015	 1.34		0	 0
2016	 1.38		1	 0
2017	 1.35		0	 0

TOTAL Day Violations:   4.0
TOTAL Batt Violations:  0.0

Run time: 0:29:12.236294


Seed ARG:  3
Device:  cpu
Train time: 0:28:49.383258
YEAR	AVG_RWD		VIOLATIONS
			DAY	BATT
2000	 1.32		0	 0
2001	 1.32		0	 0
2002	 1.27		1	 0
2003	 1.33		1	 0
2004	 1.24		2	 0
2005	 1.31		1	 0
2006	 1.35		0	 0
2007	 1.28		2	 0
2008	 1.31		2	 0
2009	 1.33		0	 0
2010	 1.27		1	 0
2011	 1.29		0	 0
2012	 1.25		1	 0
2013	 1.23		3	 0
2014	 1.23		2	 0
2015	 1.28		0	 0
2016	 1.29		3	 0
2017	 1.27		0	 0

TOTAL Day Violations:   19.0
TOTAL Batt Violations:  0.0

Run time: 0:29:22.480619


Seed ARG:  4
Device:  cpu
Train time: 0:28:51.019809
YEAR	AVG_RWD		VIOLATIONS
			DAY	BATT
2000	 1.12		0	 0
2001	 1.12		0	 0
2002	 1.1		1	 0
2003	 1.12		1	 0
2004	 1.04		5	 1
2005	 1.1		1	 0
2006	 1.16		0	 0
2007	 1.07		4	 1
2008	 1.1		2	 0
2009	 1.12		0	 0
2010	 1.07		3	 0
2011	 1.03		5	 0
2012	 1.06		2	 1
2013	 1.01		5	 0
2014	 1.03		5	 1
2015	 1.08		2	 0
2016	 1.07		5	 1
2017	 1.03		5	 0

TOTAL Day Violations:   46.0
TOTAL Batt Violations:  5.0

Run time: 0:29:23.953658


Seed ARG:  5
Device:  cpu
Train time: 0:28:46.813078
YEAR	AVG_RWD		VIOLATIONS
			DAY	BATT
2000	 1.22		0	 0
2001	 1.24		0	 0
2002	 1.14		1	 0
2003	 1.18		3	 0
2004	 1.17		2	 0
2005	 1.23		1	 0
2006	 1.23		0	 0
2007	 1.2		1	 0
2008	 1.22		1	 0
2009	 1.23		0	 0
2010	 1.18		2	 0
2011	 1.19		2	 0
2012	 1.18		0	 0
2013	 1.12		4	 0
2014	 1.14		5	 0
2015	 1.16		2	 0
2016	 1.2		3	 0
2017	 1.18		2	 0

TOTAL Day Violations:   29.0
TOTAL Batt Violations:  0.0

Run time: 0:29:20.121914


Seed ARG:  6
Device:  cpu
Train time: 0:28:47.813145
YEAR	AVG_RWD		VIOLATIONS
			DAY	BATT
2000	 1.11		0	 0
2001	 1.15		0	 0
2002	 1.03		5	 0
2003	 1.08		5	 0
2004	 1.06		3	 0
2005	 1.18		0	 0
2006	 1.21		0	 0
2007	 1.12		3	 0
2008	 1.13		1	 0
2009	 1.18		0	 0
2010	 1.12		3	 0
2011	 1.11		4	 0
2012	 1.12		1	 0
2013	 1.1		4	 0
2014	 1.1		6	 0
2015	 1.14		2	 0
2016	 1.17		3	 0
2017	 1.13		4	 0

TOTAL Day Violations:   44.0
TOTAL Batt Violations:  0.0

Run time: 0:29:21.666835


Seed ARG:  7
Device:  cpu
Train time: 0:28:58.922729
YEAR	AVG_RWD		VIOLATIONS
			DAY	BATT
2000	 1.02		24	 23
2001	 1.0		31	 35
2002	 0.95		26	 30
2003	 1.12		13	 12
2004	 0.92		32	 45
2005	 1.17		13	 10
2006	 1.18		12	 15
2007	 0.99		31	 41
2008	 1.14		14	 7
2009	 1.04		27	 20
2010	 0.94		34	 42
2011	 0.94		36	 41
2012	 0.93		32	 31
2013	 0.86		39	 62
2014	 0.81		46	 52
2015	 0.92		37	 50
2016	 1.05		26	 40
2017	 0.94		35	 62

TOTAL Day Violations:   508.0
TOTAL Batt Violations:  618.0

Run time: 0:29:32.874835


Seed ARG:  8
Device:  cpu
Train time: 0:28:38.340515
YEAR	AVG_RWD		VIOLATIONS
			DAY	BATT
2000	 1.2		2	 8
2001	 1.28		0	 0
2002	 1.21		1	 0
2003	 0.58		32	 378
2004	 1.19		2	 0
2005	 1.28		0	 0
2006	 1.32		0	 0
2007	 1.2		5	 0
2008	 1.26		1	 0
2009	 1.24		3	 0
2010	 1.18		7	 0
2011	 1.2		4	 0
2012	 1.18		2	 0
2013	 1.11		8	 1
2014	 1.15		5	 0
2015	 1.21		2	 0
2016	 1.2		8	 2
2017	 1.06		11	 49

TOTAL Day Violations:   93.0
TOTAL Batt Violations:  438.0

Run time: 0:29:12.213406


Seed ARG:  9
Device:  cpu
Train time: 0:28:29.305710
YEAR	AVG_RWD		VIOLATIONS
			DAY	BATT
2000	 1.14		0	 0
2001	 1.15		0	 0
2002	 1.12		1	 0
2003	 1.16		0	 0
2004	 1.09		1	 0
2005	 1.14		0	 0
2006	 1.19		0	 0
2007	 1.13		0	 0
2008	 1.14		0	 0
2009	 1.15		0	 0
2010	 1.1		1	 0
2011	 1.1		0	 0
2012	 1.08		0	 0
2013	 1.06		1	 0
2014	 1.07		2	 0
2015	 1.12		0	 0
2016	 1.12		2	 0
2017	 1.08		1	 0

TOTAL Day Violations:   9.0
TOTAL Batt Violations:  0.0

Run time: 0:29:02.151619
