

Seed ARG:  0
Device:  cpu
Train time: 0:28:48.572107
YEAR	AVG_RWD		VIOLATIONS
			DAY	BATT
2000	 0.98		8	 0
2001	 0.95		11	 0
2002	 0.92		13	 1
2003	 1.04		3	 0
2004	 0.89		12	 1
2005	 1.03		3	 0
2006	 1.07		4	 0
2007	 0.91		13	 4
2008	 1.01		5	 1
2009	 1.0		7	 0
2010	 0.88		16	 0
2011	 0.89		14	 0
2012	 0.86		16	 2
2013	 0.79		21	 4
2014	 0.79		22	 2
2015	 0.84		21	 0
2016	 0.91		15	 7
2017	 0.83		19	 0

TOTAL Day Violations:   223.0
TOTAL Batt Violations:  22.0

Run time: 0:29:21.322454


Seed ARG:  1
Device:  cpu
Train time: 0:25:27.680702
YEAR	AVG_RWD		VIOLATIONS
			DAY	BATT
2000	 1.48		0	 0
2001	 1.49		0	 0
2002	 1.45		0	 0
2003	 1.49		0	 0
2004	 1.45		0	 0
2005	 1.5		0	 0
2006	 1.5		0	 0
2007	 1.48		0	 0
2008	 1.49		0	 0
2009	 1.49		0	 0
2010	 1.46		0	 0
2011	 1.48		0	 0
2012	 1.44		0	 0
2013	 1.46		0	 0
2014	 1.44		0	 0
2015	 1.46		0	 0
2016	 1.48		0	 0
2017	 1.45		0	 0

TOTAL Day Violations:   0.0
TOTAL Batt Violations:  0.0

Run time: 0:26:00.745165


Seed ARG:  2
Device:  cpu
Train time: 0:28:38.982699
YEAR	AVG_RWD		VIOLATIONS
			DAY	BATT
2000	 1.16		0	 0
2001	 1.16		1	 0
2002	 1.13		1	 0
2003	 1.17		1	 0
2004	 1.09		3	 0
2005	 1.16		1	 0
2006	 1.21		1	 0
2007	 1.13		3	 0
2008	 1.15		2	 0
2009	 1.16		1	 0
2010	 1.12		1	 0
2011	 1.1		3	 0
2012	 1.1		1	 0
2013	 1.02		8	 0
2014	 1.08		3	 0
2015	 1.12		1	 0
2016	 1.11		6	 0
2017	 1.08		3	 0

TOTAL Day Violations:   40.0
TOTAL Batt Violations:  0.0

Run time: 0:29:10.283207


Seed ARG:  3
Device:  cpu
Train time: 0:25:57.575565
YEAR	AVG_RWD		VIOLATIONS
			DAY	BATT
2000	 0.85		15	 0
2001	 0.84		17	 1
2002	 0.8		20	 2
2003	 0.92		8	 2
2004	 0.74		22	 8
2005	 0.9		8	 2
2006	 0.98		6	 0
2007	 0.79		18	 9
2008	 0.9		9	 4
2009	 0.81		21	 0
2010	 0.71		27	 6
2011	 0.74		20	 8
2012	 0.72		22	 5
2013	 0.66		26	 10
2014	 0.59		37	 10
2015	 0.71		26	 2
2016	 0.76		22	 12
2017	 0.69		24	 5

TOTAL Day Violations:   348.0
TOTAL Batt Violations:  86.0

Run time: 0:26:29.975465


Seed ARG:  4
Device:  cpu
Train time: 0:27:13.594220
YEAR	AVG_RWD		VIOLATIONS
			DAY	BATT
2000	 1.17		4	 0
2001	 1.25		1	 0
2002	 1.05		8	 33
2003	 1.19		5	 26
2004	 1.25		0	 0
2005	 1.3		2	 0
2006	 1.21		1	 0
2007	 1.27		1	 0
2008	 1.28		1	 0
2009	 1.24		4	 0
2010	 1.21		4	 0
2011	 1.31		1	 0
2012	 1.23		2	 0
2013	 1.29		0	 0
2014	 1.2		2	 0
2015	 1.2		2	 0
2016	 1.26		2	 0
2017	 1.21		5	 14

TOTAL Day Violations:   45.0
TOTAL Batt Violations:  73.0

Run time: 0:27:46.184395


Seed ARG:  5
Device:  cpu
Train time: 0:27:26.366550
YEAR	AVG_RWD		VIOLATIONS
			DAY	BATT
2000	 1.11		2	 0
2001	 1.1		3	 0
2002	 1.08		3	 0
2003	 1.13		1	 0
2004	 0.99		9	 0
2005	 1.1		2	 0
2006	 1.16		2	 0
2007	 1.03		9	 1
2008	 1.09		4	 0
2009	 1.12		2	 0
2010	 1.02		8	 0
2011	 1.0		7	 0
2012	 0.99		8	 0
2013	 0.92		14	 0
2014	 0.99		9	 0
2015	 1.02		9	 0
2016	 1.03		10	 1
2017	 0.95		12	 0

TOTAL Day Violations:   114.0
TOTAL Batt Violations:  2.0

Run time: 0:27:57.963631


Seed ARG:  6
Device:  cpu
Train time: 0:29:50.148967
YEAR	AVG_RWD		VIOLATIONS
			DAY	BATT
2000	 1.03		0	 0
2001	 1.03		0	 0
2002	 1.02		1	 0
2003	 1.03		1	 0
2004	 0.98		3	 0
2005	 1.02		0	 0
2006	 1.07		0	 0
2007	 0.99		3	 0
2008	 1.01		1	 0
2009	 1.04		0	 0
2010	 0.99		2	 0
2011	 0.98		2	 0
2012	 0.99		1	 0
2013	 0.96		3	 0
2014	 0.99		1	 0
2015	 1.02		0	 0
2016	 0.99		3	 0
2017	 0.98		1	 0

TOTAL Day Violations:   22.0
TOTAL Batt Violations:  0.0

Run time: 0:30:21.480875


Seed ARG:  7
Device:  cpu
Train time: 0:26:11.687841
YEAR	AVG_RWD		VIOLATIONS
			DAY	BATT
2000	 1.36		0	 0
2001	 1.39		0	 0
2002	 1.32		0	 0
2003	 1.37		1	 1
2004	 1.33		0	 0
2005	 1.4		0	 0
2006	 1.41		0	 0
2007	 1.37		0	 0
2008	 1.39		0	 0
2009	 1.4		0	 0
2010	 1.36		0	 0
2011	 1.36		0	 0
2012	 1.33		0	 0
2013	 1.33		0	 0
2014	 1.31		0	 0
2015	 1.35		0	 0
2016	 1.39		1	 0
2017	 1.33		0	 0

TOTAL Day Violations:   2.0
TOTAL Batt Violations:  1.0

Run time: 0:26:43.383499


Seed ARG:  8
Device:  cpu
Train time: 0:25:47.107993
YEAR	AVG_RWD		VIOLATIONS
			DAY	BATT
2000	 1.42		0	 0
2001	 1.44		0	 0
2002	 1.38		0	 0
2003	 1.42		1	 0
2004	 1.4		0	 0
2005	 1.46		0	 0
2006	 1.45		0	 0
2007	 1.42		0	 0
2008	 1.44		0	 0
2009	 1.43		0	 0
2010	 1.4		0	 0
2011	 1.42		0	 0
2012	 1.38		0	 0
2013	 1.39		0	 0
2014	 1.37		0	 0
2015	 1.4		0	 0
2016	 1.43		0	 0
2017	 1.39		0	 0

TOTAL Day Violations:   1.0
TOTAL Batt Violations:  0.0

Run time: 0:26:18.503083


Seed ARG:  9
Device:  cpu
Train time: 0:29:17.454806
YEAR	AVG_RWD		VIOLATIONS
			DAY	BATT
2000	 1.3		0	 0
2001	 1.37		0	 0
2002	 1.23		3	 0
2003	 1.29		2	 0
2004	 1.31		0	 0
2005	 1.39		0	 0
2006	 1.35		0	 0
2007	 1.35		0	 0
2008	 1.36		0	 0
2009	 1.36		0	 0
2010	 1.32		0	 0
2011	 1.34		0	 0
2012	 1.3		0	 0
2013	 1.3		0	 0
2014	 1.29		0	 0
2015	 1.31		0	 0
2016	 1.36		0	 0
2017	 1.3		1	 0

TOTAL Day Violations:   6.0
TOTAL Batt Violations:  0.0

Run time: 0:29:49.053111
