

Seed ARG:  0
Device:  cpu
Train time: 0:28:38.046956
YEAR	AVG_RWD		VIOLATIONS
			DAY	BATT
2000	 1.34		0	 0
2001	 1.35		0	 0
2002	 1.29		1	 0
2003	 1.34		1	 0
2004	 1.25		5	 0
2005	 1.34		1	 0
2006	 1.36		0	 0
2007	 1.28		4	 1
2008	 1.31		2	 0
2009	 1.34		0	 0
2010	 1.28		3	 0
2011	 1.26		6	 0
2012	 1.27		2	 1
2013	 1.24		4	 1
2014	 1.23		5	 0
2015	 1.29		2	 0
2016	 1.28		6	 2
2017	 1.25		5	 0

TOTAL Day Violations:   47.0
TOTAL Batt Violations:  5.0

Run time: 0:29:10.252638


Seed ARG:  1
Device:  cpu
Train time: 0:29:01.708717
YEAR	AVG_RWD		VIOLATIONS
			DAY	BATT
2000	 1.24		0	 0
2001	 1.28		0	 0
2002	 1.2		1	 0
2003	 1.23		3	 0
2004	 1.19		3	 0
2005	 1.26		1	 0
2006	 1.26		0	 0
2007	 1.23		1	 1
2008	 1.27		1	 0
2009	 1.24		0	 0
2010	 1.22		3	 0
2011	 1.21		4	 0
2012	 1.23		0	 0
2013	 1.19		4	 0
2014	 1.18		5	 0
2015	 1.2		2	 0
2016	 1.24		4	 0
2017	 1.24		1	 0

TOTAL Day Violations:   33.0
TOTAL Batt Violations:  1.0

Run time: 0:29:34.540282


Seed ARG:  2
Device:  cpu
Train time: 0:28:48.430578
YEAR	AVG_RWD		VIOLATIONS
			DAY	BATT
2000	 1.25		0	 0
2001	 1.27		0	 0
2002	 1.19		1	 0
2003	 1.2		2	 0
2004	 1.18		4	 0
2005	 1.24		1	 0
2006	 1.25		0	 0
2007	 1.22		2	 0
2008	 1.24		1	 0
2009	 1.25		0	 0
2010	 1.21		3	 0
2011	 1.21		4	 0
2012	 1.2		2	 0
2013	 1.17		4	 0
2014	 1.17		5	 0
2015	 1.21		2	 0
2016	 1.21		4	 0
2017	 1.2		3	 0

TOTAL Day Violations:   38.0
TOTAL Batt Violations:  0.0

Run time: 0:29:21.945885


Seed ARG:  3
Device:  cpu
Train time: 0:28:58.163728
YEAR	AVG_RWD		VIOLATIONS
			DAY	BATT
2000	 1.05		6	 0
2001	 1.12		11	 0
2002	 1.0		11	 3
2003	 1.05		7	 2
2004	 1.01		17	 7
2005	 1.11		9	 1
2006	 1.1		6	 0
2007	 1.01		16	 6
2008	 1.1		12	 2
2009	 1.08		10	 0
2010	 1.02		16	 5
2011	 1.01		17	 10
2012	 0.99		19	 4
2013	 0.99		18	 10
2014	 0.92		24	 11
2015	 1.02		13	 6
2016	 1.03		15	 10
2017	 1.01		18	 7

TOTAL Day Violations:   245.0
TOTAL Batt Violations:  84.0

Run time: 0:29:31.825195


Seed ARG:  4
Device:  cpu
Train time: 0:26:00.288589
YEAR	AVG_RWD		VIOLATIONS
			DAY	BATT
2000	 1.09		0	 0
2001	 1.0		6	 3
2002	 0.99		7	 3
2003	 0.37		33	 554
2004	 1.03		6	 5
2005	 1.17		0	 0
2006	 1.08		0	 0
2007	 1.01		8	 4
2008	 1.16		0	 0
2009	 1.02		4	 2
2010	 1.02		8	 6
2011	 1.03		10	 17
2012	 1.08		4	 0
2013	 0.99		14	 15
2014	 0.93		11	 8
2015	 0.98		8	 8
2016	 1.01		7	 2
2017	 1.02		9	 7

TOTAL Day Violations:   135.0
TOTAL Batt Violations:  634.0

Run time: 0:26:33.937457


Seed ARG:  5
Device:  cpu
Train time: 0:29:01.607104
YEAR	AVG_RWD		VIOLATIONS
			DAY	BATT
2000	 1.4		0	 0
2001	 1.45		0	 0
2002	 1.36		1	 0
2003	 1.39		3	 0
2004	 1.37		3	 0
2005	 1.42		1	 0
2006	 1.41		0	 0
2007	 1.39		2	 0
2008	 1.42		1	 0
2009	 1.43		0	 0
2010	 1.39		3	 0
2011	 1.42		1	 0
2012	 1.39		1	 0
2013	 1.36		4	 0
2014	 1.34		3	 0
2015	 1.39		1	 0
2016	 1.42		1	 0
2017	 1.41		1	 0

TOTAL Day Violations:   26.0
TOTAL Batt Violations:  0.0

Run time: 0:29:35.131721


Seed ARG:  6
Device:  cpu
Train time: 0:28:53.832501
YEAR	AVG_RWD		VIOLATIONS
			DAY	BATT
2000	 1.22		3	 0
2001	 1.4		0	 0
2002	 1.26		2	 0
2003	 1.24		6	 0
2004	 1.31		3	 0
2005	 1.39		0	 0
2006	 1.24		0	 0
2007	 1.32		3	 0
2008	 1.38		1	 0
2009	 1.35		0	 0
2010	 1.31		1	 0
2011	 1.38		0	 0
2012	 1.36		1	 0
2013	 1.32		3	 0
2014	 1.25		6	 0
2015	 1.25		1	 0
2016	 1.31		5	 0
2017	 1.31		2	 0

TOTAL Day Violations:   37.0
TOTAL Batt Violations:  0.0

Run time: 0:29:26.941997


Seed ARG:  7
Device:  cpu
Train time: 0:28:52.817962
YEAR	AVG_RWD		VIOLATIONS
			DAY	BATT
2000	 1.39		0	 0
2001	 1.41		0	 0
2002	 1.34		1	 0
2003	 1.38		2	 0
2004	 1.34		3	 1
2005	 1.42		0	 0
2006	 1.39		0	 0
2007	 1.38		2	 1
2008	 1.4		1	 0
2009	 1.4		0	 0
2010	 1.35		3	 1
2011	 1.38		3	 0
2012	 1.37		0	 0
2013	 1.33		6	 0
2014	 1.32		5	 0
2015	 1.34		2	 2
2016	 1.36		4	 0
2017	 1.37		2	 0

TOTAL Day Violations:   34.0
TOTAL Batt Violations:  5.0

Run time: 0:29:25.314912


Seed ARG:  8
Device:  cpu
Train time: 0:28:47.005579
YEAR	AVG_RWD		VIOLATIONS
			DAY	BATT
2000	 1.41		0	 0
2001	 1.41		0	 0
2002	 1.38		1	 0
2003	 1.39		1	 0
2004	 1.33		5	 0
2005	 1.38		1	 0
2006	 1.42		0	 0
2007	 1.37		3	 0
2008	 1.38		2	 0
2009	 1.41		0	 0
2010	 1.36		3	 0
2011	 1.36		2	 0
2012	 1.36		2	 1
2013	 1.33		5	 0
2014	 1.35		4	 0
2015	 1.4		1	 0
2016	 1.37		5	 1
2017	 1.35		4	 0

TOTAL Day Violations:   39.0
TOTAL Batt Violations:  2.0

Run time: 0:29:20.512429


Seed ARG:  9
Device:  cpu
Train time: 0:29:10.208410
YEAR	AVG_RWD		VIOLATIONS
			DAY	BATT
2000	 0.38		22	 109
2001	 0.63		9	 11
2002	 0.29		26	 154
2003	 0.3		28	 170
2004	 0.63		9	 16
2005	 0.86		0	 0
2006	 0.31		27	 130
2007	 0.75		2	 0
2008	 0.65		13	 3
2009	 0.72		12	 0
2010	 0.8		5	 17
2011	 0.76		10	 38
2012	 0.89		5	 0
2013	 0.93		2	 0
2014	 0.74		8	 52
2015	 0.69		9	 0
2016	 0.75		7	 0
2017	 0.85		5	 6

TOTAL Day Violations:   199.0
TOTAL Batt Violations:  706.0

Run time: 0:29:43.878693
