

Seed ARG:  0
Device:  cpu
Train time: 0:28:53.634497
YEAR	AVG_RWD		VIOLATIONS
			DAY	BATT
2000	 1.3		0	 0
2001	 1.32		0	 0
2002	 1.24		1	 0
2003	 1.24		2	 0
2004	 1.24		2	 0
2005	 1.29		1	 0
2006	 1.3		0	 0
2007	 1.26		2	 0
2008	 1.28		1	 0
2009	 1.3		0	 0
2010	 1.25		2	 0
2011	 1.28		1	 0
2012	 1.26		1	 0
2013	 1.23		3	 0
2014	 1.24		2	 0
2015	 1.27		1	 0
2016	 1.29		3	 0
2017	 1.23		3	 0

TOTAL Day Violations:   25.0
TOTAL Batt Violations:  0.0

Run time: 0:29:26.496054


Seed ARG:  1
Device:  cpu
Train time: 0:28:45.440264
YEAR	AVG_RWD		VIOLATIONS
			DAY	BATT
2000	 1.34		0	 0
2001	 1.36		1	 0
2002	 1.28		3	 1
2003	 1.3		3	 0
2004	 1.26		5	 2
2005	 1.32		2	 0
2006	 1.37		0	 0
2007	 1.3		3	 1
2008	 1.32		2	 1
2009	 1.34		0	 0
2010	 1.28		4	 1
2011	 1.28		5	 0
2012	 1.28		3	 0
2013	 1.24		6	 2
2014	 1.25		5	 2
2015	 1.31		2	 0
2016	 1.28		7	 5
2017	 1.26		7	 0

TOTAL Day Violations:   58.0
TOTAL Batt Violations:  15.0

Run time: 0:29:18.093210


Seed ARG:  2
Device:  cpu
Train time: 0:28:42.581334
YEAR	AVG_RWD		VIOLATIONS
			DAY	BATT
2000	 1.45		0	 0
2001	 1.49		0	 0
2002	 1.33		4	 0
2003	 1.39		2	 0
2004	 1.37		4	 0
2005	 1.47		0	 0
2006	 1.41		0	 0
2007	 1.45		0	 0
2008	 1.46		0	 0
2009	 1.44		1	 0
2010	 1.42		0	 0
2011	 1.49		0	 0
2012	 1.43		1	 0
2013	 1.48		0	 0
2014	 1.41		1	 0
2015	 1.42		0	 0
2016	 1.46		0	 0
2017	 1.41		4	 0

TOTAL Day Violations:   17.0
TOTAL Batt Violations:  0.0

Run time: 0:29:15.393111


Seed ARG:  3
Device:  cpu
Train time: 0:29:52.397902
YEAR	AVG_RWD		VIOLATIONS
			DAY	BATT
2000	 1.43		0	 0
2001	 1.47		0	 0
2002	 1.38		2	 0
2003	 1.41		2	 1
2004	 1.38		4	 2
2005	 1.44		1	 0
2006	 1.44		0	 0
2007	 1.42		3	 2
2008	 1.42		3	 0
2009	 1.42		1	 0
2010	 1.4		3	 2
2011	 1.4		5	 1
2012	 1.4		2	 0
2013	 1.4		4	 0
2014	 1.35		7	 2
2015	 1.42		2	 0
2016	 1.4		5	 1
2017	 1.4		4	 0

TOTAL Day Violations:   48.0
TOTAL Batt Violations:  11.0

Run time: 0:30:24.341800
