

Seed ARG:  0
Device:  cpu
Train time: 0:32:08.050677
YEAR	AVG_RWD		VIOLATIONS
			DAY	BATT
2000	 1.1		0	 0
2001	 1.07		2	 0
2002	 1.08		3	 1
2003	 1.11		1	 0
2004	 1.01		5	 1
2005	 1.05		2	 0
2006	 1.13		1	 0
2007	 1.03		5	 3
2008	 1.07		3	 1
2009	 1.09		1	 0
2010	 1.04		4	 0
2011	 0.99		8	 0
2012	 1.02		6	 1
2013	 1.0		5	 1
2014	 1.01		7	 2
2015	 1.09		2	 0
2016	 1.05		6	 6
2017	 1.0		7	 0

TOTAL Day Violations:   68.0
TOTAL Batt Violations:  16.0

Run time: 0:32:45.061081


Seed ARG:  1
Device:  cpu
Train time: 0:32:15.815248
YEAR	AVG_RWD		VIOLATIONS
			DAY	BATT
2000	 0.95		12	 0
2001	 0.92		15	 0
2002	 0.98		8	 3
2003	 1.02		8	 2
2004	 0.85		17	 9
2005	 0.96		9	 2
2006	 1.02		11	 0
2007	 0.86		21	 8
2008	 0.9		18	 4
2009	 0.96		10	 0
2010	 0.86		19	 6
2011	 0.82		22	 8
2012	 0.86		18	 4
2013	 0.77		25	 9
2014	 0.82		22	 10
2015	 0.89		18	 3
2016	 0.83		24	 11
2017	 0.85		18	 7

TOTAL Day Violations:   295.0
TOTAL Batt Violations:  86.0

Run time: 0:32:52.839734


Seed ARG:  2
Device:  cpu
Train time: 0:32:06.724794
YEAR	AVG_RWD		VIOLATIONS
			DAY	BATT
2000	 1.27		6	 0
2001	 1.22		13	 0
2002	 1.22		9	 2
2003	 1.34		2	 2
2004	 1.12		17	 5
2005	 1.27		8	 0
2006	 1.36		3	 0
2007	 1.21		12	 4
2008	 1.25		10	 3
2009	 1.28		7	 0
2010	 1.18		13	 7
2011	 1.16		17	 8
2012	 1.16		13	 1
2013	 1.07		21	 12
2014	 1.09		20	 9
2015	 1.16		15	 4
2016	 1.24		12	 6
2017	 1.12		16	 4

TOTAL Day Violations:   214.0
TOTAL Batt Violations:  67.0

Run time: 0:32:44.274855


Seed ARG:  3
Device:  cpu
Train time: 0:28:58.326261
YEAR	AVG_RWD		VIOLATIONS
			DAY	BATT
2000	 1.46		0	 0
2001	 1.47		0	 0
2002	 1.4		1	 0
2003	 1.43		1	 0
2004	 1.43		1	 0
2005	 1.48		0	 0
2006	 1.44		0	 0
2007	 1.45		0	 0
2008	 1.47		0	 0
2009	 1.45		0	 0
2010	 1.45		0	 0
2011	 1.48		0	 0
2012	 1.45		0	 0
2013	 1.44		2	 0
2014	 1.42		1	 0
2015	 1.42		0	 0
2016	 1.44		1	 0
2017	 1.45		0	 0

TOTAL Day Violations:   7.0
TOTAL Batt Violations:  0.0

Run time: 0:29:35.548732


Seed ARG:  4
Device:  cpu
Train time: 0:32:10.176974
YEAR	AVG_RWD		VIOLATIONS
			DAY	BATT
2000	 1.23		0	 0
2001	 1.24		0	 0
2002	 1.21		2	 0
2003	 1.26		1	 0
2004	 1.14		5	 1
2005	 1.24		1	 0
2006	 1.28		0	 0
2007	 1.2		3	 2
2008	 1.24		2	 1
2009	 1.24		0	 0
2010	 1.18		4	 1
2011	 1.17		5	 0
2012	 1.19		2	 0
2013	 1.12		8	 0
2014	 1.15		5	 1
2015	 1.2		2	 0
2016	 1.18		6	 3
2017	 1.15		5	 0

TOTAL Day Violations:   51.0
TOTAL Batt Violations:  9.0

Run time: 0:32:47.635706


Seed ARG:  5
Device:  cpu
Train time: 0:32:08.075099
YEAR	AVG_RWD		VIOLATIONS
			DAY	BATT
2000	 1.21		0	 0
2001	 1.19		2	 0
2002	 1.17		3	 0
2003	 1.22		1	 0
2004	 1.11		7	 0
2005	 1.18		2	 0
2006	 1.25		1	 0
2007	 1.15		6	 1
2008	 1.19		2	 0
2009	 1.2		3	 0
2010	 1.13		7	 1
2011	 1.1		8	 1
2012	 1.1		8	 0
2013	 1.09		8	 1
2014	 1.11		8	 2
2015	 1.16		5	 1
2016	 1.14		8	 2
2017	 1.11		6	 0

TOTAL Day Violations:   85.0
TOTAL Batt Violations:  9.0

Run time: 0:32:45.784872


Seed ARG:  6
Device:  cpu
Train time: 0:32:00.821799
YEAR	AVG_RWD		VIOLATIONS
			DAY	BATT
2000	 1.38		0	 0
2001	 1.39		0	 0
2002	 1.33		2	 0
2003	 1.36		2	 0
2004	 1.31		4	 1
2005	 1.37		0	 0
2006	 1.39		0	 0
2007	 1.36		2	 0
2008	 1.36		1	 0
2009	 1.38		0	 0
2010	 1.34		2	 0
2011	 1.31		5	 0
2012	 1.33		2	 0
2013	 1.32		3	 1
2014	 1.29		6	 3
2015	 1.34		3	 0
2016	 1.36		4	 1
2017	 1.3		5	 0

TOTAL Day Violations:   41.0
TOTAL Batt Violations:  6.0

Run time: 0:32:37.547039


Seed ARG:  7
Device:  cpu
Train time: 0:31:53.407674
YEAR	AVG_RWD		VIOLATIONS
			DAY	BATT
2000	 1.39		1	 0
2001	 1.39		1	 0
2002	 1.34		2	 0
2003	 1.42		1	 0
2004	 1.31		5	 2
2005	 1.41		1	 0
2006	 1.44		0	 0
2007	 1.37		3	 3
2008	 1.4		2	 0
2009	 1.4		0	 0
2010	 1.34		3	 3
2011	 1.34		6	 3
2012	 1.33		4	 0
2013	 1.32		4	 6
2014	 1.29		6	 3
2015	 1.36		2	 1
2016	 1.35		7	 2
2017	 1.32		6	 2

TOTAL Day Violations:   54.0
TOTAL Batt Violations:  25.0

Run time: 0:32:30.920846


Seed ARG:  8
Device:  cpu
Train time: 0:32:05.510870
YEAR	AVG_RWD		VIOLATIONS
			DAY	BATT
2000	 1.32		0	 0
2001	 1.35		0	 0
2002	 1.25		2	 0
2003	 1.29		3	 0
2004	 1.25		3	 2
2005	 1.34		0	 0
2006	 1.3		0	 0
2007	 1.3		2	 2
2008	 1.34		0	 0
2009	 1.33		0	 0
2010	 1.27		3	 2
2011	 1.3		3	 3
2012	 1.3		0	 0
2013	 1.3		3	 0
2014	 1.27		2	 2
2015	 1.28		1	 0
2016	 1.3		4	 0
2017	 1.31		2	 0

TOTAL Day Violations:   28.0
TOTAL Batt Violations:  11.0

Run time: 0:32:42.831175


Seed ARG:  9
Device:  cpu
Train time: 0:32:12.602692
YEAR	AVG_RWD		VIOLATIONS
			DAY	BATT
2000	 1.43		0	 0
2001	 1.43		0	 0
2002	 1.4		1	 0
2003	 1.44		1	 0
2004	 1.36		2	 0
2005	 1.44		0	 0
2006	 1.47		0	 0
2007	 1.41		2	 0
2008	 1.45		1	 0
2009	 1.43		0	 0
2010	 1.36		4	 0
2011	 1.39		2	 0
2012	 1.38		0	 0
2013	 1.34		4	 0
2014	 1.36		2	 0
2015	 1.4		1	 0
2016	 1.39		4	 0
2017	 1.38		1	 0

TOTAL Day Violations:   25.0
TOTAL Batt Violations:  0.0

Run time: 0:32:50.914459
