

Seed ARG:  0
Device:  cpu
Train time: 0:32:21.824176
YEAR	AVG_RWD		VIOLATIONS
			DAY	BATT
2000	 1.45		0	 0
2001	 1.47		0	 0
2002	 1.42		1	 0
2003	 1.45		1	 0
2004	 1.4		2	 0
2005	 1.44		1	 0
2006	 1.48		0	 0
2007	 1.43		2	 0
2008	 1.45		0	 0
2009	 1.45		0	 0
2010	 1.41		2	 0
2011	 1.4		4	 0
2012	 1.4		1	 0
2013	 1.4		3	 0
2014	 1.4		1	 0
2015	 1.42		2	 0
2016	 1.42		4	 0
2017	 1.4		3	 0

TOTAL Day Violations:   27.0
TOTAL Batt Violations:  0.0

Run time: 0:32:59.941512


Seed ARG:  1
Device:  cpu
Train time: 0:31:44.465736
YEAR	AVG_RWD		VIOLATIONS
			DAY	BATT
2000	 1.19		0	 0
2001	 1.18		0	 0
2002	 1.16		1	 0
2003	 1.17		1	 0
2004	 1.11		4	 1
2005	 1.13		1	 0
2006	 1.2		0	 0
2007	 1.15		3	 1
2008	 1.16		1	 0
2009	 1.19		0	 0
2010	 1.14		2	 0
2011	 1.09		4	 0
2012	 1.13		2	 0
2013	 1.12		2	 0
2014	 1.11		3	 1
2015	 1.18		2	 0
2016	 1.14		5	 0
2017	 1.13		2	 0

TOTAL Day Violations:   33.0
TOTAL Batt Violations:  3.0

Run time: 0:32:19.136931


Seed ARG:  2
Device:  cpu
Train time: 0:34:09.486824
YEAR	AVG_RWD		VIOLATIONS
			DAY	BATT
2000	 1.14		0	 0
2001	 1.12		2	 0
2002	 1.1		4	 2
2003	 1.15		1	 2
2004	 1.04		6	 3
2005	 1.11		1	 0
2006	 1.17		0	 0
2007	 1.08		4	 5
2008	 1.09		5	 3
2009	 1.14		0	 0
2010	 1.05		6	 3
2011	 1.02		8	 3
2012	 1.04		7	 1
2013	 0.99		11	 6
2014	 1.01		9	 5
2015	 1.06		7	 1
2016	 1.05		8	 7
2017	 1.05		5	 2

TOTAL Day Violations:   84.0
TOTAL Batt Violations:  43.0

Run time: 0:34:48.139963


Seed ARG:  3
Device:  cpu
Train time: 0:34:18.856059
YEAR	AVG_RWD		VIOLATIONS
			DAY	BATT
2000	 1.36		0	 0
2001	 1.37		0	 0
2002	 1.32		1	 0
2003	 1.36		1	 0
2004	 1.28		4	 1
2005	 1.33		1	 0
2006	 1.38		0	 0
2007	 1.32		3	 0
2008	 1.33		2	 0
2009	 1.36		0	 0
2010	 1.31		3	 0
2011	 1.31		3	 0
2012	 1.29		2	 0
2013	 1.28		4	 0
2014	 1.28		5	 1
2015	 1.34		2	 0
2016	 1.31		6	 1
2017	 1.31		3	 0

TOTAL Day Violations:   40.0
TOTAL Batt Violations:  3.0

Run time: 0:34:55.346410


Seed ARG:  4
Device:  cpu
Train time: 0:33:16.833527
YEAR	AVG_RWD		VIOLATIONS
			DAY	BATT
2000	 1.26		0	 0
2001	 1.27		0	 0
2002	 1.22		1	 0
2003	 1.28		1	 0
2004	 1.18		3	 2
2005	 1.23		1	 0
2006	 1.3		0	 0
2007	 1.22		3	 2
2008	 1.24		2	 0
2009	 1.27		0	 0
2010	 1.2		3	 1
2011	 1.2		3	 0
2012	 1.2		1	 0
2013	 1.17		4	 0
2014	 1.18		3	 2
2015	 1.25		1	 0
2016	 1.22		5	 0
2017	 1.22		1	 0

TOTAL Day Violations:   32.0
TOTAL Batt Violations:  7.0

Run time: 0:33:52.623507


Seed ARG:  5
Device:  cpu
Train time: 0:32:45.110946
YEAR	AVG_RWD		VIOLATIONS
			DAY	BATT
2000	 1.02		0	 0
2001	 1.02		0	 0
2002	 1.03		1	 0
2003	 1.04		1	 0
2004	 0.96		5	 1
2005	 0.98		2	 0
2006	 1.06		0	 0
2007	 0.98		3	 2
2008	 0.99		3	 0
2009	 1.03		0	 0
2010	 0.97		4	 0
2011	 0.94		6	 0
2012	 0.96		5	 0
2013	 0.95		4	 0
2014	 0.93		9	 1
2015	 1.0		3	 0
2016	 0.96		6	 2
2017	 0.96		4	 0

TOTAL Day Violations:   56.0
TOTAL Batt Violations:  6.0

Run time: 0:33:21.330277


Seed ARG:  6
Device:  cpu
Train time: 0:32:56.291487
YEAR	AVG_RWD		VIOLATIONS
			DAY	BATT
2000	 1.43		0	 0
2001	 1.42		0	 0
2002	 1.39		1	 0
2003	 1.42		1	 0
2004	 1.34		5	 0
2005	 1.42		1	 0
2006	 1.45		0	 0
2007	 1.39		3	 0
2008	 1.41		2	 0
2009	 1.42		0	 0
2010	 1.37		3	 0
2011	 1.36		5	 0
2012	 1.38		2	 0
2013	 1.35		5	 0
2014	 1.35		5	 0
2015	 1.39		2	 0
2016	 1.39		4	 1
2017	 1.36		4	 0

TOTAL Day Violations:   43.0
TOTAL Batt Violations:  1.0

Run time: 0:33:32.735618


Seed ARG:  7
Device:  cpu
Train time: 0:30:37.234024
YEAR	AVG_RWD		VIOLATIONS
			DAY	BATT
2000	 1.41		0	 0
2001	 1.4		0	 0
2002	 1.36		1	 0
2003	 1.41		1	 0
2004	 1.32		5	 0
2005	 1.39		1	 0
2006	 1.42		0	 0
2007	 1.37		3	 0
2008	 1.39		2	 0
2009	 1.41		0	 0
2010	 1.34		5	 0
2011	 1.34		5	 0
2012	 1.37		2	 0
2013	 1.35		4	 0
2014	 1.33		5	 0
2015	 1.37		2	 0
2016	 1.35		6	 0
2017	 1.34		4	 0

TOTAL Day Violations:   46.0
TOTAL Batt Violations:  0.0

Run time: 0:31:13.448057


Seed ARG:  8
Device:  cpu
Train time: 0:36:00.454951
YEAR	AVG_RWD		VIOLATIONS
			DAY	BATT
2000	 0.82		11	 0
2001	 0.8		13	 1
2002	 0.77		18	 3
2003	 0.86		7	 2
2004	 0.76		17	 9
2005	 0.78		11	 2
2006	 0.84		10	 1
2007	 0.73		20	 7
2008	 0.75		17	 5
2009	 0.79		14	 2
2010	 0.73		21	 5
2011	 0.67		23	 9
2012	 0.71		23	 5
2013	 0.76		16	 11
2014	 0.7		25	 6
2015	 0.76		19	 3
2016	 0.73		20	 15
2017	 0.73		18	 7

TOTAL Day Violations:   303.0
TOTAL Batt Violations:  93.0

Run time: 0:36:36.418464


Seed ARG:  9
Device:  cpu
Train time: 0:32:47.868841
YEAR	AVG_RWD		VIOLATIONS
			DAY	BATT
2000	 1.27		0	 0
2001	 1.25		3	 0
2002	 1.21		3	 2
2003	 1.27		1	 1
2004	 1.15		7	 3
2005	 1.23		2	 0
2006	 1.29		0	 0
2007	 1.21		4	 2
2008	 1.23		3	 1
2009	 1.25		1	 0
2010	 1.22		3	 0
2011	 1.16		9	 0
2012	 1.2		4	 1
2013	 1.18		5	 5
2014	 1.17		8	 3
2015	 1.2		6	 0
2016	 1.19		7	 5
2017	 1.18		5	 0

TOTAL Day Violations:   71.0
TOTAL Batt Violations:  23.0

Run time: 0:33:25.347275
