

Seed ARG:  0
Device:  cpu
Train time: 0:32:08.183955
YEAR	AVG_RWD		VIOLATIONS
			DAY	BATT
2000	 1.11		2	 0
2001	 1.11		0	 0
2002	 1.05		5	 0
2003	 1.1		4	 0
2004	 1.14		0	 0
2005	 1.19		0	 0
2006	 1.14		0	 0
2007	 1.12		0	 0
2008	 1.18		0	 0
2009	 1.13		1	 0
2010	 1.13		0	 0
2011	 1.17		0	 0
2012	 1.13		1	 0
2013	 1.17		0	 0
2014	 1.08		2	 0
2015	 1.1		0	 0
2016	 1.14		0	 0
2017	 1.12		2	 0

TOTAL Day Violations:   17.0
TOTAL Batt Violations:  0.0

Run time: 0:32:46.363720


Seed ARG:  1
Device:  cpu
Train time: 0:31:52.177151
YEAR	AVG_RWD		VIOLATIONS
			DAY	BATT
2000	 1.3		0	 0
2001	 1.31		0	 0
2002	 1.26		0	 0
2003	 1.31		0	 0
2004	 1.25		0	 0
2005	 1.3		0	 0
2006	 1.33		0	 0
2007	 1.28		0	 0
2008	 1.29		0	 0
2009	 1.3		0	 0
2010	 1.26		0	 0
2011	 1.27		0	 0
2012	 1.26		0	 0
2013	 1.25		0	 0
2014	 1.25		0	 0
2015	 1.28		0	 0
2016	 1.3		0	 0
2017	 1.25		0	 0

TOTAL Day Violations:   0.0
TOTAL Batt Violations:  0.0

Run time: 0:32:29.720209


Seed ARG:  2
Device:  cpu
Train time: 0:33:32.051750
YEAR	AVG_RWD		VIOLATIONS
			DAY	BATT
2000	 0.83		22	 7
2001	 0.8		27	 8
2002	 0.78		27	 10
2003	 0.94		13	 5
2004	 0.66		35	 18
2005	 0.91		12	 5
2006	 0.98		12	 7
2007	 0.75		28	 24
2008	 0.87		17	 9
2009	 0.83		23	 8
2010	 0.72		31	 20
2011	 0.69		32	 16
2012	 0.64		37	 16
2013	 0.64		36	 36
2014	 0.59		44	 16
2015	 0.68		38	 18
2016	 0.76		30	 22
2017	 0.69		32	 26

TOTAL Day Violations:   496.0
TOTAL Batt Violations:  271.0

Run time: 0:34:08.884779
