

Seed ARG:  0
Device:  cpu
Train time: 0:32:13.728639
YEAR	AVG_RWD		VIOLATIONS
			DAY	BATT
2000	 1.08		7	 0
2001	 1.05		12	 0
2002	 1.08		6	 2
2003	 1.12		5	 1
2004	 0.97		13	 6
2005	 1.08		5	 1
2006	 1.15		6	 0
2007	 1.01		13	 5
2008	 1.08		7	 2
2009	 1.1		6	 0
2010	 0.99		14	 3
2011	 1.0		10	 4
2012	 0.95		15	 3
2013	 0.92		18	 6
2014	 0.96		15	 7
2015	 1.0		16	 2
2016	 1.01		16	 9
2017	 0.92		19	 4

TOTAL Day Violations:   203.0
TOTAL Batt Violations:  55.0

Run time: 0:32:51.687193


Seed ARG:  1
Device:  cpu
Train time: 0:32:20.643009
YEAR	AVG_RWD		VIOLATIONS
			DAY	BATT
2000	 0.9		8	 0
2001	 0.88		10	 0
2002	 0.88		10	 2
2003	 0.95		6	 2
2004	 0.78		16	 10
2005	 0.88		8	 2
2006	 0.97		7	 0
2007	 0.79		19	 7
2008	 0.85		13	 4
2009	 0.87		12	 0
2010	 0.84		13	 6
2011	 0.78		17	 10
2012	 0.76		21	 4
2013	 0.76		18	 9
2014	 0.79		18	 11
2015	 0.85		14	 3
2016	 0.82		16	 13
2017	 0.76		19	 8

TOTAL Day Violations:   245.0
TOTAL Batt Violations:  91.0

Run time: 0:32:58.449208


Seed ARG:  2
Device:  cpu
Train time: 0:32:42.454750
YEAR	AVG_RWD		VIOLATIONS
			DAY	BATT
2000	 1.16		3	 0
2001	 1.13		7	 0
2002	 1.1		6	 2
2003	 1.14		3	 2
2004	 1.03		11	 6
2005	 1.13		3	 1
2006	 1.18		2	 0
2007	 1.1		8	 6
2008	 1.12		7	 2
2009	 1.14		5	 0
2010	 1.01		15	 3
2011	 1.07		10	 8
2012	 1.09		7	 2
2013	 1.03		13	 8
2014	 1.02		14	 7
2015	 1.13		7	 1
2016	 1.07		13	 5
2017	 1.02		14	 2

TOTAL Day Violations:   148.0
TOTAL Batt Violations:  55.0

Run time: 0:33:20.802065


Seed ARG:  3
Device:  cpu
Train time: 0:32:42.758945
YEAR	AVG_RWD		VIOLATIONS
			DAY	BATT
2000	 0.9		32	 3
2001	 0.93		29	 8
2002	 0.89		34	 9
2003	 1.02		22	 7
2004	 0.75		45	 17
2005	 0.97		24	 3
2006	 1.03		22	 3
2007	 0.83		39	 15
2008	 0.92		30	 9
2009	 0.88		37	 5
2010	 0.74		48	 17
2011	 0.74		47	 23
2012	 0.74		46	 18
2013	 0.75		43	 20
2014	 0.66		55	 29
2015	 0.74		49	 15
2016	 0.86		37	 19
2017	 0.77		41	 20

TOTAL Day Violations:   680.0
TOTAL Batt Violations:  240.0

Run time: 0:33:21.193470


Seed ARG:  4
Device:  cpu
Train time: 0:32:26.893903
YEAR	AVG_RWD		VIOLATIONS
			DAY	BATT
2000	 1.34		0	 0
2001	 1.35		1	 0
2002	 1.31		2	 0
2003	 1.35		1	 0
2004	 1.25		5	 1
2005	 1.32		1	 0
2006	 1.39		0	 0
2007	 1.28		6	 2
2008	 1.32		2	 0
2009	 1.34		1	 0
2010	 1.28		4	 0
2011	 1.26		7	 1
2012	 1.25		5	 0
2013	 1.23		8	 0
2014	 1.25		6	 2
2015	 1.28		6	 0
2016	 1.29		7	 4
2017	 1.22		11	 0

TOTAL Day Violations:   73.0
TOTAL Batt Violations:  10.0

Run time: 0:33:04.438410


Seed ARG:  5
Device:  cpu
Train time: 0:32:55.257353
YEAR	AVG_RWD		VIOLATIONS
			DAY	BATT
2000	 1.29		0	 0
2001	 1.28		0	 0
2002	 1.24		3	 2
2003	 1.31		1	 1
2004	 1.2		5	 5
2005	 1.26		2	 1
2006	 1.33		0	 0
2007	 1.22		7	 3
2008	 1.27		3	 2
2009	 1.29		0	 0
2010	 1.19		8	 2
2011	 1.19		8	 4
2012	 1.21		6	 2
2013	 1.2		6	 6
2014	 1.19		7	 6
2015	 1.23		6	 0
2016	 1.22		8	 6
2017	 1.18		8	 1

TOTAL Day Violations:   78.0
TOTAL Batt Violations:  41.0

Run time: 0:33:34.227910


Seed ARG:  6
Device:  cpu
Train time: 0:32:25.247416
YEAR	AVG_RWD		VIOLATIONS
			DAY	BATT
2000	 1.26		0	 0
2001	 1.26		0	 0
2002	 1.24		1	 0
2003	 1.26		2	 0
2004	 1.18		4	 0
2005	 1.24		1	 0
2006	 1.3		0	 0
2007	 1.21		3	 1
2008	 1.23		2	 0
2009	 1.25		1	 0
2010	 1.2		3	 0
2011	 1.19		5	 0
2012	 1.2		2	 2
2013	 1.16		7	 0
2014	 1.16		6	 1
2015	 1.22		3	 0
2016	 1.21		5	 1
2017	 1.19		4	 0

TOTAL Day Violations:   49.0
TOTAL Batt Violations:  5.0

Run time: 0:33:02.155047


Seed ARG:  7
Device:  cpu
Train time: 0:32:40.352880
YEAR	AVG_RWD		VIOLATIONS
			DAY	BATT
2000	 1.14		8	 0
2001	 1.13		9	 0
2002	 1.06		15	 2
2003	 1.22		2	 2
2004	 1.02		16	 7
2005	 1.15		5	 2
2006	 1.21		4	 0
2007	 1.05		16	 6
2008	 1.12		10	 3
2009	 1.14		9	 0
2010	 1.02		19	 6
2011	 1.05		15	 7
2012	 1.02		19	 4
2013	 0.99		20	 8
2014	 0.98		22	 8
2015	 1.01		22	 2
2016	 1.07		16	 8
2017	 0.99		21	 5

TOTAL Day Violations:   248.0
TOTAL Batt Violations:  70.0

Run time: 0:33:18.134344


Seed ARG:  8
Device:  cpu
Train time: 0:32:48.364862
YEAR	AVG_RWD		VIOLATIONS
			DAY	BATT
2000	 1.34		0	 0
2001	 1.35		0	 0
2002	 1.31		1	 0
2003	 1.32		2	 0
2004	 1.27		4	 0
2005	 1.31		1	 0
2006	 1.35		0	 0
2007	 1.3		3	 0
2008	 1.32		2	 0
2009	 1.34		0	 0
2010	 1.3		2	 0
2011	 1.28		5	 0
2012	 1.3		2	 0
2013	 1.29		4	 0
2014	 1.28		5	 0
2015	 1.32		2	 0
2016	 1.3		4	 0
2017	 1.28		4	 0

TOTAL Day Violations:   41.0
TOTAL Batt Violations:  0.0

Run time: 0:33:27.243513


Seed ARG:  9
Device:  cpu
Train time: 0:29:14.024224
YEAR	AVG_RWD		VIOLATIONS
			DAY	BATT
2000	 1.25		1	 0
2001	 1.35		0	 0
2002	 1.16		6	 0
2003	 1.25		2	 0
2004	 1.3		0	 0
2005	 1.33		0	 0
2006	 1.21		1	 0
2007	 1.27		1	 0
2008	 1.31		0	 0
2009	 1.3		1	 0
2010	 1.28		0	 0
2011	 1.34		0	 0
2012	 1.31		0	 0
2013	 1.3		0	 0
2014	 1.26		2	 0
2015	 1.25		0	 0
2016	 1.3		2	 0
2017	 1.29		2	 0

TOTAL Day Violations:   18.0
TOTAL Batt Violations:  0.0

Run time: 0:29:51.757934
