

Seed ARG:  0
Device:  cpu
Train time: 0:29:10.863741
YEAR	AVG_RWD		VIOLATIONS
			DAY	BATT
2000	 1.44		0	 0
2001	 1.46		0	 0
2002	 1.42		1	 0
2003	 1.45		0	 0
2004	 1.38		3	 0
2005	 1.44		0	 0
2006	 1.47		0	 0
2007	 1.42		2	 0
2008	 1.43		1	 0
2009	 1.45		0	 0
2010	 1.42		1	 0
2011	 1.42		1	 0
2012	 1.42		0	 0
2013	 1.41		2	 0
2014	 1.4		2	 0
2015	 1.44		1	 0
2016	 1.42		3	 0
2017	 1.42		1	 0

TOTAL Day Violations:   18.0
TOTAL Batt Violations:  0.0

Run time: 0:29:49.692036


Seed ARG:  1
Device:  cpu
Train time: 0:29:05.497774
YEAR	AVG_RWD		VIOLATIONS
			DAY	BATT
2000	 1.29		2	 0
2001	 1.28		5	 0
2002	 1.25		6	 1
2003	 1.33		1	 2
2004	 1.22		6	 3
2005	 1.29		3	 0
2006	 1.35		1	 0
2007	 1.25		7	 4
2008	 1.31		3	 2
2009	 1.3		3	 0
2010	 1.25		5	 2
2011	 1.23		8	 1
2012	 1.25		4	 2
2013	 1.18		10	 6
2014	 1.19		10	 7
2015	 1.26		5	 2
2016	 1.24		8	 6
2017	 1.2		10	 3

TOTAL Day Violations:   97.0
TOTAL Batt Violations:  41.0

Run time: 0:29:42.183894


Seed ARG:  2
Device:  cpu
Train time: 0:34:34.633719
YEAR	AVG_RWD		VIOLATIONS
			DAY	BATT
2000	 1.35		0	 0
2001	 1.36		0	 0
2002	 1.31		0	 0
2003	 1.33		1	 0
2004	 1.28		3	 0
2005	 1.32		0	 0
2006	 1.35		0	 0
2007	 1.33		2	 0
2008	 1.32		1	 0
2009	 1.35		0	 0
2010	 1.32		1	 0
2011	 1.32		1	 0
2012	 1.32		0	 0
2013	 1.33		0	 0
2014	 1.32		1	 0
2015	 1.35		1	 0
2016	 1.31		4	 0
2017	 1.33		1	 0

TOTAL Day Violations:   16.0
TOTAL Batt Violations:  0.0

Run time: 0:35:12.064522
