

Seed ARG:  0
Device:  cpu
Train time: 0:29:32.025451
YEAR	AVG_RWD		VIOLATIONS
			DAY	BATT
2000	 1.1		14	 16
2001	 1.1		18	 19
2002	 1.04		17	 20
2003	 1.2		6	 4
2004	 1.05		19	 19
2005	 1.24		4	 9
2006	 1.23		5	 6
2007	 1.07		18	 26
2008	 1.25		3	 2
2009	 1.19		10	 16
2010	 1.05		20	 30
2011	 1.11		16	 21
2012	 1.09		13	 21
2013	 0.98		25	 37
2014	 0.95		26	 38
2015	 1.06		20	 26
2016	 1.13		16	 19
2017	 1.06		23	 33

TOTAL Day Violations:   273.0
TOTAL Batt Violations:  362.0

Run time: 0:30:08.525377


Seed ARG:  1
Device:  cpu
Train time: 0:32:50.810280
YEAR	AVG_RWD		VIOLATIONS
			DAY	BATT
2000	 1.32		0	 0
2001	 1.33		0	 0
2002	 1.26		1	 0
2003	 1.34		0	 0
2004	 1.28		1	 0
2005	 1.33		0	 0
2006	 1.37		0	 0
2007	 1.3		2	 0
2008	 1.33		0	 0
2009	 1.33		1	 0
2010	 1.28		3	 0
2011	 1.32		1	 0
2012	 1.27		0	 0
2013	 1.24		3	 0
2014	 1.27		0	 0
2015	 1.29		1	 0
2016	 1.31		3	 0
2017	 1.31		1	 0

TOTAL Day Violations:   17.0
TOTAL Batt Violations:  0.0

Run time: 0:33:27.992242


Seed ARG:  1
Device:  cpu
Train time: 0:33:10.425922
YEAR	AVG_RWD		VIOLATIONS
			DAY	BATT
2000	 1.32		0	 0
2001	 1.33		0	 0
2002	 1.26		1	 0
2003	 1.34		0	 0
2004	 1.28		1	 0
2005	 1.33		0	 0
2006	 1.37		0	 0
2007	 1.3		2	 0
2008	 1.33		0	 0
2009	 1.33		1	 0
2010	 1.28		3	 0
2011	 1.32		1	 0
2012	 1.27		0	 0
2013	 1.24		3	 0
2014	 1.27		0	 0
2015	 1.29		1	 0
2016	 1.31		3	 0
2017	 1.31		1	 0

TOTAL Day Violations:   17.0
TOTAL Batt Violations:  0.0

Run time: 0:33:49.117937


Seed ARG:  2
Device:  cpu
Train time: 0:32:37.683141
YEAR	AVG_RWD		VIOLATIONS
			DAY	BATT
2000	 0.24		25	 57
2001	 0.35		25	 46
2002	 -0.01		39	 124
2003	 0.35		14	 85
2004	 0.17		34	 49
2005	 0.46		16	 17
2006	 0.35		16	 20
2007	 0.29		28	 41
2008	 0.38		14	 41
2009	 0.31		29	 41
2010	 0.26		33	 61
2011	 0.41		26	 40
2012	 0.29		32	 39
2013	 0.29		34	 75
2014	 0.1		51	 114
2015	 0.26		32	 56
2016	 0.35		26	 41
2017	 0.28		41	 111

TOTAL Day Violations:   515.0
TOTAL Batt Violations:  1058.0

Run time: 0:33:15.074102


Seed ARG:  2
Device:  cpu
Train time: 0:32:50.058685
YEAR	AVG_RWD		VIOLATIONS
			DAY	BATT
2000	 0.24		25	 57
2001	 0.35		25	 46
2002	 -0.01		39	 124
2003	 0.35		14	 85
2004	 0.17		34	 49
2005	 0.46		16	 17
2006	 0.35		16	 20
2007	 0.29		28	 41
2008	 0.38		14	 41
2009	 0.31		29	 41
2010	 0.26		33	 61
2011	 0.41		26	 40
2012	 0.29		32	 39
2013	 0.29		34	 75
2014	 0.1		51	 114
2015	 0.26		32	 56
2016	 0.35		26	 41
2017	 0.28		41	 111

TOTAL Day Violations:   515.0
TOTAL Batt Violations:  1058.0

Run time: 0:33:26.318047


Seed ARG:  3
Device:  cpu
Train time: 0:32:16.221366
YEAR	AVG_RWD		VIOLATIONS
			DAY	BATT
2000	 1.25		0	 0
2001	 1.31		0	 0
2002	 1.21		1	 0
2003	 1.24		2	 0
2004	 1.24		0	 0
2005	 1.31		0	 0
2006	 1.3		0	 0
2007	 1.29		0	 0
2008	 1.27		0	 0
2009	 1.27		0	 0
2010	 1.25		0	 0
2011	 1.26		0	 0
2012	 1.23		0	 0
2013	 1.23		0	 0
2014	 1.22		0	 0
2015	 1.27		0	 0
2016	 1.3		1	 0
2017	 1.27		0	 0

TOTAL Day Violations:   4.0
TOTAL Batt Violations:  0.0

Run time: 0:32:53.255827


Seed ARG:  3
Device:  cpu
Train time: 0:35:05.033289
YEAR	AVG_RWD		VIOLATIONS
			DAY	BATT
2000	 1.25		0	 0
2001	 1.31		0	 0
2002	 1.21		1	 0
2003	 1.24		2	 0
2004	 1.24		0	 0
2005	 1.31		0	 0
2006	 1.3		0	 0
2007	 1.29		0	 0
2008	 1.27		0	 0
2009	 1.27		0	 0
2010	 1.25		0	 0
2011	 1.26		0	 0
2012	 1.23		0	 0
2013	 1.23		0	 0
2014	 1.22		0	 0
2015	 1.27		0	 0
2016	 1.3		1	 0
2017	 1.27		0	 0

TOTAL Day Violations:   4.0
TOTAL Batt Violations:  0.0

Run time: 0:35:41.583741


Seed ARG:  4
Device:  cpu
Train time: 0:35:41.781355
YEAR	AVG_RWD		VIOLATIONS
			DAY	BATT
2000	 0.53		9	 15
2001	 0.68		4	 0
2002	 0.26		24	 45
2003	 0.51		11	 55
2004	 0.53		15	 2
2005	 0.69		8	 4
2006	 0.55		9	 6
2007	 0.65		6	 3
2008	 0.66		6	 0
2009	 0.63		10	 3
2010	 0.61		13	 2
2011	 0.74		6	 2
2012	 0.68		6	 0
2013	 0.68		11	 0
2014	 0.54		15	 17
2015	 0.59		8	 2
2016	 0.6		11	 0
2017	 0.66		14	 34

TOTAL Day Violations:   186.0
TOTAL Batt Violations:  190.0

Run time: 0:36:17.775245


Seed ARG:  4
Device:  cpu
Train time: 0:36:14.865788
YEAR	AVG_RWD		VIOLATIONS
			DAY	BATT
2000	 0.53		9	 15
2001	 0.68		4	 0
2002	 0.26		24	 45
2003	 0.51		11	 55
2004	 0.53		15	 2
2005	 0.69		8	 4
2006	 0.55		9	 6
2007	 0.65		6	 3
2008	 0.66		6	 0
2009	 0.63		10	 3
2010	 0.61		13	 2
2011	 0.74		6	 2
2012	 0.68		6	 0
2013	 0.68		11	 0
2014	 0.54		15	 17
2015	 0.59		8	 2
2016	 0.6		11	 0
2017	 0.66		14	 34

TOTAL Day Violations:   186.0
TOTAL Batt Violations:  190.0

Run time: 0:36:52.575199


Seed ARG:  5
Device:  cpu
Train time: 0:35:30.810530
YEAR	AVG_RWD		VIOLATIONS
			DAY	BATT
2000	 0.88		4	 0
2001	 0.98		3	 0
2002	 0.78		9	 0
2003	 0.85		7	 5
2004	 0.88		7	 0
2005	 1.01		2	 0
2006	 0.9		4	 0
2007	 0.97		1	 0
2008	 0.97		2	 0
2009	 0.89		7	 0
2010	 0.91		5	 0
2011	 1.05		2	 0
2012	 0.93		3	 0
2013	 0.96		0	 0
2014	 0.89		4	 0
2015	 0.87		4	 0
2016	 0.94		3	 0
2017	 0.96		6	 0

TOTAL Day Violations:   73.0
TOTAL Batt Violations:  5.0

Run time: 0:36:07.967418


Seed ARG:  5
Device:  cpu
Train time: 0:35:20.990676
YEAR	AVG_RWD		VIOLATIONS
			DAY	BATT
2000	 0.88		4	 0
2001	 0.98		3	 0
2002	 0.78		9	 0
2003	 0.85		7	 5
2004	 0.88		7	 0
2005	 1.01		2	 0
2006	 0.9		4	 0
2007	 0.97		1	 0
2008	 0.97		2	 0
2009	 0.89		7	 0
2010	 0.91		5	 0
2011	 1.05		2	 0
2012	 0.93		3	 0
2013	 0.96		0	 0
2014	 0.89		4	 0
2015	 0.87		4	 0
2016	 0.94		3	 0
2017	 0.96		6	 0

TOTAL Day Violations:   73.0
TOTAL Batt Violations:  5.0

Run time: 0:35:57.523517


Seed ARG:  6
Device:  cpu
Train time: 0:35:06.287411
YEAR	AVG_RWD		VIOLATIONS
			DAY	BATT
2000	 0.04		66	 78
2001	 0.09		57	 87
2002	 0.04		64	 77
2003	 0.23		46	 35
2004	 -0.16		82	 99
2005	 0.07		55	 47
2006	 0.36		39	 43
2007	 0.04		62	 94
2008	 0.09		56	 51
2009	 0.12		57	 74
2010	 -0.11		76	 106
2011	 -0.18		78	 108
2012	 -0.23		84	 97
2013	 -0.24		81	 121
2014	 -0.23		87	 131
2015	 -0.02		71	 107
2016	 0.1		58	 83
2017	 -0.07		66	 109

TOTAL Day Violations:   1185.0
TOTAL Batt Violations:  1547.0

Run time: 0:35:42.224789


Seed ARG:  6
Device:  cpu
Train time: 0:35:20.229112
YEAR	AVG_RWD		VIOLATIONS
			DAY	BATT
2000	 0.04		66	 78
2001	 0.09		57	 87
2002	 0.04		64	 77
2003	 0.23		46	 35
2004	 -0.16		82	 99
2005	 0.07		55	 47
2006	 0.36		39	 43
2007	 0.04		62	 94
2008	 0.09		56	 51
2009	 0.12		57	 74
2010	 -0.11		76	 106
2011	 -0.18		78	 108
2012	 -0.23		84	 97
2013	 -0.24		81	 121
2014	 -0.23		87	 131
2015	 -0.02		71	 107
2016	 0.1		58	 83
2017	 -0.07		66	 109

TOTAL Day Violations:   1185.0
TOTAL Batt Violations:  1547.0

Run time: 0:35:56.613777


Seed ARG:  7
Device:  cpu
Train time: 0:35:13.514862
YEAR	AVG_RWD		VIOLATIONS
			DAY	BATT
2000	 1.04		13	 3
2001	 1.05		15	 8
2002	 0.94		16	 14
2003	 1.17		3	 2
2004	 0.92		22	 18
2005	 1.16		5	 4
2006	 1.2		5	 1
2007	 1.03		16	 13
2008	 1.15		3	 0
2009	 1.13		8	 11
2010	 1.0		18	 24
2011	 0.97		20	 19
2012	 0.99		15	 13
2013	 0.88		25	 28
2014	 0.87		26	 26
2015	 0.96		21	 28
2016	 1.08		15	 16
2017	 0.95		24	 26

TOTAL Day Violations:   270.0
TOTAL Batt Violations:  254.0

Run time: 0:35:50.554693


Seed ARG:  7
Device:  cpu
Train time: 0:34:51.725471
YEAR	AVG_RWD		VIOLATIONS
			DAY	BATT
2000	 1.04		13	 3
2001	 1.05		15	 8
2002	 0.94		16	 14
2003	 1.17		3	 2
2004	 0.92		22	 18
2005	 1.16		5	 4
2006	 1.2		5	 1
2007	 1.03		16	 13
2008	 1.15		3	 0
2009	 1.13		8	 11
2010	 1.0		18	 24
2011	 0.97		20	 19
2012	 0.99		15	 13
2013	 0.88		25	 28
2014	 0.87		26	 26
2015	 0.96		21	 28
2016	 1.08		15	 16
2017	 0.95		24	 26

TOTAL Day Violations:   270.0
TOTAL Batt Violations:  254.0

Run time: 0:35:27.680080


Seed ARG:  8
Device:  cpu
Train time: 0:34:50.469758
YEAR	AVG_RWD		VIOLATIONS
			DAY	BATT
2000	 1.29		0	 0
2001	 1.31		0	 0
2002	 1.2		3	 22
2003	 1.22		4	 16
2004	 1.26		1	 0
2005	 1.34		0	 0
2006	 1.28		0	 0
2007	 1.28		0	 0
2008	 1.34		0	 0
2009	 1.28		0	 0
2010	 1.27		0	 0
2011	 1.29		1	 0
2012	 1.29		0	 0
2013	 1.29		0	 0
2014	 1.21		0	 0
2015	 1.26		0	 0
2016	 1.28		0	 0
2017	 1.2		5	 33

TOTAL Day Violations:   14.0
TOTAL Batt Violations:  71.0

Run time: 0:35:26.756506


Seed ARG:  8
Device:  cpu
Train time: 0:35:08.007872
YEAR	AVG_RWD		VIOLATIONS
			DAY	BATT
2000	 1.29		0	 0
2001	 1.31		0	 0
2002	 1.2		3	 22
2003	 1.22		4	 16
2004	 1.26		1	 0
2005	 1.34		0	 0
2006	 1.28		0	 0
2007	 1.28		0	 0
2008	 1.34		0	 0
2009	 1.28		0	 0
2010	 1.27		0	 0
2011	 1.29		1	 0
2012	 1.29		0	 0
2013	 1.29		0	 0
2014	 1.21		0	 0
2015	 1.26		0	 0
2016	 1.28		0	 0
2017	 1.2		5	 33

TOTAL Day Violations:   14.0
TOTAL Batt Violations:  71.0

Run time: 0:35:44.508080


Seed ARG:  9
Device:  cpu
Train time: 0:34:51.416954
YEAR	AVG_RWD		VIOLATIONS
			DAY	BATT
2000	 0.54		8	 0
2001	 0.6		9	 0
2002	 0.31		20	 5
2003	 0.49		14	 20
2004	 0.52		13	 2
2005	 0.69		9	 0
2006	 0.47		14	 0
2007	 0.62		8	 0
2008	 0.63		9	 0
2009	 0.6		11	 0
2010	 0.59		14	 0
2011	 0.75		5	 0
2012	 0.66		8	 0
2013	 0.65		10	 0
2014	 0.61		10	 0
2015	 0.55		11	 0
2016	 0.62		9	 0
2017	 0.73		7	 3

TOTAL Day Violations:   189.0
TOTAL Batt Violations:  30.0

Run time: 0:35:28.108668


Seed ARG:  9
Device:  cpu
Train time: 0:35:16.186181
YEAR	AVG_RWD		VIOLATIONS
			DAY	BATT
2000	 0.54		8	 0
2001	 0.6		9	 0
2002	 0.31		20	 5
2003	 0.49		14	 20
2004	 0.52		13	 2
2005	 0.69		9	 0
2006	 0.47		14	 0
2007	 0.62		8	 0
2008	 0.63		9	 0
2009	 0.6		11	 0
2010	 0.59		14	 0
2011	 0.75		5	 0
2012	 0.66		8	 0
2013	 0.65		10	 0
2014	 0.61		10	 0
2015	 0.55		11	 0
2016	 0.62		9	 0
2017	 0.73		7	 3

TOTAL Day Violations:   189.0
TOTAL Batt Violations:  30.0

Run time: 0:35:53.202997
