

Seed ARG:  0
Device:  cpu
Train time: 0:29:32.750339
YEAR	AVG_RWD		VIOLATIONS
			DAY	BATT
2000	 1.29		0	 0
2001	 1.33		0	 0
2002	 1.23		2	 0
2003	 1.28		3	 0
2004	 1.24		4	 0
2005	 1.32		1	 0
2006	 1.32		0	 0
2007	 1.28		2	 0
2008	 1.3		1	 0
2009	 1.31		0	 0
2010	 1.27		3	 0
2011	 1.28		5	 0
2012	 1.26		2	 0
2013	 1.25		4	 0
2014	 1.23		5	 0
2015	 1.27		2	 0
2016	 1.29		4	 0
2017	 1.27		4	 0

TOTAL Day Violations:   42.0
TOTAL Batt Violations:  0.0

Run time: 0:30:04.825578


Seed ARG:  1
Device:  cpu
Train time: 0:29:09.077724
YEAR	AVG_RWD		VIOLATIONS
			DAY	BATT
2000	 1.26		0	 0
2001	 1.33		0	 0
2002	 1.23		1	 0
2003	 1.22		3	 0
2004	 1.25		2	 0
2005	 1.3		0	 0
2006	 1.26		0	 0
2007	 1.27		2	 0
2008	 1.31		0	 0
2009	 1.29		0	 0
2010	 1.27		1	 0
2011	 1.31		0	 0
2012	 1.28		0	 0
2013	 1.27		1	 0
2014	 1.26		1	 0
2015	 1.27		0	 0
2016	 1.28		2	 0
2017	 1.29		0	 0

TOTAL Day Violations:   13.0
TOTAL Batt Violations:  0.0

Run time: 0:29:41.225844


Seed ARG:  2
Device:  cpu
Train time: 0:28:55.458119
YEAR	AVG_RWD		VIOLATIONS
			DAY	BATT
2000	 0.88		28	 8
2001	 0.88		32	 15
2002	 0.82		30	 14
2003	 1.09		11	 5
2004	 0.76		33	 29
2005	 1.07		12	 10
2006	 1.11		12	 3
2007	 0.84		31	 22
2008	 1.02		17	 6
2009	 0.92		27	 8
2010	 0.78		34	 21
2011	 0.76		37	 27
2012	 0.7		37	 25
2013	 0.68		39	 28
2014	 0.59		48	 28
2015	 0.76		38	 23
2016	 0.88		31	 35
2017	 0.73		38	 34

TOTAL Day Violations:   535.0
TOTAL Batt Violations:  341.0

Run time: 0:29:28.439546


Seed ARG:  3
Device:  cpu
Train time: 0:28:33.898311
YEAR	AVG_RWD		VIOLATIONS
			DAY	BATT
2000	 1.32		0	 0
2001	 1.32		0	 0
2002	 1.25		2	 1
2003	 1.27		3	 0
2004	 1.25		4	 0
2005	 1.3		1	 0
2006	 1.31		0	 0
2007	 1.28		3	 0
2008	 1.29		2	 0
2009	 1.32		0	 0
2010	 1.27		2	 0
2011	 1.26		5	 0
2012	 1.28		2	 0
2013	 1.26		4	 0
2014	 1.24		5	 0
2015	 1.29		2	 0
2016	 1.28		4	 0
2017	 1.26		4	 0

TOTAL Day Violations:   43.0
TOTAL Batt Violations:  1.0

Run time: 0:29:07.301026


Seed ARG:  4
Device:  cpu
Train time: 0:25:13.255212
YEAR	AVG_RWD		VIOLATIONS
			DAY	BATT
2000	 1.21		2	 0
2001	 1.19		5	 0
2002	 1.14		7	 3
2003	 1.22		2	 2
2004	 1.1		10	 8
2005	 1.17		3	 2
2006	 1.24		1	 0
2007	 1.09		14	 6
2008	 1.16		6	 6
2009	 1.17		6	 0
2010	 1.11		11	 5
2011	 1.1		10	 5
2012	 1.08		12	 5
2013	 1.05		16	 8
2014	 1.05		16	 8
2015	 1.13		11	 4
2016	 1.09		15	 11
2017	 1.07		15	 7

TOTAL Day Violations:   162.0
TOTAL Batt Violations:  80.0

Run time: 0:25:45.008213


Seed ARG:  5
Device:  cpu
Train time: 0:28:29.095984
YEAR	AVG_RWD		VIOLATIONS
			DAY	BATT
2000	 1.38		1	 0
2001	 1.39		3	 0
2002	 1.31		4	 1
2003	 1.38		3	 1
2004	 1.28		8	 4
2005	 1.41		2	 0
2006	 1.42		0	 0
2007	 1.34		4	 3
2008	 1.38		4	 2
2009	 1.39		1	 0
2010	 1.33		4	 3
2011	 1.33		7	 3
2012	 1.31		4	 0
2013	 1.29		8	 6
2014	 1.27		8	 8
2015	 1.33		3	 0
2016	 1.34		6	 4
2017	 1.32		5	 1

TOTAL Day Violations:   75.0
TOTAL Batt Violations:  36.0

Run time: 0:29:02.464244


Seed ARG:  6
Device:  cpu
Train time: 0:28:40.503537
YEAR	AVG_RWD		VIOLATIONS
			DAY	BATT
2000	 1.19		5	 0
2001	 1.18		7	 0
2002	 1.11		8	 1
2003	 1.25		3	 2
2004	 1.04		13	 2
2005	 1.23		5	 0
2006	 1.28		3	 0
2007	 1.12		10	 3
2008	 1.24		4	 1
2009	 1.18		8	 0
2010	 1.08		12	 3
2011	 1.09		12	 4
2012	 1.09		9	 3
2013	 0.99		21	 4
2014	 0.99		17	 5
2015	 1.09		11	 2
2016	 1.13		11	 5
2017	 1.03		17	 0

TOTAL Day Violations:   176.0
TOTAL Batt Violations:  35.0

Run time: 0:29:13.928352


Seed ARG:  7
Device:  cpu
Train time: 0:28:33.791493
YEAR	AVG_RWD		VIOLATIONS
			DAY	BATT
2000	 1.26		0	 0
2001	 1.27		0	 0
2002	 1.24		1	 0
2003	 1.28		2	 0
2004	 1.18		4	 0
2005	 1.26		1	 0
2006	 1.32		1	 0
2007	 1.22		5	 0
2008	 1.26		2	 0
2009	 1.26		0	 0
2010	 1.23		1	 0
2011	 1.2		4	 0
2012	 1.2		2	 0
2013	 1.16		5	 0
2014	 1.19		3	 0
2015	 1.23		3	 0
2016	 1.22		5	 1
2017	 1.18		4	 0

TOTAL Day Violations:   43.0
TOTAL Batt Violations:  1.0

Run time: 0:29:07.353116


Seed ARG:  8
Device:  cpu
Train time: 0:25:11.255597
YEAR	AVG_RWD		VIOLATIONS
			DAY	BATT
2000	 1.32		0	 0
2001	 1.33		0	 0
2002	 1.29		1	 0
2003	 1.32		1	 0
2004	 1.23		6	 0
2005	 1.3		2	 0
2006	 1.35		1	 0
2007	 1.26		5	 1
2008	 1.3		3	 0
2009	 1.32		0	 0
2010	 1.27		3	 0
2011	 1.25		5	 0
2012	 1.22		6	 1
2013	 1.22		5	 0
2014	 1.23		5	 0
2015	 1.3		1	 0
2016	 1.25		8	 3
2017	 1.22		6	 0

TOTAL Day Violations:   58.0
TOTAL Batt Violations:  5.0

Run time: 0:25:43.791122


Seed ARG:  9
Device:  cpu
Train time: 0:28:29.645348
YEAR	AVG_RWD		VIOLATIONS
			DAY	BATT
2000	 1.35		0	 0
2001	 1.4		0	 0
2002	 1.31		0	 0
2003	 1.33		1	 0
2004	 1.31		2	 0
2005	 1.36		0	 0
2006	 1.35		0	 0
2007	 1.32		2	 0
2008	 1.34		0	 0
2009	 1.35		0	 0
2010	 1.34		1	 0
2011	 1.37		0	 0
2012	 1.34		0	 0
2013	 1.35		0	 0
2014	 1.33		1	 0
2015	 1.35		0	 0
2016	 1.35		1	 0
2017	 1.35		0	 0

TOTAL Day Violations:   8.0
TOTAL Batt Violations:  0.0

Run time: 0:29:02.148140
