

Seed ARG:  0
Device:  cpu
Train time: 0:29:26.206311
YEAR	AVG_RWD		VIOLATIONS
			DAY	BATT
2000	 1.35		0	 0
2001	 1.36		0	 0
2002	 1.31		1	 1
2003	 1.37		1	 0
2004	 1.26		4	 0
2005	 1.36		1	 0
2006	 1.4		0	 0
2007	 1.32		3	 1
2008	 1.36		1	 0
2009	 1.36		0	 0
2010	 1.3		3	 0
2011	 1.29		5	 0
2012	 1.28		2	 0
2013	 1.25		4	 0
2014	 1.25		5	 0
2015	 1.31		2	 0
2016	 1.33		4	 2
2017	 1.27		4	 0

TOTAL Day Violations:   40.0
TOTAL Batt Violations:  4.0

Run time: 0:29:58.535479


Seed ARG:  1
Device:  cpu
Train time: 0:25:50.890212
YEAR	AVG_RWD		VIOLATIONS
			DAY	BATT
2000	 1.29		0	 0
2001	 1.32		0	 0
2002	 1.23		1	 0
2003	 1.24		2	 0
2004	 1.25		2	 0
2005	 1.3		0	 0
2006	 1.28		0	 0
2007	 1.27		2	 0
2008	 1.31		0	 0
2009	 1.3		0	 0
2010	 1.27		1	 0
2011	 1.31		0	 0
2012	 1.28		0	 0
2013	 1.29		0	 0
2014	 1.27		1	 0
2015	 1.26		1	 0
2016	 1.28		2	 0
2017	 1.29		0	 0

TOTAL Day Violations:   12.0
TOTAL Batt Violations:  0.0

Run time: 0:26:23.385929


Seed ARG:  2
Device:  cpu
Train time: 0:28:39.972562
YEAR	AVG_RWD		VIOLATIONS
			DAY	BATT
2000	 1.25		0	 0
2001	 1.26		0	 0
2002	 1.2		1	 0
2003	 1.24		1	 0
2004	 1.16		4	 0
2005	 1.23		1	 0
2006	 1.27		0	 0
2007	 1.21		4	 1
2008	 1.23		2	 0
2009	 1.26		0	 0
2010	 1.21		3	 0
2011	 1.18		5	 0
2012	 1.2		2	 0
2013	 1.18		4	 0
2014	 1.18		5	 0
2015	 1.23		2	 0
2016	 1.19		6	 0
2017	 1.16		5	 0

TOTAL Day Violations:   45.0
TOTAL Batt Violations:  1.0

Run time: 0:29:12.447429


Seed ARG:  3
Device:  cpu
Train time: 0:25:25.924504
YEAR	AVG_RWD		VIOLATIONS
			DAY	BATT
2000	 1.21		0	 0
2001	 1.19		0	 0
2002	 1.17		1	 2
2003	 1.2		1	 0
2004	 1.12		5	 1
2005	 1.17		1	 0
2006	 1.23		0	 0
2007	 1.16		3	 2
2008	 1.19		2	 0
2009	 1.2		0	 0
2010	 1.14		4	 0
2011	 1.12		5	 0
2012	 1.16		2	 1
2013	 1.14		4	 0
2014	 1.13		6	 1
2015	 1.18		2	 0
2016	 1.15		5	 3
2017	 1.12		5	 0

TOTAL Day Violations:   46.0
TOTAL Batt Violations:  10.0

Run time: 0:25:57.504542


Seed ARG:  4
Device:  cpu
Train time: 0:28:25.635396
YEAR	AVG_RWD		VIOLATIONS
			DAY	BATT
2000	 1.49		0	 0
2001	 1.51		0	 0
2002	 1.43		0	 0
2003	 0.69		31	 253
2004	 1.46		0	 0
2005	 1.49		0	 0
2006	 1.45		0	 0
2007	 1.48		0	 0
2008	 1.49		0	 0
2009	 1.48		0	 0
2010	 1.48		0	 0
2011	 1.51		0	 0
2012	 1.49		0	 0
2013	 1.49		0	 0
2014	 1.47		0	 0
2015	 1.47		0	 0
2016	 1.48		0	 0
2017	 1.5		0	 0

TOTAL Day Violations:   31.0
TOTAL Batt Violations:  253.0

Run time: 0:28:57.793943
