

Seed ARG:  0
Device:  cpu
Train time: 0:29:19.558230
YEAR	AVG_RWD		VIOLATIONS
			DAY	BATT
2000	 1.37		0	 0
2001	 1.37		0	 0
2002	 1.34		1	 0
2003	 1.38		0	 0
2004	 1.32		1	 0
2005	 1.35		0	 0
2006	 1.39		0	 0
2007	 1.33		3	 0
2008	 1.37		0	 0
2009	 1.37		0	 0
2010	 1.33		1	 0
2011	 1.33		1	 0
2012	 1.33		1	 0
2013	 1.32		2	 0
2014	 1.33		1	 0
2015	 1.37		0	 0
2016	 1.35		3	 0
2017	 1.33		0	 0

TOTAL Day Violations:   14.0
TOTAL Batt Violations:  0.0

Run time: 0:29:51.963973


Seed ARG:  1
Device:  cpu
Train time: 0:28:43.216407
YEAR	AVG_RWD		VIOLATIONS
			DAY	BATT
2000	 0.73		30	 41
2001	 0.78		33	 64
2002	 0.68		29	 59
2003	 0.97		10	 17
2004	 0.55		42	 58
2005	 0.96		17	 22
2006	 1.04		12	 18
2007	 0.74		32	 67
2008	 0.96		14	 8
2009	 0.86		23	 33
2010	 0.68		36	 75
2011	 0.74		33	 54
2012	 0.64		37	 54
2013	 0.6		43	 84
2014	 0.49		52	 110
2015	 0.64		39	 81
2016	 0.82		30	 50
2017	 0.65		41	 87

TOTAL Day Violations:   553.0
TOTAL Batt Violations:  982.0

Run time: 0:29:16.459931


Seed ARG:  2
Device:  cpu
Train time: 0:28:44.998679
YEAR	AVG_RWD		VIOLATIONS
			DAY	BATT
2000	 1.43		0	 0
2001	 1.44		0	 0
2002	 1.4		0	 0
2003	 1.38		2	 0
2004	 1.37		4	 0
2005	 1.4		1	 0
2006	 1.42		0	 0
2007	 1.4		3	 0
2008	 1.42		0	 0
2009	 1.42		0	 0
2010	 1.4		1	 0
2011	 1.41		2	 0
2012	 1.41		1	 0
2013	 1.42		1	 0
2014	 1.39		2	 0
2015	 1.43		1	 0
2016	 1.42		2	 0
2017	 1.41		0	 0

TOTAL Day Violations:   20.0
TOTAL Batt Violations:  0.0

Run time: 0:29:18.277401


Seed ARG:  3
Device:  cpu
Train time: 0:28:18.455618
YEAR	AVG_RWD		VIOLATIONS
			DAY	BATT
2000	 1.33		0	 0
2001	 1.34		0	 0
2002	 1.29		1	 0
2003	 1.31		2	 0
2004	 1.26		3	 1
2005	 1.32		1	 0
2006	 1.36		0	 0
2007	 1.31		2	 2
2008	 1.33		2	 0
2009	 1.35		0	 0
2010	 1.29		3	 0
2011	 1.27		5	 1
2012	 1.28		2	 0
2013	 1.27		4	 0
2014	 1.24		5	 1
2015	 1.31		2	 1
2016	 1.29		5	 2
2017	 1.28		3	 0

TOTAL Day Violations:   40.0
TOTAL Batt Violations:  8.0

Run time: 0:28:50.837155


Seed ARG:  4
Device:  cpu
Train time: 0:28:28.928422
YEAR	AVG_RWD		VIOLATIONS
			DAY	BATT
2000	 1.25		0	 0
2001	 1.28		0	 0
2002	 1.21		1	 0
2003	 1.22		3	 0
2004	 1.19		3	 0
2005	 1.24		0	 0
2006	 1.24		0	 0
2007	 1.23		1	 0
2008	 1.24		1	 0
2009	 1.25		0	 0
2010	 1.21		1	 0
2011	 1.22		2	 0
2012	 1.22		0	 0
2013	 1.19		1	 0
2014	 1.19		2	 1
2015	 1.23		1	 0
2016	 1.22		3	 0
2017	 1.23		1	 0

TOTAL Day Violations:   20.0
TOTAL Batt Violations:  1.0

Run time: 0:29:02.452808


Seed ARG:  5
Device:  cpu
Train time: 0:25:10.752104
YEAR	AVG_RWD		VIOLATIONS
			DAY	BATT
2000	 1.3		0	 0
2001	 1.3		0	 0
2002	 1.25		1	 0
2003	 1.3		1	 0
2004	 1.2		5	 0
2005	 1.28		1	 0
2006	 1.32		0	 0
2007	 1.24		3	 1
2008	 1.28		2	 0
2009	 1.29		0	 0
2010	 1.23		3	 0
2011	 1.21		5	 0
2012	 1.24		2	 0
2013	 1.21		5	 0
2014	 1.21		5	 0
2015	 1.25		2	 0
2016	 1.24		5	 1
2017	 1.22		4	 0

TOTAL Day Violations:   44.0
TOTAL Batt Violations:  2.0

Run time: 0:25:43.218934


Seed ARG:  6
Device:  cpu
Train time: 0:28:34.229080
YEAR	AVG_RWD		VIOLATIONS
			DAY	BATT
2000	 1.31		0	 0
2001	 1.32		0	 0
2002	 1.25		1	 0
2003	 1.3		2	 0
2004	 1.26		2	 0
2005	 1.3		0	 0
2006	 1.31		0	 0
2007	 1.27		2	 0
2008	 1.3		1	 0
2009	 1.31		0	 0
2010	 1.26		2	 0
2011	 1.28		2	 0
2012	 1.26		2	 0
2013	 1.25		3	 0
2014	 1.25		2	 0
2015	 1.28		1	 0
2016	 1.28		4	 0
2017	 1.27		2	 0

TOTAL Day Violations:   26.0
TOTAL Batt Violations:  0.0

Run time: 0:29:07.195204


Seed ARG:  7
Device:  cpu
Train time: 0:28:43.599615
YEAR	AVG_RWD		VIOLATIONS
			DAY	BATT
2000	 1.28		0	 0
2001	 1.29		0	 0
2002	 1.25		1	 0
2003	 1.27		1	 0
2004	 1.22		4	 1
2005	 1.25		1	 0
2006	 1.3		0	 0
2007	 1.25		3	 1
2008	 1.25		2	 0
2009	 1.28		0	 0
2010	 1.25		3	 0
2011	 1.21		4	 0
2012	 1.23		2	 1
2013	 1.22		4	 0
2014	 1.22		4	 1
2015	 1.28		1	 0
2016	 1.22		6	 0
2017	 1.26		1	 0

TOTAL Day Violations:   37.0
TOTAL Batt Violations:  4.0

Run time: 0:29:16.580265


Seed ARG:  8
Device:  cpu
Train time: 0:28:18.768076
YEAR	AVG_RWD		VIOLATIONS
			DAY	BATT
2000	 1.17		1	 0
2001	 1.19		2	 0
2002	 1.13		2	 2
2003	 1.16		2	 1
2004	 1.1		7	 4
2005	 1.17		1	 0
2006	 1.22		1	 0
2007	 1.15		4	 6
2008	 1.16		3	 1
2009	 1.17		2	 0
2010	 1.12		6	 2
2011	 1.06		11	 1
2012	 1.1		7	 3
2013	 1.08		7	 4
2014	 1.08		9	 6
2015	 1.13		6	 0
2016	 1.11		9	 7
2017	 1.13		5	 2

TOTAL Day Violations:   85.0
TOTAL Batt Violations:  39.0

Run time: 0:28:51.492195


Seed ARG:  9
Device:  cpu
Train time: 0:28:18.957056
YEAR	AVG_RWD		VIOLATIONS
			DAY	BATT
2000	 1.36		0	 0
2001	 1.36		0	 0
2002	 1.32		1	 1
2003	 1.37		1	 0
2004	 1.29		4	 0
2005	 1.35		1	 0
2006	 1.38		0	 0
2007	 1.32		3	 0
2008	 1.36		1	 0
2009	 1.37		0	 0
2010	 1.28		6	 0
2011	 1.29		6	 0
2012	 1.31		2	 0
2013	 1.25		8	 0
2014	 1.28		5	 0
2015	 1.32		4	 0
2016	 1.33		5	 2
2017	 1.29		5	 0

TOTAL Day Violations:   52.0
TOTAL Batt Violations:  3.0

Run time: 0:28:51.651257
