

Seed ARG:  0
Device:  cpu
Train time: 0:29:34.053170
YEAR	AVG_RWD		VIOLATIONS
			DAY	BATT
2000	 1.31		0	 0
2001	 1.32		0	 0
2002	 1.29		1	 0
2003	 1.32		1	 0
2004	 1.25		3	 0
2005	 1.29		0	 0
2006	 1.36		0	 0
2007	 1.28		3	 0
2008	 1.3		1	 0
2009	 1.32		0	 0
2010	 1.28		2	 0
2011	 1.24		5	 0
2012	 1.26		2	 0
2013	 1.25		3	 0
2014	 1.25		3	 0
2015	 1.3		2	 0
2016	 1.28		5	 1
2017	 1.26		3	 0

TOTAL Day Violations:   34.0
TOTAL Batt Violations:  1.0

Run time: 0:30:05.744328


Seed ARG:  1
Device:  cpu
Train time: 0:28:34.875649
YEAR	AVG_RWD		VIOLATIONS
			DAY	BATT
2000	 1.35		0	 0
2001	 1.36		0	 0
2002	 1.33		1	 0
2003	 1.35		1	 0
2004	 1.3		1	 0
2005	 1.33		0	 0
2006	 1.39		0	 0
2007	 1.32		3	 0
2008	 1.35		0	 0
2009	 1.36		0	 0
2010	 1.33		1	 0
2011	 1.32		1	 0
2012	 1.31		1	 0
2013	 1.29		3	 0
2014	 1.31		1	 0
2015	 1.35		1	 0
2016	 1.32		4	 0
2017	 1.33		0	 0

TOTAL Day Violations:   18.0
TOTAL Batt Violations:  0.0

Run time: 0:29:07.282531


Seed ARG:  2
Device:  cpu
Train time: 0:28:33.190517
YEAR	AVG_RWD		VIOLATIONS
			DAY	BATT
2000	 1.17		0	 0
2001	 1.16		0	 0
2002	 1.15		1	 0
2003	 1.19		1	 0
2004	 1.08		4	 0
2005	 1.14		1	 0
2006	 1.22		0	 0
2007	 1.13		3	 1
2008	 1.15		2	 0
2009	 1.18		0	 0
2010	 1.12		3	 0
2011	 1.09		4	 0
2012	 1.1		2	 0
2013	 1.07		4	 0
2014	 1.09		3	 0
2015	 1.14		2	 0
2016	 1.12		5	 3
2017	 1.1		3	 0

TOTAL Day Violations:   38.0
TOTAL Batt Violations:  4.0

Run time: 0:29:07.842115


Seed ARG:  3
Device:  cpu
Train time: 0:25:02.646331
YEAR	AVG_RWD		VIOLATIONS
			DAY	BATT
2000	 1.24		0	 0
2001	 1.24		0	 0
2002	 1.2		1	 0
2003	 1.25		1	 0
2004	 1.15		5	 2
2005	 1.2		1	 0
2006	 1.29		0	 0
2007	 1.2		3	 3
2008	 1.21		2	 0
2009	 1.24		0	 0
2010	 1.19		3	 0
2011	 1.16		5	 0
2012	 1.17		2	 0
2013	 1.15		4	 0
2014	 1.15		6	 2
2015	 1.22		2	 0
2016	 1.21		5	 4
2017	 1.17		4	 0

TOTAL Day Violations:   44.0
TOTAL Batt Violations:  11.0

Run time: 0:25:34.578597


Seed ARG:  4
Device:  cpu
Train time: 0:25:08.257025
YEAR	AVG_RWD		VIOLATIONS
			DAY	BATT
2000	 1.33		0	 0
2001	 1.33		0	 0
2002	 1.3		1	 0
2003	 1.32		1	 0
2004	 1.26		3	 1
2005	 1.3		0	 0
2006	 1.33		2	 0
2007	 1.29		3	 2
2008	 1.3		1	 0
2009	 1.33		0	 0
2010	 1.29		3	 1
2011	 1.27		4	 2
2012	 1.29		1	 0
2013	 1.28		2	 0
2014	 1.27		3	 2
2015	 1.32		1	 0
2016	 1.29		5	 5
2017	 1.29		1	 0

TOTAL Day Violations:   31.0
TOTAL Batt Violations:  13.0

Run time: 0:25:40.403996


Seed ARG:  5
Device:  cpu
Train time: 0:28:25.574034
YEAR	AVG_RWD		VIOLATIONS
			DAY	BATT
2000	 1.15		3	 0
2001	 1.13		6	 0
2002	 1.12		4	 2
2003	 1.2		1	 1
2004	 1.02		12	 5
2005	 1.15		2	 1
2006	 1.21		2	 0
2007	 1.07		10	 4
2008	 1.15		5	 4
2009	 1.14		5	 0
2010	 1.05		11	 5
2011	 1.04		11	 5
2012	 1.07		8	 3
2013	 1.01		13	 4
2014	 1.0		14	 6
2015	 1.1		8	 4
2016	 1.08		11	 6
2017	 0.98		17	 3

TOTAL Day Violations:   143.0
TOTAL Batt Violations:  53.0

Run time: 0:28:58.207268


Seed ARG:  6
Device:  cpu
Train time: 0:28:27.764283
YEAR	AVG_RWD		VIOLATIONS
			DAY	BATT
2000	 1.17		0	 0
2001	 1.19		0	 0
2002	 1.13		1	 0
2003	 1.16		1	 0
2004	 1.1		2	 0
2005	 1.16		0	 0
2006	 1.23		0	 0
2007	 1.14		1	 0
2008	 1.13		1	 0
2009	 1.19		0	 0
2010	 1.14		0	 0
2011	 1.1		3	 0
2012	 1.1		0	 0
2013	 1.07		0	 0
2014	 1.1		2	 0
2015	 1.16		0	 0
2016	 1.15		3	 0
2017	 1.12		0	 0

TOTAL Day Violations:   14.0
TOTAL Batt Violations:  0.0

Run time: 0:29:00.373006


Seed ARG:  7
Device:  cpu
Train time: 0:28:24.721699
YEAR	AVG_RWD		VIOLATIONS
			DAY	BATT
2000	 1.27		0	 0
2001	 1.26		2	 0
2002	 1.19		2	 2
2003	 1.27		1	 1
2004	 1.14		7	 1
2005	 1.25		1	 0
2006	 1.3		0	 0
2007	 1.19		6	 1
2008	 1.25		2	 0
2009	 1.27		0	 0
2010	 1.19		5	 0
2011	 1.19		6	 0
2012	 1.17		5	 1
2013	 1.12		9	 2
2014	 1.16		6	 0
2015	 1.2		5	 0
2016	 1.18		9	 1
2017	 1.16		6	 0

TOTAL Day Violations:   72.0
TOTAL Batt Violations:  9.0

Run time: 0:28:57.306052


Seed ARG:  8
Device:  cpu
Train time: 0:28:16.410207
YEAR	AVG_RWD		VIOLATIONS
			DAY	BATT
2000	 1.39		0	 0
2001	 1.41		0	 0
2002	 1.34		1	 2
2003	 1.36		2	 0
2004	 1.31		5	 1
2005	 1.38		1	 0
2006	 1.4		0	 0
2007	 1.36		3	 1
2008	 1.37		2	 0
2009	 1.39		0	 0
2010	 1.35		3	 1
2011	 1.35		5	 0
2012	 1.34		2	 1
2013	 1.33		5	 1
2014	 1.31		5	 2
2015	 1.34		2	 0
2016	 1.35		5	 3
2017	 1.34		5	 0

TOTAL Day Violations:   46.0
TOTAL Batt Violations:  12.0

Run time: 0:28:49.298120


Seed ARG:  9
Device:  cpu
Train time: 0:28:28.639157
YEAR	AVG_RWD		VIOLATIONS
			DAY	BATT
2000	 1.17		0	 0
2001	 1.17		0	 0
2002	 1.12		3	 0
2003	 1.18		1	 0
2004	 1.07		6	 4
2005	 1.14		1	 0
2006	 1.21		0	 0
2007	 1.1		5	 2
2008	 1.13		4	 1
2009	 1.16		1	 0
2010	 1.09		5	 2
2011	 1.08		6	 4
2012	 1.08		5	 1
2013	 1.04		8	 2
2014	 1.05		8	 3
2015	 1.11		6	 1
2016	 1.09		8	 2
2017	 1.05		8	 2

TOTAL Day Violations:   75.0
TOTAL Batt Violations:  24.0

Run time: 0:29:01.149312
