

Seed ARG:  0
Device:  cpu
Train time: 0:28:11.958371
YEAR	AVG_RWD		VIOLATIONS
			DAY	BATT
2000	 1.13		0	 0
2001	 1.13		0	 0
2002	 1.12		1	 0
2003	 1.17		1	 0
2004	 1.05		5	 0
2005	 1.12		1	 0
2006	 1.2		0	 0
2007	 1.09		4	 1
2008	 1.13		2	 0
2009	 1.15		0	 0
2010	 1.09		3	 0
2011	 1.05		5	 0
2012	 1.08		2	 0
2013	 1.04		4	 0
2014	 1.04		5	 0
2015	 1.11		2	 0
2016	 1.09		5	 2
2017	 1.06		4	 0

TOTAL Day Violations:   44.0
TOTAL Batt Violations:  3.0

Run time: 0:28:45.386185


Seed ARG:  1
Device:  cpu
Train time: 0:24:53.475706
YEAR	AVG_RWD		VIOLATIONS
			DAY	BATT
2000	 1.08		0	 0
2001	 1.07		1	 0
2002	 1.05		1	 2
2003	 1.08		2	 0
2004	 0.98		6	 2
2005	 1.04		2	 0
2006	 1.12		2	 0
2007	 1.02		5	 1
2008	 1.04		5	 0
2009	 1.08		1	 0
2010	 1.01		5	 0
2011	 0.99		6	 0
2012	 1.02		3	 1
2013	 0.94		8	 0
2014	 0.99		5	 2
2015	 1.04		4	 0
2016	 1.0		10	 3
2017	 0.96		8	 0

TOTAL Day Violations:   74.0
TOTAL Batt Violations:  11.0

Run time: 0:25:25.792257


Seed ARG:  2
Device:  cpu
Train time: 0:28:17.883421
YEAR	AVG_RWD		VIOLATIONS
			DAY	BATT
2000	 1.0		1	 0
2001	 1.08		0	 0
2002	 0.94		2	 0
2003	 0.96		4	 0
2004	 1.02		1	 0
2005	 1.09		0	 0
2006	 0.99		1	 0
2007	 1.03		2	 0
2008	 1.05		0	 0
2009	 1.08		0	 0
2010	 1.06		1	 0
2011	 1.11		1	 0
2012	 1.07		0	 0
2013	 1.08		0	 0
2014	 1.04		2	 0
2015	 1.03		0	 0
2016	 1.05		1	 0
2017	 1.12		1	 0

TOTAL Day Violations:   17.0
TOTAL Batt Violations:  0.0

Run time: 0:28:50.565060


Seed ARG:  3
Device:  cpu
Train time: 0:28:13.719324
YEAR	AVG_RWD		VIOLATIONS
			DAY	BATT
2000	 1.21		0	 0
2001	 1.21		0	 0
2002	 1.17		1	 0
2003	 1.15		2	 0
2004	 1.14		5	 0
2005	 1.14		1	 0
2006	 1.2		0	 0
2007	 1.17		3	 0
2008	 1.14		2	 0
2009	 1.19		0	 0
2010	 1.18		1	 0
2011	 1.13		4	 0
2012	 1.16		2	 1
2013	 1.16		2	 0
2014	 1.17		3	 0
2015	 1.2		1	 0
2016	 1.15		5	 0
2017	 1.13		2	 0

TOTAL Day Violations:   34.0
TOTAL Batt Violations:  1.0

Run time: 0:28:46.476224
