

Seed ARG:  0
Device:  cpu
Train time: 0:28:01.296940
YEAR	AVG_RWD		VIOLATIONS
			DAY	BATT
2000	 1.26		0	 0
2001	 1.33		0	 0
2002	 1.26		0	 0
2003	 1.26		2	 0
2004	 1.25		1	 0
2005	 1.3		0	 0
2006	 1.3		0	 0
2007	 1.29		1	 0
2008	 1.3		0	 0
2009	 1.3		0	 0
2010	 1.28		0	 0
2011	 1.29		0	 0
2012	 1.27		0	 0
2013	 1.26		0	 0
2014	 1.26		1	 0
2015	 1.28		0	 0
2016	 1.3		1	 0
2017	 1.28		0	 0

TOTAL Day Violations:   6.0
TOTAL Batt Violations:  0.0

Run time: 0:28:33.538002


Seed ARG:  1
Device:  cpu
Train time: 0:25:04.873323
YEAR	AVG_RWD		VIOLATIONS
			DAY	BATT
2000	 1.46		2	 0
2001	 1.54		0	 0
2002	 1.38		5	 20
2003	 1.44		3	 17
2004	 1.51		0	 0
2005	 1.55		0	 0
2006	 1.47		0	 0
2007	 1.53		0	 0
2008	 1.53		0	 0
2009	 1.52		0	 0
2010	 1.51		1	 0
2011	 1.55		0	 0
2012	 1.52		0	 0
2013	 1.53		1	 0
2014	 1.41		5	 10
2015	 1.52		0	 0
2016	 1.55		0	 0
2017	 1.46		4	 19

TOTAL Day Violations:   21.0
TOTAL Batt Violations:  66.0

Run time: 0:25:37.484194


Seed ARG:  2
Device:  cpu
Train time: 0:28:17.984968
YEAR	AVG_RWD		VIOLATIONS
			DAY	BATT
2000	 1.39		0	 0
2001	 1.41		0	 0
2002	 1.36		0	 0
2003	 1.34		2	 0
2004	 1.35		1	 0
2005	 1.37		0	 0
2006	 1.39		0	 0
2007	 1.36		3	 0
2008	 1.37		0	 0
2009	 1.39		0	 0
2010	 1.37		0	 0
2011	 1.37		1	 0
2012	 1.36		0	 0
2013	 1.37		0	 0
2014	 1.34		0	 0
2015	 1.39		0	 0
2016	 1.39		0	 0
2017	 1.37		0	 0

TOTAL Day Violations:   7.0
TOTAL Batt Violations:  0.0

Run time: 0:28:50.582344


Seed ARG:  3
Device:  cpu
Train time: 0:24:56.425028
YEAR	AVG_RWD		VIOLATIONS
			DAY	BATT
2000	 1.35		0	 0
2001	 1.4		0	 0
2002	 1.29		1	 0
2003	 1.32		2	 0
2004	 1.32		1	 0
2005	 1.37		0	 0
2006	 1.36		0	 0
2007	 1.34		1	 2
2008	 1.36		0	 0
2009	 1.37		0	 0
2010	 1.34		0	 0
2011	 1.37		0	 0
2012	 1.34		0	 0
2013	 1.34		0	 0
2014	 1.33		0	 0
2015	 1.34		1	 0
2016	 1.35		1	 0
2017	 1.37		0	 0

TOTAL Day Violations:   7.0
TOTAL Batt Violations:  2.0

Run time: 0:25:29.486337
