
MODEL :  G3c
SEED  :  0
HOST  :  a76d7d3b3289
DEVICE:  cpu
Train time: 1:07:53.162048

YEAR	AVG_RWD		VIOLATIONS
				DAY	BATT
2000	 1.29		0	 0
2001	 1.28		1	 0
2002	 1.28		0	 0
2003	 1.29		1	 0
2004	 1.22		4	 2
2005	 1.26		1	 0
2006	 1.32		0	 0
2007	 1.27		2	 0
2008	 1.29		0	 0
2009	 1.3		0	 0
2010	 1.25		3	 0
2011	 1.23		4	 0
2012	 1.24		3	 0
2013	 1.25		2	 0
2014	 1.24		3	 1
2015	 1.26		3	 0
2016	 1.26		4	 0
2017	 1.25		2	 0

TOTAL Day Violations:   33.0
TOTAL Batt Violations:  3.0

MODEL :  G3c
SEED  :  1
HOST  :  a76d7d3b3289
DEVICE:  cpu
Train time: 0:55:36.692360

YEAR	AVG_RWD		VIOLATIONS
				DAY	BATT
2000	 1.32		0	 0
2001	 1.31		1	 0
2002	 1.29		1	 1
2003	 1.32		1	 0
2004	 1.22		6	 0
2005	 1.3		1	 0
2006	 1.34		1	 0
2007	 1.27		4	 2
2008	 1.3		2	 0
2009	 1.31		1	 0
2010	 1.27		3	 0
2011	 1.23		6	 0
2012	 1.26		3	 1
2013	 1.25		4	 2
2014	 1.23		6	 1
2015	 1.29		2	 0
2016	 1.27		5	 4
2017	 1.24		4	 0

TOTAL Day Violations:   51.0
TOTAL Batt Violations:  11.0

MODEL :  G3c
SEED  :  2
HOST  :  a76d7d3b3289
DEVICE:  cpu
Train time: 1:06:14.956167

YEAR	AVG_RWD		VIOLATIONS
				DAY	BATT
2000	 1.43		0	 0
2001	 1.44		0	 0
2002	 1.37		2	 0
2003	 1.43		1	 0
2004	 1.34		4	 0
2005	 1.42		1	 1
2006	 1.45		0	 0
2007	 1.38		3	 1
2008	 1.41		2	 0
2009	 1.43		0	 0
2010	 1.37		3	 0
2011	 1.37		5	 0
2012	 1.36		2	 0
2013	 1.35		4	 0
2014	 1.33		5	 0
2015	 1.38		2	 0
2016	 1.38		5	 1
2017	 1.37		4	 0

TOTAL Day Violations:   43.0
TOTAL Batt Violations:  3.0

MODEL :  G3c
SEED  :  3
HOST  :  a76d7d3b3289
DEVICE:  cpu
Train time: 1:06:51.262700

YEAR	AVG_RWD		VIOLATIONS
				DAY	BATT
2000	 1.28		0	 0
2001	 1.29		3	 0
2002	 1.23		2	 0
2003	 1.28		1	 0
2004	 1.17		7	 2
2005	 1.24		2	 0
2006	 1.31		1	 0
2007	 1.23		4	 5
2008	 1.21		6	 0
2009	 1.27		3	 0
2010	 1.21		5	 0
2011	 1.18		9	 2
2012	 1.17		7	 0
2013	 1.19		6	 0
2014	 1.17		9	 2
2015	 1.26		4	 1
2016	 1.25		6	 6
2017	 1.23		5	 1

TOTAL Day Violations:   80.0
TOTAL Batt Violations:  19.0

MODEL :  G3c
SEED  :  4
HOST  :  a76d7d3b3289
DEVICE:  cpu
Train time: 0:57:31.083756

YEAR	AVG_RWD		VIOLATIONS
				DAY	BATT
2000	 1.34		0	 0
2001	 1.36		0	 0
2002	 1.3		1	 0
2003	 1.33		1	 0
2004	 1.28		2	 0
2005	 1.33		0	 0
2006	 1.37		0	 0
2007	 1.31		2	 0
2008	 1.32		1	 0
2009	 1.34		0	 0
2010	 1.31		2	 0
2011	 1.31		0	 0
2012	 1.3		0	 0
2013	 1.27		3	 0
2014	 1.3		1	 0
2015	 1.33		1	 0
2016	 1.32		3	 0
2017	 1.3		1	 0

TOTAL Day Violations:   18.0
TOTAL Batt Violations:  0.0

MODEL :  G3c
SEED  :  5
HOST  :  a76d7d3b3289
DEVICE:  cpu
Train time: 1:07:37.181608

YEAR	AVG_RWD		VIOLATIONS
				DAY	BATT
2000	 1.28		8	 0
2001	 1.26		10	 0
2002	 1.21		13	 2
2003	 1.35		4	 2
2004	 1.14		17	 8
2005	 1.32		6	 2
2006	 1.35		7	 0
2007	 1.17		18	 8
2008	 1.3		8	 4
2009	 1.25		11	 0
2010	 1.16		17	 7
2011	 1.13		21	 10
2012	 1.17		15	 5
2013	 1.1		22	 11
2014	 1.1		20	 13
2015	 1.11		23	 5
2016	 1.2		16	 13
2017	 1.11		22	 7

TOTAL Day Violations:   258.0
TOTAL Batt Violations:  97.0

MODEL :  G3c
SEED  :  6
HOST  :  a76d7d3b3289
DEVICE:  cpu
Train time: 1:06:11.232845

YEAR	AVG_RWD		VIOLATIONS
				DAY	BATT
2000	 1.08		21	 0
2001	 1.07		22	 0
2002	 1.05		21	 2
2003	 1.21		10	 2
2004	 0.97		26	 5
2005	 1.14		14	 0
2006	 1.22		12	 0
2007	 1.01		27	 5
2008	 1.16		14	 1
2009	 1.07		23	 0
2010	 0.98		28	 3
2011	 0.98		28	 5
2012	 1.01		22	 1
2013	 0.92		31	 6
2014	 0.89		34	 8
2015	 0.99		29	 3
2016	 1.06		23	 8
2017	 0.98		28	 1

TOTAL Day Violations:   413.0
TOTAL Batt Violations:  50.0

MODEL :  G3c
SEED  :  7
HOST  :  a76d7d3b3289
DEVICE:  cpu
Train time: 1:05:28.216726

YEAR	AVG_RWD		VIOLATIONS
				DAY	BATT
2000	 1.41		0	 0
2001	 1.4		0	 0
2002	 1.36		1	 0
2003	 1.41		1	 0
2004	 1.34		2	 0
2005	 1.39		1	 0
2006	 1.43		0	 0
2007	 1.37		2	 0
2008	 1.4		1	 0
2009	 1.41		0	 0
2010	 1.36		2	 0
2011	 1.37		1	 0
2012	 1.37		0	 0
2013	 1.33		4	 0
2014	 1.32		4	 0
2015	 1.37		1	 0
2016	 1.36		4	 0
2017	 1.35		2	 0

TOTAL Day Violations:   26.0
TOTAL Batt Violations:  0.0

MODEL :  G3c
SEED  :  8
HOST  :  a76d7d3b3289
DEVICE:  cpu
Train time: 1:07:50.646224

YEAR	AVG_RWD		VIOLATIONS
				DAY	BATT
2000	 1.51		0	 0
2001	 1.52		0	 0
2002	 1.47		0	 0
2003	 1.49		0	 0
2004	 1.47		1	 0
2005	 1.5		0	 0
2006	 1.51		0	 0
2007	 1.49		1	 0
2008	 1.5		0	 0
2009	 1.51		0	 0
2010	 1.49		0	 0
2011	 1.5		0	 0
2012	 1.48		0	 0
2013	 1.49		0	 0
2014	 1.48		0	 0
2015	 1.5		0	 0
2016	 1.5		1	 0
2017	 1.5		0	 0

TOTAL Day Violations:   3.0
TOTAL Batt Violations:  0.0

MODEL :  G3c
SEED  :  9
HOST  :  a76d7d3b3289
DEVICE:  cpu
Train time: 1:07:27.660854

YEAR	AVG_RWD		VIOLATIONS
				DAY	BATT
2000	 1.31		0	 0
2001	 1.31		0	 0
2002	 1.29		1	 0
2003	 1.29		1	 0
2004	 1.25		4	 1
2005	 1.29		1	 0
2006	 1.33		0	 0
2007	 1.27		3	 0
2008	 1.28		2	 0
2009	 1.31		0	 0
2010	 1.27		3	 0
2011	 1.23		5	 1
2012	 1.26		2	 0
2013	 1.27		3	 0
2014	 1.26		4	 1
2015	 1.3		2	 0
2016	 1.26		5	 1
2017	 1.25		4	 0

TOTAL Day Violations:   40.0
TOTAL Batt Violations:  4.0
