
MODEL:  G4a
SEED :  0
HOST :  75471690b8bf
DEVICE:   cpu
Train time: 0:10:05.585863

YEAR	AVG_RWD		VIOLATIONS
				DAY	BATT
2000	 1.45		0	 0
2001	 1.47		0	 0
2002	 1.39		1	 0
2003	 1.45		0	 0
2004	 1.43		0	 0
2005	 1.47		0	 0
2006	 1.46		1	 0
2007	 1.44		2	 0
2008	 1.46		1	 0
2009	 1.44		1	 0
2010	 1.45		0	 0
2011	 1.46		0	 0
2012	 1.42		2	 0
2013	 1.4		4	 0
2014	 1.43		0	 0
2015	 1.41		3	 0
2016	 1.43		4	 0
2017	 1.44		1	 0

TOTAL Day Violations:   20.0
TOTAL Batt Violations:  0.0

MODEL:  G4a
SEED :  1
HOST :  75471690b8bf
DEVICE:   cpu
Train time: 0:09:55.073970

YEAR	AVG_RWD		VIOLATIONS
				DAY	BATT
2000	 1.31		0	 0
2001	 1.32		1	 0
2002	 1.27		1	 0
2003	 1.32		1	 0
2004	 1.21		4	 2
2005	 1.3		1	 0
2006	 1.35		0	 0
2007	 1.27		4	 2
2008	 1.29		2	 0
2009	 1.31		1	 0
2010	 1.25		3	 0
2011	 1.23		5	 0
2012	 1.23		3	 0
2013	 1.21		5	 0
2014	 1.22		5	 1
2015	 1.28		3	 0
2016	 1.27		5	 2
2017	 1.24		4	 0

TOTAL Day Violations:   48.0
TOTAL Batt Violations:  7.0

MODEL:  G4a
SEED :  2
HOST :  75471690b8bf
DEVICE:   cpu
Train time: 0:10:08.065534

YEAR	AVG_RWD		VIOLATIONS
				DAY	BATT
2000	 1.21		0	 0
2001	 1.23		0	 0
2002	 1.2		1	 0
2003	 1.22		1	 0
2004	 1.15		4	 0
2005	 1.18		1	 0
2006	 1.26		0	 0
2007	 1.18		3	 0
2008	 1.18		2	 0
2009	 1.23		0	 0
2010	 1.19		1	 0
2011	 1.15		3	 0
2012	 1.16		2	 0
2013	 1.17		0	 0
2014	 1.16		2	 0
2015	 1.21		2	 0
2016	 1.17		5	 0
2017	 1.17		2	 0

TOTAL Day Violations:   29.0
TOTAL Batt Violations:  0.0

MODEL:  G4a
SEED :  3
HOST :  75471690b8bf
DEVICE:   cpu
Train time: 0:10:11.953431

YEAR	AVG_RWD		VIOLATIONS
				DAY	BATT
2000	 1.33		0	 0
2001	 1.33		0	 0
2002	 1.27		2	 1
2003	 1.32		1	 0
2004	 1.24		5	 1
2005	 1.3		1	 0
2006	 1.34		0	 0
2007	 1.27		4	 3
2008	 1.3		2	 0
2009	 1.32		0	 0
2010	 1.25		5	 2
2011	 1.25		6	 1
2012	 1.25		4	 1
2013	 1.24		6	 2
2014	 1.24		6	 2
2015	 1.3		2	 0
2016	 1.27		6	 4
2017	 1.25		5	 0

TOTAL Day Violations:   55.0
TOTAL Batt Violations:  17.0

MODEL:  G4a
SEED :  4
HOST :  75471690b8bf
DEVICE:   cpu
Train time: 0:10:08.561223

YEAR	AVG_RWD		VIOLATIONS
				DAY	BATT
2000	 1.21		1	 0
2001	 1.23		1	 0
2002	 1.18		3	 2
2003	 1.21		1	 2
2004	 1.13		6	 8
2005	 1.17		3	 2
2006	 1.24		1	 0
2007	 1.15		6	 5
2008	 1.13		8	 3
2009	 1.2		2	 0
2010	 1.15		5	 6
2011	 1.11		8	 8
2012	 1.14		5	 3
2013	 1.09		8	 6
2014	 1.11		8	 6
2015	 1.16		6	 2
2016	 1.15		7	 7
2017	 1.14		5	 5

TOTAL Day Violations:   84.0
TOTAL Batt Violations:  65.0

MODEL:  G4a
SEED :  5
HOST :  75471690b8bf
DEVICE:   cpu
Train time: 0:10:06.265050

YEAR	AVG_RWD		VIOLATIONS
				DAY	BATT
2000	 1.21		0	 0
2001	 1.22		0	 0
2002	 1.17		1	 0
2003	 1.21		1	 0
2004	 1.13		3	 0
2005	 1.19		1	 0
2006	 1.26		0	 0
2007	 1.17		3	 0
2008	 1.19		1	 0
2009	 1.21		0	 0
2010	 1.17		3	 0
2011	 1.16		2	 0
2012	 1.13		2	 0
2013	 1.1		4	 0
2014	 1.14		2	 0
2015	 1.2		0	 0
2016	 1.19		3	 0
2017	 1.13		3	 0

TOTAL Day Violations:   29.0
TOTAL Batt Violations:  0.0

MODEL:  G4a
SEED :  6
HOST :  75471690b8bf
DEVICE:   cpu
Train time: 0:09:47.075281

YEAR	AVG_RWD		VIOLATIONS
				DAY	BATT
2000	 1.24		6	 0
2001	 1.23		7	 0
2002	 1.26		2	 0
2003	 1.3		2	 1
2004	 1.21		6	 1
2005	 1.21		5	 0
2006	 1.28		5	 0
2007	 1.21		8	 5
2008	 1.24		5	 1
2009	 1.29		1	 0
2010	 1.2		8	 0
2011	 1.19		8	 1
2012	 1.22		5	 0
2013	 1.17		10	 3
2014	 1.17		11	 2
2015	 1.21		9	 2
2016	 1.23		7	 7
2017	 1.22		5	 0

TOTAL Day Violations:   110.0
TOTAL Batt Violations:  23.0

MODEL:  G4a
SEED :  7
HOST :  75471690b8bf
DEVICE:   cpu
Train time: 0:10:05.348321

YEAR	AVG_RWD		VIOLATIONS
				DAY	BATT
2000	 1.42		0	 0
2001	 1.43		0	 0
2002	 1.36		2	 0
2003	 1.4		1	 0
2004	 1.33		4	 0
2005	 1.4		1	 0
2006	 1.43		0	 0
2007	 1.39		2	 0
2008	 1.4		1	 0
2009	 1.42		0	 0
2010	 1.36		3	 0
2011	 1.38		4	 0
2012	 1.35		2	 0
2013	 1.37		1	 0
2014	 1.31		5	 1
2015	 1.37		2	 0
2016	 1.38		4	 0
2017	 1.36		4	 0

TOTAL Day Violations:   36.0
TOTAL Batt Violations:  1.0

MODEL:  G4a
SEED :  8
HOST :  75471690b8bf
DEVICE:   cpu
Train time: 0:09:44.167505

YEAR	AVG_RWD		VIOLATIONS
				DAY	BATT
2000	 1.46		0	 0
2001	 1.46		0	 0
2002	 1.42		1	 0
2003	 1.44		1	 0
2004	 1.38		4	 0
2005	 1.44		1	 0
2006	 1.47		0	 0
2007	 1.43		2	 0
2008	 1.45		1	 0
2009	 1.46		0	 0
2010	 1.4		3	 0
2011	 1.4		5	 0
2012	 1.41		1	 0
2013	 1.41		2	 0
2014	 1.38		4	 0
2015	 1.43		2	 0
2016	 1.41		5	 0
2017	 1.41		3	 0

TOTAL Day Violations:   35.0
TOTAL Batt Violations:  0.0

MODEL:  G4a
SEED :  9
HOST :  75471690b8bf
DEVICE:   cpu
Train time: 0:10:01.680001

YEAR	AVG_RWD		VIOLATIONS
				DAY	BATT
2000	 1.35		0	 0
2001	 1.38		0	 0
2002	 1.3		1	 0
2003	 1.34		1	 0
2004	 1.33		0	 0
2005	 1.38		0	 0
2006	 1.36		0	 0
2007	 1.34		1	 0
2008	 1.36		0	 0
2009	 1.36		0	 0
2010	 1.34		1	 0
2011	 1.37		1	 0
2012	 1.32		2	 0
2013	 1.32		2	 0
2014	 1.32		1	 0
2015	 1.32		1	 0
2016	 1.34		2	 0
2017	 1.32		1	 0

TOTAL Day Violations:   14.0
TOTAL Batt Violations:  0.0
