
MODEL:  G4b
SEED :  0
HOST :  a76d7d3b3289
DEVICE:   cpu
Train time: 0:19:39.727292

YEAR	AVG_RWD		VIOLATIONS
				DAY	BATT
2000	 1.32		0	 0
2001	 1.34		0	 0
2002	 1.29		1	 0
2003	 1.32		1	 0
2004	 1.27		2	 0
2005	 1.32		0	 0
2006	 1.37		0	 0
2007	 1.31		1	 0
2008	 1.31		1	 0
2009	 1.33		0	 0
2010	 1.29		1	 0
2011	 1.3		0	 0
2012	 1.27		1	 0
2013	 1.26		2	 0
2014	 1.28		1	 0
2015	 1.31		0	 0
2016	 1.32		2	 0
2017	 1.29		0	 0

TOTAL Day Violations:   13.0
TOTAL Batt Violations:  0.0

MODEL:  G4b
SEED :  1
HOST :  a76d7d3b3289
DEVICE:   cpu
Train time: 0:19:56.519864

YEAR	AVG_RWD		VIOLATIONS
				DAY	BATT
2000	 1.31		0	 0
2001	 1.32		0	 0
2002	 1.24		2	 0
2003	 1.31		2	 0
2004	 1.19		2	 2
2005	 1.33		0	 0
2006	 1.36		0	 0
2007	 1.25		2	 2
2008	 1.33		0	 0
2009	 1.29		0	 0
2010	 1.23		1	 1
2011	 1.24		2	 1
2012	 1.2		1	 0
2013	 1.17		4	 0
2014	 1.18		2	 2
2015	 1.24		1	 1
2016	 1.22		8	 2
2017	 1.25		0	 0

TOTAL Day Violations:   27.0
TOTAL Batt Violations:  11.0

MODEL:  G4b
SEED :  2
HOST :  a76d7d3b3289
DEVICE:   cpu
Train time: 0:20:11.558811

YEAR	AVG_RWD		VIOLATIONS
				DAY	BATT
2000	 1.44		0	 0
2001	 1.47		0	 0
2002	 1.35		3	 0
2003	 1.36		3	 0
2004	 1.31		7	 17
2005	 1.24		11	 37
2006	 1.43		0	 0
2007	 1.36		5	 20
2008	 1.43		0	 0
2009	 1.44		0	 0
2010	 1.4		2	 0
2011	 1.37		4	 9
2012	 1.25		10	 46
2013	 1.32		6	 25
2014	 1.34		4	 7
2015	 1.43		0	 0
2016	 1.32		7	 27
2017	 1.37		5	 3

TOTAL Day Violations:   67.0
TOTAL Batt Violations:  191.0

MODEL:  G4b
SEED :  3
HOST :  a76d7d3b3289
DEVICE:   cpu
Train time: 0:19:51.787317

YEAR	AVG_RWD		VIOLATIONS
				DAY	BATT
2000	 1.39		0	 0
2001	 1.39		0	 0
2002	 1.37		0	 0
2003	 1.38		1	 0
2004	 1.33		3	 0
2005	 1.36		0	 0
2006	 1.4		0	 0
2007	 1.37		2	 0
2008	 1.38		0	 0
2009	 1.39		0	 0
2010	 1.35		1	 0
2011	 1.34		2	 0
2012	 1.35		0	 0
2013	 1.37		0	 0
2014	 1.35		1	 2
2015	 1.39		0	 0
2016	 1.37		3	 5
2017	 1.37		0	 0

TOTAL Day Violations:   13.0
TOTAL Batt Violations:  7.0

MODEL:  G4b
SEED :  4
HOST :  a76d7d3b3289
DEVICE:   cpu
Train time: 0:20:28.964196

YEAR	AVG_RWD		VIOLATIONS
				DAY	BATT
2000	 0.98		6	 0
2001	 0.92		12	 0
2002	 0.92		11	 2
2003	 1.01		4	 2
2004	 0.85		14	 7
2005	 0.89		9	 2
2006	 1.02		6	 0
2007	 0.86		18	 5
2008	 0.89		12	 4
2009	 0.92		12	 0
2010	 0.85		16	 3
2011	 0.82		16	 8
2012	 0.84		14	 2
2013	 0.76		22	 3
2014	 0.76		26	 6
2015	 0.89		15	 1
2016	 0.86		21	 8
2017	 0.79		20	 1

TOTAL Day Violations:   254.0
TOTAL Batt Violations:  54.0

MODEL:  G4b
SEED :  5
HOST :  a76d7d3b3289
DEVICE:   cpu
Train time: 0:20:04.167337

YEAR	AVG_RWD		VIOLATIONS
				DAY	BATT
2000	 1.29		1	 0
2001	 1.31		0	 0
2002	 1.24		2	 0
2003	 1.29		2	 0
2004	 1.2		4	 2
2005	 1.27		1	 0
2006	 1.35		0	 0
2007	 1.26		3	 2
2008	 1.28		2	 0
2009	 1.31		0	 0
2010	 1.23		3	 0
2011	 1.21		5	 1
2012	 1.22		2	 0
2013	 1.2		4	 0
2014	 1.18		5	 1
2015	 1.28		2	 2
2016	 1.25		6	 2
2017	 1.23		4	 0

TOTAL Day Violations:   46.0
TOTAL Batt Violations:  10.0

MODEL:  G4b
SEED :  6
HOST :  a76d7d3b3289
DEVICE:   cpu
Train time: 0:19:42.883353

YEAR	AVG_RWD		VIOLATIONS
				DAY	BATT
2000	 1.21		3	 0
2001	 1.23		3	 0
2002	 1.14		5	 0
2003	 1.19		3	 1
2004	 1.11		8	 3
2005	 1.22		1	 0
2006	 1.24		3	 0
2007	 1.16		6	 2
2008	 1.2		4	 0
2009	 1.21		4	 0
2010	 1.15		7	 2
2011	 1.15		9	 1
2012	 1.15		4	 0
2013	 1.09		10	 2
2014	 1.08		11	 3
2015	 1.15		7	 1
2016	 1.17		10	 4
2017	 1.1		11	 0

TOTAL Day Violations:   109.0
TOTAL Batt Violations:  19.0

MODEL:  G4b
SEED :  7
HOST :  a76d7d3b3289
DEVICE:   cpu
Train time: 0:20:09.603608

YEAR	AVG_RWD		VIOLATIONS
				DAY	BATT
2000	 1.22		9	 7
2001	 1.16		15	 8
2002	 1.15		15	 6
2003	 1.29		6	 1
2004	 1.09		18	 10
2005	 1.28		4	 4
2006	 1.32		5	 4
2007	 1.1		20	 19
2008	 1.27		6	 1
2009	 1.22		11	 12
2010	 1.07		22	 14
2011	 1.09		19	 13
2012	 1.09		17	 16
2013	 1.01		25	 24
2014	 1.04		23	 16
2015	 1.07		23	 15
2016	 1.12		20	 22
2017	 1.03		24	 25

TOTAL Day Violations:   282.0
TOTAL Batt Violations:  217.0

MODEL:  G4b
SEED :  8
HOST :  a76d7d3b3289
DEVICE:   cpu
Train time: 0:19:35.007080

YEAR	AVG_RWD		VIOLATIONS
				DAY	BATT
2000	 1.51		0	 0
2001	 1.53		0	 0
2002	 1.48		1	 0
2003	 1.5		1	 0
2004	 1.46		3	 0
2005	 1.51		1	 0
2006	 1.52		0	 0
2007	 1.5		2	 0
2008	 1.51		1	 0
2009	 1.51		0	 0
2010	 1.48		2	 0
2011	 1.49		2	 0
2012	 1.48		1	 0
2013	 1.47		4	 0
2014	 1.45		4	 0
2015	 1.5		0	 0
2016	 1.48		4	 0
2017	 1.48		2	 0

TOTAL Day Violations:   28.0
TOTAL Batt Violations:  0.0

MODEL:  G4b
SEED :  9
HOST :  a76d7d3b3289
DEVICE:   cpu
Train time: 0:19:54.841704

YEAR	AVG_RWD		VIOLATIONS
				DAY	BATT
2000	 1.35		0	 0
2001	 1.34		0	 0
2002	 1.31		1	 0
2003	 1.35		0	 0
2004	 1.29		1	 0
2005	 1.32		0	 0
2006	 1.37		0	 0
2007	 1.31		2	 0
2008	 1.32		1	 0
2009	 1.35		0	 0
2010	 1.3		2	 0
2011	 1.29		2	 0
2012	 1.31		0	 0
2013	 1.31		0	 0
2014	 1.3		2	 0
2015	 1.33		1	 0
2016	 1.32		2	 0
2017	 1.31		0	 0

TOTAL Day Violations:   14.0
TOTAL Batt Violations:  0.0
