
MODEL :  G4c
SEED  :  0
HOST  :  75471690b8bf
DEVICE:  cpu
Train time: 0:09:52.097055

YEAR	AVG_RWD		VIOLATIONS
				DAY	BATT
2000	 1.34		0	 0
2001	 1.32		3	 0
2002	 1.3		2	 0
2003	 1.35		1	 0
2004	 1.25		5	 1
2005	 1.33		2	 0
2006	 1.37		2	 0
2007	 1.29		5	 0
2008	 1.35		1	 0
2009	 1.35		0	 0
2010	 1.26		6	 1
2011	 1.26		7	 0
2012	 1.27		4	 0
2013	 1.21		8	 2
2014	 1.21		9	 1
2015	 1.29		5	 0
2016	 1.27		10	 2
2017	 1.24		8	 0

TOTAL Day Violations:   78.0
TOTAL Batt Violations:  7.0

MODEL :  G4c
SEED  :  1
HOST  :  75471690b8bf
DEVICE:  cpu
Train time: 0:10:04.618819

YEAR	AVG_RWD		VIOLATIONS
				DAY	BATT
2000	 1.33		1	 0
2001	 1.37		0	 0
2002	 1.28		5	 1
2003	 1.19		8	 30
2004	 1.2		8	 2
2005	 1.32		2	 0
2006	 1.3		2	 0
2007	 1.3		6	 1
2008	 1.3		4	 0
2009	 1.32		2	 0
2010	 1.26		6	 1
2011	 1.25		8	 3
2012	 1.24		7	 2
2013	 1.24		9	 1
2014	 1.1		17	 8
2015	 1.31		5	 1
2016	 1.21		10	 15
2017	 1.1		15	 57

TOTAL Day Violations:   115.0
TOTAL Batt Violations:  122.0

MODEL :  G4c
SEED  :  2
HOST  :  75471690b8bf
DEVICE:  cpu
Train time: 0:09:59.678689

YEAR	AVG_RWD		VIOLATIONS
				DAY	BATT
2000	 1.28		0	 0
2001	 1.29		0	 0
2002	 1.25		2	 1
2003	 1.28		1	 0
2004	 1.18		5	 0
2005	 1.24		1	 0
2006	 1.32		0	 0
2007	 1.22		4	 0
2008	 1.24		2	 1
2009	 1.28		0	 0
2010	 1.22		3	 0
2011	 1.2		4	 0
2012	 1.21		2	 1
2013	 1.2		4	 1
2014	 1.19		6	 0
2015	 1.27		2	 0
2016	 1.23		6	 1
2017	 1.2		5	 0

TOTAL Day Violations:   47.0
TOTAL Batt Violations:  5.0

MODEL :  G4c
SEED  :  3
HOST  :  75471690b8bf
DEVICE:  cpu
Train time: 0:09:53.495285

YEAR	AVG_RWD		VIOLATIONS
				DAY	BATT
2000	 1.31		0	 0
2001	 1.31		0	 0
2002	 1.27		0	 0
2003	 1.28		1	 0
2004	 1.23		3	 3
2005	 1.27		0	 0
2006	 1.31		0	 0
2007	 1.27		2	 1
2008	 1.26		2	 0
2009	 1.3		0	 0
2010	 1.28		1	 0
2011	 1.24		4	 0
2012	 1.25		2	 0
2013	 1.26		0	 0
2014	 1.26		2	 2
2015	 1.29		1	 0
2016	 1.27		4	 4
2017	 1.27		0	 0

TOTAL Day Violations:   22.0
TOTAL Batt Violations:  10.0

MODEL :  G4c
SEED  :  4
HOST  :  75471690b8bf
DEVICE:  cpu
Train time: 0:09:47.541928

YEAR	AVG_RWD		VIOLATIONS
				DAY	BATT
2000	 1.32		0	 0
2001	 1.3		2	 0
2002	 1.28		3	 2
2003	 1.31		1	 2
2004	 1.22		5	 5
2005	 1.27		2	 2
2006	 1.35		0	 0
2007	 1.27		5	 6
2008	 1.26		4	 4
2009	 1.32		0	 0
2010	 1.24		6	 6
2011	 1.21		8	 9
2012	 1.25		4	 3
2013	 1.22		8	 7
2014	 1.21		8	 8
2015	 1.29		4	 3
2016	 1.26		6	 8
2017	 1.23		7	 6

TOTAL Day Violations:   73.0
TOTAL Batt Violations:  71.0

MODEL :  G4c
SEED  :  5
HOST  :  75471690b8bf
DEVICE:  cpu
Train time: 0:09:59.795911

YEAR	AVG_RWD		VIOLATIONS
				DAY	BATT
2000	 1.23		0	 0
2001	 1.23		0	 0
2002	 1.2		1	 0
2003	 1.24		0	 0
2004	 1.14		3	 2
2005	 1.2		0	 0
2006	 1.26		0	 0
2007	 1.19		2	 1
2008	 1.21		0	 0
2009	 1.23		0	 0
2010	 1.17		2	 0
2011	 1.15		3	 0
2012	 1.15		2	 0
2013	 1.14		2	 0
2014	 1.14		4	 2
2015	 1.2		2	 0
2016	 1.17		5	 0
2017	 1.15		3	 0

TOTAL Day Violations:   29.0
TOTAL Batt Violations:  5.0

MODEL :  G4c
SEED  :  6
HOST  :  75471690b8bf
DEVICE:  cpu
Train time: 0:09:40.747883

YEAR	AVG_RWD		VIOLATIONS
				DAY	BATT
2000	 1.37		0	 0
2001	 1.39		0	 0
2002	 1.3		2	 0
2003	 1.33		2	 0
2004	 1.28		4	 1
2005	 1.35		1	 0
2006	 1.38		0	 0
2007	 1.32		3	 4
2008	 1.32		4	 0
2009	 1.35		2	 0
2010	 1.3		4	 2
2011	 1.31		6	 2
2012	 1.3		3	 0
2013	 1.29		6	 1
2014	 1.25		7	 2
2015	 1.32		4	 1
2016	 1.31		6	 6
2017	 1.29		6	 1

TOTAL Day Violations:   60.0
TOTAL Batt Violations:  20.0

MODEL :  G4c
SEED  :  7
HOST  :  75471690b8bf
DEVICE:  cpu
Train time: 0:10:02.494861

YEAR	AVG_RWD		VIOLATIONS
				DAY	BATT
2000	 1.05		13	 0
2001	 1.07		14	 0
2002	 1.06		11	 1
2003	 1.15		5	 2
2004	 0.97		18	 8
2005	 1.05		10	 2
2006	 1.15		8	 0
2007	 1.01		17	 5
2008	 1.05		13	 3
2009	 1.07		13	 1
2010	 0.96		21	 4
2011	 0.95		19	 8
2012	 0.96		18	 3
2013	 0.99		14	 3
2014	 0.95		21	 7
2015	 1.06		13	 5
2016	 1.05		15	 10
2017	 1.0		15	 3

TOTAL Day Violations:   258.0
TOTAL Batt Violations:  65.0

MODEL :  G4c
SEED  :  8
HOST  :  75471690b8bf
DEVICE:  cpu
Train time: 0:10:07.681942

YEAR	AVG_RWD		VIOLATIONS
				DAY	BATT
2000	 1.24		0	 0
2001	 1.24		0	 0
2002	 1.21		1	 0
2003	 1.24		1	 0
2004	 1.15		4	 1
2005	 1.2		0	 0
2006	 1.26		0	 0
2007	 1.2		3	 2
2008	 1.21		2	 0
2009	 1.24		0	 0
2010	 1.19		3	 0
2011	 1.17		3	 0
2012	 1.19		1	 0
2013	 1.16		4	 0
2014	 1.18		3	 2
2015	 1.22		2	 0
2016	 1.2		5	 2
2017	 1.19		3	 0

TOTAL Day Violations:   35.0
TOTAL Batt Violations:  7.0

MODEL :  G4c
SEED  :  9
HOST  :  75471690b8bf
DEVICE:  cpu
Train time: 0:09:45.524548

YEAR	AVG_RWD		VIOLATIONS
				DAY	BATT
2000	 1.38		0	 0
2001	 1.37		0	 0
2002	 1.33		1	 0
2003	 1.31		2	 0
2004	 1.3		4	 0
2005	 1.33		1	 0
2006	 1.36		0	 0
2007	 1.33		3	 0
2008	 1.35		1	 0
2009	 1.38		0	 0
2010	 1.34		2	 0
2011	 1.3		4	 0
2012	 1.32		2	 0
2013	 1.3		4	 0
2014	 1.29		3	 0
2015	 1.36		0	 0
2016	 1.34		3	 0
2017	 1.31		2	 0

TOTAL Day Violations:   32.0
TOTAL Batt Violations:  0.0
