
MODEL :  G4d
SEED  :  0
HOST  :  75471690b8bf
DEVICE:  cpu
Train time: 0:10:02.285089

YEAR	AVG_RWD		VIOLATIONS
				DAY	BATT
2000	 1.28		0	 0
2001	 1.26		2	 0
2002	 1.25		2	 1
2003	 1.28		1	 0
2004	 1.19		6	 0
2005	 1.26		1	 0
2006	 1.32		0	 0
2007	 1.21		6	 1
2008	 1.27		2	 0
2009	 1.28		0	 0
2010	 1.2		6	 0
2011	 1.19		6	 0
2012	 1.2		5	 1
2013	 1.15		10	 0
2014	 1.2		5	 0
2015	 1.22		6	 0
2016	 1.18		11	 1
2017	 1.16		9	 0

TOTAL Day Violations:   78.0
TOTAL Batt Violations:  4.0

MODEL :  G4d
SEED  :  1
HOST  :  75471690b8bf
DEVICE:  cpu
Train time: 0:10:09.140500

YEAR	AVG_RWD		VIOLATIONS
				DAY	BATT
2000	 1.29		0	 0
2001	 1.31		0	 0
2002	 1.27		2	 2
2003	 1.3		1	 0
2004	 1.22		5	 1
2005	 1.25		1	 0
2006	 1.32		0	 0
2007	 1.26		4	 3
2008	 1.27		2	 2
2009	 1.29		0	 0
2010	 1.25		3	 0
2011	 1.21		5	 0
2012	 1.24		2	 1
2013	 1.22		5	 3
2014	 1.22		6	 2
2015	 1.28		3	 0
2016	 1.24		6	 4
2017	 1.23		5	 0

TOTAL Day Violations:   50.0
TOTAL Batt Violations:  18.0

MODEL :  G4d
SEED  :  2
HOST  :  75471690b8bf
DEVICE:  cpu
Train time: 0:09:56.062984

YEAR	AVG_RWD		VIOLATIONS
				DAY	BATT
2000	 1.49		0	 0
2001	 1.5		0	 0
2002	 1.46		0	 0
2003	 1.47		1	 0
2004	 1.43		3	 0
2005	 1.49		0	 0
2006	 1.5		0	 0
2007	 1.47		2	 0
2008	 1.49		0	 0
2009	 1.49		0	 0
2010	 1.47		1	 0
2011	 1.47		2	 0
2012	 1.46		1	 0
2013	 1.46		2	 0
2014	 1.44		2	 0
2015	 1.48		1	 0
2016	 1.45		5	 0
2017	 1.47		0	 0

TOTAL Day Violations:   20.0
TOTAL Batt Violations:  0.0

MODEL :  G4d
SEED  :  3
HOST  :  75471690b8bf
DEVICE:  cpu
Train time: 0:09:57.540074

YEAR	AVG_RWD		VIOLATIONS
				DAY	BATT
2000	 1.24		0	 0
2001	 1.24		0	 0
2002	 1.22		1	 0
2003	 1.24		1	 0
2004	 1.14		5	 9
2005	 1.2		1	 0
2006	 1.27		0	 0
2007	 1.2		3	 5
2008	 1.21		1	 0
2009	 1.25		0	 0
2010	 1.18		3	 3
2011	 1.13		6	 5
2012	 1.16		2	 2
2013	 1.12		5	 1
2014	 1.15		5	 4
2015	 1.22		2	 5
2016	 1.18		6	 8
2017	 1.15		5	 0

TOTAL Day Violations:   46.0
TOTAL Batt Violations:  42.0

MODEL :  G4d
SEED  :  4
HOST  :  75471690b8bf
DEVICE:  cpu
Train time: 0:09:54.852880

YEAR	AVG_RWD		VIOLATIONS
				DAY	BATT
2000	 0.94		20	 0
2001	 0.96		17	 1
2002	 0.99		14	 2
2003	 1.05		10	 2
2004	 0.9		18	 13
2005	 0.97		13	 2
2006	 1.04		13	 0
2007	 0.9		22	 8
2008	 0.96		18	 5
2009	 0.97		17	 0
2010	 0.86		25	 8
2011	 0.87		21	 13
2012	 0.85		24	 5
2013	 0.86		24	 9
2014	 0.81		30	 14
2015	 0.96		18	 5
2016	 0.91		23	 13
2017	 0.86		23	 7

TOTAL Day Violations:   350.0
TOTAL Batt Violations:  107.0

MODEL :  G4d
SEED  :  5
HOST  :  75471690b8bf
DEVICE:  cpu
Train time: 0:10:03.966946

YEAR	AVG_RWD		VIOLATIONS
				DAY	BATT
2000	 1.24		0	 0
2001	 1.25		0	 0
2002	 1.22		2	 1
2003	 1.25		1	 0
2004	 1.17		5	 0
2005	 1.23		1	 0
2006	 1.26		0	 0
2007	 1.19		4	 2
2008	 1.22		2	 0
2009	 1.25		0	 0
2010	 1.19		4	 0
2011	 1.17		5	 0
2012	 1.2		2	 1
2013	 1.16		6	 0
2014	 1.17		5	 0
2015	 1.22		2	 0
2016	 1.17		7	 2
2017	 1.16		5	 0

TOTAL Day Violations:   51.0
TOTAL Batt Violations:  6.0

MODEL :  G4d
SEED  :  6
HOST  :  75471690b8bf
DEVICE:  cpu
Train time: 0:09:56.217416

YEAR	AVG_RWD		VIOLATIONS
				DAY	BATT
2000	 1.33		0	 0
2001	 1.33		0	 0
2002	 1.3		0	 0
2003	 1.31		1	 0
2004	 1.27		1	 0
2005	 1.31		0	 0
2006	 1.34		0	 0
2007	 1.31		2	 0
2008	 1.32		0	 0
2009	 1.33		0	 0
2010	 1.31		0	 0
2011	 1.31		0	 0
2012	 1.3		0	 0
2013	 1.3		0	 0
2014	 1.29		1	 0
2015	 1.33		0	 0
2016	 1.31		3	 0
2017	 1.3		0	 0

TOTAL Day Violations:   8.0
TOTAL Batt Violations:  0.0

MODEL :  G4d
SEED  :  7
HOST  :  75471690b8bf
DEVICE:  cpu
Train time: 0:09:58.427257

YEAR	AVG_RWD		VIOLATIONS
				DAY	BATT
2000	 1.35		0	 0
2001	 1.35		0	 0
2002	 1.32		0	 0
2003	 1.33		1	 0
2004	 1.27		3	 2
2005	 1.32		0	 0
2006	 1.36		0	 0
2007	 1.31		3	 2
2008	 1.31		2	 0
2009	 1.35		0	 0
2010	 1.31		2	 0
2011	 1.3		3	 0
2012	 1.3		2	 0
2013	 1.27		5	 0
2014	 1.29		3	 1
2015	 1.33		1	 0
2016	 1.3		5	 2
2017	 1.31		1	 0

TOTAL Day Violations:   31.0
TOTAL Batt Violations:  7.0

MODEL :  G4d
SEED  :  8
HOST  :  75471690b8bf
DEVICE:  cpu
Train time: 0:09:57.496686

YEAR	AVG_RWD		VIOLATIONS
				DAY	BATT
2000	 1.26		0	 0
2001	 1.25		1	 0
2002	 1.23		2	 0
2003	 1.26		1	 1
2004	 1.17		5	 3
2005	 1.22		1	 0
2006	 1.29		0	 0
2007	 1.21		4	 4
2008	 1.24		2	 0
2009	 1.26		0	 0
2010	 1.2		4	 1
2011	 1.16		6	 1
2012	 1.21		2	 0
2013	 1.18		6	 0
2014	 1.16		9	 2
2015	 1.24		2	 0
2016	 1.22		5	 5
2017	 1.19		4	 0

TOTAL Day Violations:   54.0
TOTAL Batt Violations:  17.0

MODEL :  G4d
SEED  :  9
HOST  :  75471690b8bf
DEVICE:  cpu
Train time: 0:09:53.207459

YEAR	AVG_RWD		VIOLATIONS
				DAY	BATT
2000	 1.4		0	 0
2001	 1.4		0	 0
2002	 1.34		1	 0
2003	 1.39		1	 0
2004	 1.31		4	 0
2005	 1.37		1	 0
2006	 1.42		0	 0
2007	 1.34		4	 0
2008	 1.36		2	 0
2009	 1.4		0	 0
2010	 1.34		3	 0
2011	 1.32		4	 0
2012	 1.33		2	 0
2013	 1.28		5	 0
2014	 1.32		4	 0
2015	 1.37		1	 0
2016	 1.35		5	 0
2017	 1.32		4	 0

TOTAL Day Violations:   41.0
TOTAL Batt Violations:  0.0
