

Seed ARG:  0
Device:  cpu
Train time: 0:28:54.325222
YEAR	AVG_RWD		VIOLATIONS
			DAY	BATT
2000	 1.37		0	 0
2001	 1.38		0	 0
2002	 1.31		1	 0
2003	 1.38		1	 0
2004	 1.31		1	 0
2005	 1.4		0	 0
2006	 1.41		0	 0
2007	 1.33		2	 4
2008	 1.39		0	 0
2009	 1.37		0	 0
2010	 1.28		4	 11
2011	 1.36		0	 0
2012	 1.32		0	 0
2013	 1.27		4	 0
2014	 1.29		2	 0
2015	 1.33		0	 0
2016	 1.35		3	 0
2017	 1.33		1	 0

TOTAL Day Violations:   19.0
TOTAL Batt Violations:  15.0

Run time: 0:29:26.293053


Seed ARG:  1
Device:  cpu
Train time: 0:28:29.226266
YEAR	AVG_RWD		VIOLATIONS
			DAY	BATT
2000	 1.35		0	 0
2001	 1.36		0	 0
2002	 1.27		2	 0
2003	 1.3		3	 0
2004	 1.28		4	 0
2005	 1.35		1	 0
2006	 1.36		0	 0
2007	 1.31		3	 1
2008	 1.34		1	 0
2009	 1.34		0	 0
2010	 1.29		3	 0
2011	 1.29		5	 0
2012	 1.29		2	 0
2013	 1.27		4	 0
2014	 1.25		5	 0
2015	 1.29		2	 0
2016	 1.31		5	 0
2017	 1.27		5	 0

TOTAL Day Violations:   45.0
TOTAL Batt Violations:  1.0

Run time: 0:29:02.259787


Seed ARG:  2
Device:  cpu
Train time: 0:28:23.700805
YEAR	AVG_RWD		VIOLATIONS
			DAY	BATT
2000	 1.17		0	 0
2001	 1.16		2	 0
2002	 1.12		2	 1
2003	 1.16		2	 0
2004	 1.03		7	 0
2005	 1.14		2	 0
2006	 1.2		0	 0
2007	 1.11		4	 2
2008	 1.12		4	 0
2009	 1.16		2	 0
2010	 1.09		4	 2
2011	 1.05		7	 1
2012	 1.07		5	 2
2013	 1.02		8	 1
2014	 1.04		7	 0
2015	 1.11		5	 0
2016	 1.11		6	 2
2017	 1.04		8	 0

TOTAL Day Violations:   75.0
TOTAL Batt Violations:  11.0

Run time: 0:28:56.152949


Seed ARG:  3
Device:  cpu
Train time: 0:25:32.962695
YEAR	AVG_RWD		VIOLATIONS
			DAY	BATT
2000	 1.4		0	 0
2001	 1.43		0	 0
2002	 1.32		2	 0
2003	 1.34		3	 0
2004	 1.34		4	 1
2005	 1.42		0	 0
2006	 1.38		0	 0
2007	 1.38		3	 0
2008	 1.38		2	 0
2009	 1.4		0	 0
2010	 1.36		3	 0
2011	 1.39		4	 0
2012	 1.37		2	 0
2013	 1.38		4	 0
2014	 1.34		4	 1
2015	 1.35		2	 0
2016	 1.36		5	 0
2017	 1.37		4	 0

TOTAL Day Violations:   42.0
TOTAL Batt Violations:  2.0

Run time: 0:26:05.374410


Seed ARG:  4
Device:  cpu
Train time: 0:25:22.939845
YEAR	AVG_RWD		VIOLATIONS
			DAY	BATT
2000	 1.19		1	 0
2001	 1.18		1	 0
2002	 1.17		2	 0
2003	 1.2		1	 0
2004	 1.1		7	 1
2005	 1.16		1	 0
2006	 1.23		1	 0
2007	 1.13		6	 1
2008	 1.16		3	 0
2009	 1.2		0	 0
2010	 1.14		4	 0
2011	 1.11		5	 0
2012	 1.11		5	 0
2013	 1.09		6	 0
2014	 1.11		5	 0
2015	 1.13		7	 0
2016	 1.12		8	 2
2017	 1.08		8	 0

TOTAL Day Violations:   71.0
TOTAL Batt Violations:  4.0

Run time: 0:25:55.257799


Seed ARG:  5
Device:  cpu
Train time: 0:25:24.816437
YEAR	AVG_RWD		VIOLATIONS
			DAY	BATT
2000	 1.02		7	 0
2001	 0.96		14	 0
2002	 0.96		14	 2
2003	 1.08		5	 2
2004	 0.88		18	 8
2005	 0.99		10	 2
2006	 1.08		6	 0
2007	 0.92		17	 7
2008	 0.96		16	 3
2009	 0.98		13	 0
2010	 0.87		21	 6
2011	 0.85		21	 8
2012	 0.85		21	 5
2013	 0.83		21	 9
2014	 0.86		21	 9
2015	 0.91		18	 5
2016	 0.96		13	 11
2017	 0.87		19	 5

TOTAL Day Violations:   275.0
TOTAL Batt Violations:  82.0

Run time: 0:25:56.788452


Seed ARG:  6
Device:  cpu
Train time: 0:28:40.309446
YEAR	AVG_RWD		VIOLATIONS
			DAY	BATT
2000	 1.25		0	 0
2001	 1.3		0	 0
2002	 1.11		6	 0
2003	 1.21		3	 10
2004	 1.21		5	 0
2005	 1.28		1	 0
2006	 1.22		0	 0
2007	 1.21		4	 1
2008	 1.27		2	 0
2009	 1.27		2	 0
2010	 1.2		6	 0
2011	 1.24		5	 0
2012	 1.23		3	 0
2013	 1.2		5	 0
2014	 1.16		7	 0
2015	 1.17		5	 0
2016	 1.23		6	 2
2017	 1.16		9	 2

TOTAL Day Violations:   69.0
TOTAL Batt Violations:  15.0

Run time: 0:29:12.319336


Seed ARG:  7
Device:  cpu
Train time: 0:28:34.254572
YEAR	AVG_RWD		VIOLATIONS
			DAY	BATT
2000	 0.92		16	 0
2001	 0.95		14	 0
2002	 0.86		16	 2
2003	 0.98		9	 2
2004	 0.83		22	 10
2005	 0.99		9	 3
2006	 0.94		12	 0
2007	 0.83		26	 7
2008	 0.97		12	 5
2009	 0.91		17	 0
2010	 0.85		22	 5
2011	 0.83		25	 9
2012	 0.82		25	 5
2013	 0.8		28	 9
2014	 0.78		27	 10
2015	 0.78		29	 3
2016	 0.85		24	 9
2017	 0.79		28	 8

TOTAL Day Violations:   361.0
TOTAL Batt Violations:  87.0

Run time: 0:29:06.876988


Seed ARG:  8
Device:  cpu
Train time: 0:28:42.033463
YEAR	AVG_RWD		VIOLATIONS
			DAY	BATT
2000	 1.29		0	 0
2001	 1.29		0	 0
2002	 1.27		1	 0
2003	 1.29		1	 0
2004	 1.22		4	 0
2005	 1.26		1	 0
2006	 1.32		0	 0
2007	 1.25		3	 0
2008	 1.26		2	 0
2009	 1.29		0	 0
2010	 1.24		3	 0
2011	 1.22		4	 0
2012	 1.24		2	 0
2013	 1.22		4	 0
2014	 1.23		4	 0
2015	 1.28		1	 0
2016	 1.24		5	 0
2017	 1.23		3	 0

TOTAL Day Violations:   38.0
TOTAL Batt Violations:  0.0

Run time: 0:29:14.363815


Seed ARG:  9
Device:  cpu
Train time: 0:28:36.660300
YEAR	AVG_RWD		VIOLATIONS
			DAY	BATT
2000	 1.27		0	 0
2001	 1.25		4	 0
2002	 1.2		3	 1
2003	 1.25		3	 0
2004	 1.18		7	 2
2005	 1.26		2	 0
2006	 1.29		1	 0
2007	 1.22		5	 1
2008	 1.26		3	 0
2009	 1.25		4	 0
2010	 1.19		7	 1
2011	 1.21		5	 1
2012	 1.21		4	 3
2013	 1.13		11	 1
2014	 1.12		12	 2
2015	 1.18		7	 2
2016	 1.19		11	 2
2017	 1.15		10	 2

TOTAL Day Violations:   99.0
TOTAL Batt Violations:  18.0

Run time: 0:29:08.472262
