

Seed ARG:  0
Device:  cpu
Train time: 0:32:22.949084
YEAR	AVG_RWD		VIOLATIONS
			DAY	BATT
2000	 1.38		0	 0
2001	 1.39		0	 0
2002	 1.36		1	 0
2003	 1.4		0	 0
2004	 1.33		1	 0
2005	 1.39		0	 0
2006	 1.41		0	 0
2007	 1.38		0	 0
2008	 1.4		0	 0
2009	 1.39		0	 0
2010	 1.35		0	 0
2011	 1.35		0	 0
2012	 1.36		0	 0
2013	 1.34		2	 0
2014	 1.34		1	 0
2015	 1.36		0	 0
2016	 1.37		1	 0
2017	 1.36		0	 0

TOTAL Day Violations:   6.0
TOTAL Batt Violations:  0.0

Run time: 0:33:01.018076


Seed ARG:  1
Device:  cpu
Train time: 0:28:58.411274
YEAR	AVG_RWD		VIOLATIONS
			DAY	BATT
2000	 1.23		17	 45
2001	 1.19		20	 52
2002	 1.14		20	 53
2003	 1.33		8	 18
2004	 1.13		21	 59
2005	 1.36		5	 13
2006	 1.36		7	 18
2007	 1.2		19	 51
2008	 1.37		4	 11
2009	 1.23		16	 43
2010	 1.15		22	 55
2011	 1.22		17	 49
2012	 1.13		21	 63
2013	 1.06		28	 73
2014	 1.05		28	 67
2015	 1.11		25	 73
2016	 1.23		17	 49
2017	 1.13		23	 69

TOTAL Day Violations:   318.0
TOTAL Batt Violations:  861.0

Run time: 0:29:37.161670


Seed ARG:  2
Device:  cpu
Train time: 0:31:56.185238
YEAR	AVG_RWD		VIOLATIONS
			DAY	BATT
2000	 1.3		0	 0
2001	 1.31		0	 0
2002	 1.29		1	 0
2003	 1.33		1	 0
2004	 1.23		5	 0
2005	 1.31		0	 0
2006	 1.34		0	 0
2007	 1.27		3	 0
2008	 1.31		2	 0
2009	 1.31		0	 0
2010	 1.26		3	 0
2011	 1.26		2	 0
2012	 1.26		1	 0
2013	 1.23		4	 0
2014	 1.23		4	 0
2015	 1.29		2	 0
2016	 1.26		6	 0
2017	 1.25		3	 0

TOTAL Day Violations:   37.0
TOTAL Batt Violations:  0.0

Run time: 0:32:33.522521


Seed ARG:  3
Device:  cpu
Train time: 0:32:01.967784
YEAR	AVG_RWD		VIOLATIONS
			DAY	BATT
2000	 0.65		24	 29
2001	 0.61		30	 33
2002	 0.64		26	 35
2003	 0.79		13	 12
2004	 0.51		36	 43
2005	 0.76		10	 12
2006	 0.83		11	 11
2007	 0.58		31	 40
2008	 0.7		18	 11
2009	 0.67		23	 27
2010	 0.51		37	 44
2011	 0.54		32	 39
2012	 0.5		36	 34
2013	 0.47		39	 58
2014	 0.44		44	 45
2015	 0.54		37	 58
2016	 0.59		32	 45
2017	 0.49		37	 54

TOTAL Day Violations:   516.0
TOTAL Batt Violations:  630.0

Run time: 0:32:39.041732
