

Seed ARG:  0
Device:  cpu
Train time: 0:32:45.578809
YEAR	AVG_RWD		VIOLATIONS
			DAY	BATT
2000	 0.91		9	 0
2001	 0.89		12	 0
2002	 0.87		13	 3
2003	 0.94		9	 2
2004	 0.8		17	 10
2005	 0.89		9	 2
2006	 0.96		9	 0
2007	 0.78		22	 8
2008	 0.84		16	 4
2009	 0.83		19	 0
2010	 0.79		19	 7
2011	 0.76		21	 10
2012	 0.74		22	 4
2013	 0.73		21	 10
2014	 0.75		22	 12
2015	 0.85		16	 4
2016	 0.82		19	 13
2017	 0.76		21	 10

TOTAL Day Violations:   296.0
TOTAL Batt Violations:  99.0

Run time: 0:33:24.124247


Seed ARG:  1
Device:  cpu
Train time: 0:28:52.743607
YEAR	AVG_RWD		VIOLATIONS
			DAY	BATT
2000	 1.49		0	 0
2001	 1.49		0	 0
2002	 1.44		1	 0
2003	 1.49		1	 0
2004	 1.42		4	 0
2005	 1.52		0	 0
2006	 1.51		0	 0
2007	 1.45		3	 0
2008	 1.5		1	 0
2009	 1.49		0	 0
2010	 1.44		2	 0
2011	 1.48		2	 0
2012	 1.46		1	 0
2013	 1.43		4	 0
2014	 1.41		3	 0
2015	 1.44		2	 0
2016	 1.44		5	 0
2017	 1.44		2	 0

TOTAL Day Violations:   31.0
TOTAL Batt Violations:  0.0

Run time: 0:29:30.406787


Seed ARG:  2
Device:  cpu
Train time: 0:32:27.326519
YEAR	AVG_RWD		VIOLATIONS
			DAY	BATT
2000	 1.08		6	 0
2001	 1.05		9	 0
2002	 1.05		8	 2
2003	 1.15		2	 2
2004	 0.96		14	 5
2005	 1.1		2	 1
2006	 1.14		5	 0
2007	 1.03		10	 4
2008	 1.06		9	 2
2009	 1.05		9	 0
2010	 0.98		14	 4
2011	 1.0		11	 6
2012	 0.98		12	 3
2013	 0.92		18	 7
2014	 0.95		16	 9
2015	 1.01		12	 2
2016	 0.99		16	 8
2017	 0.93		18	 3

TOTAL Day Violations:   191.0
TOTAL Batt Violations:  58.0

Run time: 0:33:04.841491


Seed ARG:  3
Device:  cpu
Train time: 0:32:32.715547
YEAR	AVG_RWD		VIOLATIONS
			DAY	BATT
2000	 1.18		0	 0
2001	 1.18		0	 0
2002	 1.13		2	 0
2003	 1.18		2	 0
2004	 1.09		5	 1
2005	 1.13		2	 0
2006	 1.19		0	 0
2007	 1.14		3	 2
2008	 1.17		2	 0
2009	 1.18		0	 0
2010	 1.12		4	 0
2011	 1.1		6	 0
2012	 1.13		3	 1
2013	 1.08		7	 1
2014	 1.09		7	 1
2015	 1.15		2	 0
2016	 1.13		6	 2
2017	 1.1		4	 0

TOTAL Day Violations:   55.0
TOTAL Batt Violations:  8.0

Run time: 0:33:12.021588
