

Seed ARG:  0
Device:  cpu
Train time: 0:18:49.055402
YEAR	AVG_RWD		VIOLATIONS
			DAY	BATT
2000	 0.87		0	 0
2001	 0.89		0	 0
2002	 0.82		0	 0
2003	 0.86		1	 0
2004	 0.85		0	 0
2005	 0.91		0	 0
2006	 0.87		0	 0
2007	 0.87		0	 0
2008	 0.89		0	 0
2009	 0.88		0	 0
2010	 0.84		0	 0
2011	 0.9		0	 0
2012	 0.85		0	 0
2013	 0.86		0	 0
2014	 0.83		0	 0
2015	 0.83		0	 0
2016	 0.89		0	 0
2017	 0.88		0	 0

TOTAL Day Violations:   1.0
TOTAL Batt Violations:  0.0

Run time: 0:19:09.688718


Seed ARG:  1
Device:  cpu
Train time: 0:20:19.984615
YEAR	AVG_RWD		VIOLATIONS
			DAY	BATT
2000	 0.97		0	 0
2001	 0.98		0	 0
2002	 0.94		0	 0
2003	 0.94		0	 0
2004	 0.93		0	 0
2005	 0.98		0	 0
2006	 0.98		0	 0
2007	 0.97		0	 0
2008	 0.97		0	 0
2009	 0.98		0	 0
2010	 0.95		0	 0
2011	 0.97		0	 0
2012	 0.94		0	 0
2013	 0.95		0	 0
2014	 0.91		0	 0
2015	 0.96		0	 0
2016	 0.99		0	 0
2017	 0.96		0	 0

TOTAL Day Violations:   0.0
TOTAL Batt Violations:  0.0

Run time: 0:20:41.163156


Seed ARG:  2
Device:  cpu
Train time: 0:20:37.618838
YEAR	AVG_RWD		VIOLATIONS
			DAY	BATT
2000	 0.86		0	 0
2001	 0.87		0	 0
2002	 0.81		1	 0
2003	 0.86		0	 0
2004	 0.82		0	 0
2005	 0.88		0	 0
2006	 0.87		0	 0
2007	 0.84		0	 0
2008	 0.86		0	 0
2009	 0.87		0	 0
2010	 0.84		0	 0
2011	 0.85		0	 0
2012	 0.82		0	 0
2013	 0.81		1	 0
2014	 0.79		1	 0
2015	 0.83		0	 0
2016	 0.86		1	 0
2017	 0.85		0	 0

TOTAL Day Violations:   4.0
TOTAL Batt Violations:  0.0

Run time: 0:20:59.040898


Seed ARG:  3
Device:  cpu
Train time: 0:20:26.230392
YEAR	AVG_RWD		VIOLATIONS
			DAY	BATT
2000	 0.73		0	 0
2001	 0.75		0	 0
2002	 0.68		1	 0
2003	 0.74		2	 0
2004	 0.65		3	 0
2005	 0.72		1	 0
2006	 0.78		0	 0
2007	 0.69		3	 0
2008	 0.73		1	 0
2009	 0.74		0	 0
2010	 0.68		2	 0
2011	 0.67		4	 0
2012	 0.66		2	 0
2013	 0.64		4	 0
2014	 0.65		4	 0
2015	 0.7		2	 0
2016	 0.7		5	 0
2017	 0.67		3	 0

TOTAL Day Violations:   37.0
TOTAL Batt Violations:  0.0

Run time: 0:20:46.956741


Seed ARG:  4
Device:  cpu
Train time: 0:19:18.647383
YEAR	AVG_RWD		VIOLATIONS
			DAY	BATT
2000	 1.0		0	 0
2001	 1.02		0	 0
2002	 0.96		0	 0
2003	 0.98		0	 0
2004	 0.98		0	 0
2005	 1.02		0	 0
2006	 0.99		0	 0
2007	 1.01		0	 0
2008	 1.0		0	 0
2009	 1.0		0	 0
2010	 1.0		0	 0
2011	 1.03		0	 0
2012	 1.0		0	 0
2013	 1.02		0	 0
2014	 0.99		0	 0
2015	 1.0		0	 0
2016	 1.02		0	 0
2017	 1.01		0	 0

TOTAL Day Violations:   0.0
TOTAL Batt Violations:  0.0

Run time: 0:19:39.128837


Seed ARG:  5
Device:  cpu
Train time: 0:20:34.481099
YEAR	AVG_RWD		VIOLATIONS
			DAY	BATT
2000	 0.92		1	 0
2001	 0.89		4	 0
2002	 0.87		2	 0
2003	 0.93		1	 0
2004	 0.82		7	 0
2005	 0.94		1	 0
2006	 0.94		1	 0
2007	 0.87		6	 0
2008	 0.94		1	 0
2009	 0.89		3	 0
2010	 0.8		10	 0
2011	 0.84		8	 0
2012	 0.83		5	 0
2013	 0.76		13	 0
2014	 0.77		10	 0
2015	 0.84		5	 0
2016	 0.83		11	 0
2017	 0.79		10	 0

TOTAL Day Violations:   99.0
TOTAL Batt Violations:  0.0

Run time: 0:20:55.802737


Seed ARG:  6
Device:  cpu
Train time: 0:20:10.654082
YEAR	AVG_RWD		VIOLATIONS
			DAY	BATT
2000	 0.99		0	 0
2001	 1.01		0	 0
2002	 0.96		0	 0
2003	 1.01		0	 0
2004	 0.98		0	 0
2005	 1.04		0	 0
2006	 1.01		0	 0
2007	 1.01		0	 0
2008	 1.03		0	 0
2009	 1.0		0	 0
2010	 0.99		0	 0
2011	 1.02		0	 0
2012	 0.98		0	 0
2013	 1.0		0	 0
2014	 0.97		0	 0
2015	 0.97		0	 0
2016	 1.01		0	 0
2017	 0.99		0	 0

TOTAL Day Violations:   0.0
TOTAL Batt Violations:  0.0

Run time: 0:20:31.531369


Seed ARG:  7
Device:  cpu
Train time: 0:19:04.035564
YEAR	AVG_RWD		VIOLATIONS
			DAY	BATT
2000	 0.83		0	 0
2001	 0.84		0	 0
2002	 0.78		0	 0
2003	 0.83		0	 0
2004	 0.8		0	 0
2005	 0.87		0	 0
2006	 0.85		0	 0
2007	 0.84		0	 0
2008	 0.85		0	 0
2009	 0.83		0	 0
2010	 0.82		0	 0
2011	 0.85		0	 0
2012	 0.8		0	 0
2013	 0.82		0	 0
2014	 0.79		0	 0
2015	 0.81		0	 0
2016	 0.83		0	 0
2017	 0.83		0	 0

TOTAL Day Violations:   0.0
TOTAL Batt Violations:  0.0

Run time: 0:19:25.318921


Seed ARG:  8
Device:  cpu
Train time: 0:20:31.107900
YEAR	AVG_RWD		VIOLATIONS
			DAY	BATT
2000	 0.74		0	 0
2001	 0.74		0	 0
2002	 0.7		1	 0
2003	 0.76		1	 0
2004	 0.64		4	 0
2005	 0.73		1	 0
2006	 0.78		0	 0
2007	 0.7		3	 0
2008	 0.74		1	 0
2009	 0.73		0	 0
2010	 0.69		2	 0
2011	 0.68		2	 0
2012	 0.67		1	 0
2013	 0.65		4	 0
2014	 0.66		2	 0
2015	 0.71		0	 0
2016	 0.7		5	 0
2017	 0.66		4	 0

TOTAL Day Violations:   31.0
TOTAL Batt Violations:  0.0

Run time: 0:20:51.673573


Seed ARG:  9
Device:  cpu
Train time: 0:20:11.778510
YEAR	AVG_RWD		VIOLATIONS
			DAY	BATT
2000	 0.93		0	 0
2001	 0.92		1	 0
2002	 0.85		6	 0
2003	 0.93		1	 0
2004	 0.81		8	 0
2005	 0.93		2	 0
2006	 0.95		1	 0
2007	 0.88		6	 0
2008	 0.93		1	 0
2009	 0.9		4	 0
2010	 0.83		8	 0
2011	 0.84		10	 0
2012	 0.84		5	 0
2013	 0.78		12	 0
2014	 0.79		10	 1
2015	 0.83		8	 0
2016	 0.84		10	 0
2017	 0.78		13	 0

TOTAL Day Violations:   106.0
TOTAL Batt Violations:  1.0

Run time: 0:20:33.138250
