

Seed ARG:  0
Device:  cpu
Train time: 0:18:46.627979
YEAR	AVG_RWD		VIOLATIONS
			DAY	BATT
2000	 0.86		0	 0
2001	 0.87		0	 0
2002	 0.83		0	 0
2003	 0.85		0	 0
2004	 0.84		0	 0
2005	 0.9		0	 0
2006	 0.86		0	 0
2007	 0.87		0	 0
2008	 0.88		0	 0
2009	 0.86		0	 0
2010	 0.85		0	 0
2011	 0.89		0	 0
2012	 0.85		0	 0
2013	 0.87		0	 0
2014	 0.83		0	 0
2015	 0.84		0	 0
2016	 0.87		0	 0
2017	 0.88		0	 0

TOTAL Day Violations:   0.0
TOTAL Batt Violations:  0.0

Run time: 0:19:07.524863


Seed ARG:  1
Device:  cpu
Train time: 0:18:31.576752
YEAR	AVG_RWD		VIOLATIONS
			DAY	BATT
2000	 0.89		0	 0
2001	 0.9		0	 0
2002	 0.83		0	 0
2003	 0.89		1	 0
2004	 0.87		0	 0
2005	 0.94		0	 0
2006	 0.88		0	 0
2007	 0.9		0	 0
2008	 0.91		0	 0
2009	 0.9		0	 0
2010	 0.87		0	 0
2011	 0.92		0	 0
2012	 0.88		0	 0
2013	 0.9		0	 0
2014	 0.84		0	 0
2015	 0.84		0	 0
2016	 0.91		0	 0
2017	 0.9		0	 0

TOTAL Day Violations:   1.0
TOTAL Batt Violations:  0.0

Run time: 0:18:52.628404


Seed ARG:  2
Device:  cpu
Train time: 0:20:43.462475
YEAR	AVG_RWD		VIOLATIONS
			DAY	BATT
2000	 0.98		0	 0
2001	 1.01		0	 0
2002	 0.94		0	 0
2003	 0.96		0	 0
2004	 0.96		0	 0
2005	 1.0		0	 0
2006	 0.97		0	 0
2007	 0.98		0	 0
2008	 0.98		0	 0
2009	 0.98		0	 0
2010	 0.97		0	 0
2011	 1.01		0	 0
2012	 0.96		1	 0
2013	 0.99		0	 0
2014	 0.96		0	 0
2015	 0.96		0	 0
2016	 0.97		2	 0
2017	 0.98		0	 0

TOTAL Day Violations:   3.0
TOTAL Batt Violations:  0.0

Run time: 0:21:04.259379


Seed ARG:  3
Device:  cpu
Train time: 0:18:37.432278
YEAR	AVG_RWD		VIOLATIONS
			DAY	BATT
2000	 0.98		0	 0
2001	 1.0		0	 0
2002	 0.93		0	 0
2003	 0.97		0	 0
2004	 0.93		1	 0
2005	 0.98		0	 0
2006	 0.98		0	 0
2007	 0.96		2	 0
2008	 0.97		0	 0
2009	 0.98		0	 0
2010	 0.96		0	 0
2011	 0.97		1	 0
2012	 0.95		0	 0
2013	 0.97		0	 0
2014	 0.93		1	 0
2015	 0.96		1	 0
2016	 0.96		3	 0
2017	 0.97		0	 0

TOTAL Day Violations:   9.0
TOTAL Batt Violations:  0.0

Run time: 0:18:59.220254


Seed ARG:  4
Device:  cpu
Train time: 0:19:06.810571
YEAR	AVG_RWD		VIOLATIONS
			DAY	BATT
2000	 0.87		0	 0
2001	 0.84		1	 0
2002	 0.8		2	 1
2003	 0.84		1	 0
2004	 0.77		5	 1
2005	 0.84		1	 0
2006	 0.87		0	 0
2007	 0.81		4	 1
2008	 0.83		3	 0
2009	 0.85		0	 0
2010	 0.8		4	 0
2011	 0.79		5	 0
2012	 0.81		2	 1
2013	 0.78		6	 2
2014	 0.77		5	 1
2015	 0.8		2	 0
2016	 0.81		6	 3
2017	 0.76		6	 0

TOTAL Day Violations:   53.0
TOTAL Batt Violations:  10.0

Run time: 0:19:27.209628


Seed ARG:  5
Device:  cpu
Train time: 0:20:16.778867
YEAR	AVG_RWD		VIOLATIONS
			DAY	BATT
2000	 0.83		0	 0
2001	 0.83		2	 0
2002	 0.75		3	 1
2003	 0.82		1	 0
2004	 0.74		5	 0
2005	 0.82		1	 0
2006	 0.84		0	 0
2007	 0.77		6	 1
2008	 0.81		2	 0
2009	 0.79		4	 0
2010	 0.76		5	 0
2011	 0.79		5	 0
2012	 0.77		3	 0
2013	 0.72		9	 0
2014	 0.72		7	 1
2015	 0.77		4	 0
2016	 0.78		6	 2
2017	 0.72		10	 0

TOTAL Day Violations:   73.0
TOTAL Batt Violations:  5.0

Run time: 0:20:37.358842


Seed ARG:  6
Device:  cpu
Train time: 0:20:05.997056
YEAR	AVG_RWD		VIOLATIONS
			DAY	BATT
2000	 0.63		7	 0
2001	 0.61		12	 0
2002	 -0.0		32	 378
2003	 -0.11		32	 462
2004	 0.52		14	 2
2005	 0.68		5	 0
2006	 0.45		12	 115
2007	 0.59		12	 1
2008	 0.69		4	 0
2009	 0.64		8	 0
2010	 0.54		14	 1
2011	 0.56		13	 2
2012	 0.54		12	 1
2013	 0.48		19	 3
2014	 -0.27		45	 434
2015	 0.54		15	 3
2016	 0.59		15	 4
2017	 0.41		22	 53

TOTAL Day Violations:   293.0
TOTAL Batt Violations:  1459.0

Run time: 0:20:26.899803


Seed ARG:  7
Device:  cpu
Train time: 0:20:31.069637
YEAR	AVG_RWD		VIOLATIONS
			DAY	BATT
2000	 0.77		0	 0
2001	 0.75		2	 0
2002	 0.7		3	 1
2003	 0.77		1	 0
2004	 0.67		5	 2
2005	 0.75		1	 0
2006	 0.76		2	 0
2007	 0.7		6	 1
2008	 0.75		2	 2
2009	 0.76		1	 0
2010	 0.69		5	 2
2011	 0.7		5	 2
2012	 0.69		4	 1
2013	 0.66		8	 3
2014	 0.68		6	 3
2015	 0.7		4	 0
2016	 0.7		7	 4
2017	 0.7		5	 1

TOTAL Day Violations:   67.0
TOTAL Batt Violations:  22.0

Run time: 0:20:51.705830


Seed ARG:  8
Device:  cpu
Train time: 0:20:21.850603
YEAR	AVG_RWD		VIOLATIONS
			DAY	BATT
2000	 0.58		0	 0
2001	 0.59		0	 0
2002	 0.51		1	 0
2003	 0.57		2	 0
2004	 0.47		5	 0
2005	 0.56		1	 0
2006	 0.61		1	 0
2007	 0.52		3	 0
2008	 0.56		2	 0
2009	 0.58		0	 0
2010	 0.49		4	 0
2011	 0.49		4	 0
2012	 0.49		1	 0
2013	 0.44		6	 0
2014	 0.47		4	 0
2015	 0.54		1	 0
2016	 0.52		7	 1
2017	 0.46		4	 0

TOTAL Day Violations:   46.0
TOTAL Batt Violations:  1.0

Run time: 0:20:42.566816


Seed ARG:  9
Device:  cpu
Train time: 0:20:11.442038
YEAR	AVG_RWD		VIOLATIONS
			DAY	BATT
2000	 0.88		5	 0
2001	 0.87		5	 0
2002	 0.8		7	 0
2003	 0.91		1	 0
2004	 0.77		11	 1
2005	 0.91		3	 0
2006	 0.91		3	 0
2007	 0.81		11	 1
2008	 0.92		2	 0
2009	 0.88		4	 0
2010	 0.78		12	 0
2011	 0.83		9	 0
2012	 0.8		8	 0
2013	 0.74		16	 1
2014	 0.75		12	 0
2015	 0.75		14	 0
2016	 0.82		11	 1
2017	 0.76		15	 0

TOTAL Day Violations:   149.0
TOTAL Batt Violations:  4.0

Run time: 0:20:32.441811
