

Seed ARG:  0
Device:  cpu
Train time: 0:20:29.885846
YEAR	AVG_RWD		VIOLATIONS
			DAY	BATT
2000	 0.7		0	 0
2001	 0.74		0	 0
2002	 0.68		0	 0
2003	 0.67		2	 0
2004	 0.67		0	 0
2005	 0.74		0	 0
2006	 0.67		0	 0
2007	 0.69		1	 0
2008	 0.73		0	 0
2009	 0.72		0	 0
2010	 0.68		0	 0
2011	 0.7		0	 0
2012	 0.68		1	 0
2013	 0.69		0	 0
2014	 0.65		1	 0
2015	 0.71		0	 0
2016	 0.68		2	 0
2017	 0.68		0	 0

TOTAL Day Violations:   7.0
TOTAL Batt Violations:  0.0

Run time: 0:20:51.241107


Seed ARG:  1
Device:  cpu
Train time: 0:19:08.226252
YEAR	AVG_RWD		VIOLATIONS
			DAY	BATT
2000	 0.88		0	 0
2001	 0.92		0	 0
2002	 0.81		0	 0
2003	 0.83		2	 0
2004	 0.88		0	 0
2005	 0.91		0	 0
2006	 0.85		0	 0
2007	 0.88		0	 0
2008	 0.89		0	 0
2009	 0.88		0	 0
2010	 0.88		0	 0
2011	 0.93		0	 0
2012	 0.88		0	 0
2013	 0.87		0	 0
2014	 0.85		0	 0
2015	 0.85		0	 0
2016	 0.89		0	 0
2017	 0.9		0	 0

TOTAL Day Violations:   2.0
TOTAL Batt Violations:  0.0

Run time: 0:19:30.156921


Seed ARG:  2
Device:  cpu
Train time: 0:20:12.907211
YEAR	AVG_RWD		VIOLATIONS
			DAY	BATT
2000	 0.82		0	 0
2001	 0.82		0	 0
2002	 0.78		1	 1
2003	 0.84		1	 0
2004	 0.73		4	 1
2005	 0.82		1	 0
2006	 0.87		0	 0
2007	 0.79		3	 0
2008	 0.82		2	 0
2009	 0.82		0	 0
2010	 0.75		3	 0
2011	 0.75		5	 0
2012	 0.75		2	 0
2013	 0.73		4	 0
2014	 0.71		5	 1
2015	 0.79		1	 0
2016	 0.79		4	 0
2017	 0.74		5	 0

TOTAL Day Violations:   41.0
TOTAL Batt Violations:  3.0

Run time: 0:20:33.695944


Seed ARG:  3
Device:  cpu
Train time: 0:21:17.804306
YEAR	AVG_RWD		VIOLATIONS
			DAY	BATT
2000	 0.81		0	 0
2001	 0.81		1	 0
2002	 0.76		1	 0
2003	 0.85		0	 0
2004	 0.75		0	 0
2005	 0.86		0	 0
2006	 0.88		0	 0
2007	 0.81		0	 0
2008	 0.85		0	 0
2009	 0.82		0	 0
2010	 0.77		1	 0
2011	 0.78		0	 0
2012	 0.73		2	 0
2013	 0.71		3	 0
2014	 0.74		0	 0
2015	 0.76		2	 0
2016	 0.8		2	 0
2017	 0.75		2	 0

TOTAL Day Violations:   14.0
TOTAL Batt Violations:  0.0

Run time: 0:21:38.787275


Seed ARG:  4
Device:  cpu
Train time: 0:20:35.683396
YEAR	AVG_RWD		VIOLATIONS
			DAY	BATT
2000	 0.89		0	 0
2001	 0.9		0	 0
2002	 0.85		1	 0
2003	 0.88		1	 0
2004	 0.83		2	 0
2005	 0.87		1	 0
2006	 0.89		0	 0
2007	 0.88		2	 0
2008	 0.86		2	 0
2009	 0.89		0	 0
2010	 0.85		2	 0
2011	 0.85		3	 0
2012	 0.86		2	 0
2013	 0.86		4	 0
2014	 0.85		2	 0
2015	 0.89		0	 0
2016	 0.87		4	 0
2017	 0.85		2	 0

TOTAL Day Violations:   28.0
TOTAL Batt Violations:  0.0

Run time: 0:20:56.456089


Seed ARG:  5
Device:  cpu
Train time: 0:19:55.359859
YEAR	AVG_RWD		VIOLATIONS
			DAY	BATT
2000	 0.79		1	 0
2001	 0.79		1	 0
2002	 0.77		2	 1
2003	 0.82		1	 0
2004	 0.69		8	 1
2005	 0.79		1	 0
2006	 0.83		1	 0
2007	 0.75		5	 1
2008	 0.8		2	 0
2009	 0.8		0	 0
2010	 0.72		6	 0
2011	 0.71		7	 0
2012	 0.71		7	 0
2013	 0.67		11	 0
2014	 0.72		5	 0
2015	 0.74		6	 0
2016	 0.74		7	 1
2017	 0.69		8	 0

TOTAL Day Violations:   79.0
TOTAL Batt Violations:  4.0

Run time: 0:20:16.206267


Seed ARG:  6
Device:  cpu
Train time: 0:18:44.703268
YEAR	AVG_RWD		VIOLATIONS
			DAY	BATT
2000	 0.98		0	 0
2001	 0.99		0	 0
2002	 0.94		0	 0
2003	 0.97		0	 0
2004	 0.95		0	 0
2005	 1.0		0	 0
2006	 0.98		0	 0
2007	 0.97		0	 0
2008	 0.98		0	 0
2009	 0.98		0	 0
2010	 0.97		0	 0
2011	 0.98		0	 0
2012	 0.95		0	 0
2013	 0.97		0	 0
2014	 0.95		0	 0
2015	 0.97		0	 0
2016	 0.99		0	 0
2017	 0.97		0	 0

TOTAL Day Violations:   0.0
TOTAL Batt Violations:  0.0

Run time: 0:19:05.574754


Seed ARG:  7
Device:  cpu
Train time: 0:20:36.249492
YEAR	AVG_RWD		VIOLATIONS
			DAY	BATT
2000	 0.55		0	 0
2001	 0.54		1	 0
2002	 0.47		2	 1
2003	 0.55		1	 0
2004	 0.4		7	 1
2005	 0.51		1	 0
2006	 0.56		2	 0
2007	 0.45		7	 2
2008	 0.51		2	 0
2009	 0.52		2	 0
2010	 0.44		5	 0
2011	 0.43		7	 0
2012	 0.42		5	 2
2013	 0.4		7	 0
2014	 0.42		6	 0
2015	 0.47		5	 0
2016	 0.47		6	 2
2017	 0.43		5	 0

TOTAL Day Violations:   71.0
TOTAL Batt Violations:  8.0

Run time: 0:20:57.185588


Seed ARG:  8
Device:  cpu
Train time: 0:20:14.682808
YEAR	AVG_RWD		VIOLATIONS
			DAY	BATT
2000	 0.53		0	 0
2001	 0.52		0	 0
2002	 0.48		1	 0
2003	 0.52		1	 0
2004	 0.45		1	 0
2005	 0.49		0	 0
2006	 0.57		0	 0
2007	 0.49		1	 0
2008	 0.49		1	 0
2009	 0.52		0	 0
2010	 0.48		1	 0
2011	 0.46		0	 0
2012	 0.46		1	 0
2013	 0.43		3	 0
2014	 0.46		1	 0
2015	 0.51		0	 0
2016	 0.5		2	 0
2017	 0.46		0	 0

TOTAL Day Violations:   13.0
TOTAL Batt Violations:  0.0

Run time: 0:20:35.349061


Seed ARG:  9
Device:  cpu
Train time: 0:16:26.145991
YEAR	AVG_RWD		VIOLATIONS
			DAY	BATT
2000	 0.75		0	 0
2001	 0.77		0	 0
2002	 0.7		1	 0
2003	 0.78		0	 0
2004	 0.66		3	 0
2005	 0.77		0	 0
2006	 0.81		0	 0
2007	 0.71		2	 0
2008	 0.76		1	 0
2009	 0.75		0	 0
2010	 0.68		3	 0
2011	 0.72		2	 0
2012	 0.67		1	 0
2013	 0.65		4	 0
2014	 0.65		2	 0
2015	 0.7		2	 0
2016	 0.72		4	 0
2017	 0.7		2	 0

TOTAL Day Violations:   27.0
TOTAL Batt Violations:  0.0

Run time: 0:16:46.337386
