

Seed ARG:  0
Device:  cpu
Train time: 0:20:27.143427
YEAR	AVG_RWD		VIOLATIONS
			DAY	BATT
2000	 0.81		0	 0
2001	 0.84		2	 0
2002	 0.75		2	 0
2003	 0.83		2	 0
2004	 0.8		2	 0
2005	 0.92		0	 0
2006	 0.82		0	 0
2007	 0.82		0	 0
2008	 0.89		0	 0
2009	 0.84		1	 0
2010	 0.79		2	 0
2011	 0.85		3	 0
2012	 0.81		1	 0
2013	 0.75		7	 0
2014	 0.76		3	 0
2015	 0.72		4	 0
2016	 0.83		1	 0
2017	 0.81		4	 0

TOTAL Day Violations:   34.0
TOTAL Batt Violations:  0.0

Run time: 0:20:48.182352


Seed ARG:  1
Device:  cpu
Train time: 0:18:56.047004
YEAR	AVG_RWD		VIOLATIONS
			DAY	BATT
2000	 0.87		2	 0
2001	 0.91		0	 0
2002	 0.81		3	 0
2003	 0.88		1	 0
2004	 0.78		6	 0
2005	 0.89		2	 0
2006	 0.91		0	 0
2007	 0.88		1	 1
2008	 0.89		1	 0
2009	 0.88		1	 0
2010	 0.83		4	 0
2011	 0.83		6	 1
2012	 0.82		2	 0
2013	 0.8		7	 0
2014	 0.78		5	 0
2015	 0.83		2	 0
2016	 0.85		6	 0
2017	 0.82		5	 0

TOTAL Day Violations:   54.0
TOTAL Batt Violations:  2.0

Run time: 0:19:17.149923


Seed ARG:  2
Device:  cpu
Train time: 0:20:31.427749
YEAR	AVG_RWD		VIOLATIONS
			DAY	BATT
2000	 0.87		0	 0
2001	 0.9		0	 0
2002	 0.83		1	 0
2003	 0.82		2	 0
2004	 0.84		1	 0
2005	 0.88		0	 0
2006	 0.85		0	 0
2007	 0.87		1	 0
2008	 0.87		0	 0
2009	 0.88		0	 0
2010	 0.86		0	 0
2011	 0.88		0	 0
2012	 0.87		0	 0
2013	 0.87		1	 0
2014	 0.8		3	 0
2015	 0.88		0	 0
2016	 0.89		2	 0
2017	 0.87		0	 0

TOTAL Day Violations:   11.0
TOTAL Batt Violations:  0.0

Run time: 0:20:52.517350


Seed ARG:  3
Device:  cpu
Train time: 0:19:29.628588
YEAR	AVG_RWD		VIOLATIONS
			DAY	BATT
2000	 0.83		0	 0
2001	 0.82		0	 0
2002	 0.78		1	 0
2003	 0.85		0	 0
2004	 0.76		1	 0
2005	 0.84		0	 0
2006	 0.88		0	 0
2007	 0.8		1	 0
2008	 0.85		0	 0
2009	 0.82		0	 0
2010	 0.79		0	 0
2011	 0.8		0	 0
2012	 0.77		0	 0
2013	 0.75		1	 0
2014	 0.77		0	 0
2015	 0.79		0	 0
2016	 0.8		2	 0
2017	 0.78		0	 0

TOTAL Day Violations:   6.0
TOTAL Batt Violations:  0.0

Run time: 0:19:50.680325


Seed ARG:  4
Device:  cpu
Train time: 0:18:41.509474
YEAR	AVG_RWD		VIOLATIONS
			DAY	BATT
2000	 0.93		0	 0
2001	 0.98		0	 0
2002	 0.88		2	 0
2003	 0.89		2	 0
2004	 0.91		0	 0
2005	 0.97		0	 0
2006	 0.93		0	 0
2007	 0.94		0	 0
2008	 0.94		0	 0
2009	 0.93		0	 0
2010	 0.93		0	 0
2011	 0.97		0	 0
2012	 0.93		0	 0
2013	 0.94		0	 0
2014	 0.91		1	 0
2015	 0.94		0	 0
2016	 0.97		0	 0
2017	 0.96		0	 0

TOTAL Day Violations:   5.0
TOTAL Batt Violations:  0.0

Run time: 0:19:02.523326


Seed ARG:  5
Device:  cpu
Train time: 0:20:04.121170
YEAR	AVG_RWD		VIOLATIONS
			DAY	BATT
2000	 0.88		0	 0
2001	 0.89		1	 0
2002	 0.83		1	 0
2003	 0.88		1	 0
2004	 0.81		3	 0
2005	 0.91		0	 0
2006	 0.89		0	 0
2007	 0.86		2	 0
2008	 0.89		0	 0
2009	 0.88		0	 0
2010	 0.85		1	 0
2011	 0.85		4	 0
2012	 0.83		1	 0
2013	 0.83		1	 0
2014	 0.81		2	 0
2015	 0.84		2	 0
2016	 0.88		2	 0
2017	 0.84		2	 0

TOTAL Day Violations:   23.0
TOTAL Batt Violations:  0.0

Run time: 0:20:24.796713


Seed ARG:  6
Device:  cpu
Train time: 0:20:43.490531
YEAR	AVG_RWD		VIOLATIONS
			DAY	BATT
2000	 0.82		0	 0
2001	 0.83		1	 0
2002	 0.73		2	 0
2003	 0.76		3	 0
2004	 0.77		2	 0
2005	 0.86		0	 0
2006	 0.8		1	 0
2007	 0.81		1	 0
2008	 0.85		0	 0
2009	 0.82		0	 0
2010	 0.78		2	 0
2011	 0.84		0	 0
2012	 0.77		3	 0
2013	 0.74		7	 0
2014	 0.73		3	 0
2015	 0.74		1	 0
2016	 0.81		2	 0
2017	 0.78		4	 0

TOTAL Day Violations:   32.0
TOTAL Batt Violations:  0.0

Run time: 0:21:04.148548


Seed ARG:  7
Device:  cpu
Train time: 0:18:45.069002
YEAR	AVG_RWD		VIOLATIONS
			DAY	BATT
2000	 0.77		0	 0
2001	 0.77		0	 0
2002	 0.75		0	 0
2003	 0.78		0	 0
2004	 0.72		0	 0
2005	 0.75		0	 0
2006	 0.79		0	 0
2007	 0.75		0	 0
2008	 0.75		0	 0
2009	 0.76		0	 0
2010	 0.75		0	 0
2011	 0.73		0	 0
2012	 0.74		0	 0
2013	 0.72		2	 0
2014	 0.75		0	 0
2015	 0.76		0	 0
2016	 0.76		1	 0
2017	 0.73		0	 0

TOTAL Day Violations:   3.0
TOTAL Batt Violations:  0.0

Run time: 0:19:06.318085


Seed ARG:  8
Device:  cpu
Train time: 0:18:37.489278
YEAR	AVG_RWD		VIOLATIONS
			DAY	BATT
2000	 0.67		1	 0
2001	 0.74		0	 0
2002	 0.59		3	 0
2003	 0.64		3	 0
2004	 0.7		0	 0
2005	 0.81		0	 0
2006	 0.64		0	 0
2007	 0.71		0	 0
2008	 0.74		0	 0
2009	 0.69		1	 0
2010	 0.7		1	 0
2011	 0.79		1	 0
2012	 0.71		0	 0
2013	 0.73		0	 0
2014	 0.69		0	 0
2015	 0.62		2	 0
2016	 0.68		1	 0
2017	 0.71		3	 0

TOTAL Day Violations:   16.0
TOTAL Batt Violations:  0.0

Run time: 0:18:58.625869


Seed ARG:  9
Device:  cpu
Train time: 0:18:24.788052
YEAR	AVG_RWD		VIOLATIONS
			DAY	BATT
2000	 0.82		0	 0
2001	 0.82		0	 0
2002	 0.76		1	 0
2003	 0.82		0	 0
2004	 0.75		0	 0
2005	 0.84		0	 0
2006	 0.86		0	 0
2007	 0.79		1	 0
2008	 0.83		0	 0
2009	 0.82		0	 0
2010	 0.78		0	 0
2011	 0.78		0	 0
2012	 0.74		1	 0
2013	 0.73		1	 0
2014	 0.75		0	 0
2015	 0.79		0	 0
2016	 0.8		2	 0
2017	 0.76		0	 0

TOTAL Day Violations:   6.0
TOTAL Batt Violations:  0.0

Run time: 0:18:45.346276
