

Seed ARG:  0
Device:  cpu
Train time: 1:43:46.112500
YEAR	AVG_RWD		VIOLATIONS
			DAY	BATT
2000	 0.92		0	 0
2001	 0.94		0	 0
2002	 0.88		0	 0
2003	 0.95		0	 0
2004	 0.87		1	 0
2005	 0.98		0	 0
2006	 0.94		0	 0
2007	 0.93		0	 0
2008	 0.97		0	 0
2009	 0.93		0	 0
2010	 0.89		0	 0
2011	 0.94		0	 0
2012	 0.9		0	 0
2013	 0.89		1	 0
2014	 0.85		2	 0
2015	 0.88		0	 0
2016	 0.92		1	 0
2017	 0.91		0	 0

TOTAL Day Violations:   5.0
TOTAL Batt Violations:  0.0

Run time: 1:44:22.918427


Seed ARG:  1
Device:  cpu
Train time: 1:44:04.500703
YEAR	AVG_RWD		VIOLATIONS
			DAY	BATT
2000	 0.74		0	 0
2001	 0.76		0	 0
2002	 0.66		2	 0
2003	 0.72		1	 0
2004	 0.68		1	 0
2005	 0.75		1	 0
2006	 0.76		0	 0
2007	 0.71		3	 0
2008	 0.74		0	 0
2009	 0.76		0	 0
2010	 0.7		2	 0
2011	 0.7		2	 0
2012	 0.68		2	 0
2013	 0.66		3	 0
2014	 0.64		2	 0
2015	 0.73		0	 0
2016	 0.72		4	 0
2017	 0.68		1	 0

TOTAL Day Violations:   24.0
TOTAL Batt Violations:  0.0

Run time: 1:44:31.546124


Seed ARG:  2
Device:  cpu
Train time: 1:43:38.984589
YEAR	AVG_RWD		VIOLATIONS
			DAY	BATT
2000	 0.89		0	 0
2001	 0.91		0	 0
2002	 0.87		0	 0
2003	 0.92		0	 0
2004	 0.85		0	 0
2005	 0.93		0	 0
2006	 0.94		0	 0
2007	 0.89		0	 0
2008	 0.92		0	 0
2009	 0.91		0	 0
2010	 0.88		0	 0
2011	 0.87		0	 0
2012	 0.84		0	 0
2013	 0.85		0	 0
2014	 0.84		0	 0
2015	 0.86		0	 0
2016	 0.9		0	 0
2017	 0.85		0	 0

TOTAL Day Violations:   0.0
TOTAL Batt Violations:  0.0

Run time: 1:44:19.773589


Seed ARG:  3
Device:  cpu
Train time: 1:38:57.629541
YEAR	AVG_RWD		VIOLATIONS
			DAY	BATT
2000	 0.67		0	 0
2001	 0.74		0	 0
2002	 0.59		3	 0
2003	 0.65		2	 4
2004	 0.65		3	 0
2005	 0.76		0	 0
2006	 0.64		0	 0
2007	 0.66		2	 0
2008	 0.72		0	 0
2009	 0.71		0	 0
2010	 0.66		1	 0
2011	 0.73		2	 0
2012	 0.65		2	 0
2013	 0.64		3	 0
2014	 0.62		2	 0
2015	 0.62		0	 0
2016	 0.68		2	 0
2017	 0.65		4	 0

TOTAL Day Violations:   26.0
TOTAL Batt Violations:  4.0

Run time: 1:39:53.675104


Seed ARG:  4
Device:  cpu
Train time: 1:43:26.347883
YEAR	AVG_RWD		VIOLATIONS
			DAY	BATT
2000	 1.05		0	 0
2001	 1.07		0	 0
2002	 1.01		1	 0
2003	 1.03		1	 0
2004	 1.01		3	 0
2005	 1.07		1	 0
2006	 1.04		0	 0
2007	 1.04		3	 0
2008	 1.05		1	 0
2009	 1.05		0	 0
2010	 1.03		2	 0
2011	 1.05		3	 0
2012	 1.03		2	 0
2013	 1.06		1	 0
2014	 1.02		1	 0
2015	 1.03		1	 0
2016	 1.03		3	 0
2017	 1.03		3	 0

TOTAL Day Violations:   26.0
TOTAL Batt Violations:  0.0

Run time: 1:44:13.418103


Seed ARG:  5
Device:  cpu
Train time: 1:43:27.284812
YEAR	AVG_RWD		VIOLATIONS
			DAY	BATT
2000	 0.89		0	 0
2001	 0.88		0	 0
2002	 0.84		0	 0
2003	 0.89		0	 0
2004	 0.84		1	 0
2005	 0.91		0	 0
2006	 0.89		0	 0
2007	 0.86		1	 0
2008	 0.9		0	 0
2009	 0.88		0	 0
2010	 0.85		0	 0
2011	 0.89		0	 0
2012	 0.85		0	 0
2013	 0.86		0	 0
2014	 0.82		2	 0
2015	 0.85		0	 0
2016	 0.88		0	 0
2017	 0.86		0	 0

TOTAL Day Violations:   4.0
TOTAL Batt Violations:  0.0

Run time: 1:44:13.519684


Seed ARG:  6
Device:  cpu
Train time: 1:43:40.467524
YEAR	AVG_RWD		VIOLATIONS
			DAY	BATT
2000	 0.8		0	 0
2001	 0.83		0	 0
2002	 0.76		0	 0
2003	 0.78		2	 0
2004	 0.75		0	 0
2005	 0.83		0	 0
2006	 0.82		0	 0
2007	 0.79		0	 0
2008	 0.83		0	 0
2009	 0.82		0	 0
2010	 0.76		0	 0
2011	 0.8		0	 0
2012	 0.76		0	 0
2013	 0.77		0	 0
2014	 0.76		0	 0
2015	 0.79		0	 0
2016	 0.82		0	 0
2017	 0.77		0	 0

TOTAL Day Violations:   2.0
TOTAL Batt Violations:  0.0

Run time: 1:44:20.834020


Seed ARG:  7
Device:  cpu
Train time: 1:43:04.401726
YEAR	AVG_RWD		VIOLATIONS
			DAY	BATT
2000	 0.72		0	 0
2001	 0.75		0	 0
2002	 0.67		0	 0
2003	 0.74		1	 0
2004	 0.68		0	 0
2005	 0.78		0	 0
2006	 0.74		0	 0
2007	 0.72		0	 0
2008	 0.76		0	 0
2009	 0.74		0	 0
2010	 0.69		0	 0
2011	 0.74		0	 0
2012	 0.68		0	 0
2013	 0.68		0	 0
2014	 0.66		0	 0
2015	 0.68		0	 0
2016	 0.73		0	 0
2017	 0.72		0	 0

TOTAL Day Violations:   1.0
TOTAL Batt Violations:  0.0

Run time: 1:43:54.931778


Seed ARG:  8
Device:  cpu
Train time: 1:43:33.450843
YEAR	AVG_RWD		VIOLATIONS
			DAY	BATT
2000	 0.86		0	 0
2001	 0.87		0	 0
2002	 0.8		1	 0
2003	 0.82		2	 0
2004	 0.8		4	 0
2005	 0.84		1	 0
2006	 0.84		0	 0
2007	 0.82		3	 0
2008	 0.84		2	 0
2009	 0.87		0	 0
2010	 0.81		3	 0
2011	 0.82		5	 0
2012	 0.82		2	 0
2013	 0.82		4	 0
2014	 0.78		5	 0
2015	 0.83		2	 0
2016	 0.83		4	 0
2017	 0.83		4	 0

TOTAL Day Violations:   42.0
TOTAL Batt Violations:  0.0

Run time: 1:44:16.213437


Seed ARG:  9
Device:  cpu
Train time: 1:43:54.265852
YEAR	AVG_RWD		VIOLATIONS
			DAY	BATT
2000	 0.95		1	 0
2001	 0.95		1	 0
2002	 0.91		1	 0
2003	 0.96		1	 0
2004	 0.88		3	 0
2005	 0.98		1	 0
2006	 0.99		0	 0
2007	 0.93		3	 0
2008	 0.99		1	 0
2009	 0.96		0	 0
2010	 0.88		6	 0
2011	 0.91		5	 0
2012	 0.89		3	 0
2013	 0.85		8	 0
2014	 0.86		5	 0
2015	 0.89		4	 0
2016	 0.9		7	 0
2017	 0.89		3	 0

TOTAL Day Violations:   53.0
TOTAL Batt Violations:  0.0

Run time: 1:44:27.217807
