
MODEL :  J1
SEED  :  0
HOST  :  75471690b8bf
DEVICE:  cpu
Train time: 1:25:00.672935

YEAR	AVG_RWD		VIOLATIONS
				DAY	BATT
2000	 0.79		0	 0
2001	 0.78		0	 0
2002	 0.73		1	 0
2003	 0.79		0	 0
2004	 0.71		2	 0
2005	 0.79		0	 0
2006	 0.79		0	 0
2007	 0.76		1	 0
2008	 0.79		0	 0
2009	 0.78		0	 0
2010	 0.74		2	 0
2011	 0.73		3	 0
2012	 0.74		0	 0
2013	 0.72		2	 0
2014	 0.69		4	 0
2015	 0.72		1	 0
2016	 0.76		2	 0
2017	 0.74		2	 0

TOTAL Day Violations:   20.0
TOTAL Batt Violations:  0.0

MODEL :  J1
SEED  :  1
HOST  :  75471690b8bf
DEVICE:  cpu
Train time: 1:25:07.648800

YEAR	AVG_RWD		VIOLATIONS
				DAY	BATT
2000	 0.82		1	 0
2001	 0.87		0	 0
2002	 0.69		5	 0
2003	 0.77		3	 0
2004	 0.77		4	 0
2005	 0.85		0	 0
2006	 0.78		1	 0
2007	 0.83		0	 0
2008	 0.83		0	 0
2009	 0.82		0	 0
2010	 0.81		1	 0
2011	 0.87		0	 0
2012	 0.81		1	 0
2013	 0.83		0	 0
2014	 0.79		2	 0
2015	 0.8		1	 0
2016	 0.8		5	 0
2017	 0.77		4	 0

TOTAL Day Violations:   28.0
TOTAL Batt Violations:  0.0

MODEL :  J1
SEED  :  2
HOST  :  75471690b8bf
DEVICE:  cpu
Train time: 1:24:26.076432

YEAR	AVG_RWD		VIOLATIONS
				DAY	BATT
2000	 0.62		0	 0
2001	 0.71		0	 0
2002	 0.59		2	 0
2003	 0.63		3	 0
2004	 0.6		3	 0
2005	 0.75		0	 0
2006	 0.65		0	 0
2007	 0.64		2	 1
2008	 0.7		0	 0
2009	 0.69		0	 0
2010	 0.65		2	 0
2011	 0.69		2	 0
2012	 0.66		0	 0
2013	 0.64		4	 0
2014	 0.61		3	 0
2015	 0.64		2	 0
2016	 0.67		4	 0
2017	 0.7		1	 0

TOTAL Day Violations:   28.0
TOTAL Batt Violations:  1.0

MODEL :  J1
SEED  :  3
HOST  :  75471690b8bf
DEVICE:  cpu
Train time: 1:24:49.773787

YEAR	AVG_RWD		VIOLATIONS
				DAY	BATT
2000	 0.78		0	 0
2001	 0.83		0	 0
2002	 0.72		1	 0
2003	 0.76		2	 0
2004	 0.75		1	 0
2005	 0.83		0	 0
2006	 0.8		0	 0
2007	 0.78		0	 0
2008	 0.8		0	 0
2009	 0.8		0	 0
2010	 0.78		0	 0
2011	 0.82		0	 0
2012	 0.76		0	 0
2013	 0.75		1	 0
2014	 0.73		2	 0
2015	 0.75		0	 0
2016	 0.81		0	 0
2017	 0.79		0	 0

TOTAL Day Violations:   7.0
TOTAL Batt Violations:  0.0

MODEL :  J1
SEED  :  4
HOST  :  75471690b8bf
DEVICE:  cpu
Train time: 1:24:37.747487

YEAR	AVG_RWD		VIOLATIONS
				DAY	BATT
2000	 0.85		0	 0
2001	 0.85		0	 0
2002	 0.81		1	 0
2003	 0.83		1	 0
2004	 0.76		5	 1
2005	 0.82		0	 0
2006	 0.85		0	 0
2007	 0.81		3	 1
2008	 0.81		2	 0
2009	 0.83		0	 0
2010	 0.8		3	 0
2011	 0.78		5	 0
2012	 0.8		2	 0
2013	 0.78		4	 0
2014	 0.79		3	 0
2015	 0.82		2	 0
2016	 0.81		5	 1
2017	 0.78		4	 0

TOTAL Day Violations:   40.0
TOTAL Batt Violations:  3.0

MODEL :  J1
SEED  :  5
HOST  :  75471690b8bf
DEVICE:  cpu
Train time: 1:24:38.637662

YEAR	AVG_RWD		VIOLATIONS
				DAY	BATT
2000	 0.89		0	 0
2001	 0.91		1	 0
2002	 0.83		2	 0
2003	 0.88		2	 0
2004	 0.82		6	 1
2005	 0.95		0	 0
2006	 0.9		0	 0
2007	 0.87		3	 1
2008	 0.91		1	 0
2009	 0.9		0	 0
2010	 0.81		6	 3
2011	 0.86		6	 1
2012	 0.89		0	 0
2013	 0.84		6	 0
2014	 0.81		4	 0
2015	 0.83		4	 0
2016	 0.87		4	 1
2017	 0.86		3	 0

TOTAL Day Violations:   48.0
TOTAL Batt Violations:  7.0

MODEL :  J1
SEED  :  6
HOST  :  75471690b8bf
DEVICE:  cpu
Train time: 1:24:34.377284

YEAR	AVG_RWD		VIOLATIONS
				DAY	BATT
2000	 0.91		0	 0
2001	 0.92		0	 0
2002	 0.85		0	 0
2003	 0.89		2	 0
2004	 0.84		2	 0
2005	 0.95		0	 0
2006	 0.92		0	 0
2007	 0.89		1	 0
2008	 0.93		1	 0
2009	 0.91		0	 0
2010	 0.86		1	 0
2011	 0.92		0	 0
2012	 0.86		0	 0
2013	 0.87		0	 0
2014	 0.83		1	 0
2015	 0.86		0	 0
2016	 0.9		1	 0
2017	 0.89		0	 0

TOTAL Day Violations:   9.0
TOTAL Batt Violations:  0.0

MODEL :  J1
SEED  :  7
HOST  :  75471690b8bf
DEVICE:  cpu
Train time: 1:16:24.136964

YEAR	AVG_RWD		VIOLATIONS
				DAY	BATT
2000	 0.98		0	 0
2001	 0.97		0	 0
2002	 0.95		0	 0
2003	 0.98		0	 0
2004	 0.94		0	 0
2005	 0.98		0	 0
2006	 0.98		0	 0
2007	 0.98		0	 0
2008	 0.98		0	 0
2009	 0.97		0	 0
2010	 0.95		0	 0
2011	 0.97		0	 0
2012	 0.95		0	 0
2013	 0.96		0	 0
2014	 0.94		0	 0
2015	 0.96		0	 0
2016	 0.98		0	 0
2017	 0.96		0	 0

TOTAL Day Violations:   0.0
TOTAL Batt Violations:  0.0

MODEL :  J1
SEED  :  8
HOST  :  75471690b8bf
DEVICE:  cpu
Train time: 1:24:25.171448

YEAR	AVG_RWD		VIOLATIONS
				DAY	BATT
2000	 0.86		0	 0
2001	 0.87		0	 0
2002	 0.8		1	 0
2003	 0.83		2	 0
2004	 0.8		3	 0
2005	 0.85		0	 0
2006	 0.84		0	 0
2007	 0.82		3	 0
2008	 0.82		2	 0
2009	 0.85		0	 0
2010	 0.81		3	 0
2011	 0.82		3	 0
2012	 0.8		2	 0
2013	 0.78		4	 0
2014	 0.79		4	 0
2015	 0.82		2	 0
2016	 0.82		4	 0
2017	 0.81		3	 0

TOTAL Day Violations:   36.0
TOTAL Batt Violations:  0.0

MODEL :  J1
SEED  :  9
HOST  :  75471690b8bf
DEVICE:  cpu
Train time: 1:24:29.362190

YEAR	AVG_RWD		VIOLATIONS
				DAY	BATT
2000	 0.25		20	 24
2001	 0.21		28	 55
2002	 0.17		23	 37
2003	 0.41		6	 8
2004	 0.07		36	 46
2005	 0.4		12	 14
2006	 0.4		10	 11
2007	 0.17		31	 55
2008	 0.4		11	 11
2009	 0.31		16	 28
2010	 0.1		35	 57
2011	 0.24		24	 46
2012	 0.11		31	 41
2013	 0.09		36	 71
2014	 -0.06		46	 81
2015	 0.1		32	 61
2016	 0.23		26	 41
2017	 0.18		31	 69

TOTAL Day Violations:   454.0
TOTAL Batt Violations:  756.0
