
MODEL :  J2
SEED  :  0
HOST  :  75471690b8bf
DEVICE:  cpu
Train time: 1:10:33.221274

YEAR	AVG_RWD		VIOLATIONS
				DAY	BATT
2000	 0.78		0	 0
2001	 0.79		0	 0
2002	 0.76		0	 0
2003	 0.77		2	 0
2004	 0.73		3	 0
2005	 0.77		0	 0
2006	 0.79		0	 0
2007	 0.75		3	 0
2008	 0.77		1	 0
2009	 0.78		0	 0
2010	 0.75		3	 0
2011	 0.75		2	 0
2012	 0.74		2	 0
2013	 0.76		1	 0
2014	 0.76		2	 0
2015	 0.75		1	 0
2016	 0.76		4	 0
2017	 0.75		2	 0

TOTAL Day Violations:   26.0
TOTAL Batt Violations:  0.0

MODEL :  J2
SEED  :  1
HOST  :  75471690b8bf
DEVICE:  cpu
Train time: 1:11:47.034475

YEAR	AVG_RWD		VIOLATIONS
				DAY	BATT
2000	 0.81		0	 0
2001	 0.86		0	 0
2002	 0.73		3	 8
2003	 0.74		4	 0
2004	 0.8		1	 0
2005	 0.84		0	 0
2006	 0.8		0	 0
2007	 0.82		2	 0
2008	 0.83		0	 0
2009	 0.82		0	 0
2010	 0.81		0	 0
2011	 0.84		0	 0
2012	 0.82		0	 0
2013	 0.81		0	 0
2014	 0.81		0	 0
2015	 0.81		0	 0
2016	 0.83		1	 0
2017	 0.79		2	 0

TOTAL Day Violations:   13.0
TOTAL Batt Violations:  8.0

MODEL :  J2
SEED  :  2
HOST  :  75471690b8bf
DEVICE:  cpu
Train time: 1:12:23.811375

YEAR	AVG_RWD		VIOLATIONS
				DAY	BATT
2000	 0.99		0	 0
2001	 1.01		0	 0
2002	 0.94		0	 0
2003	 0.97		0	 0
2004	 0.94		1	 0
2005	 0.99		0	 0
2006	 0.98		0	 0
2007	 0.96		1	 0
2008	 0.97		0	 0
2009	 0.98		0	 0
2010	 0.96		0	 0
2011	 0.98		0	 0
2012	 0.94		1	 0
2013	 0.97		0	 0
2014	 0.94		1	 0
2015	 0.97		0	 0
2016	 0.97		2	 0
2017	 0.97		0	 0

TOTAL Day Violations:   6.0
TOTAL Batt Violations:  0.0

MODEL :  J2
SEED  :  3
HOST  :  75471690b8bf
DEVICE:  cpu
Train time: 1:10:32.803273

YEAR	AVG_RWD		VIOLATIONS
				DAY	BATT
2000	 0.8		0	 0
2001	 0.83		0	 0
2002	 0.75		0	 0
2003	 0.79		1	 0
2004	 0.76		0	 0
2005	 0.81		0	 0
2006	 0.81		0	 0
2007	 0.78		0	 0
2008	 0.8		0	 0
2009	 0.81		0	 0
2010	 0.77		0	 0
2011	 0.8		0	 0
2012	 0.76		0	 0
2013	 0.76		0	 0
2014	 0.75		0	 0
2015	 0.77		0	 0
2016	 0.81		0	 0
2017	 0.79		0	 0

TOTAL Day Violations:   1.0
TOTAL Batt Violations:  0.0

MODEL :  J2
SEED  :  4
HOST  :  75471690b8bf
DEVICE:  cpu
Train time: 1:10:54.822487

YEAR	AVG_RWD		VIOLATIONS
				DAY	BATT
2000	 0.72		0	 0
2001	 0.71		0	 0
2002	 0.68		1	 0
2003	 0.72		1	 0
2004	 0.63		3	 0
2005	 0.66		1	 0
2006	 0.75		0	 0
2007	 0.67		3	 0
2008	 0.69		1	 0
2009	 0.71		0	 0
2010	 0.66		2	 0
2011	 0.65		1	 0
2012	 0.66		1	 0
2013	 0.63		4	 0
2014	 0.66		2	 0
2015	 0.72		0	 0
2016	 0.69		3	 0
2017	 0.66		2	 0

TOTAL Day Violations:   25.0
TOTAL Batt Violations:  0.0

MODEL :  J2
SEED  :  5
HOST  :  75471690b8bf
DEVICE:  cpu
Train time: 1:11:40.946963

YEAR	AVG_RWD		VIOLATIONS
				DAY	BATT
2000	 0.78		0	 0
2001	 0.79		0	 0
2002	 0.73		1	 0
2003	 0.77		2	 0
2004	 0.71		4	 0
2005	 0.83		0	 0
2006	 0.8		0	 0
2007	 0.76		3	 0
2008	 0.8		2	 0
2009	 0.78		0	 0
2010	 0.72		3	 0
2011	 0.74		5	 0
2012	 0.74		2	 0
2013	 0.72		5	 0
2014	 0.68		6	 0
2015	 0.71		4	 0
2016	 0.76		4	 0
2017	 0.72		4	 0

TOTAL Day Violations:   45.0
TOTAL Batt Violations:  0.0

MODEL :  J2
SEED  :  6
HOST  :  75471690b8bf
DEVICE:  cpu
Train time: 1:10:56.588044

YEAR	AVG_RWD		VIOLATIONS
				DAY	BATT
2000	 0.65		9	 0
2001	 0.63		14	 3
2002	 0.59		11	 2
2003	 0.73		3	 0
2004	 0.52		16	 3
2005	 0.74		5	 1
2006	 0.76		2	 0
2007	 0.59		15	 8
2008	 0.72		4	 1
2009	 0.67		8	 2
2010	 0.56		15	 4
2011	 0.61		14	 6
2012	 0.57		12	 0
2013	 0.49		20	 10
2014	 0.46		21	 6
2015	 0.54		16	 7
2016	 0.61		14	 12
2017	 0.54		20	 5

TOTAL Day Violations:   219.0
TOTAL Batt Violations:  70.0

MODEL :  J2
SEED  :  7
HOST  :  75471690b8bf
DEVICE:  cpu
Train time: 1:11:12.983519

YEAR	AVG_RWD		VIOLATIONS
				DAY	BATT
2000	 0.9		0	 0
2001	 0.91		0	 0
2002	 0.86		0	 0
2003	 0.89		0	 0
2004	 0.86		1	 0
2005	 0.88		0	 0
2006	 0.89		0	 0
2007	 0.9		0	 0
2008	 0.9		0	 0
2009	 0.9		0	 0
2010	 0.87		1	 0
2011	 0.89		1	 0
2012	 0.87		0	 0
2013	 0.89		0	 0
2014	 0.87		1	 0
2015	 0.9		0	 0
2016	 0.9		1	 0
2017	 0.9		0	 0

TOTAL Day Violations:   5.0
TOTAL Batt Violations:  0.0

MODEL :  J2
SEED  :  8
HOST  :  75471690b8bf
DEVICE:  cpu
Train time: 1:03:14.405882

YEAR	AVG_RWD		VIOLATIONS
				DAY	BATT
2000	 0.81		0	 0
2001	 0.88		0	 0
2002	 0.76		1	 0
2003	 0.79		2	 0
2004	 0.83		0	 0
2005	 0.89		0	 0
2006	 0.81		0	 0
2007	 0.83		0	 0
2008	 0.86		0	 0
2009	 0.85		0	 0
2010	 0.84		0	 0
2011	 0.87		0	 0
2012	 0.84		0	 0
2013	 0.85		0	 0
2014	 0.8		0	 0
2015	 0.79		0	 0
2016	 0.84		0	 0
2017	 0.86		0	 0

TOTAL Day Violations:   3.0
TOTAL Batt Violations:  0.0

MODEL :  J2
SEED  :  9
HOST  :  75471690b8bf
DEVICE:  cpu
Train time: 1:02:55.197698

YEAR	AVG_RWD		VIOLATIONS
				DAY	BATT
2000	 0.84		0	 0
2001	 0.84		0	 0
2002	 0.8		1	 0
2003	 0.85		1	 0
2004	 0.76		4	 0
2005	 0.83		1	 0
2006	 0.87		0	 0
2007	 0.8		3	 0
2008	 0.82		2	 0
2009	 0.84		0	 0
2010	 0.78		3	 0
2011	 0.78		5	 0
2012	 0.78		2	 0
2013	 0.76		4	 0
2014	 0.76		5	 0
2015	 0.81		2	 0
2016	 0.81		5	 0
2017	 0.78		4	 0

TOTAL Day Violations:   42.0
TOTAL Batt Violations:  0.0
