

Seed ARG:  0
Device:  cpu
Train time: 0:20:18.551142
YEAR	AVG_RWD		VIOLATIONS
			DAY	BATT
2000	 0.77		0	 0
2001	 0.78		0	 0
2002	 0.72		0	 0
2003	 0.77		0	 0
2004	 0.73		0	 0
2005	 0.78		0	 0
2006	 0.77		0	 0
2007	 0.76		0	 0
2008	 0.79		0	 0
2009	 0.77		0	 0
2010	 0.74		0	 0
2011	 0.75		0	 0
2012	 0.74		0	 0
2013	 0.75		0	 0
2014	 0.73		0	 0
2015	 0.75		0	 0
2016	 0.78		0	 0
2017	 0.74		0	 0

TOTAL Day Violations:   0.0
TOTAL Batt Violations:  0.0

Run time: 0:20:40.006995


Seed ARG:  1
Device:  cpu
Train time: 0:20:13.066417
YEAR	AVG_RWD		VIOLATIONS
			DAY	BATT
2000	 1.0		0	 0
2001	 1.03		0	 0
2002	 0.95		0	 0
2003	 0.98		0	 0
2004	 0.96		0	 0
2005	 1.02		0	 0
2006	 1.01		0	 0
2007	 1.02		0	 0
2008	 1.0		0	 0
2009	 1.01		0	 0
2010	 0.97		0	 0
2011	 1.01		0	 0
2012	 0.97		0	 0
2013	 1.0		0	 0
2014	 0.96		0	 0
2015	 0.99		0	 0
2016	 1.02		0	 0
2017	 0.94		3	 0

TOTAL Day Violations:   3.0
TOTAL Batt Violations:  0.0

Run time: 0:20:34.269008


Seed ARG:  2
Device:  cpu
Train time: 0:20:22.703525
YEAR	AVG_RWD		VIOLATIONS
			DAY	BATT
2000	 0.91		0	 0
2001	 0.96		0	 0
2002	 0.84		2	 0
2003	 0.09		31	 572
2004	 0.92		0	 0
2005	 0.96		0	 0
2006	 0.87		0	 0
2007	 0.93		0	 0
2008	 0.92		0	 0
2009	 0.94		0	 0
2010	 0.91		0	 0
2011	 0.97		0	 0
2012	 0.92		0	 0
2013	 0.94		0	 0
2014	 0.9		1	 0
2015	 0.9		0	 0
2016	 0.96		0	 0
2017	 0.95		0	 0

TOTAL Day Violations:   34.0
TOTAL Batt Violations:  572.0

Run time: 0:20:43.536538


Seed ARG:  3
Device:  cpu
Train time: 0:20:11.224129
YEAR	AVG_RWD		VIOLATIONS
			DAY	BATT
2000	 0.9		0	 0
2001	 0.93		0	 0
2002	 0.87		0	 0
2003	 0.89		0	 0
2004	 0.87		1	 0
2005	 0.91		0	 0
2006	 0.91		0	 0
2007	 0.88		2	 0
2008	 0.89		0	 0
2009	 0.91		0	 0
2010	 0.89		0	 0
2011	 0.91		0	 0
2012	 0.88		1	 0
2013	 0.88		1	 0
2014	 0.85		2	 0
2015	 0.9		0	 0
2016	 0.9		3	 0
2017	 0.89		0	 0

TOTAL Day Violations:   10.0
TOTAL Batt Violations:  0.0

Run time: 0:20:32.073291


Seed ARG:  4
Device:  cpu
Train time: 0:20:37.901755
YEAR	AVG_RWD		VIOLATIONS
			DAY	BATT
2000	 0.9		0	 0
2001	 0.92		0	 0
2002	 0.88		0	 0
2003	 0.9		0	 0
2004	 0.86		0	 0
2005	 0.91		0	 0
2006	 0.92		0	 0
2007	 0.89		2	 0
2008	 0.91		0	 0
2009	 0.9		0	 0
2010	 0.88		0	 0
2011	 0.89		0	 0
2012	 0.87		0	 0
2013	 0.89		0	 0
2014	 0.86		1	 0
2015	 0.89		0	 0
2016	 0.89		3	 0
2017	 0.87		0	 0

TOTAL Day Violations:   6.0
TOTAL Batt Violations:  0.0

Run time: 0:20:58.147971


Seed ARG:  5
Device:  cpu
Train time: 0:20:44.282894
YEAR	AVG_RWD		VIOLATIONS
			DAY	BATT
2000	 0.84		0	 0
2001	 0.84		0	 0
2002	 0.77		1	 0
2003	 0.83		1	 0
2004	 0.74		4	 0
2005	 0.82		1	 0
2006	 0.84		0	 0
2007	 0.8		2	 0
2008	 0.81		2	 0
2009	 0.83		0	 0
2010	 0.76		4	 0
2011	 0.77		5	 0
2012	 0.76		2	 0
2013	 0.76		4	 0
2014	 0.75		3	 0
2015	 0.77		3	 0
2016	 0.79		5	 0
2017	 0.76		3	 0

TOTAL Day Violations:   40.0
TOTAL Batt Violations:  0.0

Run time: 0:21:05.321647


Seed ARG:  6
Device:  cpu
Train time: 0:20:59.201654
YEAR	AVG_RWD		VIOLATIONS
			DAY	BATT
2000	 0.85		0	 0
2001	 0.85		0	 0
2002	 0.79		1	 0
2003	 0.84		1	 0
2004	 0.79		2	 0
2005	 0.86		0	 0
2006	 0.87		0	 0
2007	 0.82		1	 0
2008	 0.84		1	 0
2009	 0.84		0	 0
2010	 0.79		1	 0
2011	 0.82		1	 0
2012	 0.78		1	 0
2013	 0.78		2	 0
2014	 0.77		2	 0
2015	 0.81		0	 0
2016	 0.81		3	 0
2017	 0.81		0	 0

TOTAL Day Violations:   16.0
TOTAL Batt Violations:  0.0

Run time: 0:21:20.771392


Seed ARG:  7
Device:  cpu
Train time: 0:20:55.720189
YEAR	AVG_RWD		VIOLATIONS
			DAY	BATT
2000	 0.97		0	 0
2001	 0.99		0	 0
2002	 0.95		0	 0
2003	 0.98		0	 0
2004	 0.95		0	 0
2005	 0.98		0	 0
2006	 0.98		0	 0
2007	 0.98		0	 0
2008	 0.97		0	 0
2009	 0.97		0	 0
2010	 0.97		0	 0
2011	 0.98		0	 0
2012	 0.96		0	 0
2013	 0.97		0	 0
2014	 0.95		0	 0
2015	 0.97		0	 0
2016	 0.99		0	 0
2017	 0.97		0	 0

TOTAL Day Violations:   0.0
TOTAL Batt Violations:  0.0

Run time: 0:21:17.155216


Seed ARG:  8
Device:  cpu
Train time: 0:16:48.151185
YEAR	AVG_RWD		VIOLATIONS
			DAY	BATT
2000	 0.88		0	 0
2001	 0.89		0	 0
2002	 0.83		1	 0
2003	 0.88		0	 0
2004	 0.84		0	 0
2005	 0.88		0	 0
2006	 0.9		0	 0
2007	 0.86		1	 0
2008	 0.88		0	 0
2009	 0.88		0	 0
2010	 0.85		0	 0
2011	 0.87		0	 0
2012	 0.84		0	 0
2013	 0.84		1	 0
2014	 0.82		1	 0
2015	 0.87		0	 0
2016	 0.89		1	 0
2017	 0.86		0	 0

TOTAL Day Violations:   5.0
TOTAL Batt Violations:  0.0

Run time: 0:17:09.034352


Seed ARG:  9
Device:  cpu
Train time: 0:16:48.870517
YEAR	AVG_RWD		VIOLATIONS
			DAY	BATT
2000	 0.83		3	 0
2001	 0.84		1	 0
2002	 0.77		5	 0
2003	 0.85		2	 0
2004	 0.77		4	 2
2005	 0.85		1	 0
2006	 0.87		1	 0
2007	 0.79		5	 0
2008	 0.83		3	 1
2009	 0.82		4	 0
2010	 0.76		6	 2
2011	 0.78		5	 0
2012	 0.78		3	 1
2013	 0.72		9	 5
2014	 0.74		7	 3
2015	 0.78		5	 0
2016	 0.81		5	 1
2017	 0.71		12	 1

TOTAL Day Violations:   81.0
TOTAL Batt Violations:  16.0

Run time: 0:17:10.609591
