
MODEL :  J3
SEED  :  0
HOST  :  75471690b8bf
DEVICE:  cpu
Train time: 0:57:24.474361

YEAR	AVG_RWD		VIOLATIONS
				DAY	BATT
2000	 0.87		0	 0
2001	 0.87		0	 0
2002	 0.81		0	 0
2003	 0.87		0	 0
2004	 0.82		0	 0
2005	 0.88		0	 0
2006	 0.89		0	 0
2007	 0.85		0	 0
2008	 0.87		0	 0
2009	 0.87		0	 0
2010	 0.83		0	 0
2011	 0.87		0	 0
2012	 0.83		0	 0
2013	 0.83		0	 0
2014	 0.81		0	 0
2015	 0.83		0	 0
2016	 0.88		0	 0
2017	 0.85		0	 0

TOTAL Day Violations:   0.0
TOTAL Batt Violations:  0.0

MODEL :  J3
SEED  :  1
HOST  :  75471690b8bf
DEVICE:  cpu
Train time: 0:52:45.555238

YEAR	AVG_RWD		VIOLATIONS
				DAY	BATT
2000	 0.9		0	 0
2001	 0.93		0	 0
2002	 0.86		1	 0
2003	 0.87		3	 0
2004	 0.84		2	 0
2005	 0.92		0	 0
2006	 0.93		0	 0
2007	 0.88		2	 0
2008	 0.89		1	 0
2009	 0.91		0	 0
2010	 0.86		1	 0
2011	 0.89		0	 0
2012	 0.85		1	 0
2013	 0.82		4	 0
2014	 0.81		2	 0
2015	 0.89		0	 0
2016	 0.88		3	 0
2017	 0.84		1	 0

TOTAL Day Violations:   21.0
TOTAL Batt Violations:  0.0

MODEL :  J3
SEED  :  2
HOST  :  75471690b8bf
DEVICE:  cpu
Train time: 0:58:34.783962

YEAR	AVG_RWD		VIOLATIONS
				DAY	BATT
2000	 0.77		0	 0
2001	 0.77		1	 0
2002	 0.71		2	 1
2003	 0.78		1	 0
2004	 0.65		7	 1
2005	 0.76		1	 0
2006	 0.8		2	 0
2007	 0.69		7	 2
2008	 0.74		3	 1
2009	 0.77		0	 0
2010	 0.67		7	 0
2011	 0.69		5	 0
2012	 0.67		4	 2
2013	 0.61		10	 2
2014	 0.64		8	 2
2015	 0.68		7	 0
2016	 0.68		10	 2
2017	 0.65		8	 0

TOTAL Day Violations:   83.0
TOTAL Batt Violations:  13.0

MODEL :  J3
SEED  :  3
HOST  :  75471690b8bf
DEVICE:  cpu
Train time: 0:58:01.321032

YEAR	AVG_RWD		VIOLATIONS
				DAY	BATT
2000	 0.85		0	 0
2001	 0.86		0	 0
2002	 0.81		0	 0
2003	 0.84		0	 0
2004	 0.8		0	 0
2005	 0.84		0	 0
2006	 0.87		0	 0
2007	 0.85		0	 0
2008	 0.84		0	 0
2009	 0.86		0	 0
2010	 0.83		0	 0
2011	 0.82		0	 0
2012	 0.8		0	 0
2013	 0.82		0	 0
2014	 0.81		0	 0
2015	 0.84		0	 0
2016	 0.85		1	 0
2017	 0.82		0	 0

TOTAL Day Violations:   1.0
TOTAL Batt Violations:  0.0

MODEL :  J3
SEED  :  4
HOST  :  75471690b8bf
DEVICE:  cpu
Train time: 0:58:46.661009

YEAR	AVG_RWD		VIOLATIONS
				DAY	BATT
2000	 0.91		0	 0
2001	 0.92		0	 0
2002	 0.87		1	 0
2003	 0.89		1	 0
2004	 0.85		2	 0
2005	 0.89		0	 0
2006	 0.92		0	 0
2007	 0.89		2	 0
2008	 0.89		0	 0
2009	 0.91		0	 0
2010	 0.87		2	 0
2011	 0.88		1	 0
2012	 0.85		1	 0
2013	 0.87		2	 0
2014	 0.86		1	 0
2015	 0.9		1	 0
2016	 0.89		2	 0
2017	 0.87		1	 0

TOTAL Day Violations:   17.0
TOTAL Batt Violations:  0.0

MODEL :  J3
SEED  :  5
HOST  :  75471690b8bf
DEVICE:  cpu
Train time: 0:58:33.773717

YEAR	AVG_RWD		VIOLATIONS
				DAY	BATT
2000	 0.8		0	 0
2001	 0.82		0	 0
2002	 0.75		1	 0
2003	 0.81		0	 0
2004	 0.72		3	 0
2005	 0.78		0	 0
2006	 0.82		0	 0
2007	 0.77		2	 0
2008	 0.78		1	 0
2009	 0.81		0	 0
2010	 0.76		1	 0
2011	 0.77		1	 0
2012	 0.74		1	 0
2013	 0.73		3	 0
2014	 0.74		3	 0
2015	 0.78		1	 0
2016	 0.77		4	 0
2017	 0.77		0	 0

TOTAL Day Violations:   21.0
TOTAL Batt Violations:  0.0

MODEL :  J3
SEED  :  6
HOST  :  75471690b8bf
DEVICE:  cpu
Train time: 0:58:46.179889

YEAR	AVG_RWD		VIOLATIONS
				DAY	BATT
2000	 0.85		0	 0
2001	 0.85		0	 0
2002	 0.8		1	 0
2003	 0.85		1	 0
2004	 0.77		4	 0
2005	 0.85		1	 0
2006	 0.88		0	 0
2007	 0.82		3	 0
2008	 0.84		2	 0
2009	 0.85		0	 0
2010	 0.8		2	 0
2011	 0.8		4	 0
2012	 0.79		2	 0
2013	 0.77		4	 0
2014	 0.76		5	 0
2015	 0.8		2	 0
2016	 0.81		5	 0
2017	 0.79		4	 0

TOTAL Day Violations:   40.0
TOTAL Batt Violations:  0.0

MODEL :  J3
SEED  :  7
HOST  :  75471690b8bf
DEVICE:  cpu
Train time: 0:51:27.570583

YEAR	AVG_RWD		VIOLATIONS
				DAY	BATT
2000	 0.83		0	 0
2001	 0.83		0	 0
2002	 0.79		0	 0
2003	 0.79		2	 0
2004	 0.79		1	 0
2005	 0.8		0	 0
2006	 0.82		0	 0
2007	 0.79		2	 1
2008	 0.81		1	 0
2009	 0.82		0	 0
2010	 0.8		0	 0
2011	 0.81		0	 0
2012	 0.81		0	 0
2013	 0.81		0	 0
2014	 0.79		2	 0
2015	 0.82		1	 0
2016	 0.79		5	 0
2017	 0.81		0	 0

TOTAL Day Violations:   14.0
TOTAL Batt Violations:  1.0

MODEL :  J3
SEED  :  8
HOST  :  75471690b8bf
DEVICE:  cpu
Train time: 0:57:25.197192

YEAR	AVG_RWD		VIOLATIONS
				DAY	BATT
2000	 0.9		0	 0
2001	 0.94		0	 0
2002	 0.86		0	 0
2003	 0.87		2	 0
2004	 0.9		0	 0
2005	 0.94		0	 0
2006	 0.9		0	 0
2007	 0.91		0	 0
2008	 0.91		0	 0
2009	 0.92		0	 0
2010	 0.91		0	 0
2011	 0.95		0	 0
2012	 0.9		0	 0
2013	 0.92		0	 0
2014	 0.88		0	 0
2015	 0.9		0	 0
2016	 0.93		0	 0
2017	 0.93		0	 0

TOTAL Day Violations:   2.0
TOTAL Batt Violations:  0.0

MODEL :  J3
SEED  :  9
HOST  :  75471690b8bf
DEVICE:  cpu
Train time: 0:58:20.268915

YEAR	AVG_RWD		VIOLATIONS
				DAY	BATT
2000	 0.83		0	 0
2001	 0.87		0	 0
2002	 0.78		1	 0
2003	 0.83		2	 0
2004	 0.76		4	 0
2005	 0.85		1	 0
2006	 0.85		0	 0
2007	 0.8		3	 1
2008	 0.84		1	 0
2009	 0.84		1	 0
2010	 0.78		3	 0
2011	 0.81		4	 0
2012	 0.77		3	 0
2013	 0.76		4	 0
2014	 0.76		2	 0
2015	 0.79		2	 0
2016	 0.79		6	 0
2017	 0.8		3	 0

TOTAL Day Violations:   40.0
TOTAL Batt Violations:  1.0
