
MODEL :  J5
SEED  :  0
HOST  :  75471690b8bf
DEVICE:  cpu
Train time: 0:41:02.787323

YEAR	AVG_RWD		VIOLATIONS
				DAY	BATT
2000	 0.88		0	 0
2001	 0.89		0	 0
2002	 0.83		1	 0
2003	 0.89		0	 0
2004	 0.84		0	 0
2005	 0.89		0	 0
2006	 0.9		0	 0
2007	 0.87		1	 0
2008	 0.9		0	 0
2009	 0.88		0	 0
2010	 0.85		0	 0
2011	 0.87		0	 0
2012	 0.83		1	 0
2013	 0.85		0	 0
2014	 0.84		0	 0
2015	 0.86		0	 0
2016	 0.87		2	 0
2017	 0.86		0	 0

TOTAL Day Violations:   5.0
TOTAL Batt Violations:  0.0

MODEL :  J5
SEED  :  1
HOST  :  75471690b8bf
DEVICE:  cpu
Train time: 0:45:25.487118

YEAR	AVG_RWD		VIOLATIONS
				DAY	BATT
2000	 0.79		0	 0
2001	 0.83		0	 0
2002	 0.72		0	 0
2003	 0.73		2	 0
2004	 0.77		1	 0
2005	 0.81		0	 0
2006	 0.76		0	 0
2007	 0.78		1	 0
2008	 0.78		0	 0
2009	 0.8		0	 0
2010	 0.79		0	 0
2011	 0.83		1	 0
2012	 0.79		0	 0
2013	 0.81		0	 0
2014	 0.78		1	 0
2015	 0.77		1	 0
2016	 0.78		1	 0
2017	 0.83		0	 0

TOTAL Day Violations:   8.0
TOTAL Batt Violations:  0.0

MODEL :  J5
SEED  :  2
HOST  :  75471690b8bf
DEVICE:  cpu
Train time: 0:45:34.796808

YEAR	AVG_RWD		VIOLATIONS
				DAY	BATT
2000	 0.98		0	 0
2001	 0.99		0	 0
2002	 0.94		0	 0
2003	 0.96		0	 0
2004	 0.94		0	 0
2005	 0.99		0	 0
2006	 0.98		0	 0
2007	 0.98		0	 0
2008	 0.98		0	 0
2009	 0.98		0	 0
2010	 0.97		0	 0
2011	 0.98		0	 0
2012	 0.95		0	 0
2013	 0.97		0	 0
2014	 0.95		0	 0
2015	 0.97		0	 0
2016	 0.99		0	 0
2017	 0.96		0	 0

TOTAL Day Violations:   0.0
TOTAL Batt Violations:  0.0

MODEL :  J5
SEED  :  3
HOST  :  75471690b8bf
DEVICE:  cpu
Train time: 0:44:48.224941

YEAR	AVG_RWD		VIOLATIONS
				DAY	BATT
2000	 0.79		0	 0
2001	 0.8		0	 0
2002	 0.72		1	 0
2003	 0.75		1	 0
2004	 0.75		0	 0
2005	 0.78		0	 0
2006	 0.77		0	 0
2007	 0.75		1	 0
2008	 0.77		0	 0
2009	 0.78		0	 0
2010	 0.75		1	 0
2011	 0.77		0	 0
2012	 0.74		1	 0
2013	 0.75		1	 0
2014	 0.74		0	 0
2015	 0.75		0	 0
2016	 0.75		3	 0
2017	 0.76		1	 0

TOTAL Day Violations:   10.0
TOTAL Batt Violations:  0.0

MODEL :  J5
SEED  :  4
HOST  :  75471690b8bf
DEVICE:  cpu
Train time: 0:45:23.356268

YEAR	AVG_RWD		VIOLATIONS
				DAY	BATT
2000	 0.84		0	 0
2001	 0.85		0	 0
2002	 0.82		0	 0
2003	 0.83		0	 0
2004	 0.8		0	 0
2005	 0.82		0	 0
2006	 0.86		0	 0
2007	 0.83		1	 0
2008	 0.81		0	 0
2009	 0.84		0	 0
2010	 0.82		0	 0
2011	 0.83		0	 0
2012	 0.8		0	 0
2013	 0.81		0	 0
2014	 0.81		0	 0
2015	 0.84		0	 0
2016	 0.85		0	 0
2017	 0.82		0	 0

TOTAL Day Violations:   1.0
TOTAL Batt Violations:  0.0

MODEL :  J5
SEED  :  5
HOST  :  75471690b8bf
DEVICE:  cpu
Train time: 0:45:33.423579

YEAR	AVG_RWD		VIOLATIONS
				DAY	BATT
2000	 0.91		0	 0
2001	 0.94		0	 0
2002	 0.88		1	 0
2003	 0.91		0	 0
2004	 0.83		4	 0
2005	 0.89		1	 0
2006	 0.93		0	 0
2007	 0.88		3	 0
2008	 0.89		2	 0
2009	 0.91		0	 0
2010	 0.87		2	 0
2011	 0.89		3	 0
2012	 0.85		2	 0
2013	 0.86		4	 0
2014	 0.85		4	 0
2015	 0.9		1	 0
2016	 0.89		4	 0
2017	 0.88		3	 0

TOTAL Day Violations:   34.0
TOTAL Batt Violations:  0.0

MODEL :  J5
SEED  :  6
HOST  :  75471690b8bf
DEVICE:  cpu
Train time: 0:45:08.742856

YEAR	AVG_RWD		VIOLATIONS
				DAY	BATT
2000	 0.8		0	 0
2001	 0.81		0	 0
2002	 0.73		1	 0
2003	 0.74		3	 0
2004	 0.69		5	 0
2005	 0.78		1	 0
2006	 0.81		0	 0
2007	 0.75		3	 0
2008	 0.77		2	 0
2009	 0.8		0	 0
2010	 0.73		3	 0
2011	 0.74		4	 0
2012	 0.72		2	 0
2013	 0.71		4	 0
2014	 0.69		5	 0
2015	 0.75		2	 0
2016	 0.76		5	 0
2017	 0.73		4	 0

TOTAL Day Violations:   44.0
TOTAL Batt Violations:  0.0

MODEL :  J5
SEED  :  7
HOST  :  75471690b8bf
DEVICE:  cpu
Train time: 0:40:24.201937

YEAR	AVG_RWD		VIOLATIONS
				DAY	BATT
2000	 0.92		0	 0
2001	 0.92		0	 0
2002	 0.87		1	 0
2003	 0.91		1	 0
2004	 0.84		4	 0
2005	 0.91		1	 0
2006	 0.93		0	 0
2007	 0.89		3	 1
2008	 0.9		2	 0
2009	 0.92		0	 0
2010	 0.86		3	 0
2011	 0.86		5	 0
2012	 0.85		3	 0
2013	 0.85		4	 0
2014	 0.84		5	 0
2015	 0.88		2	 0
2016	 0.88		5	 1
2017	 0.85		4	 0

TOTAL Day Violations:   43.0
TOTAL Batt Violations:  2.0

MODEL :  J5
SEED  :  8
HOST  :  75471690b8bf
DEVICE:  cpu
Train time: 0:45:47.122465

YEAR	AVG_RWD		VIOLATIONS
				DAY	BATT
2000	 0.93		0	 0
2001	 0.98		0	 0
2002	 0.88		1	 0
2003	 0.91		1	 0
2004	 0.92		0	 0
2005	 0.95		0	 0
2006	 0.91		0	 0
2007	 0.94		0	 0
2008	 0.92		0	 0
2009	 0.94		0	 0
2010	 0.93		0	 0
2011	 0.97		0	 0
2012	 0.93		0	 0
2013	 0.96		0	 0
2014	 0.93		0	 0
2015	 0.95		0	 0
2016	 0.95		1	 0
2017	 0.95		0	 0

TOTAL Day Violations:   3.0
TOTAL Batt Violations:  0.0

MODEL :  J5
SEED  :  9
HOST  :  75471690b8bf
DEVICE:  cpu
Train time: 0:40:16.791062

YEAR	AVG_RWD		VIOLATIONS
				DAY	BATT
2000	 0.87		0	 0
2001	 0.87		0	 0
2002	 0.82		1	 0
2003	 0.86		2	 0
2004	 0.81		2	 0
2005	 0.87		1	 0
2006	 0.89		0	 0
2007	 0.83		3	 0
2008	 0.85		2	 0
2009	 0.87		1	 0
2010	 0.81		3	 0
2011	 0.82		4	 0
2012	 0.8		3	 1
2013	 0.77		7	 0
2014	 0.78		6	 0
2015	 0.82		3	 0
2016	 0.83		5	 0
2017	 0.79		4	 0

TOTAL Day Violations:   47.0
TOTAL Batt Violations:  1.0
