

Seed ARG:  0
Device:  cpu
Train time: 0:29:04.553016
YEAR	AVG_RWD		VIOLATIONS
			DAY	BATT
2000	 0.5		2	 0
2001	 0.61		0	 0
2002	 0.43		4	 29
2003	 0.5		3	 27
2004	 0.49		2	 0
2005	 0.6		0	 0
2006	 0.56		1	 0
2007	 0.56		1	 0
2008	 0.56		0	 0
2009	 0.57		0	 0
2010	 0.53		3	 0
2011	 0.5		2	 0
2012	 0.5		0	 0
2013	 0.45		5	 0
2014	 0.46		4	 0
2015	 0.53		2	 0
2016	 0.59		2	 0
2017	 0.47		3	 17

TOTAL Day Violations:   34.0
TOTAL Batt Violations:  73.0

Run time: 0:29:35.955586


Seed ARG:  1
Device:  cpu
Train time: 0:29:05.351634
YEAR	AVG_RWD		VIOLATIONS
			DAY	BATT
2000	 0.67		0	 0
2001	 0.7		0	 0
2002	 0.6		3	 0
2003	 0.65		3	 0
2004	 0.67		0	 0
2005	 0.75		0	 0
2006	 0.67		0	 0
2007	 0.7		0	 0
2008	 0.71		0	 0
2009	 0.69		0	 0
2010	 0.67		0	 0
2011	 0.73		0	 0
2012	 0.68		0	 0
2013	 0.68		0	 0
2014	 0.65		0	 0
2015	 0.68		0	 0
2016	 0.73		0	 0
2017	 0.67		2	 0

TOTAL Day Violations:   8.0
TOTAL Batt Violations:  0.0

Run time: 0:29:37.940695


Seed ARG:  2
Device:  cpu
Train time: 0:29:13.205872
YEAR	AVG_RWD		VIOLATIONS
			DAY	BATT
2000	 0.44		9	 0
2001	 0.47		5	 0
2002	 0.41		8	 2
2003	 0.5		3	 2
2004	 0.34		11	 3
2005	 0.44		4	 0
2006	 0.53		5	 0
2007	 0.39		11	 2
2008	 0.47		3	 2
2009	 0.43		8	 0
2010	 0.37		11	 1
2011	 0.35		9	 2
2012	 0.35		10	 2
2013	 0.26		18	 7
2014	 0.33		12	 8
2015	 0.33		18	 0
2016	 0.4		13	 9
2017	 0.32		14	 1

TOTAL Day Violations:   172.0
TOTAL Batt Violations:  41.0

Run time: 0:29:45.073989


Seed ARG:  3
Device:  cpu
Train time: 0:29:26.556129
YEAR	AVG_RWD		VIOLATIONS
			DAY	BATT
2000	 0.67		0	 0
2001	 0.71		0	 0
2002	 0.63		1	 0
2003	 0.65		2	 0
2004	 0.68		0	 0
2005	 0.75		0	 0
2006	 0.66		0	 0
2007	 0.68		0	 0
2008	 0.72		0	 0
2009	 0.68		0	 0
2010	 0.68		0	 0
2011	 0.74		0	 0
2012	 0.69		0	 0
2013	 0.71		0	 0
2014	 0.65		0	 0
2015	 0.65		0	 0
2016	 0.68		0	 0
2017	 0.73		0	 0

TOTAL Day Violations:   3.0
TOTAL Batt Violations:  0.0

Run time: 0:29:57.762547


Seed ARG:  4
Device:  cpu
Train time: 0:29:07.955885
YEAR	AVG_RWD		VIOLATIONS
			DAY	BATT
2000	 0.64		0	 0
2001	 0.66		0	 0
2002	 0.59		1	 0
2003	 0.62		2	 0
2004	 0.64		0	 0
2005	 0.67		0	 0
2006	 0.65		0	 0
2007	 0.65		0	 0
2008	 0.66		0	 0
2009	 0.64		0	 0
2010	 0.65		0	 0
2011	 0.7		0	 0
2012	 0.64		0	 0
2013	 0.67		0	 0
2014	 0.62		0	 0
2015	 0.63		0	 0
2016	 0.66		0	 0
2017	 0.68		0	 0

TOTAL Day Violations:   3.0
TOTAL Batt Violations:  0.0

Run time: 0:29:39.009864


Seed ARG:  5
Device:  cpu
Train time: 0:25:57.562799
YEAR	AVG_RWD		VIOLATIONS
			DAY	BATT
2000	 0.61		0	 0
2001	 0.6		0	 0
2002	 0.57		0	 0
2003	 0.6		2	 0
2004	 0.59		0	 0
2005	 0.63		0	 0
2006	 0.64		0	 0
2007	 0.62		0	 0
2008	 0.63		0	 0
2009	 0.62		0	 0
2010	 0.6		0	 0
2011	 0.64		0	 0
2012	 0.61		0	 0
2013	 0.61		0	 0
2014	 0.57		0	 0
2015	 0.59		0	 0
2016	 0.63		0	 0
2017	 0.61		1	 0

TOTAL Day Violations:   3.0
TOTAL Batt Violations:  0.0

Run time: 0:26:29.601491


Seed ARG:  6
Device:  cpu
Train time: 0:25:41.759711
YEAR	AVG_RWD		VIOLATIONS
			DAY	BATT
2000	 0.54		0	 0
2001	 0.6		0	 0
2002	 0.44		4	 0
2003	 0.54		3	 7
2004	 0.53		1	 0
2005	 0.64		0	 0
2006	 0.58		0	 0
2007	 0.55		3	 0
2008	 0.56		1	 0
2009	 0.59		2	 0
2010	 0.58		1	 0
2011	 0.6		3	 0
2012	 0.58		2	 0
2013	 0.55		6	 0
2014	 0.55		3	 0
2015	 0.53		2	 0
2016	 0.58		2	 0
2017	 0.6		4	 0

TOTAL Day Violations:   37.0
TOTAL Batt Violations:  7.0

Run time: 0:26:13.656555


Seed ARG:  7
Device:  cpu
Train time: 0:26:12.006186
YEAR	AVG_RWD		VIOLATIONS
			DAY	BATT
2000	 0.61		0	 0
2001	 0.61		0	 0
2002	 0.55		2	 6
2003	 0.62		2	 0
2004	 0.57		0	 0
2005	 0.68		0	 0
2006	 0.63		0	 0
2007	 0.57		4	 3
2008	 0.66		0	 0
2009	 0.59		2	 3
2010	 0.58		1	 0
2011	 0.63		2	 6
2012	 0.59		2	 2
2013	 0.57		5	 8
2014	 0.53		3	 5
2015	 0.54		2	 0
2016	 0.57		3	 2
2017	 0.62		2	 6

TOTAL Day Violations:   30.0
TOTAL Batt Violations:  41.0

Run time: 0:26:43.651125


Seed ARG:  8
Device:  cpu
Train time: 0:25:59.587781
YEAR	AVG_RWD		VIOLATIONS
			DAY	BATT
2000	 0.66		0	 0
2001	 0.69		0	 0
2002	 0.54		5	 0
2003	 0.66		3	 0
2004	 0.64		0	 0
2005	 0.75		0	 0
2006	 0.67		0	 0
2007	 0.72		0	 0
2008	 0.69		0	 0
2009	 0.68		0	 0
2010	 0.66		0	 0
2011	 0.72		0	 0
2012	 0.67		0	 0
2013	 0.7		0	 0
2014	 0.64		1	 0
2015	 0.68		0	 0
2016	 0.74		0	 0
2017	 0.69		2	 0

TOTAL Day Violations:   11.0
TOTAL Batt Violations:  0.0

Run time: 0:26:32.082629


Seed ARG:  9
Device:  cpu
Train time: 0:29:17.415668
YEAR	AVG_RWD		VIOLATIONS
			DAY	BATT
2000	 0.64		2	 1
2001	 0.66		2	 2
2002	 0.57		5	 2
2003	 0.6		3	 0
2004	 0.52		9	 8
2005	 0.66		2	 0
2006	 0.67		4	 0
2007	 0.59		9	 9
2008	 0.66		1	 1
2009	 0.63		3	 2
2010	 0.53		9	 11
2011	 0.56		8	 3
2012	 0.54		8	 10
2013	 0.5		12	 7
2014	 0.47		12	 10
2015	 0.56		7	 5
2016	 0.61		8	 6
2017	 0.46		14	 4

TOTAL Day Violations:   118.0
TOTAL Batt Violations:  81.0

Run time: 0:29:49.165036
