

Seed ARG:  0
Device:  cpu
Train time: 0:30:06.216363
YEAR	AVG_RWD		VIOLATIONS
			DAY	BATT
2000	 0.22		4	 0
2001	 0.28		1	 0
2002	 0.18		7	 0
2003	 0.23		5	 0
2004	 0.3		1	 0
2005	 0.32		1	 0
2006	 0.19		4	 0
2007	 0.3		0	 0
2008	 0.37		0	 0
2009	 0.27		3	 0
2010	 0.37		0	 0
2011	 0.36		0	 0
2012	 0.36		3	 0
2013	 0.42		2	 0
2014	 0.3		3	 0
2015	 0.3		2	 0
2016	 0.28		2	 0
2017	 0.35		2	 0

TOTAL Day Violations:   40.0
TOTAL Batt Violations:  0.0

Run time: 0:30:38.624259


Seed ARG:  1
Device:  cpu
Train time: 0:29:47.988350
YEAR	AVG_RWD		VIOLATIONS
			DAY	BATT
2000	 0.65		2	 0
2001	 0.7		0	 0
2002	 0.65		1	 0
2003	 0.65		3	 0
2004	 0.67		0	 0
2005	 0.73		0	 0
2006	 0.72		0	 0
2007	 0.7		0	 0
2008	 0.7		0	 0
2009	 0.7		0	 0
2010	 0.67		0	 0
2011	 0.7		0	 0
2012	 0.66		0	 0
2013	 0.72		0	 0
2014	 0.63		0	 0
2015	 0.7		0	 0
2016	 0.72		0	 0
2017	 0.69		1	 0

TOTAL Day Violations:   7.0
TOTAL Batt Violations:  0.0

Run time: 0:30:19.524696


Seed ARG:  2
Device:  cpu
Train time: 0:29:42.171188
YEAR	AVG_RWD		VIOLATIONS
			DAY	BATT
2000	 0.76		0	 0
2001	 0.75		0	 0
2002	 0.73		0	 0
2003	 0.76		0	 0
2004	 0.74		0	 0
2005	 0.78		0	 0
2006	 0.77		0	 0
2007	 0.77		0	 0
2008	 0.76		0	 0
2009	 0.75		0	 0
2010	 0.76		0	 0
2011	 0.78		0	 0
2012	 0.75		0	 0
2013	 0.78		0	 0
2014	 0.73		0	 0
2015	 0.76		0	 0
2016	 0.79		0	 0
2017	 0.77		0	 0

TOTAL Day Violations:   0.0
TOTAL Batt Violations:  0.0

Run time: 0:30:13.822043


Seed ARG:  3
Device:  cpu
Train time: 0:29:45.026236
YEAR	AVG_RWD		VIOLATIONS
			DAY	BATT
2000	 0.17		15	 0
2001	 0.19		14	 0
2002	 0.2		12	 2
2003	 0.22		11	 2
2004	 0.08		19	 5
2005	 0.16		16	 0
2006	 0.29		11	 0
2007	 0.12		19	 4
2008	 0.15		19	 2
2009	 0.14		20	 0
2010	 0.07		23	 3
2011	 0.05		22	 6
2012	 0.04		24	 3
2013	 -0.02		25	 7
2014	 0.01		25	 8
2015	 0.12		19	 2
2016	 0.12		19	 6
2017	 0.07		18	 5

TOTAL Day Violations:   331.0
TOTAL Batt Violations:  55.0

Run time: 0:30:16.268381


Seed ARG:  4
Device:  cpu
Train time: 0:30:05.834125
YEAR	AVG_RWD		VIOLATIONS
			DAY	BATT
2000	 -0.56		63	 188
2001	 -0.57		67	 217
2002	 -0.79		79	 241
2003	 -0.32		47	 124
2004	 -0.88		87	 307
2005	 -0.49		58	 173
2006	 -0.06		32	 92
2007	 -0.74		77	 234
2008	 -0.6		65	 164
2009	 -0.43		51	 174
2010	 -0.72		75	 270
2011	 -0.83		80	 286
2012	 -1.04		91	 321
2013	 -1.22		104	 382
2014	 -0.95		85	 349
2015	 -0.66		68	 264
2016	 -0.46		54	 176
2017	 -0.8		74	 257

TOTAL Day Violations:   1257.0
TOTAL Batt Violations:  4219.0

Run time: 0:30:37.812989


Seed ARG:  5
Device:  cpu
Train time: 0:30:12.138660
YEAR	AVG_RWD		VIOLATIONS
			DAY	BATT
2000	 0.73		0	 0
2001	 0.73		0	 0
2002	 0.7		0	 0
2003	 0.74		0	 0
2004	 0.72		0	 0
2005	 0.75		0	 0
2006	 0.77		0	 0
2007	 0.74		0	 0
2008	 0.74		0	 0
2009	 0.74		0	 0
2010	 0.72		0	 0
2011	 0.73		0	 0
2012	 0.7		0	 0
2013	 0.73		0	 0
2014	 0.68		0	 0
2015	 0.74		0	 0
2016	 0.77		0	 0
2017	 0.74		0	 0

TOTAL Day Violations:   0.0
TOTAL Batt Violations:  0.0

Run time: 0:30:44.684314


Seed ARG:  6
Device:  cpu
Train time: 0:29:43.792114
YEAR	AVG_RWD		VIOLATIONS
			DAY	BATT
2000	 -0.76		58	 904
2001	 0.8		0	 0
2002	 0.13		22	 339
2003	 -0.53		50	 750
2004	 0.73		0	 0
2005	 0.78		0	 0
2006	 0.79		0	 0
2007	 0.76		0	 0
2008	 0.75		0	 0
2009	 0.75		0	 0
2010	 0.73		0	 0
2011	 0.75		0	 0
2012	 0.68		0	 0
2013	 0.72		0	 0
2014	 -0.04		29	 406
2015	 0.72		0	 0
2016	 0.79		0	 0
2017	 -1.05		71	 855

TOTAL Day Violations:   230.0
TOTAL Batt Violations:  3254.0

Run time: 0:30:15.622243


Seed ARG:  7
Device:  cpu
Train time: 0:30:24.433121
YEAR	AVG_RWD		VIOLATIONS
			DAY	BATT
2000	 0.34		15	 3
2001	 0.32		19	 8
2002	 0.26		18	 9
2003	 0.46		5	 1
2004	 0.19		23	 20
2005	 0.41		6	 1
2006	 0.52		6	 1
2007	 0.26		22	 13
2008	 0.42		5	 1
2009	 0.39		11	 6
2010	 0.26		19	 21
2011	 0.23		21	 17
2012	 0.16		23	 9
2013	 0.08		29	 26
2014	 0.14		28	 22
2015	 0.24		22	 19
2016	 0.31		19	 18
2017	 0.17		26	 25

TOTAL Day Violations:   317.0
TOTAL Batt Violations:  220.0

Run time: 0:30:56.719238


Seed ARG:  8
Device:  cpu
Train time: 0:29:49.177479
YEAR	AVG_RWD		VIOLATIONS
			DAY	BATT
2000	 0.74		10	 0
2001	 0.72		13	 0
2002	 0.67		12	 3
2003	 0.82		5	 0
2004	 0.6		19	 4
2005	 0.83		6	 0
2006	 0.83		6	 0
2007	 0.69		16	 2
2008	 0.81		6	 2
2009	 0.74		11	 0
2010	 0.66		16	 3
2011	 0.67		17	 4
2012	 0.64		14	 4
2013	 0.59		22	 8
2014	 0.56		21	 6
2015	 0.59		24	 2
2016	 0.69		18	 9
2017	 0.61		22	 3

TOTAL Day Violations:   258.0
TOTAL Batt Violations:  50.0

Run time: 0:30:20.844585


Seed ARG:  9
Device:  cpu
Train time: 0:29:38.089988
YEAR	AVG_RWD		VIOLATIONS
			DAY	BATT
2000	 0.67		0	 0
2001	 0.68		0	 0
2002	 0.0		25	 344
2003	 -0.26		38	 502
2004	 0.58		1	 0
2005	 0.62		2	 12
2006	 0.72		0	 0
2007	 0.64		2	 0
2008	 0.66		0	 0
2009	 0.68		0	 0
2010	 0.61		0	 0
2011	 0.63		0	 0
2012	 0.59		0	 0
2013	 0.59		1	 0
2014	 0.59		1	 0
2015	 0.64		0	 0
2016	 0.65		2	 0
2017	 0.43		9	 149

TOTAL Day Violations:   81.0
TOTAL Batt Violations:  1007.0

Run time: 0:30:09.888133
