

Seed ARG:  0
Device:  cpu
Train time: 0:47:12.672575
YEAR	AVG_RWD		VIOLATIONS
			DAY	BATT
2000	 0.78		1	 1
2001	 0.83		0	 0
2002	 0.67		3	 13
2003	 0.75		3	 9
2004	 0.75		1	 0
2005	 0.83		0	 0
2006	 0.81		0	 0
2007	 0.81		0	 0
2008	 0.8		0	 0
2009	 0.8		0	 0
2010	 0.79		0	 0
2011	 0.8		0	 0
2012	 0.75		0	 0
2013	 0.77		0	 0
2014	 0.76		0	 0
2015	 0.78		0	 0
2016	 0.84		0	 0
2017	 0.74		3	 8

TOTAL Day Violations:   11.0
TOTAL Batt Violations:  31.0

Run time: 0:48:07.531074


Seed ARG:  1
Device:  cpu
Train time: 0:48:12.365413
YEAR	AVG_RWD		VIOLATIONS
			DAY	BATT
2000	 0.6		0	 0
2001	 0.64		0	 0
2002	 0.53		2	 0
2003	 0.61		0	 0
2004	 0.52		4	 0
2005	 0.63		0	 0
2006	 0.66		1	 0
2007	 0.57		3	 0
2008	 0.61		0	 0
2009	 0.59		3	 0
2010	 0.49		9	 0
2011	 0.52		4	 0
2012	 0.5		3	 0
2013	 0.41		10	 0
2014	 0.48		7	 0
2015	 0.54		4	 0
2016	 0.57		6	 0
2017	 0.51		4	 0

TOTAL Day Violations:   60.0
TOTAL Batt Violations:  0.0

Run time: 0:48:45.358137


Seed ARG:  2
Device:  cpu
Train time: 0:45:37.528215
YEAR	AVG_RWD		VIOLATIONS
			DAY	BATT
2000	 -0.88		76	 241
2001	 -0.9		77	 240
2002	 -1.08		95	 278
2003	 -0.97		78	 225
2004	 -1.23		104	 338
2005	 -0.97		79	 215
2006	 -0.48		47	 114
2007	 -1.02		86	 270
2008	 -0.93		78	 185
2009	 -0.81		67	 191
2010	 -1.1		91	 302
2011	 -1.16		95	 298
2012	 -1.29		107	 335
2013	 -1.39		115	 371
2014	 -1.18		99	 360
2015	 -1.02		87	 300
2016	 -0.9		80	 224
2017	 -1.09		86	 292

TOTAL Day Violations:   1547.0
TOTAL Batt Violations:  4779.0

Run time: 0:46:33.187331


Seed ARG:  3
Device:  cpu
Train time: 0:47:38.826429
YEAR	AVG_RWD		VIOLATIONS
			DAY	BATT
2000	 0.49		0	 0
2001	 0.59		0	 0
2002	 0.46		2	 0
2003	 0.48		4	 0
2004	 0.52		0	 0
2005	 0.6		0	 0
2006	 0.49		0	 0
2007	 0.55		0	 0
2008	 0.54		0	 0
2009	 0.54		0	 0
2010	 0.55		0	 0
2011	 0.59		0	 0
2012	 0.55		0	 0
2013	 0.54		0	 0
2014	 0.52		1	 0
2015	 0.54		0	 0
2016	 0.53		0	 0
2017	 0.63		0	 0

TOTAL Day Violations:   7.0
TOTAL Batt Violations:  0.0

Run time: 0:48:25.297961


Seed ARG:  4
Device:  cpu
Train time: 0:42:19.047116
YEAR	AVG_RWD		VIOLATIONS
			DAY	BATT
2000	 1.02		0	 0
2001	 1.03		0	 0
2002	 0.98		0	 0
2003	 1.03		0	 0
2004	 0.98		0	 0
2005	 1.04		0	 0
2006	 1.03		0	 0
2007	 1.02		0	 0
2008	 1.04		0	 0
2009	 1.02		0	 0
2010	 1.01		0	 0
2011	 1.03		0	 0
2012	 0.99		0	 0
2013	 1.01		0	 0
2014	 0.98		0	 0
2015	 1.0		0	 0
2016	 1.02		1	 0
2017	 0.98		0	 0

TOTAL Day Violations:   1.0
TOTAL Batt Violations:  0.0

Run time: 0:43:15.402172


Seed ARG:  5
Device:  cpu
Train time: 0:47:18.117293
YEAR	AVG_RWD		VIOLATIONS
			DAY	BATT
2000	 0.15		0	 0
2001	 0.12		1	 0
2002	 0.13		1	 0
2003	 0.15		1	 0
2004	 0.06		4	 0
2005	 0.1		1	 0
2006	 0.2		0	 0
2007	 0.08		6	 0
2008	 0.12		1	 0
2009	 0.13		2	 0
2010	 0.06		5	 0
2011	 0.05		4	 0
2012	 0.04		4	 0
2013	 -0.05		9	 0
2014	 0.02		7	 0
2015	 0.09		4	 0
2016	 0.08		5	 0
2017	 0.02		5	 0

TOTAL Day Violations:   60.0
TOTAL Batt Violations:  0.0

Run time: 0:48:11.142511


Seed ARG:  6
Device:  cpu
Train time: 0:48:05.657745
YEAR	AVG_RWD		VIOLATIONS
			DAY	BATT
2000	 0.57		0	 0
2001	 0.58		1	 0
2002	 0.48		2	 0
2003	 0.57		1	 0
2004	 0.5		1	 0
2005	 0.6		0	 0
2006	 0.62		0	 0
2007	 0.55		1	 0
2008	 0.56		0	 0
2009	 0.58		0	 0
2010	 0.5		1	 0
2011	 0.5		2	 0
2012	 0.42		2	 0
2013	 0.41		8	 0
2014	 0.45		2	 0
2015	 0.52		0	 0
2016	 0.56		1	 0
2017	 0.48		2	 0

TOTAL Day Violations:   24.0
TOTAL Batt Violations:  0.0

Run time: 0:48:40.115945


Seed ARG:  7
Device:  cpu
Train time: 0:46:41.244311
YEAR	AVG_RWD		VIOLATIONS
			DAY	BATT
2000	 0.6		0	 0
2001	 0.63		0	 0
2002	 0.55		1	 0
2003	 0.63		1	 0
2004	 0.59		1	 0
2005	 0.65		0	 0
2006	 0.67		0	 0
2007	 0.61		1	 0
2008	 0.64		0	 0
2009	 0.65		0	 0
2010	 0.62		0	 0
2011	 0.63		0	 0
2012	 0.6		0	 0
2013	 0.59		1	 0
2014	 0.61		0	 0
2015	 0.61		0	 0
2016	 0.64		1	 0
2017	 0.65		0	 0

TOTAL Day Violations:   6.0
TOTAL Batt Violations:  0.0

Run time: 0:47:37.948713


Seed ARG:  8
Device:  cpu
Train time: 0:47:55.367897
YEAR	AVG_RWD		VIOLATIONS
			DAY	BATT
2000	 0.12		21	 0
2001	 0.09		25	 1
2002	 0.11		20	 3
2003	 0.25		9	 2
2004	 0.0		29	 10
2005	 0.2		11	 2
2006	 0.23		15	 1
2007	 0.09		21	 9
2008	 0.16		17	 3
2009	 0.1		24	 1
2010	 0.01		29	 7
2011	 -0.05		35	 11
2012	 -0.01		28	 7
2013	 -0.08		33	 17
2014	 -0.04		34	 16
2015	 -0.01		35	 10
2016	 0.06		26	 16
2017	 -0.02		29	 10

TOTAL Day Violations:   441.0
TOTAL Batt Violations:  126.0

Run time: 0:48:36.467018


Seed ARG:  9
Device:  cpu
Train time: 0:47:35.591760
YEAR	AVG_RWD		VIOLATIONS
			DAY	BATT
2000	 0.69		0	 0
2001	 0.71		0	 0
2002	 0.64		1	 0
2003	 0.7		0	 0
2004	 0.63		1	 0
2005	 0.69		0	 0
2006	 0.74		0	 0
2007	 0.67		2	 0
2008	 0.69		0	 0
2009	 0.69		0	 0
2010	 0.66		0	 0
2011	 0.65		0	 0
2012	 0.62		1	 0
2013	 0.59		3	 0
2014	 0.62		2	 0
2015	 0.66		0	 0
2016	 0.68		3	 0
2017	 0.63		1	 0

TOTAL Day Violations:   14.0
TOTAL Batt Violations:  0.0

Run time: 0:48:21.924472
