

Seed ARG:  0
Device:  cpu
Train time: 0:47:41.608607
YEAR	AVG_RWD		VIOLATIONS
			DAY	BATT
2000	 0.64		4	 16
2001	 0.75		0	 0
2002	 0.56		6	 56
2003	 0.62		6	 43
2004	 0.71		0	 0
2005	 0.72		3	 17
2006	 0.69		1	 0
2007	 0.72		0	 0
2008	 0.75		0	 0
2009	 0.75		0	 0
2010	 0.71		0	 0
2011	 0.77		0	 0
2012	 0.64		3	 24
2013	 0.71		2	 4
2014	 0.69		0	 0
2015	 0.7		2	 4
2016	 0.77		0	 0
2017	 0.63		6	 63

TOTAL Day Violations:   33.0
TOTAL Batt Violations:  227.0

Run time: 0:48:23.908423


Seed ARG:  1
Device:  cpu
Train time: 0:47:43.927929
YEAR	AVG_RWD		VIOLATIONS
			DAY	BATT
2000	 0.43		0	 0
2001	 0.44		0	 0
2002	 0.41		1	 0
2003	 0.43		1	 0
2004	 0.34		4	 0
2005	 0.41		1	 0
2006	 0.47		0	 0
2007	 0.39		2	 0
2008	 0.41		1	 0
2009	 0.43		0	 0
2010	 0.37		3	 0
2011	 0.33		4	 0
2012	 0.37		1	 0
2013	 0.3		4	 0
2014	 0.33		6	 0
2015	 0.38		3	 0
2016	 0.39		3	 0
2017	 0.34		3	 0

TOTAL Day Violations:   37.0
TOTAL Batt Violations:  0.0

Run time: 0:48:24.041121


Seed ARG:  2
Device:  cpu
Train time: 0:47:45.811529
YEAR	AVG_RWD		VIOLATIONS
			DAY	BATT
2000	 0.39		0	 0
2001	 0.4		0	 0
2002	 0.35		1	 0
2003	 0.41		0	 0
2004	 0.34		1	 0
2005	 0.37		0	 0
2006	 0.48		0	 0
2007	 0.37		1	 0
2008	 0.39		0	 0
2009	 0.39		0	 0
2010	 0.34		0	 0
2011	 0.31		1	 0
2012	 0.32		0	 0
2013	 0.24		4	 0
2014	 0.31		2	 0
2015	 0.37		1	 0
2016	 0.38		2	 0
2017	 0.31		1	 0

TOTAL Day Violations:   14.0
TOTAL Batt Violations:  0.0

Run time: 0:48:26.948941


Seed ARG:  3
Device:  cpu
Train time: 0:47:33.327228
YEAR	AVG_RWD		VIOLATIONS
			DAY	BATT
2000	 0.58		2	 0
2001	 0.63		0	 0
2002	 0.53		5	 0
2003	 0.6		3	 0
2004	 0.61		0	 0
2005	 0.66		0	 0
2006	 0.61		1	 0
2007	 0.63		1	 0
2008	 0.62		0	 0
2009	 0.65		0	 0
2010	 0.65		0	 0
2011	 0.65		1	 0
2012	 0.62		1	 0
2013	 0.69		0	 0
2014	 0.63		2	 0
2015	 0.64		0	 0
2016	 0.64		0	 0
2017	 0.62		2	 0

TOTAL Day Violations:   18.0
TOTAL Batt Violations:  0.0

Run time: 0:48:20.411753


Seed ARG:  4
Device:  cpu
Train time: 0:47:26.154327
YEAR	AVG_RWD		VIOLATIONS
			DAY	BATT
2000	 0.6		1	 0
2001	 0.59		0	 0
2002	 0.59		0	 0
2003	 0.53		3	 3
2004	 0.64		0	 0
2005	 0.61		0	 0
2006	 0.54		0	 0
2007	 0.63		0	 0
2008	 0.61		0	 0
2009	 0.58		0	 0
2010	 0.63		0	 0
2011	 0.65		0	 0
2012	 0.65		0	 0
2013	 0.7		0	 0
2014	 0.64		0	 0
2015	 0.63		0	 0
2016	 0.62		0	 0
2017	 0.57		4	 19

TOTAL Day Violations:   8.0
TOTAL Batt Violations:  22.0

Run time: 0:48:15.462227


Seed ARG:  5
Device:  cpu
Train time: 0:48:10.067388
YEAR	AVG_RWD		VIOLATIONS
			DAY	BATT
2000	 0.81		0	 0
2001	 0.86		0	 0
2002	 0.77		1	 0
2003	 0.79		2	 0
2004	 0.78		3	 0
2005	 0.85		0	 0
2006	 0.82		0	 0
2007	 0.81		1	 0
2008	 0.83		0	 0
2009	 0.83		0	 0
2010	 0.81		0	 0
2011	 0.82		1	 0
2012	 0.8		0	 0
2013	 0.79		1	 0
2014	 0.78		1	 0
2015	 0.8		0	 0
2016	 0.81		2	 0
2017	 0.81		0	 0

TOTAL Day Violations:   12.0
TOTAL Batt Violations:  0.0

Run time: 0:48:42.391474


Seed ARG:  6
Device:  cpu
Train time: 0:47:10.772376
YEAR	AVG_RWD		VIOLATIONS
			DAY	BATT
2000	 0.58		0	 0
2001	 0.6		0	 0
2002	 0.57		0	 0
2003	 0.59		0	 0
2004	 0.55		0	 0
2005	 0.58		0	 0
2006	 0.63		0	 0
2007	 0.57		1	 0
2008	 0.58		0	 0
2009	 0.59		0	 0
2010	 0.56		0	 0
2011	 0.54		0	 0
2012	 0.54		0	 0
2013	 0.52		0	 0
2014	 0.55		0	 0
2015	 0.57		0	 0
2016	 0.58		1	 0
2017	 0.53		0	 0

TOTAL Day Violations:   2.0
TOTAL Batt Violations:  0.0

Run time: 0:48:02.692050


Seed ARG:  7
Device:  cpu
Train time: 0:47:40.843134
YEAR	AVG_RWD		VIOLATIONS
			DAY	BATT
2000	 0.44		0	 0
2001	 0.5		0	 0
2002	 0.38		0	 0
2003	 0.41		1	 0
2004	 0.36		3	 1
2005	 0.39		1	 0
2006	 0.48		0	 0
2007	 0.39		2	 0
2008	 0.37		1	 0
2009	 0.45		0	 0
2010	 0.4		1	 0
2011	 0.34		3	 0
2012	 0.32		1	 0
2013	 0.3		1	 0
2014	 0.37		3	 2
2015	 0.42		1	 0
2016	 0.42		5	 1
2017	 0.38		1	 0

TOTAL Day Violations:   24.0
TOTAL Batt Violations:  4.0

Run time: 0:48:24.194238


Seed ARG:  8
Device:  cpu
Train time: 0:48:26.920056
YEAR	AVG_RWD		VIOLATIONS
			DAY	BATT
2000	 0.76		0	 0
2001	 0.78		0	 0
2002	 0.71		1	 0
2003	 0.8		1	 0
2004	 0.72		2	 0
2005	 0.79		0	 0
2006	 0.81		0	 0
2007	 0.75		2	 0
2008	 0.77		1	 0
2009	 0.79		0	 0
2010	 0.74		3	 0
2011	 0.73		5	 0
2012	 0.72		1	 0
2013	 0.7		4	 0
2014	 0.69		4	 0
2015	 0.73		2	 0
2016	 0.77		3	 0
2017	 0.71		4	 0

TOTAL Day Violations:   33.0
TOTAL Batt Violations:  0.0

Run time: 0:48:58.186276


Seed ARG:  9
Device:  cpu
Train time: 0:47:15.501455
YEAR	AVG_RWD		VIOLATIONS
			DAY	BATT
2000	 0.59		0	 0
2001	 0.59		0	 0
2002	 0.55		0	 0
2003	 0.61		1	 0
2004	 0.58		0	 0
2005	 0.61		0	 0
2006	 0.61		0	 0
2007	 0.61		0	 0
2008	 0.62		0	 0
2009	 0.6		0	 0
2010	 0.61		0	 0
2011	 0.61		0	 0
2012	 0.6		0	 0
2013	 0.62		0	 0
2014	 0.56		0	 0
2015	 0.6		0	 0
2016	 0.62		0	 0
2017	 0.62		0	 0

TOTAL Day Violations:   1.0
TOTAL Batt Violations:  0.0

Run time: 0:48:10.958506
