
MODEL :  L1
SEED  :  0
HOST  :  75471690b8bf
DEVICE:  cpu
Train time: 0:26:02.180201

YEAR	AVG_RWD		VIOLATIONS
				DAY	BATT
2000	 0.83		0	 0
2001	 0.84		0	 0
2002	 0.78		1	 0
2003	 0.83		0	 0
2004	 0.79		0	 0
2005	 0.83		0	 0
2006	 0.86		0	 0
2007	 0.81		1	 0
2008	 0.82		0	 0
2009	 0.83		0	 0
2010	 0.81		0	 0
2011	 0.82		0	 0
2012	 0.79		0	 0
2013	 0.79		0	 0
2014	 0.78		0	 0
2015	 0.8		0	 0
2016	 0.83		1	 0
2017	 0.8		0	 0

TOTAL Day Violations:   3.0
TOTAL Batt Violations:  0.0

MODEL :  L1
SEED  :  1
HOST  :  75471690b8bf
DEVICE:  cpu
Train time: 0:26:15.081670

YEAR	AVG_RWD		VIOLATIONS
				DAY	BATT
2000	 0.91		0	 0
2001	 0.94		0	 0
2002	 0.79		4	 0
2003	 0.84		4	 7
2004	 0.78		6	 0
2005	 0.94		0	 0
2006	 0.87		0	 0
2007	 0.89		2	 0
2008	 0.9		1	 0
2009	 0.89		0	 0
2010	 0.84		3	 0
2011	 0.9		3	 0
2012	 0.86		2	 0
2013	 0.86		4	 0
2014	 0.76		8	 0
2015	 0.89		0	 0
2016	 0.88		4	 0
2017	 0.75		8	 50

TOTAL Day Violations:   49.0
TOTAL Batt Violations:  57.0

MODEL :  L1
SEED  :  2
HOST  :  75471690b8bf
DEVICE:  cpu
Train time: 0:30:58.767977

YEAR	AVG_RWD		VIOLATIONS
				DAY	BATT
2000	 0.85		0	 0
2001	 0.84		1	 0
2002	 0.8		2	 1
2003	 0.86		1	 0
2004	 0.76		5	 1
2005	 0.84		1	 0
2006	 0.87		0	 0
2007	 0.8		4	 1
2008	 0.82		2	 0
2009	 0.85		0	 0
2010	 0.8		3	 0
2011	 0.78		5	 0
2012	 0.79		2	 0
2013	 0.77		4	 0
2014	 0.75		6	 2
2015	 0.8		2	 0
2016	 0.82		5	 2
2017	 0.78		4	 0

TOTAL Day Violations:   47.0
TOTAL Batt Violations:  7.0

MODEL :  L1
SEED  :  3
HOST  :  75471690b8bf
DEVICE:  cpu
Train time: 0:30:50.603717

YEAR	AVG_RWD		VIOLATIONS
				DAY	BATT
2000	 0.8		0	 0
2001	 0.83		0	 0
2002	 0.75		1	 0
2003	 0.79		1	 0
2004	 0.76		1	 0
2005	 0.8		0	 0
2006	 0.82		0	 0
2007	 0.78		2	 0
2008	 0.79		0	 0
2009	 0.81		0	 0
2010	 0.77		1	 0
2011	 0.79		0	 0
2012	 0.76		0	 0
2013	 0.74		2	 0
2014	 0.75		1	 0
2015	 0.78		0	 0
2016	 0.8		3	 0
2017	 0.78		0	 0

TOTAL Day Violations:   12.0
TOTAL Batt Violations:  0.0

MODEL :  L1
SEED  :  4
HOST  :  75471690b8bf
DEVICE:  cpu
Train time: 0:31:03.318094

YEAR	AVG_RWD		VIOLATIONS
				DAY	BATT
2000	 0.81		0	 0
2001	 0.86		0	 0
2002	 0.75		1	 0
2003	 0.79		2	 0
2004	 0.81		0	 0
2005	 0.84		0	 0
2006	 0.8		0	 0
2007	 0.82		1	 0
2008	 0.82		0	 0
2009	 0.83		0	 0
2010	 0.83		0	 0
2011	 0.85		0	 0
2012	 0.8		0	 0
2013	 0.8		2	 0
2014	 0.8		1	 0
2015	 0.8		0	 0
2016	 0.83		1	 0
2017	 0.84		0	 0

TOTAL Day Violations:   8.0
TOTAL Batt Violations:  0.0

MODEL :  L1
SEED  :  5
HOST  :  75471690b8bf
DEVICE:  cpu
Train time: 0:30:58.937348

YEAR	AVG_RWD		VIOLATIONS
				DAY	BATT
2000	 0.91		0	 0
2001	 0.92		1	 0
2002	 0.86		2	 1
2003	 0.91		1	 0
2004	 0.82		6	 0
2005	 0.91		1	 0
2006	 0.93		0	 0
2007	 0.87		4	 0
2008	 0.9		2	 0
2009	 0.9		1	 0
2010	 0.8		9	 1
2011	 0.86		6	 0
2012	 0.84		5	 1
2013	 0.8		10	 1
2014	 0.83		6	 1
2015	 0.87		3	 0
2016	 0.82		11	 2
2017	 0.85		6	 0

TOTAL Day Violations:   74.0
TOTAL Batt Violations:  7.0

MODEL :  L1
SEED  :  6
HOST  :  75471690b8bf
DEVICE:  cpu
Train time: 0:30:48.260042

YEAR	AVG_RWD		VIOLATIONS
				DAY	BATT
2000	 0.95		0	 0
2001	 0.96		0	 0
2002	 0.89		1	 0
2003	 0.93		1	 0
2004	 0.89		3	 0
2005	 0.96		0	 0
2006	 0.94		0	 0
2007	 0.92		3	 0
2008	 0.95		1	 0
2009	 0.94		0	 0
2010	 0.9		3	 0
2011	 0.95		1	 0
2012	 0.91		1	 0
2013	 0.9		4	 0
2014	 0.9		2	 0
2015	 0.92		0	 0
2016	 0.92		4	 0
2017	 0.93		1	 0

TOTAL Day Violations:   25.0
TOTAL Batt Violations:  0.0

MODEL :  L1
SEED  :  7
HOST  :  75471690b8bf
DEVICE:  cpu
Train time: 0:31:11.577019

YEAR	AVG_RWD		VIOLATIONS
				DAY	BATT
2000	 0.9		0	 0
2001	 0.93		0	 0
2002	 0.86		0	 0
2003	 0.9		1	 0
2004	 0.87		0	 0
2005	 0.94		0	 0
2006	 0.91		0	 0
2007	 0.91		0	 0
2008	 0.93		0	 0
2009	 0.91		0	 0
2010	 0.88		0	 0
2011	 0.92		0	 0
2012	 0.88		0	 0
2013	 0.89		0	 0
2014	 0.86		0	 0
2015	 0.88		0	 0
2016	 0.91		0	 0
2017	 0.9		0	 0

TOTAL Day Violations:   1.0
TOTAL Batt Violations:  0.0

MODEL :  L1
SEED  :  8
HOST  :  75471690b8bf
DEVICE:  cpu
Train time: 0:31:05.309805

YEAR	AVG_RWD		VIOLATIONS
				DAY	BATT
2000	 0.93		0	 0
2001	 0.94		0	 0
2002	 0.88		1	 0
2003	 0.92		1	 0
2004	 0.86		3	 0
2005	 0.93		0	 0
2006	 0.94		0	 0
2007	 0.9		2	 0
2008	 0.91		1	 0
2009	 0.92		0	 0
2010	 0.88		2	 0
2011	 0.88		5	 0
2012	 0.88		2	 0
2013	 0.89		2	 0
2014	 0.86		4	 0
2015	 0.9		2	 0
2016	 0.9		3	 0
2017	 0.9		2	 0

TOTAL Day Violations:   30.0
TOTAL Batt Violations:  0.0

MODEL :  L1
SEED  :  9
HOST  :  75471690b8bf
DEVICE:  cpu
Train time: 0:26:07.269174

YEAR	AVG_RWD		VIOLATIONS
				DAY	BATT
2000	 0.66		0	 0
2001	 0.72		0	 0
2002	 0.61		2	 0
2003	 0.68		2	 0
2004	 0.62		1	 0
2005	 0.75		0	 0
2006	 0.7		0	 0
2007	 0.64		4	 0
2008	 0.7		1	 0
2009	 0.69		0	 0
2010	 0.66		2	 0
2011	 0.71		1	 0
2012	 0.65		0	 0
2013	 0.64		4	 0
2014	 0.61		2	 0
2015	 0.65		1	 0
2016	 0.67		3	 0
2017	 0.69		2	 0

TOTAL Day Violations:   25.0
TOTAL Batt Violations:  0.0
