
MODEL :  L2
SEED  :  0
HOST  :  75471690b8bf
DEVICE:  cpu
Train time: 0:45:02.550077

YEAR	AVG_RWD		VIOLATIONS
				DAY	BATT
2000	 0.77		0	 0
2001	 0.83		0	 0
2002	 0.74		1	 0
2003	 0.79		3	 0
2004	 0.72		4	 0
2005	 0.85		1	 0
2006	 0.8		0	 0
2007	 0.77		2	 0
2008	 0.81		1	 0
2009	 0.81		0	 0
2010	 0.74		3	 0
2011	 0.76		5	 0
2012	 0.73		2	 0
2013	 0.72		4	 0
2014	 0.68		5	 0
2015	 0.75		2	 0
2016	 0.8		3	 0
2017	 0.76		4	 0

TOTAL Day Violations:   40.0
TOTAL Batt Violations:  0.0

MODEL :  L2
SEED  :  1
HOST  :  75471690b8bf
DEVICE:  cpu
Train time: 0:39:43.056307

YEAR	AVG_RWD		VIOLATIONS
				DAY	BATT
2000	 0.82		0	 0
2001	 0.88		0	 0
2002	 0.72		4	 0
2003	 0.75		3	 1
2004	 0.78		5	 0
2005	 0.83		1	 0
2006	 0.8		0	 0
2007	 0.83		3	 2
2008	 0.82		2	 0
2009	 0.81		0	 0
2010	 0.82		2	 0
2011	 0.8		5	 1
2012	 0.82		2	 0
2013	 0.77		6	 0
2014	 0.74		9	 0
2015	 0.8		1	 0
2016	 0.72		8	 1
2017	 0.72		9	 0

TOTAL Day Violations:   60.0
TOTAL Batt Violations:  5.0

MODEL :  L2
SEED  :  2
HOST  :  75471690b8bf
DEVICE:  cpu
Train time: 0:46:03.079261

YEAR	AVG_RWD		VIOLATIONS
				DAY	BATT
2000	 0.78		0	 0
2001	 0.77		0	 0
2002	 0.72		1	 0
2003	 0.76		1	 0
2004	 0.69		4	 0
2005	 0.72		1	 0
2006	 0.78		0	 0
2007	 0.72		3	 1
2008	 0.72		2	 0
2009	 0.76		0	 0
2010	 0.72		2	 0
2011	 0.7		5	 0
2012	 0.72		2	 0
2013	 0.69		4	 0
2014	 0.7		4	 0
2015	 0.74		1	 0
2016	 0.72		6	 2
2017	 0.71		3	 0

TOTAL Day Violations:   39.0
TOTAL Batt Violations:  3.0

MODEL :  L2
SEED  :  3
HOST  :  75471690b8bf
DEVICE:  cpu
Train time: 0:45:25.411328

YEAR	AVG_RWD		VIOLATIONS
				DAY	BATT
2000	 0.69		0	 0
2001	 0.72		0	 0
2002	 0.64		1	 0
2003	 0.7		1	 0
2004	 0.64		1	 0
2005	 0.71		0	 0
2006	 0.73		0	 0
2007	 0.67		2	 0
2008	 0.69		0	 0
2009	 0.7		0	 0
2010	 0.66		1	 0
2011	 0.68		0	 0
2012	 0.65		0	 0
2013	 0.63		0	 0
2014	 0.64		1	 0
2015	 0.67		0	 0
2016	 0.68		3	 0
2017	 0.64		2	 0

TOTAL Day Violations:   12.0
TOTAL Batt Violations:  0.0

MODEL :  L2
SEED  :  4
HOST  :  75471690b8bf
DEVICE:  cpu
Train time: 0:46:06.851525

YEAR	AVG_RWD		VIOLATIONS
				DAY	BATT
2000	 0.71		2	 0
2001	 0.81		0	 0
2002	 0.58		8	 7
2003	 0.64		5	 14
2004	 0.73		3	 0
2005	 0.82		0	 0
2006	 0.7		0	 0
2007	 0.74		1	 0
2008	 0.77		0	 0
2009	 0.73		2	 0
2010	 0.74		3	 0
2011	 0.83		0	 0
2012	 0.78		0	 0
2013	 0.82		0	 0
2014	 0.75		2	 0
2015	 0.7		2	 0
2016	 0.74		3	 0
2017	 0.74		5	 8

TOTAL Day Violations:   36.0
TOTAL Batt Violations:  29.0

MODEL :  L2
SEED  :  5
HOST  :  75471690b8bf
DEVICE:  cpu
Train time: 0:46:08.592243

YEAR	AVG_RWD		VIOLATIONS
				DAY	BATT
2000	 0.8		0	 0
2001	 0.8		0	 0
2002	 0.77		1	 0
2003	 0.81		0	 0
2004	 0.74		2	 0
2005	 0.8		0	 0
2006	 0.84		0	 0
2007	 0.78		2	 0
2008	 0.8		1	 0
2009	 0.8		0	 0
2010	 0.77		2	 0
2011	 0.78		0	 0
2012	 0.76		0	 0
2013	 0.76		1	 0
2014	 0.77		0	 0
2015	 0.78		1	 0
2016	 0.78		3	 0
2017	 0.77		0	 0

TOTAL Day Violations:   13.0
TOTAL Batt Violations:  0.0

MODEL :  L2
SEED  :  6
HOST  :  75471690b8bf
DEVICE:  cpu
Train time: 0:45:03.243428

YEAR	AVG_RWD		VIOLATIONS
				DAY	BATT
2000	 0.72		0	 0
2001	 0.74		0	 0
2002	 0.65		1	 0
2003	 0.71		2	 0
2004	 0.66		3	 0
2005	 0.74		0	 0
2006	 0.74		0	 0
2007	 0.7		2	 0
2008	 0.73		1	 0
2009	 0.74		0	 0
2010	 0.68		2	 0
2011	 0.7		2	 0
2012	 0.68		0	 0
2013	 0.65		3	 0
2014	 0.65		2	 0
2015	 0.67		1	 0
2016	 0.71		3	 0
2017	 0.7		0	 0

TOTAL Day Violations:   22.0
TOTAL Batt Violations:  0.0

MODEL :  L2
SEED  :  7
HOST  :  75471690b8bf
DEVICE:  cpu
Train time: 0:39:32.653230

YEAR	AVG_RWD		VIOLATIONS
				DAY	BATT
2000	 0.9		0	 0
2001	 0.92		0	 0
2002	 0.86		0	 0
2003	 0.89		0	 0
2004	 0.87		0	 0
2005	 0.9		0	 0
2006	 0.9		0	 0
2007	 0.9		0	 0
2008	 0.9		0	 0
2009	 0.9		0	 0
2010	 0.88		0	 0
2011	 0.9		0	 0
2012	 0.88		0	 0
2013	 0.89		0	 0
2014	 0.87		0	 0
2015	 0.87		0	 0
2016	 0.9		1	 0
2017	 0.89		0	 0

TOTAL Day Violations:   1.0
TOTAL Batt Violations:  0.0

MODEL :  L2
SEED  :  8
HOST  :  75471690b8bf
DEVICE:  cpu
Train time: 0:45:26.164780

YEAR	AVG_RWD		VIOLATIONS
				DAY	BATT
2000	 0.72		0	 0
2001	 0.78		0	 0
2002	 0.66		1	 0
2003	 0.69		2	 0
2004	 0.7		0	 0
2005	 0.77		0	 0
2006	 0.74		0	 0
2007	 0.72		1	 0
2008	 0.75		0	 0
2009	 0.74		0	 0
2010	 0.72		0	 0
2011	 0.77		0	 0
2012	 0.71		0	 0
2013	 0.71		0	 0
2014	 0.71		0	 0
2015	 0.7		0	 0
2016	 0.74		1	 0
2017	 0.73		0	 0

TOTAL Day Violations:   5.0
TOTAL Batt Violations:  0.0

MODEL :  L2
SEED  :  9
HOST  :  75471690b8bf
DEVICE:  cpu
Train time: 0:46:44.829480

YEAR	AVG_RWD		VIOLATIONS
				DAY	BATT
2000	 0.86		0	 0
2001	 0.87		0	 0
2002	 0.8		1	 0
2003	 0.85		0	 0
2004	 0.79		3	 0
2005	 0.83		1	 0
2006	 0.88		0	 0
2007	 0.82		2	 0
2008	 0.84		0	 0
2009	 0.86		0	 0
2010	 0.81		1	 0
2011	 0.84		1	 0
2012	 0.79		1	 0
2013	 0.79		2	 0
2014	 0.8		1	 0
2015	 0.82		1	 0
2016	 0.83		3	 0
2017	 0.81		1	 0

TOTAL Day Violations:   18.0
TOTAL Batt Violations:  0.0
