
MODEL :  L3
SEED  :  0
HOST  :  75471690b8bf
DEVICE:  cpu
Train time: 0:46:03.284340

YEAR	AVG_RWD		VIOLATIONS
				DAY	BATT
2000	 0.79		0	 0
2001	 0.79		0	 0
2002	 0.74		0	 0
2003	 0.8		0	 0
2004	 0.74		0	 0
2005	 0.79		0	 0
2006	 0.82		0	 0
2007	 0.78		0	 0
2008	 0.79		0	 0
2009	 0.79		0	 0
2010	 0.76		0	 0
2011	 0.77		0	 0
2012	 0.75		0	 0
2013	 0.73		0	 0
2014	 0.74		0	 0
2015	 0.76		0	 0
2016	 0.79		0	 0
2017	 0.75		0	 0

TOTAL Day Violations:   0.0
TOTAL Batt Violations:  0.0

MODEL :  L3
SEED  :  1
HOST  :  75471690b8bf
DEVICE:  cpu
Train time: 0:46:11.981880

YEAR	AVG_RWD		VIOLATIONS
				DAY	BATT
2000	 0.9		0	 0
2001	 0.94		0	 0
2002	 0.85		1	 0
2003	 0.85		2	 0
2004	 0.89		0	 0
2005	 0.92		0	 0
2006	 0.88		0	 0
2007	 0.91		1	 0
2008	 0.91		0	 0
2009	 0.9		0	 0
2010	 0.89		0	 0
2011	 0.92		0	 0
2012	 0.89		0	 0
2013	 0.92		0	 0
2014	 0.89		0	 0
2015	 0.91		0	 0
2016	 0.91		1	 0
2017	 0.86		2	 0

TOTAL Day Violations:   7.0
TOTAL Batt Violations:  0.0

MODEL :  L3
SEED  :  2
HOST  :  75471690b8bf
DEVICE:  cpu
Train time: 0:46:30.047432

YEAR	AVG_RWD		VIOLATIONS
				DAY	BATT
2000	 0.83		0	 0
2001	 0.87		0	 0
2002	 0.77		1	 0
2003	 0.79		3	 0
2004	 0.8		2	 0
2005	 0.84		1	 0
2006	 0.8		0	 0
2007	 0.82		2	 0
2008	 0.83		2	 0
2009	 0.85		0	 0
2010	 0.81		2	 0
2011	 0.82		4	 0
2012	 0.81		2	 0
2013	 0.79		4	 0
2014	 0.78		3	 0
2015	 0.81		1	 0
2016	 0.82		3	 1
2017	 0.81		3	 0

TOTAL Day Violations:   33.0
TOTAL Batt Violations:  1.0

MODEL :  L3
SEED  :  3
HOST  :  75471690b8bf
DEVICE:  cpu
Train time: 0:45:14.592449

YEAR	AVG_RWD		VIOLATIONS
				DAY	BATT
2000	 1.0		0	 0
2001	 1.02		0	 0
2002	 0.94		1	 0
2003	 0.95		2	 0
2004	 0.99		0	 0
2005	 1.02		0	 0
2006	 0.95		0	 0
2007	 1.0		0	 0
2008	 1.0		0	 0
2009	 1.0		0	 0
2010	 0.98		0	 0
2011	 1.03		0	 0
2012	 0.99		0	 0
2013	 1.01		0	 0
2014	 0.98		0	 0
2015	 0.98		0	 0
2016	 0.99		0	 0
2017	 1.01		0	 0

TOTAL Day Violations:   3.0
TOTAL Batt Violations:  0.0

MODEL :  L3
SEED  :  4
HOST  :  75471690b8bf
DEVICE:  cpu
Train time: 0:46:27.782448

YEAR	AVG_RWD		VIOLATIONS
				DAY	BATT
2000	 0.2		29	 173
2001	 0.85		0	 0
2002	 0.2		28	 237
2003	 0.39		22	 124
2004	 0.65		7	 60
2005	 0.77		4	 5
2006	 0.14		29	 225
2007	 0.7		7	 4
2008	 0.68		7	 18
2009	 0.11		35	 137
2010	 0.57		11	 62
2011	 0.74		4	 16
2012	 0.76		3	 5
2013	 0.74		3	 5
2014	 0.6		9	 91
2015	 0.41		17	 108
2016	 0.76		3	 32
2017	 0.61		11	 117

TOTAL Day Violations:   229.0
TOTAL Batt Violations:  1419.0

MODEL :  L3
SEED  :  5
HOST  :  75471690b8bf
DEVICE:  cpu
Train time: 0:40:25.610945

YEAR	AVG_RWD		VIOLATIONS
				DAY	BATT
2000	 0.93		0	 0
2001	 0.95		0	 0
2002	 0.89		0	 0
2003	 0.92		0	 0
2004	 0.87		2	 0
2005	 0.93		0	 0
2006	 0.94		0	 0
2007	 0.94		0	 0
2008	 0.93		0	 0
2009	 0.93		0	 0
2010	 0.9		0	 0
2011	 0.93		0	 0
2012	 0.88		1	 0
2013	 0.92		0	 0
2014	 0.89		1	 0
2015	 0.92		0	 0
2016	 0.93		1	 0
2017	 0.89		3	 0

TOTAL Day Violations:   8.0
TOTAL Batt Violations:  0.0

MODEL :  L3
SEED  :  6
HOST  :  75471690b8bf
DEVICE:  cpu
Train time: 0:46:00.765025

YEAR	AVG_RWD		VIOLATIONS
				DAY	BATT
2000	 0.79		2	 0
2001	 0.8		1	 0
2002	 0.74		2	 0
2003	 0.81		1	 0
2004	 0.7		6	 1
2005	 0.81		2	 0
2006	 0.82		1	 0
2007	 0.73		6	 1
2008	 0.8		2	 0
2009	 0.77		5	 0
2010	 0.71		6	 0
2011	 0.73		7	 0
2012	 0.71		5	 0
2013	 0.66		11	 1
2014	 0.7		5	 0
2015	 0.74		4	 0
2016	 0.73		9	 0
2017	 0.7		9	 0

TOTAL Day Violations:   84.0
TOTAL Batt Violations:  3.0

MODEL :  L3
SEED  :  7
HOST  :  75471690b8bf
DEVICE:  cpu
Train time: 0:46:14.844488

YEAR	AVG_RWD		VIOLATIONS
				DAY	BATT
2000	 0.8		0	 0
2001	 0.8		0	 0
2002	 0.76		1	 0
2003	 0.79		1	 0
2004	 0.73		3	 0
2005	 0.78		1	 0
2006	 0.82		0	 0
2007	 0.76		3	 0
2008	 0.79		1	 0
2009	 0.8		0	 0
2010	 0.75		3	 0
2011	 0.76		2	 0
2012	 0.75		2	 0
2013	 0.74		4	 0
2014	 0.73		3	 0
2015	 0.76		2	 0
2016	 0.76		4	 0
2017	 0.75		2	 0

TOTAL Day Violations:   32.0
TOTAL Batt Violations:  0.0

MODEL :  L3
SEED  :  8
HOST  :  75471690b8bf
DEVICE:  cpu
Train time: 0:45:00.744493

YEAR	AVG_RWD		VIOLATIONS
				DAY	BATT
2000	 0.76		0	 0
2001	 0.77		0	 0
2002	 0.72		1	 0
2003	 0.76		0	 0
2004	 0.73		0	 0
2005	 0.75		0	 0
2006	 0.79		0	 0
2007	 0.75		1	 0
2008	 0.73		1	 0
2009	 0.76		0	 0
2010	 0.72		2	 0
2011	 0.71		2	 0
2012	 0.71		2	 0
2013	 0.72		1	 0
2014	 0.72		2	 0
2015	 0.75		2	 0
2016	 0.74		3	 0
2017	 0.71		3	 0

TOTAL Day Violations:   20.0
TOTAL Batt Violations:  0.0

MODEL :  L3
SEED  :  9
HOST  :  75471690b8bf
DEVICE:  cpu
Train time: 0:46:29.637019

YEAR	AVG_RWD		VIOLATIONS
				DAY	BATT
2000	 0.86		0	 0
2001	 0.88		0	 0
2002	 0.79		2	 0
2003	 0.78		4	 0
2004	 0.82		3	 1
2005	 0.91		0	 0
2006	 0.84		0	 0
2007	 0.84		2	 1
2008	 0.88		0	 0
2009	 0.85		0	 0
2010	 0.85		2	 0
2011	 0.92		2	 0
2012	 0.87		0	 0
2013	 0.87		1	 0
2014	 0.83		4	 0
2015	 0.81		3	 0
2016	 0.86		1	 0
2017	 0.88		2	 0

TOTAL Day Violations:   26.0
TOTAL Batt Violations:  2.0
