
MODEL :  L3
SEED  :  0
HOST  :  75471690b8bf
DEVICE:  cpu
Train time: 1:07:56.435995

YEAR	AVG_RWD		VIOLATIONS
				DAY	BATT
2000	 0.86		0	 0
2001	 0.86		0	 0
2002	 0.81		1	 0
2003	 0.87		1	 0
2004	 0.78		3	 0
2005	 0.86		1	 0
2006	 0.89		0	 0
2007	 0.82		3	 0
2008	 0.86		1	 0
2009	 0.87		0	 0
2010	 0.82		3	 0
2011	 0.82		3	 0
2012	 0.81		2	 0
2013	 0.77		5	 0
2014	 0.78		4	 1
2015	 0.81		2	 0
2016	 0.84		4	 0
2017	 0.79		4	 0

TOTAL Day Violations:   37.0
TOTAL Batt Violations:  1.0

MODEL :  L3
SEED  :  1
HOST  :  75471690b8bf
DEVICE:  cpu
Train time: 1:08:40.159160

YEAR	AVG_RWD		VIOLATIONS
				DAY	BATT
2000	 0.74		0	 0
2001	 0.79		0	 0
2002	 0.63		5	 0
2003	 0.65		4	 10
2004	 0.68		6	 0
2005	 0.76		0	 0
2006	 0.71		0	 0
2007	 0.73		2	 0
2008	 0.74		0	 0
2009	 0.73		1	 0
2010	 0.74		0	 0
2011	 0.79		0	 0
2012	 0.75		0	 0
2013	 0.76		0	 0
2014	 0.71		2	 0
2015	 0.73		0	 0
2016	 0.71		4	 0
2017	 0.7		4	 0

TOTAL Day Violations:   28.0
TOTAL Batt Violations:  10.0
