
MODEL :  L3
SEED  :  0
HOST  :  a76d7d3b3289
DEVICE:  cpu
Train time: 1:52:44.804344

YEAR	AVG_RWD		VIOLATIONS
				DAY	BATT
2000	 0.84		0	 0
2001	 0.85		0	 0
2002	 0.78		1	 0
2003	 0.83		2	 0
2004	 0.79		1	 0
2005	 0.84		1	 0
2006	 0.84		0	 0
2007	 0.81		2	 0
2008	 0.85		1	 0
2009	 0.85		0	 0
2010	 0.8		1	 0
2011	 0.82		2	 0
2012	 0.8		0	 0
2013	 0.79		2	 0
2014	 0.77		3	 0
2015	 0.82		0	 0
2016	 0.82		3	 0
2017	 0.81		0	 0

TOTAL Day Violations:   19.0
TOTAL Batt Violations:  0.0

MODEL :  L3
SEED  :  1
HOST  :  a76d7d3b3289
DEVICE:  cpu
Train time: 1:51:50.065263

YEAR	AVG_RWD		VIOLATIONS
				DAY	BATT
2000	 0.89		0	 0
2001	 0.92		0	 0
2002	 0.82		2	 0
2003	 0.85		2	 0
2004	 0.85		2	 0
2005	 0.92		0	 0
2006	 0.89		0	 0
2007	 0.89		0	 0
2008	 0.91		0	 0
2009	 0.89		0	 0
2010	 0.87		0	 0
2011	 0.9		0	 0
2012	 0.88		0	 0
2013	 0.89		0	 0
2014	 0.86		0	 0
2015	 0.87		0	 0
2016	 0.9		0	 0
2017	 0.84		3	 0

TOTAL Day Violations:   9.0
TOTAL Batt Violations:  0.0

MODEL :  L3
SEED  :  2
HOST  :  a76d7d3b3289
DEVICE:  cpu
Train time: 1:51:44.663983

YEAR	AVG_RWD		VIOLATIONS
				DAY	BATT
2000	 0.83		0	 0
2001	 0.89		0	 0
2002	 0.79		1	 0
2003	 0.8		2	 0
2004	 0.83		0	 0
2005	 0.88		0	 0
2006	 0.81		0	 0
2007	 0.84		0	 0
2008	 0.86		0	 0
2009	 0.85		0	 0
2010	 0.84		0	 0
2011	 0.87		0	 0
2012	 0.83		0	 0
2013	 0.84		0	 0
2014	 0.82		0	 0
2015	 0.81		0	 0
2016	 0.86		0	 0
2017	 0.86		0	 0

TOTAL Day Violations:   3.0
TOTAL Batt Violations:  0.0

MODEL :  L3
SEED  :  3
HOST  :  a76d7d3b3289
DEVICE:  cpu
Train time: 1:51:54.113655

YEAR	AVG_RWD		VIOLATIONS
				DAY	BATT
2000	 0.82		0	 0
2001	 0.86		0	 0
2002	 0.72		3	 6
2003	 0.79		2	 12
2004	 0.78		0	 0
2005	 0.85		0	 0
2006	 0.81		0	 0
2007	 0.82		0	 0
2008	 0.82		0	 0
2009	 0.84		0	 0
2010	 0.79		0	 0
2011	 0.84		0	 0
2012	 0.79		0	 0
2013	 0.81		0	 0
2014	 0.77		0	 0
2015	 0.8		0	 0
2016	 0.85		0	 0
2017	 0.81		1	 0

TOTAL Day Violations:   6.0
TOTAL Batt Violations:  18.0

MODEL :  L3
SEED  :  4
HOST  :  a76d7d3b3289
DEVICE:  cpu
Train time: 1:44:05.479569

YEAR	AVG_RWD		VIOLATIONS
				DAY	BATT
2000	 0.89		0	 0
2001	 0.89		0	 0
2002	 0.86		0	 0
2003	 0.89		0	 0
2004	 0.84		0	 0
2005	 0.89		0	 0
2006	 0.91		0	 0
2007	 0.88		1	 0
2008	 0.88		0	 0
2009	 0.88		0	 0
2010	 0.86		0	 0
2011	 0.88		0	 0
2012	 0.84		0	 0
2013	 0.85		0	 0
2014	 0.85		0	 0
2015	 0.87		0	 0
2016	 0.86		2	 0
2017	 0.86		0	 0

TOTAL Day Violations:   3.0
TOTAL Batt Violations:  0.0

MODEL :  L3
SEED  :  5
HOST  :  a76d7d3b3289
DEVICE:  cpu
Train time: 1:51:58.917257

YEAR	AVG_RWD		VIOLATIONS
				DAY	BATT
2000	 0.92		0	 0
2001	 0.94		0	 0
2002	 0.87		1	 0
2003	 0.9		1	 0
2004	 0.88		1	 0
2005	 0.91		1	 0
2006	 0.91		0	 0
2007	 0.9		1	 0
2008	 0.89		2	 0
2009	 0.92		0	 0
2010	 0.89		1	 0
2011	 0.91		1	 0
2012	 0.88		1	 0
2013	 0.88		3	 0
2014	 0.88		1	 0
2015	 0.9		0	 0
2016	 0.9		3	 0
2017	 0.9		1	 0

TOTAL Day Violations:   18.0
TOTAL Batt Violations:  0.0

MODEL :  L3
SEED  :  6
HOST  :  a76d7d3b3289
DEVICE:  cpu
Train time: 1:52:35.159229

YEAR	AVG_RWD		VIOLATIONS
				DAY	BATT
2000	 0.85		0	 0
2001	 0.85		0	 0
2002	 0.8		1	 0
2003	 0.85		1	 0
2004	 0.75		5	 0
2005	 0.83		1	 0
2006	 0.87		0	 0
2007	 0.81		3	 0
2008	 0.83		2	 0
2009	 0.85		0	 0
2010	 0.79		3	 0
2011	 0.79		4	 0
2012	 0.78		2	 0
2013	 0.77		4	 0
2014	 0.75		5	 0
2015	 0.8		2	 0
2016	 0.81		5	 0
2017	 0.78		4	 0

TOTAL Day Violations:   42.0
TOTAL Batt Violations:  0.0

MODEL :  L3
SEED  :  7
HOST  :  a76d7d3b3289
DEVICE:  cpu
Train time: 1:43:39.105856

YEAR	AVG_RWD		VIOLATIONS
				DAY	BATT
2000	 0.66		1	 0
2001	 0.65		4	 0
2002	 0.59		6	 2
2003	 0.68		1	 2
2004	 0.55		8	 2
2005	 0.66		2	 2
2006	 0.71		1	 0
2007	 0.59		8	 5
2008	 0.62		6	 2
2009	 0.65		3	 0
2010	 0.57		7	 3
2011	 0.57		8	 1
2012	 0.55		7	 3
2013	 0.51		12	 3
2014	 0.51		11	 3
2015	 0.6		6	 0
2016	 0.61		8	 5
2017	 0.53		10	 3

TOTAL Day Violations:   109.0
TOTAL Batt Violations:  36.0

MODEL :  L3
SEED  :  8
HOST  :  a76d7d3b3289
DEVICE:  cpu
Train time: 1:52:39.857731

YEAR	AVG_RWD		VIOLATIONS
				DAY	BATT
2000	 0.85		0	 0
2001	 0.91		0	 0
2002	 0.81		1	 0
2003	 0.82		2	 0
2004	 0.84		0	 0
2005	 0.89		0	 0
2006	 0.85		0	 0
2007	 0.85		1	 0
2008	 0.87		0	 0
2009	 0.88		0	 0
2010	 0.85		0	 0
2011	 0.89		0	 0
2012	 0.85		0	 0
2013	 0.85		0	 0
2014	 0.83		0	 0
2015	 0.84		0	 0
2016	 0.88		0	 0
2017	 0.87		0	 0

TOTAL Day Violations:   4.0
TOTAL Batt Violations:  0.0

MODEL :  L3
SEED  :  9
HOST  :  a76d7d3b3289
DEVICE:  cpu
Train time: 1:43:07.430822

YEAR	AVG_RWD		VIOLATIONS
				DAY	BATT
2000	 0.83		0	 0
2001	 0.88		0	 0
2002	 0.8		0	 0
2003	 0.83		1	 0
2004	 0.81		0	 0
2005	 0.86		0	 0
2006	 0.85		0	 0
2007	 0.84		0	 0
2008	 0.85		0	 0
2009	 0.85		0	 0
2010	 0.82		0	 0
2011	 0.85		0	 0
2012	 0.82		0	 0
2013	 0.82		0	 0
2014	 0.81		0	 0
2015	 0.83		0	 0
2016	 0.86		0	 0
2017	 0.84		0	 0

TOTAL Day Violations:   1.0
TOTAL Batt Violations:  0.0
