
MODEL :  M1
SEED  :  0
HOST  :  75471690b8bf
DEVICE:  cpu
Train time: 0:46:58.773614

YEAR	AVG_RWD		VIOLATIONS
				DAY	BATT
2000	 0.9		0	 0
2001	 0.95		0	 0
2002	 0.85		0	 0
2003	 0.85		3	 0
2004	 0.89		1	 0
2005	 0.95		0	 0
2006	 0.89		0	 0
2007	 0.9		1	 0
2008	 0.9		1	 0
2009	 0.92		0	 0
2010	 0.9		0	 0
2011	 0.94		0	 0
2012	 0.89		0	 0
2013	 0.89		0	 0
2014	 0.86		1	 0
2015	 0.88		0	 0
2016	 0.91		1	 0
2017	 0.92		0	 0

TOTAL Day Violations:   8.0
TOTAL Batt Violations:  0.0

MODEL :  M1
SEED  :  1
HOST  :  75471690b8bf
DEVICE:  cpu
Train time: 0:47:12.473871

YEAR	AVG_RWD		VIOLATIONS
				DAY	BATT
2000	 0.79		0	 0
2001	 0.82		0	 0
2002	 0.68		5	 1
2003	 0.77		1	 0
2004	 0.72		4	 0
2005	 0.8		1	 0
2006	 0.8		0	 0
2007	 0.77		3	 1
2008	 0.8		1	 0
2009	 0.81		0	 0
2010	 0.76		3	 0
2011	 0.76		2	 0
2012	 0.75		1	 0
2013	 0.76		2	 0
2014	 0.72		4	 0
2015	 0.77		2	 0
2016	 0.76		3	 0
2017	 0.64		8	 30

TOTAL Day Violations:   40.0
TOTAL Batt Violations:  32.0

MODEL :  M1
SEED  :  2
HOST  :  75471690b8bf
DEVICE:  cpu
Train time: 0:46:46.859547

YEAR	AVG_RWD		VIOLATIONS
				DAY	BATT
2000	 0.9		0	 0
2001	 0.91		0	 0
2002	 0.82		1	 1
2003	 0.89		1	 0
2004	 0.83		3	 0
2005	 0.91		1	 0
2006	 0.91		0	 0
2007	 0.86		3	 0
2008	 0.88		2	 0
2009	 0.89		1	 0
2010	 0.85		2	 0
2011	 0.89		2	 0
2012	 0.83		2	 1
2013	 0.83		4	 0
2014	 0.82		3	 0
2015	 0.85		1	 0
2016	 0.85		5	 1
2017	 0.85		3	 0

TOTAL Day Violations:   34.0
TOTAL Batt Violations:  3.0

MODEL :  M1
SEED  :  3
HOST  :  75471690b8bf
DEVICE:  cpu
Train time: 0:46:38.435812

YEAR	AVG_RWD		VIOLATIONS
				DAY	BATT
2000	 0.99		0	 0
2001	 1.0		0	 0
2002	 0.93		0	 0
2003	 0.96		0	 0
2004	 0.95		0	 0
2005	 0.98		0	 0
2006	 0.95		0	 0
2007	 0.98		0	 0
2008	 0.96		0	 0
2009	 0.97		0	 0
2010	 0.96		0	 0
2011	 0.99		0	 0
2012	 0.96		0	 0
2013	 0.98		0	 0
2014	 0.96		0	 0
2015	 0.97		0	 0
2016	 0.98		0	 0
2017	 0.98		0	 0

TOTAL Day Violations:   0.0
TOTAL Batt Violations:  0.0

MODEL :  M1
SEED  :  4
HOST  :  75471690b8bf
DEVICE:  cpu
Train time: 0:46:38.398074

YEAR	AVG_RWD		VIOLATIONS
				DAY	BATT
2000	 0.82		0	 0
2001	 0.85		0	 0
2002	 0.78		0	 0
2003	 0.81		1	 0
2004	 0.79		1	 0
2005	 0.82		0	 0
2006	 0.82		0	 0
2007	 0.79		2	 0
2008	 0.82		0	 0
2009	 0.83		0	 0
2010	 0.81		0	 0
2011	 0.82		0	 0
2012	 0.79		1	 0
2013	 0.79		1	 0
2014	 0.79		2	 0
2015	 0.82		0	 0
2016	 0.82		3	 0
2017	 0.81		1	 0

TOTAL Day Violations:   12.0
TOTAL Batt Violations:  0.0

MODEL :  M1
SEED  :  5
HOST  :  75471690b8bf
DEVICE:  cpu
Train time: 0:47:06.465959

YEAR	AVG_RWD		VIOLATIONS
				DAY	BATT
2000	 0.9		0	 0
2001	 0.91		0	 0
2002	 0.85		1	 0
2003	 0.9		2	 0
2004	 0.84		3	 0
2005	 0.94		0	 0
2006	 0.94		0	 0
2007	 0.88		2	 0
2008	 0.93		1	 0
2009	 0.91		0	 0
2010	 0.83		5	 0
2011	 0.85		5	 0
2012	 0.85		2	 0
2013	 0.83		6	 0
2014	 0.8		6	 1
2015	 0.84		3	 0
2016	 0.86		5	 0
2017	 0.85		3	 0

TOTAL Day Violations:   44.0
TOTAL Batt Violations:  1.0

MODEL :  M1
SEED  :  6
HOST  :  75471690b8bf
DEVICE:  cpu
Train time: 0:47:08.170445

YEAR	AVG_RWD		VIOLATIONS
				DAY	BATT
2000	 0.76		0	 0
2001	 0.83		0	 0
2002	 0.73		1	 0
2003	 0.75		3	 0
2004	 0.74		3	 0
2005	 0.83		0	 0
2006	 0.76		0	 0
2007	 0.76		2	 0
2008	 0.82		1	 0
2009	 0.8		0	 0
2010	 0.75		3	 0
2011	 0.79		4	 0
2012	 0.77		2	 0
2013	 0.74		4	 0
2014	 0.72		5	 0
2015	 0.73		2	 0
2016	 0.75		4	 0
2017	 0.78		1	 0

TOTAL Day Violations:   35.0
TOTAL Batt Violations:  0.0

MODEL :  M1
SEED  :  7
HOST  :  75471690b8bf
DEVICE:  cpu
Train time: 0:40:03.277633

YEAR	AVG_RWD		VIOLATIONS
				DAY	BATT
2000	 0.79		0	 0
2001	 0.77		2	 0
2002	 0.76		1	 0
2003	 0.8		1	 0
2004	 0.69		6	 0
2005	 0.78		1	 0
2006	 0.81		1	 0
2007	 0.74		5	 0
2008	 0.78		2	 0
2009	 0.78		1	 0
2010	 0.7		6	 0
2011	 0.72		6	 0
2012	 0.72		4	 0
2013	 0.66		10	 0
2014	 0.69		7	 0
2015	 0.74		3	 0
2016	 0.73		8	 0
2017	 0.69		8	 0

TOTAL Day Violations:   72.0
TOTAL Batt Violations:  0.0

MODEL :  M1
SEED  :  8
HOST  :  75471690b8bf
DEVICE:  cpu
Train time: 0:47:23.943752

YEAR	AVG_RWD		VIOLATIONS
				DAY	BATT
2000	 0.88		0	 0
2001	 0.9		0	 0
2002	 0.83		1	 0
2003	 0.84		2	 0
2004	 0.85		0	 0
2005	 0.88		0	 0
2006	 0.87		0	 0
2007	 0.87		2	 0
2008	 0.86		0	 0
2009	 0.88		0	 0
2010	 0.84		2	 0
2011	 0.88		0	 0
2012	 0.85		0	 0
2013	 0.85		1	 0
2014	 0.84		1	 0
2015	 0.85		0	 0
2016	 0.87		1	 0
2017	 0.85		2	 0

TOTAL Day Violations:   12.0
TOTAL Batt Violations:  0.0

MODEL :  M1
SEED  :  9
HOST  :  75471690b8bf
DEVICE:  cpu
Train time: 0:47:05.989367

YEAR	AVG_RWD		VIOLATIONS
				DAY	BATT
2000	 0.84		0	 0
2001	 0.84		0	 0
2002	 0.79		1	 0
2003	 0.81		2	 0
2004	 0.76		4	 0
2005	 0.84		1	 0
2006	 0.84		0	 0
2007	 0.82		2	 0
2008	 0.82		2	 0
2009	 0.84		0	 0
2010	 0.8		3	 0
2011	 0.79		5	 0
2012	 0.79		2	 0
2013	 0.78		4	 1
2014	 0.76		5	 0
2015	 0.81		2	 0
2016	 0.8		4	 0
2017	 0.76		5	 0

TOTAL Day Violations:   42.0
TOTAL Batt Violations:  1.0
