
MODEL :  M2
SEED  :  0
HOST  :  75471690b8bf
DEVICE:  cpu
Train time: 0:46:27.355769

YEAR	AVG_RWD		VIOLATIONS
				DAY	BATT
2000	 0.86		0	 0
2001	 0.86		0	 0
2002	 0.79		1	 0
2003	 0.87		1	 0
2004	 0.78		4	 0
2005	 0.87		0	 0
2006	 0.88		0	 0
2007	 0.82		3	 0
2008	 0.86		1	 0
2009	 0.86		0	 0
2010	 0.79		3	 0
2011	 0.81		4	 0
2012	 0.79		2	 0
2013	 0.78		4	 0
2014	 0.77		4	 0
2015	 0.81		1	 0
2016	 0.84		3	 0
2017	 0.81		2	 0

TOTAL Day Violations:   33.0
TOTAL Batt Violations:  0.0

MODEL :  M2
SEED  :  1
HOST  :  75471690b8bf
DEVICE:  cpu
Train time: 0:46:37.780171

YEAR	AVG_RWD		VIOLATIONS
				DAY	BATT
2000	 0.78		0	 0
2001	 0.83		0	 0
2002	 0.7		4	 0
2003	 0.72		4	 0
2004	 0.73		7	 0
2005	 0.81		0	 0
2006	 0.74		1	 0
2007	 0.77		3	 0
2008	 0.81		0	 0
2009	 0.78		1	 0
2010	 0.75		4	 0
2011	 0.78		4	 0
2012	 0.79		2	 0
2013	 0.78		2	 0
2014	 0.74		4	 0
2015	 0.76		1	 0
2016	 0.75		5	 0
2017	 0.65		9	 10

TOTAL Day Violations:   51.0
TOTAL Batt Violations:  10.0

MODEL :  M2
SEED  :  2
HOST  :  75471690b8bf
DEVICE:  cpu
Train time: 0:47:06.606865

YEAR	AVG_RWD		VIOLATIONS
				DAY	BATT
2000	 0.8		0	 0
2001	 0.82		1	 0
2002	 0.72		4	 2
2003	 0.8		1	 2
2004	 0.66		8	 3
2005	 0.78		2	 1
2006	 0.84		1	 0
2007	 0.75		4	 5
2008	 0.77		3	 2
2009	 0.8		0	 0
2010	 0.71		6	 1
2011	 0.72		7	 3
2012	 0.67		7	 2
2013	 0.68		8	 6
2014	 0.64		9	 4
2015	 0.72		5	 2
2016	 0.74		8	 6
2017	 0.73		6	 1

TOTAL Day Violations:   80.0
TOTAL Batt Violations:  40.0

MODEL :  M2
SEED  :  3
HOST  :  75471690b8bf
DEVICE:  cpu
Train time: 0:46:56.834923

YEAR	AVG_RWD		VIOLATIONS
				DAY	BATT
2000	 0.97		0	 0
2001	 0.98		0	 0
2002	 0.91		0	 0
2003	 0.95		0	 0
2004	 0.93		0	 0
2005	 0.97		0	 0
2006	 0.96		0	 0
2007	 0.96		0	 0
2008	 0.95		0	 0
2009	 0.96		0	 0
2010	 0.95		0	 0
2011	 0.98		0	 0
2012	 0.93		0	 0
2013	 0.95		0	 0
2014	 0.94		0	 0
2015	 0.95		0	 0
2016	 0.97		0	 0
2017	 0.96		0	 0

TOTAL Day Violations:   0.0
TOTAL Batt Violations:  0.0

MODEL :  M2
SEED  :  4
HOST  :  75471690b8bf
DEVICE:  cpu
Train time: 0:46:45.718221

YEAR	AVG_RWD		VIOLATIONS
				DAY	BATT
2000	 0.82		0	 0
2001	 0.88		0	 0
2002	 0.75		3	 0
2003	 0.73		4	 9
2004	 0.81		1	 0
2005	 0.86		0	 0
2006	 0.79		0	 0
2007	 0.82		2	 0
2008	 0.85		0	 0
2009	 0.83		0	 0
2010	 0.85		0	 0
2011	 0.85		0	 0
2012	 0.84		0	 0
2013	 0.83		0	 0
2014	 0.8		2	 0
2015	 0.83		0	 0
2016	 0.84		2	 0
2017	 0.79		2	 2

TOTAL Day Violations:   16.0
TOTAL Batt Violations:  11.0

MODEL :  M2
SEED  :  5
HOST  :  75471690b8bf
DEVICE:  cpu
Train time: 0:46:32.973404

YEAR	AVG_RWD		VIOLATIONS
				DAY	BATT
2000	 0.9		0	 0
2001	 0.9		0	 0
2002	 0.86		1	 0
2003	 0.89		0	 0
2004	 0.83		3	 0
2005	 0.88		0	 0
2006	 0.9		0	 0
2007	 0.87		2	 0
2008	 0.87		1	 0
2009	 0.89		0	 0
2010	 0.87		1	 0
2011	 0.86		1	 0
2012	 0.86		1	 0
2013	 0.86		2	 0
2014	 0.85		2	 0
2015	 0.89		0	 0
2016	 0.87		3	 0
2017	 0.87		0	 0

TOTAL Day Violations:   17.0
TOTAL Batt Violations:  0.0

MODEL :  M2
SEED  :  6
HOST  :  75471690b8bf
DEVICE:  cpu
Train time: 0:46:56.103946

YEAR	AVG_RWD		VIOLATIONS
				DAY	BATT
2000	 0.62		0	 0
2001	 0.62		0	 0
2002	 0.57		2	 0
2003	 0.64		1	 0
2004	 0.54		4	 0
2005	 0.59		1	 0
2006	 0.66		0	 0
2007	 0.58		3	 0
2008	 0.61		2	 0
2009	 0.62		0	 0
2010	 0.57		3	 0
2011	 0.53		5	 0
2012	 0.56		2	 0
2013	 0.52		5	 0
2014	 0.54		5	 0
2015	 0.58		3	 0
2016	 0.58		5	 0
2017	 0.54		3	 0

TOTAL Day Violations:   44.0
TOTAL Batt Violations:  0.0

MODEL :  M2
SEED  :  7
HOST  :  75471690b8bf
DEVICE:  cpu
Train time: 0:41:34.584467

YEAR	AVG_RWD		VIOLATIONS
				DAY	BATT
2000	 0.87		0	 0
2001	 0.9		0	 0
2002	 0.81		1	 0
2003	 0.87		1	 0
2004	 0.82		1	 0
2005	 0.89		0	 0
2006	 0.89		0	 0
2007	 0.85		2	 0
2008	 0.88		0	 0
2009	 0.88		0	 0
2010	 0.84		1	 0
2011	 0.87		1	 0
2012	 0.83		0	 0
2013	 0.83		2	 0
2014	 0.81		2	 0
2015	 0.86		0	 0
2016	 0.86		3	 0
2017	 0.87		0	 0

TOTAL Day Violations:   14.0
TOTAL Batt Violations:  0.0

MODEL :  M2
SEED  :  8
HOST  :  75471690b8bf
DEVICE:  cpu
Train time: 0:46:37.136503

YEAR	AVG_RWD		VIOLATIONS
				DAY	BATT
2000	 0.89		0	 0
2001	 0.9		0	 0
2002	 0.86		0	 0
2003	 0.85		1	 0
2004	 0.8		5	 0
2005	 0.85		1	 0
2006	 0.87		0	 0
2007	 0.85		3	 0
2008	 0.86		2	 0
2009	 0.88		0	 0
2010	 0.86		1	 0
2011	 0.82		4	 0
2012	 0.85		2	 0
2013	 0.84		3	 0
2014	 0.83		2	 0
2015	 0.86		1	 0
2016	 0.84		5	 0
2017	 0.83		3	 0

TOTAL Day Violations:   33.0
TOTAL Batt Violations:  0.0

MODEL :  M2
SEED  :  9
HOST  :  75471690b8bf
DEVICE:  cpu
Train time: 0:40:28.591719

YEAR	AVG_RWD		VIOLATIONS
				DAY	BATT
2000	 0.76		0	 0
2001	 0.8		0	 0
2002	 0.73		1	 0
2003	 0.74		2	 0
2004	 0.76		0	 0
2005	 0.83		0	 0
2006	 0.78		0	 0
2007	 0.79		0	 0
2008	 0.8		0	 0
2009	 0.82		0	 0
2010	 0.81		0	 0
2011	 0.82		0	 0
2012	 0.8		0	 0
2013	 0.79		0	 0
2014	 0.77		1	 0
2015	 0.77		0	 0
2016	 0.8		1	 0
2017	 0.81		0	 0

TOTAL Day Violations:   5.0
TOTAL Batt Violations:  0.0
