
MODEL :  M3
SEED  :  0
HOST  :  75471690b8bf
DEVICE:  cpu
Train time: 1:02:49.113170

YEAR	AVG_RWD		VIOLATIONS
				DAY	BATT
2000	 0.82		0	 0
2001	 0.82		0	 0
2002	 0.77		1	 0
2003	 0.82		1	 0
2004	 0.76		2	 0
2005	 0.79		1	 0
2006	 0.83		0	 0
2007	 0.79		2	 0
2008	 0.81		0	 0
2009	 0.82		0	 0
2010	 0.78		2	 0
2011	 0.8		1	 0
2012	 0.78		1	 0
2013	 0.75		4	 0
2014	 0.77		3	 0
2015	 0.8		1	 0
2016	 0.8		3	 0
2017	 0.79		1	 0

TOTAL Day Violations:   23.0
TOTAL Batt Violations:  0.0

MODEL :  M3
SEED  :  1
HOST  :  75471690b8bf
DEVICE:  cpu
Train time: 1:16:20.681378

YEAR	AVG_RWD		VIOLATIONS
				DAY	BATT
2000	 0.73		0	 0
2001	 0.81		0	 0
2002	 0.65		4	 11
2003	 0.67		3	 14
2004	 0.72		3	 0
2005	 0.78		0	 0
2006	 0.67		0	 0
2007	 0.75		2	 0
2008	 0.74		1	 0
2009	 0.69		0	 0
2010	 0.73		1	 0
2011	 0.74		1	 0
2012	 0.76		1	 0
2013	 0.75		1	 0
2014	 0.67		6	 0
2015	 0.78		0	 0
2016	 0.76		3	 0
2017	 0.66		5	 17

TOTAL Day Violations:   31.0
TOTAL Batt Violations:  42.0

MODEL :  M3
SEED  :  2
HOST  :  75471690b8bf
DEVICE:  cpu
Train time: 1:14:52.700969

YEAR	AVG_RWD		VIOLATIONS
				DAY	BATT
2000	 0.78		0	 0
2001	 0.8		0	 0
2002	 0.74		1	 0
2003	 0.75		2	 0
2004	 0.72		3	 0
2005	 0.76		0	 0
2006	 0.79		0	 0
2007	 0.74		3	 0
2008	 0.75		1	 0
2009	 0.79		0	 0
2010	 0.76		1	 0
2011	 0.77		1	 0
2012	 0.76		0	 0
2013	 0.74		3	 0
2014	 0.72		2	 0
2015	 0.78		0	 0
2016	 0.74		4	 0
2017	 0.78		1	 0

TOTAL Day Violations:   22.0
TOTAL Batt Violations:  0.0

MODEL :  M3
SEED  :  3
HOST  :  75471690b8bf
DEVICE:  cpu
Train time: 1:15:18.283651

YEAR	AVG_RWD		VIOLATIONS
				DAY	BATT
2000	 0.96		0	 0
2001	 0.98		0	 0
2002	 0.91		1	 0
2003	 0.95		0	 0
2004	 0.93		0	 0
2005	 0.98		0	 0
2006	 0.97		0	 0
2007	 0.96		0	 0
2008	 0.96		0	 0
2009	 0.97		0	 0
2010	 0.94		0	 0
2011	 0.97		0	 0
2012	 0.93		0	 0
2013	 0.95		0	 0
2014	 0.92		0	 0
2015	 0.94		0	 0
2016	 0.96		1	 0
2017	 0.96		0	 0

TOTAL Day Violations:   2.0
TOTAL Batt Violations:  0.0

MODEL :  M3
SEED  :  4
HOST  :  75471690b8bf
DEVICE:  cpu
Train time: 1:14:42.511186

YEAR	AVG_RWD		VIOLATIONS
				DAY	BATT
2000	 0.49		5	 0
2001	 0.68		0	 0
2002	 0.37		10	 52
2003	 0.45		8	 46
2004	 0.6		2	 0
2005	 0.68		0	 0
2006	 0.55		1	 0
2007	 0.59		1	 0
2008	 0.64		0	 0
2009	 0.6		1	 0
2010	 0.62		0	 0
2011	 0.66		0	 0
2012	 0.65		0	 0
2013	 0.64		0	 0
2014	 0.6		3	 0
2015	 0.6		0	 0
2016	 0.56		4	 7
2017	 0.61		4	 18

TOTAL Day Violations:   39.0
TOTAL Batt Violations:  123.0

MODEL :  M3
SEED  :  5
HOST  :  75471690b8bf
DEVICE:  cpu
Train time: 1:15:12.417488

YEAR	AVG_RWD		VIOLATIONS
				DAY	BATT
2000	 0.82		0	 0
2001	 0.83		0	 0
2002	 0.78		0	 0
2003	 0.79		1	 0
2004	 0.79		0	 0
2005	 0.81		0	 0
2006	 0.8		0	 0
2007	 0.8		1	 0
2008	 0.81		0	 0
2009	 0.81		0	 0
2010	 0.8		0	 0
2011	 0.8		0	 0
2012	 0.8		0	 0
2013	 0.79		1	 0
2014	 0.78		1	 0
2015	 0.79		0	 0
2016	 0.8		2	 0
2017	 0.8		0	 0

TOTAL Day Violations:   6.0
TOTAL Batt Violations:  0.0

MODEL :  M3
SEED  :  6
HOST  :  75471690b8bf
DEVICE:  cpu
Train time: 1:02:58.119697

YEAR	AVG_RWD		VIOLATIONS
				DAY	BATT
2000	 0.86		0	 0
2001	 0.85		0	 0
2002	 0.79		1	 0
2003	 0.84		1	 0
2004	 0.78		4	 0
2005	 0.83		1	 0
2006	 0.85		0	 0
2007	 0.82		2	 0
2008	 0.82		2	 0
2009	 0.85		0	 0
2010	 0.8		3	 0
2011	 0.8		4	 0
2012	 0.81		1	 0
2013	 0.79		4	 0
2014	 0.79		4	 0
2015	 0.82		1	 0
2016	 0.82		4	 0
2017	 0.79		4	 0

TOTAL Day Violations:   36.0
TOTAL Batt Violations:  0.0

MODEL :  M3
SEED  :  7
HOST  :  75471690b8bf
DEVICE:  cpu
Train time: 1:15:55.024492

YEAR	AVG_RWD		VIOLATIONS
				DAY	BATT
2000	 0.9		0	 0
2001	 0.91		0	 0
2002	 0.86		0	 0
2003	 0.87		0	 0
2004	 0.85		1	 0
2005	 0.89		0	 0
2006	 0.89		0	 0
2007	 0.89		1	 0
2008	 0.88		0	 0
2009	 0.9		0	 0
2010	 0.87		0	 0
2011	 0.89		0	 0
2012	 0.87		0	 0
2013	 0.89		0	 0
2014	 0.86		1	 0
2015	 0.88		0	 0
2016	 0.9		0	 0
2017	 0.86		0	 0

TOTAL Day Violations:   3.0
TOTAL Batt Violations:  0.0

MODEL :  M3
SEED  :  8
HOST  :  75471690b8bf
DEVICE:  cpu
Train time: 1:16:03.123384

YEAR	AVG_RWD		VIOLATIONS
				DAY	BATT
2000	 0.96		0	 0
2001	 0.99		0	 0
2002	 0.91		1	 0
2003	 0.96		0	 0
2004	 0.91		2	 0
2005	 0.99		0	 0
2006	 0.97		0	 0
2007	 0.96		1	 0
2008	 0.97		0	 0
2009	 0.97		0	 0
2010	 0.93		2	 0
2011	 0.97		1	 0
2012	 0.94		0	 0
2013	 0.92		3	 0
2014	 0.91		2	 0
2015	 0.94		0	 0
2016	 0.96		2	 0
2017	 0.95		1	 0

TOTAL Day Violations:   15.0
TOTAL Batt Violations:  0.0

MODEL :  M3
SEED  :  9
HOST  :  75471690b8bf
DEVICE:  cpu
Train time: 1:15:05.545502

YEAR	AVG_RWD		VIOLATIONS
				DAY	BATT
2000	 0.79		0	 0
2001	 0.79		0	 0
2002	 0.75		1	 0
2003	 0.8		1	 0
2004	 0.71		4	 0
2005	 0.78		1	 0
2006	 0.82		0	 0
2007	 0.75		3	 0
2008	 0.78		2	 0
2009	 0.79		0	 0
2010	 0.75		1	 0
2011	 0.74		3	 0
2012	 0.73		1	 0
2013	 0.71		4	 0
2014	 0.73		2	 0
2015	 0.76		1	 0
2016	 0.75		5	 0
2017	 0.74		2	 0

TOTAL Day Violations:   31.0
TOTAL Batt Violations:  0.0
