
MODEL :  M4
SEED  :  0
HOST  :  75471690b8bf
DEVICE:  cpu
Train time: 1:03:54.885331

YEAR	AVG_RWD		VIOLATIONS
				DAY	BATT
2000	 0.86		0	 0
2001	 0.93		0	 0
2002	 0.84		0	 0
2003	 0.87		1	 0
2004	 0.88		0	 0
2005	 0.92		0	 0
2006	 0.85		0	 0
2007	 0.89		0	 0
2008	 0.89		0	 0
2009	 0.89		0	 0
2010	 0.88		0	 0
2011	 0.92		0	 0
2012	 0.88		0	 0
2013	 0.89		0	 0
2014	 0.87		0	 0
2015	 0.88		0	 0
2016	 0.91		0	 0
2017	 0.92		0	 0

TOTAL Day Violations:   1.0
TOTAL Batt Violations:  0.0

MODEL :  M4
SEED  :  1
HOST  :  75471690b8bf
DEVICE:  cpu
Train time: 1:12:56.553624

YEAR	AVG_RWD		VIOLATIONS
				DAY	BATT
2000	 0.86		0	 0
2001	 0.9		0	 0
2002	 0.76		6	 14
2003	 0.81		4	 4
2004	 0.79		6	 1
2005	 0.87		1	 0
2006	 0.83		1	 0
2007	 0.85		3	 0
2008	 0.87		1	 0
2009	 0.86		0	 0
2010	 0.81		3	 0
2011	 0.83		5	 0
2012	 0.82		3	 0
2013	 0.81		7	 0
2014	 0.68		10	 20
2015	 0.87		2	 0
2016	 0.84		5	 0
2017	 0.66		11	 46

TOTAL Day Violations:   68.0
TOTAL Batt Violations:  85.0

MODEL :  M4
SEED  :  2
HOST  :  75471690b8bf
DEVICE:  cpu
Train time: 1:14:17.559762

YEAR	AVG_RWD		VIOLATIONS
				DAY	BATT
2000	 0.93		0	 0
2001	 0.94		0	 0
2002	 0.88		1	 0
2003	 0.92		1	 0
2004	 0.84		4	 0
2005	 0.92		1	 0
2006	 0.96		0	 0
2007	 0.89		3	 0
2008	 0.92		1	 0
2009	 0.93		0	 0
2010	 0.89		2	 0
2011	 0.87		4	 0
2012	 0.86		1	 0
2013	 0.85		5	 0
2014	 0.85		2	 0
2015	 0.9		1	 0
2016	 0.89		3	 0
2017	 0.88		2	 0

TOTAL Day Violations:   31.0
TOTAL Batt Violations:  0.0

MODEL :  M4
SEED  :  3
HOST  :  75471690b8bf
DEVICE:  cpu
Train time: 1:14:06.029485

YEAR	AVG_RWD		VIOLATIONS
				DAY	BATT
2000	 0.74		0	 0
2001	 0.74		0	 0
2002	 0.67		1	 0
2003	 0.74		0	 0
2004	 0.65		2	 0
2005	 0.71		1	 0
2006	 0.77		0	 0
2007	 0.7		1	 0
2008	 0.71		1	 0
2009	 0.73		0	 0
2010	 0.67		2	 0
2011	 0.67		3	 0
2012	 0.67		1	 0
2013	 0.64		3	 0
2014	 0.66		2	 0
2015	 0.69		1	 0
2016	 0.7		4	 0
2017	 0.66		3	 0

TOTAL Day Violations:   25.0
TOTAL Batt Violations:  0.0

MODEL :  M4
SEED  :  4
HOST  :  75471690b8bf
DEVICE:  cpu
Train time: 1:13:37.318455

YEAR	AVG_RWD		VIOLATIONS
				DAY	BATT
2000	 0.83		0	 0
2001	 0.86		0	 0
2002	 0.77		1	 0
2003	 0.8		2	 0
2004	 0.78		1	 0
2005	 0.82		0	 0
2006	 0.83		0	 0
2007	 0.81		2	 0
2008	 0.8		1	 0
2009	 0.82		0	 0
2010	 0.81		0	 0
2011	 0.81		1	 0
2012	 0.78		1	 0
2013	 0.8		1	 0
2014	 0.78		2	 0
2015	 0.81		1	 0
2016	 0.81		3	 0
2017	 0.81		0	 0

TOTAL Day Violations:   16.0
TOTAL Batt Violations:  0.0

MODEL :  M4
SEED  :  5
HOST  :  75471690b8bf
DEVICE:  cpu
Train time: 1:14:01.534027

YEAR	AVG_RWD		VIOLATIONS
				DAY	BATT
2000	 0.88		1	 0
2001	 0.87		1	 0
2002	 0.8		4	 0
2003	 0.9		1	 0
2004	 0.78		5	 0
2005	 0.91		0	 0
2006	 0.91		0	 0
2007	 0.85		3	 0
2008	 0.88		2	 0
2009	 0.87		1	 0
2010	 0.8		5	 0
2011	 0.87		0	 0
2012	 0.8		4	 0
2013	 0.73		11	 0
2014	 0.77		6	 0
2015	 0.83		1	 0
2016	 0.83		6	 0
2017	 0.8		5	 0

TOTAL Day Violations:   56.0
TOTAL Batt Violations:  0.0

MODEL :  M4
SEED  :  6
HOST  :  75471690b8bf
DEVICE:  cpu
Train time: 1:14:20.932895

YEAR	AVG_RWD		VIOLATIONS
				DAY	BATT
2000	 0.75		0	 0
2001	 0.75		0	 0
2002	 0.7		1	 0
2003	 0.76		1	 0
2004	 0.66		4	 0
2005	 0.74		0	 0
2006	 0.78		0	 0
2007	 0.71		3	 0
2008	 0.74		2	 0
2009	 0.75		0	 0
2010	 0.69		3	 0
2011	 0.69		3	 0
2012	 0.67		2	 0
2013	 0.66		4	 0
2014	 0.67		2	 0
2015	 0.71		2	 0
2016	 0.72		4	 0
2017	 0.68		4	 0

TOTAL Day Violations:   35.0
TOTAL Batt Violations:  0.0

MODEL :  M4
SEED  :  7
HOST  :  75471690b8bf
DEVICE:  cpu
Train time: 1:13:34.474992

YEAR	AVG_RWD		VIOLATIONS
				DAY	BATT
2000	 0.87		0	 0
2001	 0.9		0	 0
2002	 0.81		1	 0
2003	 0.86		2	 0
2004	 0.84		2	 0
2005	 0.91		0	 0
2006	 0.87		0	 0
2007	 0.87		1	 0
2008	 0.89		0	 0
2009	 0.89		0	 0
2010	 0.85		1	 0
2011	 0.92		0	 0
2012	 0.87		0	 0
2013	 0.86		1	 0
2014	 0.85		1	 0
2015	 0.85		0	 0
2016	 0.88		1	 0
2017	 0.89		0	 0

TOTAL Day Violations:   10.0
TOTAL Batt Violations:  0.0

MODEL :  M4
SEED  :  8
HOST  :  75471690b8bf
DEVICE:  cpu
Train time: 1:13:39.290759

YEAR	AVG_RWD		VIOLATIONS
				DAY	BATT
2000	 0.63		0	 0
2001	 0.62		0	 0
2002	 0.58		1	 0
2003	 0.62		1	 0
2004	 0.53		5	 0
2005	 0.6		1	 0
2006	 0.66		0	 0
2007	 0.59		3	 0
2008	 0.59		2	 0
2009	 0.62		0	 0
2010	 0.57		3	 0
2011	 0.53		5	 0
2012	 0.55		2	 1
2013	 0.51		5	 0
2014	 0.53		5	 0
2015	 0.59		2	 0
2016	 0.59		5	 0
2017	 0.54		4	 0

TOTAL Day Violations:   44.0
TOTAL Batt Violations:  1.0

MODEL :  M4
SEED  :  9
HOST  :  75471690b8bf
DEVICE:  cpu
Train time: 1:13:49.217499

YEAR	AVG_RWD		VIOLATIONS
				DAY	BATT
2000	 0.95		0	 0
2001	 0.98		0	 0
2002	 0.9		1	 0
2003	 0.94		2	 0
2004	 0.89		4	 0
2005	 0.95		1	 0
2006	 0.95		0	 0
2007	 0.93		3	 0
2008	 0.94		1	 0
2009	 0.96		0	 0
2010	 0.9		4	 0
2011	 0.93		4	 0
2012	 0.9		2	 0
2013	 0.91		4	 0
2014	 0.89		4	 0
2015	 0.93		2	 0
2016	 0.92		5	 0
2017	 0.91		4	 0

TOTAL Day Violations:   41.0
TOTAL Batt Violations:  0.0
