
MODEL :  M5
SEED  :  0
HOST  :  75471690b8bf
DEVICE:  cpu
Train time: 1:12:02.076769

YEAR	AVG_RWD		VIOLATIONS
				DAY	BATT
2000	 0.94		0	 0
2001	 0.96		0	 0
2002	 0.9		0	 0
2003	 0.93		0	 0
2004	 0.91		0	 0
2005	 0.94		0	 0
2006	 0.94		0	 0
2007	 0.94		0	 0
2008	 0.93		0	 0
2009	 0.94		0	 0
2010	 0.92		0	 0
2011	 0.94		0	 0
2012	 0.91		0	 0
2013	 0.92		0	 0
2014	 0.92		0	 0
2015	 0.93		0	 0
2016	 0.94		0	 0
2017	 0.93		0	 0

TOTAL Day Violations:   0.0
TOTAL Batt Violations:  0.0

MODEL :  M5
SEED  :  1
HOST  :  75471690b8bf
DEVICE:  cpu
Train time: 1:12:07.612375

YEAR	AVG_RWD		VIOLATIONS
				DAY	BATT
2000	 0.73		2	 0
2001	 0.83		0	 0
2002	 0.69		4	 0
2003	 0.68		5	 9
2004	 0.74		3	 0
2005	 0.81		0	 0
2006	 0.73		1	 0
2007	 0.73		2	 0
2008	 0.81		0	 0
2009	 0.76		0	 0
2010	 0.77		0	 0
2011	 0.81		0	 0
2012	 0.78		0	 0
2013	 0.78		0	 0
2014	 0.73		3	 0
2015	 0.75		0	 0
2016	 0.78		2	 0
2017	 0.72		5	 6

TOTAL Day Violations:   27.0
TOTAL Batt Violations:  15.0

MODEL :  M5
SEED  :  2
HOST  :  75471690b8bf
DEVICE:  cpu
Train time: 1:11:57.741304

YEAR	AVG_RWD		VIOLATIONS
				DAY	BATT
2000	 0.9		0	 0
2001	 0.92		0	 0
2002	 0.86		0	 0
2003	 0.9		0	 0
2004	 0.86		1	 0
2005	 0.89		0	 0
2006	 0.91		0	 0
2007	 0.89		1	 0
2008	 0.89		0	 0
2009	 0.9		0	 0
2010	 0.87		1	 0
2011	 0.89		0	 0
2012	 0.87		0	 0
2013	 0.89		0	 0
2014	 0.87		1	 0
2015	 0.89		0	 0
2016	 0.9		1	 0
2017	 0.89		0	 0

TOTAL Day Violations:   5.0
TOTAL Batt Violations:  0.0

MODEL :  M5
SEED  :  3
HOST  :  75471690b8bf
DEVICE:  cpu
Train time: 1:10:58.093697

YEAR	AVG_RWD		VIOLATIONS
				DAY	BATT
2000	 1.01		0	 0
2001	 1.04		0	 0
2002	 0.96		0	 0
2003	 0.98		1	 0
2004	 1.0		0	 0
2005	 1.03		0	 0
2006	 0.99		0	 0
2007	 1.02		0	 0
2008	 1.02		0	 0
2009	 1.02		0	 0
2010	 1.0		0	 0
2011	 1.04		0	 0
2012	 1.0		0	 0
2013	 1.02		0	 0
2014	 1.0		0	 0
2015	 1.0		0	 0
2016	 1.04		0	 0
2017	 1.03		0	 0

TOTAL Day Violations:   1.0
TOTAL Batt Violations:  0.0

MODEL :  M5
SEED  :  4
HOST  :  75471690b8bf
DEVICE:  cpu
Train time: 1:12:11.640830

YEAR	AVG_RWD		VIOLATIONS
				DAY	BATT
2000	 0.82		0	 0
2001	 0.83		0	 0
2002	 0.77		1	 0
2003	 0.8		0	 0
2004	 0.75		3	 0
2005	 0.8		1	 0
2006	 0.82		0	 0
2007	 0.78		3	 0
2008	 0.79		2	 0
2009	 0.81		0	 0
2010	 0.77		3	 0
2011	 0.78		2	 0
2012	 0.78		2	 0
2013	 0.76		4	 0
2014	 0.75		4	 0
2015	 0.8		1	 0
2016	 0.78		4	 0
2017	 0.76		3	 0

TOTAL Day Violations:   33.0
TOTAL Batt Violations:  0.0

MODEL :  M5
SEED  :  5
HOST  :  75471690b8bf
DEVICE:  cpu
Train time: 1:12:25.270718

YEAR	AVG_RWD		VIOLATIONS
				DAY	BATT
2000	 0.87		0	 0
2001	 0.9		0	 0
2002	 0.82		2	 0
2003	 0.85		1	 0
2004	 0.81		3	 0
2005	 0.89		0	 0
2006	 0.87		0	 0
2007	 0.86		2	 1
2008	 0.88		1	 0
2009	 0.88		0	 0
2010	 0.82		3	 0
2011	 0.84		5	 0
2012	 0.84		2	 0
2013	 0.83		4	 0
2014	 0.8		5	 0
2015	 0.86		2	 0
2016	 0.85		3	 0
2017	 0.84		3	 0

TOTAL Day Violations:   36.0
TOTAL Batt Violations:  1.0

MODEL :  M5
SEED  :  6
HOST  :  75471690b8bf
DEVICE:  cpu
Train time: 1:11:46.596512

YEAR	AVG_RWD		VIOLATIONS
				DAY	BATT
2000	 0.95		0	 0
2001	 0.96		0	 0
2002	 0.9		1	 0
2003	 0.93		0	 0
2004	 0.91		1	 0
2005	 0.95		0	 0
2006	 0.95		0	 0
2007	 0.94		1	 0
2008	 0.95		0	 0
2009	 0.95		0	 0
2010	 0.93		1	 0
2011	 0.95		0	 0
2012	 0.93		0	 0
2013	 0.93		1	 0
2014	 0.91		2	 0
2015	 0.93		0	 0
2016	 0.93		2	 0
2017	 0.93		0	 0

TOTAL Day Violations:   9.0
TOTAL Batt Violations:  0.0

MODEL :  M5
SEED  :  7
HOST  :  75471690b8bf
DEVICE:  cpu
Train time: 1:05:06.398161

YEAR	AVG_RWD		VIOLATIONS
				DAY	BATT
2000	 0.93		0	 0
2001	 0.94		0	 0
2002	 0.87		1	 0
2003	 0.91		2	 0
2004	 0.85		3	 0
2005	 0.95		1	 0
2006	 0.94		0	 0
2007	 0.9		2	 0
2008	 0.92		1	 0
2009	 0.93		0	 0
2010	 0.89		2	 0
2011	 0.92		2	 0
2012	 0.87		1	 0
2013	 0.88		2	 0
2014	 0.86		3	 0
2015	 0.89		1	 0
2016	 0.9		4	 0
2017	 0.89		2	 0

TOTAL Day Violations:   27.0
TOTAL Batt Violations:  0.0

MODEL :  M5
SEED  :  8
HOST  :  75471690b8bf
DEVICE:  cpu
Train time: 1:11:28.835238

YEAR	AVG_RWD		VIOLATIONS
				DAY	BATT
2000	 0.2		15	 13
2001	 0.16		24	 30
2002	 0.1		20	 18
2003	 0.33		5	 4
2004	 0.12		22	 27
2005	 0.36		8	 4
2006	 0.31		7	 3
2007	 0.16		21	 21
2008	 0.35		5	 0
2009	 0.28		11	 12
2010	 0.11		26	 29
2011	 0.22		20	 33
2012	 0.15		19	 19
2013	 0.06		31	 51
2014	 -0.02		34	 51
2015	 0.07		26	 35
2016	 0.23		17	 26
2017	 0.12		30	 47

TOTAL Day Violations:   341.0
TOTAL Batt Violations:  423.0

MODEL :  M5
SEED  :  9
HOST  :  75471690b8bf
DEVICE:  cpu
Train time: 1:02:40.266127

YEAR	AVG_RWD		VIOLATIONS
				DAY	BATT
2000	 0.79		0	 0
2001	 0.8		0	 0
2002	 0.76		1	 0
2003	 0.78		1	 0
2004	 0.72		2	 0
2005	 0.78		0	 0
2006	 0.79		0	 0
2007	 0.76		3	 1
2008	 0.75		2	 0
2009	 0.78		0	 0
2010	 0.74		3	 0
2011	 0.73		5	 0
2012	 0.75		2	 1
2013	 0.72		5	 0
2014	 0.72		5	 0
2015	 0.76		1	 0
2016	 0.74		3	 0
2017	 0.71		4	 0

TOTAL Day Violations:   37.0
TOTAL Batt Violations:  2.0
