
MODEL :  N1
SEED  :  0
HOST  :  75471690b8bf
DEVICE:  cpu
Train time: 1:25:06.388021

YEAR	AVG_RWD		VIOLATIONS
				DAY	BATT
2000	 0.87		0	 0
2001	 0.89		0	 0
2002	 0.84		1	 0
2003	 0.9		1	 0
2004	 0.8		2	 0
2005	 0.9		0	 0
2006	 0.92		0	 0
2007	 0.85		2	 0
2008	 0.89		1	 0
2009	 0.88		0	 0
2010	 0.83		2	 0
2011	 0.87		1	 0
2012	 0.83		1	 0
2013	 0.82		3	 0
2014	 0.79		3	 0
2015	 0.82		3	 0
2016	 0.86		4	 0
2017	 0.84		2	 0

TOTAL Day Violations:   26.0
TOTAL Batt Violations:  0.0

MODEL :  N1
SEED  :  1
HOST  :  75471690b8bf
DEVICE:  cpu
Train time: 1:18:16.110235

YEAR	AVG_RWD		VIOLATIONS
				DAY	BATT
2000	 0.87		1	 0
2001	 0.96		0	 0
2002	 0.75		6	 10
2003	 0.81		5	 15
2004	 0.91		1	 0
2005	 0.96		0	 0
2006	 0.86		0	 0
2007	 0.9		2	 0
2008	 0.93		0	 0
2009	 0.89		0	 0
2010	 0.93		0	 0
2011	 0.94		0	 0
2012	 0.93		0	 0
2013	 0.93		0	 0
2014	 0.87		4	 0
2015	 0.9		0	 0
2016	 0.92		0	 0
2017	 0.86		4	 10

TOTAL Day Violations:   23.0
TOTAL Batt Violations:  35.0

MODEL :  N1
SEED  :  2
HOST  :  75471690b8bf
DEVICE:  cpu
Train time: 1:26:15.330141

YEAR	AVG_RWD		VIOLATIONS
				DAY	BATT
2000	 0.89		0	 0
2001	 0.92		0	 0
2002	 0.84		0	 0
2003	 0.83		2	 0
2004	 0.86		1	 0
2005	 0.92		0	 0
2006	 0.87		0	 0
2007	 0.86		2	 0
2008	 0.89		0	 0
2009	 0.89		0	 0
2010	 0.87		1	 0
2011	 0.93		0	 0
2012	 0.86		2	 0
2013	 0.87		1	 0
2014	 0.86		1	 0
2015	 0.86		0	 0
2016	 0.86		3	 0
2017	 0.89		0	 0

TOTAL Day Violations:   13.0
TOTAL Batt Violations:  0.0

MODEL :  N1
SEED  :  3
HOST  :  75471690b8bf
DEVICE:  cpu
Train time: 1:26:42.673240

YEAR	AVG_RWD		VIOLATIONS
				DAY	BATT
2000	 0.79		0	 0
2001	 0.82		0	 0
2002	 0.76		0	 0
2003	 0.77		1	 0
2004	 0.76		0	 0
2005	 0.78		0	 0
2006	 0.81		0	 0
2007	 0.78		0	 0
2008	 0.79		0	 0
2009	 0.8		0	 0
2010	 0.78		0	 0
2011	 0.79		0	 0
2012	 0.76		0	 0
2013	 0.76		0	 0
2014	 0.77		0	 0
2015	 0.77		0	 0
2016	 0.81		0	 0
2017	 0.77		0	 0

TOTAL Day Violations:   1.0
TOTAL Batt Violations:  0.0

MODEL :  N1
SEED  :  4
HOST  :  75471690b8bf
DEVICE:  cpu
Train time: 1:25:21.658465

YEAR	AVG_RWD		VIOLATIONS
				DAY	BATT
2000	 0.95		0	 0
2001	 0.95		0	 0
2002	 0.91		1	 0
2003	 0.93		1	 0
2004	 0.86		5	 0
2005	 0.93		1	 0
2006	 0.95		0	 0
2007	 0.91		3	 0
2008	 0.91		2	 0
2009	 0.94		0	 0
2010	 0.89		3	 0
2011	 0.89		5	 0
2012	 0.89		2	 0
2013	 0.88		4	 0
2014	 0.89		4	 0
2015	 0.92		2	 0
2016	 0.91		5	 0
2017	 0.88		4	 0

TOTAL Day Violations:   42.0
TOTAL Batt Violations:  0.0

MODEL :  N1
SEED  :  5
HOST  :  75471690b8bf
DEVICE:  cpu
Train time: 1:25:08.705623

YEAR	AVG_RWD		VIOLATIONS
				DAY	BATT
2000	 0.98		0	 0
2001	 1.01		0	 0
2002	 0.93		1	 0
2003	 0.97		1	 0
2004	 0.95		1	 0
2005	 1.01		0	 0
2006	 0.97		0	 0
2007	 0.98		1	 0
2008	 0.98		0	 0
2009	 0.99		0	 0
2010	 0.96		1	 0
2011	 1.0		1	 0
2012	 0.97		0	 0
2013	 0.94		4	 0
2014	 0.95		1	 0
2015	 0.95		1	 0
2016	 0.99		1	 0
2017	 0.97		1	 0

TOTAL Day Violations:   14.0
TOTAL Batt Violations:  0.0

MODEL :  N1
SEED  :  6
HOST  :  75471690b8bf
DEVICE:  cpu
Train time: 1:17:28.552022

YEAR	AVG_RWD		VIOLATIONS
				DAY	BATT
2000	 0.93		0	 0
2001	 0.93		0	 0
2002	 0.86		1	 0
2003	 0.94		1	 0
2004	 0.86		2	 0
2005	 0.97		0	 0
2006	 0.96		0	 0
2007	 0.92		1	 0
2008	 0.95		0	 0
2009	 0.94		0	 0
2010	 0.88		2	 0
2011	 0.92		1	 0
2012	 0.87		2	 0
2013	 0.84		8	 0
2014	 0.85		3	 0
2015	 0.86		1	 0
2016	 0.9		4	 0
2017	 0.88		3	 0

TOTAL Day Violations:   29.0
TOTAL Batt Violations:  0.0

MODEL :  N1
SEED  :  7
HOST  :  75471690b8bf
DEVICE:  cpu
Train time: 1:18:21.562663

YEAR	AVG_RWD		VIOLATIONS
				DAY	BATT
2000	 0.72		1	 0
2001	 0.71		2	 0
2002	 0.69		1	 0
2003	 0.74		1	 0
2004	 0.61		7	 1
2005	 0.71		1	 0
2006	 0.77		0	 0
2007	 0.67		5	 1
2008	 0.71		2	 0
2009	 0.73		0	 0
2010	 0.64		6	 0
2011	 0.64		5	 0
2012	 0.63		5	 1
2013	 0.6		9	 0
2014	 0.64		4	 0
2015	 0.68		3	 0
2016	 0.66		7	 1
2017	 0.63		5	 0

TOTAL Day Violations:   64.0
TOTAL Batt Violations:  4.0

MODEL :  N1
SEED  :  8
HOST  :  75471690b8bf
DEVICE:  cpu
Train time: 1:26:35.161846

YEAR	AVG_RWD		VIOLATIONS
				DAY	BATT
2000	 0.85		0	 0
2001	 0.85		0	 0
2002	 0.79		0	 0
2003	 0.86		0	 0
2004	 0.78		1	 0
2005	 0.84		0	 0
2006	 0.87		0	 0
2007	 0.82		1	 0
2008	 0.85		0	 0
2009	 0.85		0	 0
2010	 0.81		0	 0
2011	 0.83		0	 0
2012	 0.8		0	 0
2013	 0.8		0	 0
2014	 0.8		0	 0
2015	 0.82		0	 0
2016	 0.83		2	 0
2017	 0.82		0	 0

TOTAL Day Violations:   4.0
TOTAL Batt Violations:  0.0

MODEL :  N1
SEED  :  9
HOST  :  75471690b8bf
DEVICE:  cpu
Train time: 1:25:44.438676

YEAR	AVG_RWD		VIOLATIONS
				DAY	BATT
2000	 0.87		0	 0
2001	 0.88		0	 0
2002	 0.83		1	 0
2003	 0.89		0	 0
2004	 0.8		1	 0
2005	 0.88		1	 0
2006	 0.9		0	 0
2007	 0.83		4	 0
2008	 0.85		2	 0
2009	 0.87		0	 0
2010	 0.81		2	 0
2011	 0.85		1	 0
2012	 0.8		2	 0
2013	 0.8		3	 0
2014	 0.78		3	 0
2015	 0.82		1	 0
2016	 0.82		5	 0
2017	 0.84		1	 0

TOTAL Day Violations:   27.0
TOTAL Batt Violations:  0.0
