
MODEL :  N2
SEED  :  0
HOST  :  75471690b8bf
DEVICE:  cpu
Train time: 1:14:15.911465

YEAR	AVG_RWD		VIOLATIONS
				DAY	BATT
2000	 0.79		0	 0
2001	 0.86		0	 0
2002	 0.76		1	 0
2003	 0.79		2	 0
2004	 0.81		0	 0
2005	 0.83		0	 0
2006	 0.77		0	 0
2007	 0.81		2	 0
2008	 0.84		0	 0
2009	 0.82		0	 0
2010	 0.81		0	 0
2011	 0.84		1	 0
2012	 0.81		0	 0
2013	 0.82		1	 0
2014	 0.8		0	 0
2015	 0.79		0	 0
2016	 0.83		1	 0
2017	 0.8		2	 0

TOTAL Day Violations:   10.0
TOTAL Batt Violations:  0.0

MODEL :  N2
SEED  :  1
HOST  :  75471690b8bf
DEVICE:  cpu
Train time: 1:13:34.677984

YEAR	AVG_RWD		VIOLATIONS
				DAY	BATT
2000	 0.73		0	 0
2001	 0.82		0	 0
2002	 0.58		8	 5
2003	 0.64		6	 11
2004	 0.73		3	 1
2005	 0.82		1	 0
2006	 0.71		0	 0
2007	 0.74		2	 1
2008	 0.77		1	 0
2009	 0.73		2	 0
2010	 0.77		1	 0
2011	 0.74		4	 0
2012	 0.75		1	 0
2013	 0.77		3	 0
2014	 0.72		4	 0
2015	 0.73		1	 0
2016	 0.7		6	 0
2017	 0.75		2	 0

TOTAL Day Violations:   45.0
TOTAL Batt Violations:  18.0

MODEL :  N2
SEED  :  2
HOST  :  75471690b8bf
DEVICE:  cpu
Train time: 1:13:40.641074

YEAR	AVG_RWD		VIOLATIONS
				DAY	BATT
2000	 0.63		0	 0
2001	 0.69		0	 0
2002	 0.56		1	 0
2003	 0.56		3	 0
2004	 0.65		0	 0
2005	 0.71		0	 0
2006	 0.59		0	 0
2007	 0.63		1	 0
2008	 0.64		0	 0
2009	 0.66		0	 0
2010	 0.66		0	 0
2011	 0.7		0	 0
2012	 0.65		0	 0
2013	 0.68		0	 0
2014	 0.63		0	 0
2015	 0.62		0	 0
2016	 0.64		0	 0
2017	 0.68		1	 0

TOTAL Day Violations:   6.0
TOTAL Batt Violations:  0.0

MODEL :  N2
SEED  :  3
HOST  :  75471690b8bf
DEVICE:  cpu
Train time: 1:12:01.584867

YEAR	AVG_RWD		VIOLATIONS
				DAY	BATT
2000	 0.77		0	 0
2001	 0.78		0	 0
2002	 0.71		1	 0
2003	 0.75		1	 0
2004	 0.69		3	 0
2005	 0.73		0	 0
2006	 0.77		0	 0
2007	 0.73		2	 0
2008	 0.73		1	 0
2009	 0.76		0	 0
2010	 0.72		2	 0
2011	 0.71		5	 0
2012	 0.71		1	 0
2013	 0.7		3	 0
2014	 0.7		3	 0
2015	 0.73		1	 0
2016	 0.73		3	 0
2017	 0.72		2	 0

TOTAL Day Violations:   28.0
TOTAL Batt Violations:  0.0

MODEL :  N2
SEED  :  4
HOST  :  75471690b8bf
DEVICE:  cpu
Train time: 1:13:07.938604

YEAR	AVG_RWD		VIOLATIONS
				DAY	BATT
2000	 0.92		0	 0
2001	 0.94		0	 0
2002	 0.87		0	 0
2003	 0.91		0	 0
2004	 0.89		0	 0
2005	 0.93		0	 0
2006	 0.92		0	 0
2007	 0.92		0	 0
2008	 0.92		0	 0
2009	 0.91		0	 0
2010	 0.9		0	 0
2011	 0.93		0	 0
2012	 0.89		0	 0
2013	 0.9		0	 0
2014	 0.88		1	 0
2015	 0.9		0	 0
2016	 0.94		0	 0
2017	 0.92		0	 0

TOTAL Day Violations:   1.0
TOTAL Batt Violations:  0.0

MODEL :  N2
SEED  :  5
HOST  :  75471690b8bf
DEVICE:  cpu
Train time: 1:13:32.113199

YEAR	AVG_RWD		VIOLATIONS
				DAY	BATT
2000	 0.8		0	 0
2001	 0.82		0	 0
2002	 0.75		0	 0
2003	 0.79		1	 0
2004	 0.76		0	 0
2005	 0.8		0	 0
2006	 0.82		0	 0
2007	 0.79		0	 0
2008	 0.8		0	 0
2009	 0.81		0	 0
2010	 0.78		0	 0
2011	 0.79		0	 0
2012	 0.76		0	 0
2013	 0.76		0	 0
2014	 0.75		0	 0
2015	 0.79		0	 0
2016	 0.83		0	 0
2017	 0.77		0	 0

TOTAL Day Violations:   1.0
TOTAL Batt Violations:  0.0

MODEL :  N2
SEED  :  6
HOST  :  75471690b8bf
DEVICE:  cpu
Train time: 1:13:25.252605

YEAR	AVG_RWD		VIOLATIONS
				DAY	BATT
2000	 0.84		0	 0
2001	 0.84		0	 0
2002	 0.77		1	 0
2003	 0.8		2	 0
2004	 0.74		5	 0
2005	 0.82		1	 0
2006	 0.83		1	 0
2007	 0.79		3	 0
2008	 0.83		1	 0
2009	 0.84		0	 0
2010	 0.76		4	 0
2011	 0.78		5	 0
2012	 0.76		3	 0
2013	 0.75		5	 0
2014	 0.72		5	 0
2015	 0.78		4	 0
2016	 0.79		6	 0
2017	 0.77		4	 0

TOTAL Day Violations:   50.0
TOTAL Batt Violations:  0.0

MODEL :  N2
SEED  :  7
HOST  :  75471690b8bf
DEVICE:  cpu
Train time: 1:04:22.738248

YEAR	AVG_RWD		VIOLATIONS
				DAY	BATT
2000	 0.9		0	 0
2001	 0.91		0	 0
2002	 0.86		1	 0
2003	 0.9		1	 0
2004	 0.81		5	 0
2005	 0.91		0	 0
2006	 0.94		0	 0
2007	 0.87		4	 0
2008	 0.9		1	 0
2009	 0.91		1	 0
2010	 0.83		5	 0
2011	 0.85		5	 0
2012	 0.83		4	 0
2013	 0.81		6	 0
2014	 0.81		5	 0
2015	 0.87		2	 0
2016	 0.87		6	 0
2017	 0.84		3	 0

TOTAL Day Violations:   49.0
TOTAL Batt Violations:  0.0

MODEL :  N2
SEED  :  8
HOST  :  75471690b8bf
DEVICE:  cpu
Train time: 1:13:37.915916

YEAR	AVG_RWD		VIOLATIONS
				DAY	BATT
2000	 0.79		0	 0
2001	 0.81		0	 0
2002	 0.74		1	 0
2003	 0.8		1	 0
2004	 0.73		1	 0
2005	 0.82		0	 0
2006	 0.82		0	 0
2007	 0.76		2	 0
2008	 0.8		0	 0
2009	 0.81		0	 0
2010	 0.76		0	 0
2011	 0.79		0	 0
2012	 0.73		1	 0
2013	 0.72		2	 0
2014	 0.71		2	 0
2015	 0.75		0	 0
2016	 0.78		2	 0
2017	 0.77		0	 0

TOTAL Day Violations:   12.0
TOTAL Batt Violations:  0.0

MODEL :  N2
SEED  :  9
HOST  :  75471690b8bf
DEVICE:  cpu
Train time: 1:12:44.040401

YEAR	AVG_RWD		VIOLATIONS
				DAY	BATT
2000	 0.97		0	 0
2001	 1.0		0	 0
2002	 0.94		0	 0
2003	 0.97		0	 0
2004	 0.95		1	 0
2005	 0.99		0	 0
2006	 0.96		0	 0
2007	 0.96		2	 0
2008	 0.97		0	 0
2009	 0.98		0	 0
2010	 0.95		1	 0
2011	 0.97		1	 0
2012	 0.95		0	 0
2013	 0.97		0	 0
2014	 0.94		1	 0
2015	 0.94		1	 0
2016	 0.96		2	 0
2017	 0.97		0	 0

TOTAL Day Violations:   9.0
TOTAL Batt Violations:  0.0
