
MODEL :  N3
SEED  :  0
HOST  :  75471690b8bf
DEVICE:  cpu
Train time: 1:01:25.652066

YEAR	AVG_RWD		VIOLATIONS
				DAY	BATT
2000	 0.87		0	 0
2001	 0.87		0	 0
2002	 0.82		0	 0
2003	 0.88		0	 0
2004	 0.83		0	 0
2005	 0.87		0	 0
2006	 0.88		0	 0
2007	 0.85		0	 0
2008	 0.87		0	 0
2009	 0.87		0	 0
2010	 0.84		0	 0
2011	 0.85		0	 0
2012	 0.83		0	 0
2013	 0.83		0	 0
2014	 0.82		0	 0
2015	 0.84		0	 0
2016	 0.88		0	 0
2017	 0.84		0	 0

TOTAL Day Violations:   0.0
TOTAL Batt Violations:  0.0

MODEL :  N3
SEED  :  1
HOST  :  75471690b8bf
DEVICE:  cpu
Train time: 1:01:49.846444

YEAR	AVG_RWD		VIOLATIONS
				DAY	BATT
2000	 0.91		0	 0
2001	 0.95		0	 0
2002	 0.79		5	 12
2003	 0.85		3	 3
2004	 0.87		2	 0
2005	 0.93		0	 0
2006	 0.91		0	 0
2007	 0.93		0	 0
2008	 0.92		0	 0
2009	 0.92		0	 0
2010	 0.9		0	 0
2011	 0.93		0	 0
2012	 0.9		0	 0
2013	 0.92		0	 0
2014	 0.8		5	 0
2015	 0.92		0	 0
2016	 0.93		0	 0
2017	 0.83		4	 27

TOTAL Day Violations:   19.0
TOTAL Batt Violations:  42.0

MODEL :  N3
SEED  :  2
HOST  :  75471690b8bf
DEVICE:  cpu
Train time: 1:01:54.740517

YEAR	AVG_RWD		VIOLATIONS
				DAY	BATT
2000	 0.91		0	 0
2001	 0.92		0	 0
2002	 0.86		0	 0
2003	 0.88		1	 0
2004	 0.87		0	 0
2005	 0.9		0	 0
2006	 0.9		0	 0
2007	 0.9		0	 0
2008	 0.88		0	 0
2009	 0.91		0	 0
2010	 0.89		0	 0
2011	 0.9		0	 0
2012	 0.87		0	 0
2013	 0.89		0	 0
2014	 0.87		0	 0
2015	 0.89		0	 0
2016	 0.9		0	 0
2017	 0.9		0	 0

TOTAL Day Violations:   1.0
TOTAL Batt Violations:  0.0

MODEL :  N3
SEED  :  3
HOST  :  75471690b8bf
DEVICE:  cpu
Train time: 1:01:28.021107

YEAR	AVG_RWD		VIOLATIONS
				DAY	BATT
2000	 0.7		0	 0
2001	 0.72		0	 0
2002	 0.63		1	 0
2003	 0.66		2	 0
2004	 0.62		5	 2
2005	 0.66		1	 0
2006	 0.69		0	 0
2007	 0.66		3	 2
2008	 0.65		2	 1
2009	 0.69		0	 0
2010	 0.66		1	 0
2011	 0.64		4	 0
2012	 0.65		2	 2
2013	 0.68		1	 0
2014	 0.64		3	 2
2015	 0.67		1	 0
2016	 0.65		5	 3
2017	 0.65		2	 0

TOTAL Day Violations:   33.0
TOTAL Batt Violations:  12.0

MODEL :  N3
SEED  :  4
HOST  :  75471690b8bf
DEVICE:  cpu
Train time: 1:01:47.652932

YEAR	AVG_RWD		VIOLATIONS
				DAY	BATT
2000	 0.93		0	 0
2001	 0.97		0	 0
2002	 0.89		0	 0
2003	 0.93		0	 0
2004	 0.92		0	 0
2005	 0.96		0	 0
2006	 0.94		0	 0
2007	 0.94		0	 0
2008	 0.95		0	 0
2009	 0.94		0	 0
2010	 0.93		0	 0
2011	 0.97		0	 0
2012	 0.92		0	 0
2013	 0.95		0	 0
2014	 0.91		0	 0
2015	 0.92		0	 0
2016	 0.95		0	 0
2017	 0.94		0	 0

TOTAL Day Violations:   0.0
TOTAL Batt Violations:  0.0

MODEL :  N3
SEED  :  5
HOST  :  75471690b8bf
DEVICE:  cpu
Train time: 1:02:02.768842

YEAR	AVG_RWD		VIOLATIONS
				DAY	BATT
2000	 0.97		0	 0
2001	 0.99		0	 0
2002	 0.93		0	 0
2003	 0.95		1	 0
2004	 0.93		1	 0
2005	 0.98		0	 0
2006	 0.97		0	 0
2007	 0.96		1	 0
2008	 0.97		0	 0
2009	 0.97		0	 0
2010	 0.95		1	 0
2011	 0.99		0	 0
2012	 0.95		0	 0
2013	 0.97		0	 0
2014	 0.94		1	 0
2015	 0.96		0	 0
2016	 0.97		1	 0
2017	 0.97		0	 0

TOTAL Day Violations:   6.0
TOTAL Batt Violations:  0.0

MODEL :  N3
SEED  :  6
HOST  :  75471690b8bf
DEVICE:  cpu
Train time: 1:02:14.953347

YEAR	AVG_RWD		VIOLATIONS
				DAY	BATT
2000	 0.82		0	 0
2001	 0.83		0	 0
2002	 0.75		3	 0
2003	 0.82		2	 0
2004	 0.75		4	 1
2005	 0.84		1	 0
2006	 0.84		0	 0
2007	 0.78		3	 1
2008	 0.83		2	 0
2009	 0.82		0	 0
2010	 0.75		4	 0
2011	 0.76		6	 0
2012	 0.76		3	 0
2013	 0.73		6	 0
2014	 0.73		5	 0
2015	 0.76		3	 0
2016	 0.78		5	 0
2017	 0.75		5	 0

TOTAL Day Violations:   52.0
TOTAL Batt Violations:  2.0

MODEL :  N3
SEED  :  7
HOST  :  75471690b8bf
DEVICE:  cpu
Train time: 1:01:35.208849

YEAR	AVG_RWD		VIOLATIONS
				DAY	BATT
2000	 0.92		0	 0
2001	 0.94		0	 0
2002	 0.89		0	 0
2003	 0.91		1	 0
2004	 0.89		1	 0
2005	 0.94		0	 0
2006	 0.94		0	 0
2007	 0.93		0	 0
2008	 0.94		0	 0
2009	 0.92		0	 0
2010	 0.91		0	 0
2011	 0.93		0	 0
2012	 0.91		0	 0
2013	 0.92		0	 0
2014	 0.88		0	 0
2015	 0.91		0	 0
2016	 0.94		0	 0
2017	 0.9		0	 0

TOTAL Day Violations:   2.0
TOTAL Batt Violations:  0.0

MODEL :  N3
SEED  :  8
HOST  :  75471690b8bf
DEVICE:  cpu
Train time: 1:02:00.444526

YEAR	AVG_RWD		VIOLATIONS
				DAY	BATT
2000	 0.88		0	 0
2001	 0.9		0	 0
2002	 0.84		0	 0
2003	 0.88		0	 0
2004	 0.85		0	 0
2005	 0.9		0	 0
2006	 0.88		0	 0
2007	 0.88		0	 0
2008	 0.88		0	 0
2009	 0.88		0	 0
2010	 0.86		0	 0
2011	 0.88		0	 0
2012	 0.86		0	 0
2013	 0.87		0	 0
2014	 0.85		0	 0
2015	 0.87		0	 0
2016	 0.88		0	 0
2017	 0.87		0	 0

TOTAL Day Violations:   0.0
TOTAL Batt Violations:  0.0

MODEL :  N3
SEED  :  9
HOST  :  75471690b8bf
DEVICE:  cpu
Train time: 1:01:41.959634

YEAR	AVG_RWD		VIOLATIONS
				DAY	BATT
2000	 0.71		0	 0
2001	 0.76		0	 0
2002	 0.67		1	 0
2003	 0.73		2	 0
2004	 0.65		4	 0
2005	 0.79		1	 0
2006	 0.76		0	 0
2007	 0.71		1	 0
2008	 0.75		1	 0
2009	 0.75		0	 0
2010	 0.69		2	 0
2011	 0.74		0	 0
2012	 0.68		1	 0
2013	 0.66		4	 0
2014	 0.64		2	 0
2015	 0.69		0	 0
2016	 0.73		3	 0
2017	 0.72		2	 0

TOTAL Day Violations:   24.0
TOTAL Batt Violations:  0.0
