
MODEL :  N4
SEED  :  0
HOST  :  75471690b8bf
DEVICE:  cpu
Train time: 0:46:24.324823

YEAR	AVG_RWD		VIOLATIONS
				DAY	BATT
2000	 0.8		0	 0
2001	 0.8		2	 0
2002	 0.72		1	 0
2003	 0.8		1	 0
2004	 0.72		3	 0
2005	 0.82		0	 0
2006	 0.82		1	 0
2007	 0.75		3	 0
2008	 0.8		0	 0
2009	 0.8		1	 0
2010	 0.71		5	 0
2011	 0.78		1	 0
2012	 0.71		4	 0
2013	 0.68		8	 0
2014	 0.71		3	 0
2015	 0.73		3	 0
2016	 0.74		7	 0
2017	 0.75		2	 0

TOTAL Day Violations:   45.0
TOTAL Batt Violations:  0.0

MODEL :  N4
SEED  :  1
HOST  :  75471690b8bf
DEVICE:  cpu
Train time: 0:40:59.076659

YEAR	AVG_RWD		VIOLATIONS
				DAY	BATT
2000	 0.75		0	 0
2001	 0.79		0	 0
2002	 0.63		3	 9
2003	 0.7		2	 14
2004	 0.71		1	 0
2005	 0.74		0	 0
2006	 0.73		1	 0
2007	 0.73		0	 0
2008	 0.74		0	 0
2009	 0.74		0	 0
2010	 0.71		0	 0
2011	 0.74		1	 0
2012	 0.71		0	 0
2013	 0.71		0	 0
2014	 0.69		2	 0
2015	 0.73		0	 0
2016	 0.76		1	 0
2017	 0.69		2	 0

TOTAL Day Violations:   13.0
TOTAL Batt Violations:  23.0

MODEL :  N4
SEED  :  2
HOST  :  75471690b8bf
DEVICE:  cpu
Train time: 0:46:42.472480

YEAR	AVG_RWD		VIOLATIONS
				DAY	BATT
2000	 0.84		0	 0
2001	 0.87		0	 0
2002	 0.79		1	 0
2003	 0.79		3	 0
2004	 0.79		4	 0
2005	 0.83		0	 0
2006	 0.83		0	 0
2007	 0.82		2	 1
2008	 0.82		1	 0
2009	 0.86		0	 0
2010	 0.83		1	 0
2011	 0.84		2	 0
2012	 0.82		1	 0
2013	 0.82		2	 0
2014	 0.79		3	 0
2015	 0.83		1	 0
2016	 0.83		4	 0
2017	 0.83		2	 0

TOTAL Day Violations:   27.0
TOTAL Batt Violations:  1.0

MODEL :  N4
SEED  :  3
HOST  :  75471690b8bf
DEVICE:  cpu
Train time: 0:46:08.998647

YEAR	AVG_RWD		VIOLATIONS
				DAY	BATT
2000	 0.9		0	 0
2001	 0.92		0	 0
2002	 0.82		1	 0
2003	 0.83		2	 0
2004	 0.87		0	 0
2005	 0.92		0	 0
2006	 0.85		0	 0
2007	 0.87		1	 0
2008	 0.9		0	 0
2009	 0.9		0	 0
2010	 0.86		0	 0
2011	 0.92		0	 0
2012	 0.86		1	 0
2013	 0.88		1	 0
2014	 0.85		1	 0
2015	 0.85		0	 0
2016	 0.87		2	 0
2017	 0.9		0	 0

TOTAL Day Violations:   9.0
TOTAL Batt Violations:  0.0

MODEL :  N4
SEED  :  4
HOST  :  75471690b8bf
DEVICE:  cpu
Train time: 0:46:01.298819

YEAR	AVG_RWD		VIOLATIONS
				DAY	BATT
2000	 0.8		0	 0
2001	 0.87		0	 0
2002	 0.79		0	 0
2003	 0.78		2	 0
2004	 0.79		2	 0
2005	 0.83		0	 0
2006	 0.77		0	 0
2007	 0.81		2	 0
2008	 0.83		0	 0
2009	 0.86		0	 0
2010	 0.83		0	 0
2011	 0.84		0	 0
2012	 0.82		1	 0
2013	 0.82		1	 0
2014	 0.79		2	 0
2015	 0.81		0	 0
2016	 0.84		3	 0
2017	 0.82		1	 0

TOTAL Day Violations:   14.0
TOTAL Batt Violations:  0.0

MODEL :  N4
SEED  :  5
HOST  :  75471690b8bf
DEVICE:  cpu
Train time: 0:47:16.380303

YEAR	AVG_RWD		VIOLATIONS
				DAY	BATT
2000	 0.85		0	 0
2001	 0.85		1	 0
2002	 0.8		1	 0
2003	 0.87		0	 0
2004	 0.79		1	 0
2005	 0.87		0	 0
2006	 0.89		0	 0
2007	 0.84		1	 0
2008	 0.87		0	 0
2009	 0.85		0	 0
2010	 0.82		0	 0
2011	 0.84		0	 0
2012	 0.81		0	 0
2013	 0.8		1	 0
2014	 0.79		1	 0
2015	 0.82		0	 0
2016	 0.85		1	 0
2017	 0.82		0	 0

TOTAL Day Violations:   7.0
TOTAL Batt Violations:  0.0

MODEL :  N4
SEED  :  6
HOST  :  75471690b8bf
DEVICE:  cpu
Train time: 0:47:24.817451

YEAR	AVG_RWD		VIOLATIONS
				DAY	BATT
2000	 0.99		0	 0
2001	 0.99		0	 0
2002	 0.95		0	 0
2003	 0.98		0	 0
2004	 0.95		0	 0
2005	 0.99		0	 0
2006	 1.0		0	 0
2007	 0.99		0	 0
2008	 0.99		0	 0
2009	 0.98		0	 0
2010	 0.97		0	 0
2011	 0.99		0	 0
2012	 0.95		0	 0
2013	 0.97		0	 0
2014	 0.95		0	 0
2015	 0.98		0	 0
2016	 0.99		0	 0
2017	 0.97		0	 0

TOTAL Day Violations:   0.0
TOTAL Batt Violations:  0.0

MODEL :  N4
SEED  :  7
HOST  :  75471690b8bf
DEVICE:  cpu
Train time: 0:40:47.954856

YEAR	AVG_RWD		VIOLATIONS
				DAY	BATT
2000	 0.91		0	 0
2001	 0.93		0	 0
2002	 0.87		0	 0
2003	 0.93		0	 0
2004	 0.87		1	 0
2005	 0.96		0	 0
2006	 0.94		0	 0
2007	 0.92		0	 0
2008	 0.94		0	 0
2009	 0.91		0	 0
2010	 0.89		0	 0
2011	 0.93		1	 0
2012	 0.9		0	 0
2013	 0.88		1	 0
2014	 0.86		1	 0
2015	 0.87		1	 0
2016	 0.94		0	 0
2017	 0.9		1	 0

TOTAL Day Violations:   6.0
TOTAL Batt Violations:  0.0

MODEL :  N4
SEED  :  8
HOST  :  75471690b8bf
DEVICE:  cpu
Train time: 0:46:57.381951

YEAR	AVG_RWD		VIOLATIONS
				DAY	BATT
2000	 0.71		0	 0
2001	 0.75		0	 0
2002	 0.66		0	 0
2003	 0.7		2	 0
2004	 0.68		0	 0
2005	 0.77		0	 0
2006	 0.73		0	 0
2007	 0.69		2	 0
2008	 0.75		0	 0
2009	 0.73		0	 0
2010	 0.69		0	 0
2011	 0.73		0	 0
2012	 0.68		0	 0
2013	 0.66		0	 0
2014	 0.68		0	 0
2015	 0.68		0	 0
2016	 0.74		0	 0
2017	 0.7		0	 0

TOTAL Day Violations:   4.0
TOTAL Batt Violations:  0.0

MODEL :  N4
SEED  :  9
HOST  :  75471690b8bf
DEVICE:  cpu
Train time: 0:46:17.199651

YEAR	AVG_RWD		VIOLATIONS
				DAY	BATT
2000	 0.33		21	 4
2001	 0.29		30	 3
2002	 0.27		23	 8
2003	 0.48		8	 4
2004	 0.17		31	 17
2005	 0.42		13	 3
2006	 0.49		12	 2
2007	 0.23		31	 12
2008	 0.42		14	 6
2009	 0.38		19	 6
2010	 0.18		33	 18
2011	 0.23		29	 17
2012	 0.16		31	 14
2013	 0.13		33	 30
2014	 0.04		44	 27
2015	 0.2		32	 16
2016	 0.3		28	 24
2017	 0.19		34	 27

TOTAL Day Violations:   466.0
TOTAL Batt Violations:  238.0
