
MODEL :  N5
SEED  :  0
HOST  :  75471690b8bf
DEVICE:  cpu
Train time: 0:47:16.863944

YEAR	AVG_RWD		VIOLATIONS
				DAY	BATT
2000	 0.86		0	 0
2001	 0.87		0	 0
2002	 0.82		0	 0
2003	 0.84		1	 0
2004	 0.81		0	 0
2005	 0.86		0	 0
2006	 0.88		0	 0
2007	 0.86		0	 0
2008	 0.86		0	 0
2009	 0.86		0	 0
2010	 0.83		0	 0
2011	 0.84		0	 0
2012	 0.8		0	 0
2013	 0.81		0	 0
2014	 0.81		0	 0
2015	 0.84		0	 0
2016	 0.88		0	 0
2017	 0.83		0	 0

TOTAL Day Violations:   1.0
TOTAL Batt Violations:  0.0

MODEL :  N5
SEED  :  1
HOST  :  75471690b8bf
DEVICE:  cpu
Train time: 0:47:41.523171

YEAR	AVG_RWD		VIOLATIONS
				DAY	BATT
2000	 0.82		2	 0
2001	 0.92		0	 0
2002	 0.68		7	 8
2003	 0.75		6	 21
2004	 0.79		4	 0
2005	 0.93		0	 0
2006	 0.78		4	 0
2007	 0.85		0	 0
2008	 0.88		0	 0
2009	 0.85		1	 0
2010	 0.81		3	 0
2011	 0.92		0	 0
2012	 0.83		2	 0
2013	 0.89		0	 0
2014	 0.77		5	 0
2015	 0.82		1	 0
2016	 0.83		3	 0
2017	 0.78		6	 20

TOTAL Day Violations:   44.0
TOTAL Batt Violations:  49.0

MODEL :  N5
SEED  :  2
HOST  :  75471690b8bf
DEVICE:  cpu
Train time: 0:47:24.557657

YEAR	AVG_RWD		VIOLATIONS
				DAY	BATT
2000	 0.89		0	 0
2001	 0.93		0	 0
2002	 0.84		1	 0
2003	 0.85		3	 0
2004	 0.85		3	 2
2005	 0.91		0	 0
2006	 0.88		0	 0
2007	 0.87		2	 0
2008	 0.89		1	 0
2009	 0.89		0	 0
2010	 0.87		2	 0
2011	 0.91		1	 0
2012	 0.87		1	 0
2013	 0.88		1	 0
2014	 0.85		2	 0
2015	 0.88		1	 0
2016	 0.87		4	 0
2017	 0.88		1	 0

TOTAL Day Violations:   23.0
TOTAL Batt Violations:  2.0

MODEL :  N5
SEED  :  3
HOST  :  75471690b8bf
DEVICE:  cpu
Train time: 0:46:35.118773

YEAR	AVG_RWD		VIOLATIONS
				DAY	BATT
2000	 0.91		0	 0
2001	 0.93		0	 0
2002	 0.87		0	 0
2003	 0.89		0	 0
2004	 0.87		0	 0
2005	 0.89		0	 0
2006	 0.91		0	 0
2007	 0.91		0	 0
2008	 0.9		0	 0
2009	 0.91		0	 0
2010	 0.89		0	 0
2011	 0.9		0	 0
2012	 0.88		0	 0
2013	 0.89		0	 0
2014	 0.89		0	 0
2015	 0.9		0	 0
2016	 0.91		0	 0
2017	 0.89		0	 0

TOTAL Day Violations:   0.0
TOTAL Batt Violations:  0.0

MODEL :  N5
SEED  :  4
HOST  :  75471690b8bf
DEVICE:  cpu
Train time: 0:46:46.418623

YEAR	AVG_RWD		VIOLATIONS
				DAY	BATT
2000	 0.82		0	 0
2001	 0.81		1	 0
2002	 0.78		1	 1
2003	 0.82		1	 0
2004	 0.72		7	 0
2005	 0.8		1	 0
2006	 0.83		2	 0
2007	 0.76		6	 2
2008	 0.8		2	 0
2009	 0.8		2	 0
2010	 0.73		7	 0
2011	 0.74		6	 0
2012	 0.75		4	 1
2013	 0.73		7	 1
2014	 0.73		7	 0
2015	 0.77		4	 0
2016	 0.75		8	 4
2017	 0.72		8	 0

TOTAL Day Violations:   74.0
TOTAL Batt Violations:  9.0

MODEL :  N5
SEED  :  5
HOST  :  75471690b8bf
DEVICE:  cpu
Train time: 0:46:49.372315

YEAR	AVG_RWD		VIOLATIONS
				DAY	BATT
2000	 0.96		0	 0
2001	 0.98		0	 0
2002	 0.92		0	 0
2003	 0.94		0	 0
2004	 0.93		1	 0
2005	 0.97		0	 0
2006	 0.96		0	 0
2007	 0.96		0	 0
2008	 0.95		0	 0
2009	 0.96		0	 0
2010	 0.95		0	 0
2011	 0.98		0	 0
2012	 0.95		0	 0
2013	 0.97		0	 0
2014	 0.94		1	 0
2015	 0.95		0	 0
2016	 0.97		0	 0
2017	 0.97		0	 0

TOTAL Day Violations:   2.0
TOTAL Batt Violations:  0.0

MODEL :  N5
SEED  :  6
HOST  :  75471690b8bf
DEVICE:  cpu
Train time: 0:46:59.156785

YEAR	AVG_RWD		VIOLATIONS
				DAY	BATT
2000	 0.95		0	 0
2001	 0.95		0	 0
2002	 0.9		1	 0
2003	 0.94		1	 0
2004	 0.89		1	 0
2005	 0.95		0	 0
2006	 0.95		0	 0
2007	 0.92		2	 0
2008	 0.92		2	 0
2009	 0.94		0	 0
2010	 0.91		2	 0
2011	 0.92		1	 0
2012	 0.88		2	 0
2013	 0.88		4	 0
2014	 0.89		2	 0
2015	 0.93		0	 0
2016	 0.92		3	 0
2017	 0.91		1	 0

TOTAL Day Violations:   22.0
TOTAL Batt Violations:  0.0

MODEL :  N5
SEED  :  7
HOST  :  75471690b8bf
DEVICE:  cpu
Train time: 0:40:49.156283

YEAR	AVG_RWD		VIOLATIONS
				DAY	BATT
2000	 0.93		0	 0
2001	 0.95		1	 0
2002	 0.88		1	 0
2003	 0.93		1	 0
2004	 0.89		3	 0
2005	 0.97		0	 0
2006	 0.93		0	 0
2007	 0.94		1	 0
2008	 0.96		0	 0
2009	 0.94		0	 0
2010	 0.89		3	 0
2011	 0.95		2	 0
2012	 0.92		0	 0
2013	 0.88		5	 0
2014	 0.87		4	 0
2015	 0.9		1	 0
2016	 0.93		2	 0
2017	 0.92		2	 0

TOTAL Day Violations:   26.0
TOTAL Batt Violations:  0.0

MODEL :  N5
SEED  :  8
HOST  :  75471690b8bf
DEVICE:  cpu
Train time: 0:46:26.455981

YEAR	AVG_RWD		VIOLATIONS
				DAY	BATT
2000	 0.74		0	 0
2001	 0.78		0	 0
2002	 0.69		1	 0
2003	 0.71		2	 0
2004	 0.71		1	 0
2005	 0.79		0	 0
2006	 0.74		0	 0
2007	 0.74		1	 0
2008	 0.78		0	 0
2009	 0.75		0	 0
2010	 0.73		0	 0
2011	 0.75		1	 0
2012	 0.73		0	 0
2013	 0.7		2	 0
2014	 0.69		2	 0
2015	 0.71		0	 0
2016	 0.76		1	 0
2017	 0.75		0	 0

TOTAL Day Violations:   11.0
TOTAL Batt Violations:  0.0

MODEL :  N5
SEED  :  9
HOST  :  75471690b8bf
DEVICE:  cpu
Train time: 0:46:52.302193

YEAR	AVG_RWD		VIOLATIONS
				DAY	BATT
2000	 0.93		0	 0
2001	 0.96		0	 0
2002	 0.9		0	 0
2003	 0.93		0	 0
2004	 0.9		0	 0
2005	 0.94		0	 0
2006	 0.95		0	 0
2007	 0.94		0	 0
2008	 0.94		0	 0
2009	 0.94		0	 0
2010	 0.93		0	 0
2011	 0.95		0	 0
2012	 0.9		0	 0
2013	 0.94		0	 0
2014	 0.91		0	 0
2015	 0.92		0	 0
2016	 0.96		0	 0
2017	 0.93		0	 0

TOTAL Day Violations:   0.0
TOTAL Batt Violations:  0.0
