

Seed ARG:  0
Device:  cpu
Train time: 0:54:01.825332
YEAR	AVG_RWD		VIOLATIONS
			DAY	BATT
2000	 0.82		0	 0
2001	 0.83		0	 0
2002	 0.76		1	 0
2003	 0.8		1	 0
2004	 0.75		1	 0
2005	 0.82		0	 0
2006	 0.84		0	 0
2007	 0.8		1	 0
2008	 0.82		0	 0
2009	 0.83		0	 0
2010	 0.79		0	 0
2011	 0.8		0	 0
2012	 0.76		0	 0
2013	 0.76		1	 0
2014	 0.74		1	 0
2015	 0.8		0	 0
2016	 0.83		1	 0
2017	 0.78		0	 0

TOTAL Day Violations:   7.0
TOTAL Batt Violations:  0.0

Run time: 0:54:31.860605


Seed ARG:  1
Device:  cpu
Train time: 0:50:50.686583
YEAR	AVG_RWD		VIOLATIONS
			DAY	BATT
2000	 0.96		0	 0
2001	 0.99		0	 0
2002	 0.86		4	 18
2003	 0.9		2	 4
2004	 0.45		24	 171
2005	 0.68		15	 102
2006	 0.97		0	 0
2007	 0.84		7	 40
2008	 0.88		5	 10
2009	 0.97		0	 0
2010	 0.53		21	 158
2011	 -0.05		51	 351
2012	 0.67		15	 98
2013	 0.59		21	 121
2014	 0.51		22	 121
2015	 0.82		8	 50
2016	 0.51		24	 147
2017	 0.84		7	 28

TOTAL Day Violations:   226.0
TOTAL Batt Violations:  1419.0

Run time: 0:51:40.349548


Seed ARG:  2
Device:  cpu
Train time: 0:54:02.082739
YEAR	AVG_RWD		VIOLATIONS
			DAY	BATT
2000	 0.98		0	 0
2001	 1.02		0	 0
2002	 0.96		0	 0
2003	 0.96		0	 0
2004	 0.93		1	 0
2005	 1.0		0	 0
2006	 0.98		0	 0
2007	 0.97		1	 0
2008	 0.97		0	 0
2009	 0.98		0	 0
2010	 0.97		0	 0
2011	 1.0		0	 0
2012	 0.97		0	 0
2013	 0.99		1	 0
2014	 0.96		0	 0
2015	 1.0		0	 0
2016	 0.99		1	 0
2017	 0.99		0	 0

TOTAL Day Violations:   4.0
TOTAL Batt Violations:  0.0

Run time: 0:54:33.275094


Seed ARG:  3
Device:  cpu
Train time: 0:54:17.589143
YEAR	AVG_RWD		VIOLATIONS
			DAY	BATT
2000	 0.7		0	 0
2001	 0.68		0	 0
2002	 0.67		1	 3
2003	 0.67		1	 2
2004	 0.6		4	 6
2005	 0.66		1	 0
2006	 0.71		0	 0
2007	 0.66		3	 3
2008	 0.66		2	 2
2009	 0.69		0	 0
2010	 0.64		3	 2
2011	 0.61		5	 6
2012	 0.65		1	 2
2013	 0.61		5	 2
2014	 0.62		4	 8
2015	 0.67		2	 2
2016	 0.62		7	 11
2017	 0.59		6	 4

TOTAL Day Violations:   45.0
TOTAL Batt Violations:  53.0

Run time: 0:54:43.378874


Seed ARG:  4
Device:  cpu
Train time: 0:53:50.516326
YEAR	AVG_RWD		VIOLATIONS
			DAY	BATT
2000	 0.81		0	 0
2001	 0.85		1	 0
2002	 0.77		1	 0
2003	 0.78		3	 0
2004	 0.77		3	 1
2005	 0.84		0	 0
2006	 0.81		0	 0
2007	 0.79		2	 1
2008	 0.83		1	 0
2009	 0.81		0	 0
2010	 0.77		3	 0
2011	 0.8		5	 0
2012	 0.78		2	 0
2013	 0.76		4	 0
2014	 0.74		5	 0
2015	 0.77		2	 0
2016	 0.78		5	 1
2017	 0.79		2	 0

TOTAL Day Violations:   39.0
TOTAL Batt Violations:  3.0

Run time: 0:54:23.905720


Seed ARG:  5
Device:  cpu
Train time: 0:53:35.112795
YEAR	AVG_RWD		VIOLATIONS
			DAY	BATT
2000	 0.66		2	 0
2001	 0.69		3	 0
2002	 0.58		5	 0
2003	 0.67		3	 0
2004	 0.62		5	 0
2005	 0.76		0	 0
2006	 0.7		0	 0
2007	 0.67		5	 0
2008	 0.71		1	 0
2009	 0.68		2	 0
2010	 0.63		7	 0
2011	 0.7		6	 0
2012	 0.65		4	 0
2013	 0.6		12	 0
2014	 0.61		6	 0
2015	 0.55		10	 0
2016	 0.66		5	 0
2017	 0.65		8	 0

TOTAL Day Violations:   84.0
TOTAL Batt Violations:  0.0

Run time: 0:54:12.858574


Seed ARG:  6
Device:  cpu
Train time: 0:54:33.086310
YEAR	AVG_RWD		VIOLATIONS
			DAY	BATT
2000	 0.78		1	 0
2001	 0.84		1	 0
2002	 0.7		3	 0
2003	 0.75		4	 0
2004	 0.78		3	 0
2005	 0.86		0	 0
2006	 0.76		1	 0
2007	 0.74		6	 0
2008	 0.82		1	 0
2009	 0.8		0	 0
2010	 0.74		6	 3
2011	 0.83		1	 0
2012	 0.76		3	 0
2013	 0.7		8	 2
2014	 0.74		5	 0
2015	 0.73		2	 2
2016	 0.74		6	 0
2017	 0.78		4	 1

TOTAL Day Violations:   55.0
TOTAL Batt Violations:  8.0

Run time: 0:54:53.944572


Seed ARG:  7
Device:  cpu
Train time: 0:50:24.323113
YEAR	AVG_RWD		VIOLATIONS
			DAY	BATT
2000	 0.88		0	 0
2001	 0.89		0	 0
2002	 0.83		0	 0
2003	 0.9		0	 0
2004	 0.83		0	 0
2005	 0.92		0	 0
2006	 0.91		0	 0
2007	 0.88		0	 0
2008	 0.92		0	 0
2009	 0.88		0	 0
2010	 0.85		0	 0
2011	 0.89		0	 0
2012	 0.83		0	 0
2013	 0.86		0	 0
2014	 0.82		0	 0
2015	 0.84		0	 0
2016	 0.88		0	 0
2017	 0.87		0	 0

TOTAL Day Violations:   0.0
TOTAL Batt Violations:  0.0

Run time: 0:51:24.302037


Seed ARG:  8
Device:  cpu
Train time: 0:50:17.208736
YEAR	AVG_RWD		VIOLATIONS
			DAY	BATT
2000	 0.85		0	 0
2001	 0.87		0	 0
2002	 0.82		0	 0
2003	 0.87		0	 0
2004	 0.79		0	 0
2005	 0.85		0	 0
2006	 0.87		0	 0
2007	 0.83		2	 0
2008	 0.85		0	 0
2009	 0.86		0	 0
2010	 0.82		0	 0
2011	 0.82		0	 0
2012	 0.8		0	 0
2013	 0.8		0	 0
2014	 0.79		0	 0
2015	 0.84		0	 0
2016	 0.86		0	 0
2017	 0.81		0	 0

TOTAL Day Violations:   2.0
TOTAL Batt Violations:  0.0

Run time: 0:51:12.642374


Seed ARG:  9
Device:  cpu
Train time: 0:54:18.522926
YEAR	AVG_RWD		VIOLATIONS
			DAY	BATT
2000	 0.81		0	 0
2001	 0.84		0	 0
2002	 0.75		1	 0
2003	 0.81		2	 0
2004	 0.72		4	 0
2005	 0.85		1	 0
2006	 0.83		0	 0
2007	 0.76		4	 0
2008	 0.81		3	 0
2009	 0.81		1	 0
2010	 0.76		2	 0
2011	 0.8		2	 0
2012	 0.72		4	 1
2013	 0.74		4	 0
2014	 0.69		6	 0
2015	 0.73		3	 0
2016	 0.77		4	 0
2017	 0.76		4	 0

TOTAL Day Violations:   45.0
TOTAL Batt Violations:  1.0

Run time: 0:54:41.662273
