

Seed ARG:  0
Device:  cpu
Train time: 0:30:04.773803
YEAR	AVG_RWD		VIOLATIONS
			DAY	BATT
2000	 0.83		0	 0
2001	 0.83		0	 0
2002	 0.78		0	 0
2003	 0.82		1	 0
2004	 0.8		0	 0
2005	 0.87		0	 0
2006	 0.81		0	 0
2007	 0.83		0	 0
2008	 0.85		0	 0
2009	 0.82		0	 0
2010	 0.8		0	 0
2011	 0.87		0	 0
2012	 0.82		0	 0
2013	 0.82		0	 0
2014	 0.79		0	 0
2015	 0.8		0	 0
2016	 0.84		0	 0
2017	 0.83		0	 0

TOTAL Day Violations:   1.0
TOTAL Batt Violations:  0.0

Run time: 0:30:36.632844


Seed ARG:  1
Device:  cpu
Train time: 0:30:17.665919
YEAR	AVG_RWD		VIOLATIONS
			DAY	BATT
2000	 0.94		0	 0
2001	 0.97		0	 0
2002	 0.89		0	 0
2003	 0.88		2	 2
2004	 0.9		1	 0
2005	 0.96		0	 0
2006	 0.89		0	 0
2007	 0.95		0	 0
2008	 0.93		0	 0
2009	 0.94		0	 0
2010	 0.91		0	 0
2011	 0.96		0	 0
2012	 0.93		0	 0
2013	 0.96		0	 0
2014	 0.9		1	 0
2015	 0.93		0	 0
2016	 0.95		0	 0
2017	 0.93		1	 0

TOTAL Day Violations:   5.0
TOTAL Batt Violations:  2.0

Run time: 0:30:49.959783


Seed ARG:  2
Device:  cpu
Train time: 0:30:20.428868
YEAR	AVG_RWD		VIOLATIONS
			DAY	BATT
2000	 0.88		0	 0
2001	 0.9		0	 0
2002	 0.84		1	 0
2003	 0.88		0	 0
2004	 0.81		2	 0
2005	 0.87		1	 0
2006	 0.91		0	 0
2007	 0.85		3	 0
2008	 0.85		2	 0
2009	 0.87		0	 0
2010	 0.84		1	 0
2011	 0.86		1	 0
2012	 0.82		2	 0
2013	 0.81		4	 0
2014	 0.82		2	 0
2015	 0.87		0	 0
2016	 0.84		5	 0
2017	 0.84		1	 0

TOTAL Day Violations:   25.0
TOTAL Batt Violations:  0.0

Run time: 0:30:50.975876


Seed ARG:  3
Device:  cpu
Train time: 0:26:41.095729
YEAR	AVG_RWD		VIOLATIONS
			DAY	BATT
2000	 0.64		0	 0
2001	 0.65		0	 0
2002	 0.6		1	 3
2003	 0.66		1	 2
2004	 0.53		5	 6
2005	 0.63		1	 0
2006	 0.68		1	 0
2007	 0.57		5	 6
2008	 0.62		2	 1
2009	 0.65		0	 0
2010	 0.56		4	 7
2011	 0.55		5	 9
2012	 0.56		3	 2
2013	 0.52		6	 7
2014	 0.53		5	 9
2015	 0.6		2	 4
2016	 0.59		6	 12
2017	 0.55		5	 5

TOTAL Day Violations:   52.0
TOTAL Batt Violations:  73.0

Run time: 0:27:12.070686


Seed ARG:  4
Device:  cpu
Train time: 0:30:05.559186
YEAR	AVG_RWD		VIOLATIONS
			DAY	BATT
2000	 0.82		0	 0
2001	 0.84		0	 0
2002	 0.77		0	 0
2003	 0.84		0	 0
2004	 0.75		0	 0
2005	 0.86		0	 0
2006	 0.87		0	 0
2007	 0.81		0	 0
2008	 0.84		0	 0
2009	 0.82		0	 0
2010	 0.78		0	 0
2011	 0.79		0	 0
2012	 0.75		0	 0
2013	 0.77		0	 0
2014	 0.73		0	 0
2015	 0.78		0	 0
2016	 0.81		1	 0
2017	 0.78		0	 0

TOTAL Day Violations:   1.0
TOTAL Batt Violations:  0.0

Run time: 0:30:36.760122


Seed ARG:  5
Device:  cpu
Train time: 0:30:16.253721
YEAR	AVG_RWD		VIOLATIONS
			DAY	BATT
2000	 0.65		0	 0
2001	 0.69		0	 0
2002	 0.59		1	 1
2003	 0.67		2	 0
2004	 0.58		4	 1
2005	 0.71		0	 0
2006	 0.7		0	 0
2007	 0.64		2	 0
2008	 0.7		0	 0
2009	 0.67		0	 0
2010	 0.6		4	 0
2011	 0.64		4	 0
2012	 0.62		0	 0
2013	 0.55		8	 1
2014	 0.56		5	 0
2015	 0.6		4	 0
2016	 0.65		4	 0
2017	 0.61		4	 0

TOTAL Day Violations:   42.0
TOTAL Batt Violations:  3.0

Run time: 0:30:49.396805


Seed ARG:  6
Device:  cpu
Train time: 0:30:23.226200
YEAR	AVG_RWD		VIOLATIONS
			DAY	BATT
2000	 0.95		0	 0
2001	 0.97		0	 0
2002	 0.91		0	 0
2003	 0.96		0	 0
2004	 0.92		0	 0
2005	 0.99		0	 0
2006	 0.96		0	 0
2007	 0.97		0	 0
2008	 0.97		0	 0
2009	 0.96		0	 0
2010	 0.92		0	 0
2011	 0.96		0	 0
2012	 0.93		0	 0
2013	 0.94		0	 0
2014	 0.89		0	 0
2015	 0.93		0	 0
2016	 0.97		0	 0
2017	 0.93		0	 0

TOTAL Day Violations:   0.0
TOTAL Batt Violations:  0.0

Run time: 0:30:54.280851


Seed ARG:  7
Device:  cpu
Train time: 0:30:02.906448
YEAR	AVG_RWD		VIOLATIONS
			DAY	BATT
2000	 0.51		1	 0
2001	 0.52		1	 0
2002	 0.42		2	 0
2003	 0.5		3	 0
2004	 0.5		0	 0
2005	 0.58		0	 0
2006	 0.51		0	 0
2007	 0.49		1	 0
2008	 0.56		0	 0
2009	 0.52		1	 0
2010	 0.49		2	 0
2011	 0.55		2	 0
2012	 0.52		0	 0
2013	 0.49		3	 0
2014	 0.47		1	 0
2015	 0.46		1	 0
2016	 0.52		0	 0
2017	 0.51		3	 0

TOTAL Day Violations:   21.0
TOTAL Batt Violations:  0.0

Run time: 0:30:33.501775


Seed ARG:  8
Device:  cpu
Train time: 0:30:12.502097
YEAR	AVG_RWD		VIOLATIONS
			DAY	BATT
2000	 0.87		0	 0
2001	 0.87		0	 0
2002	 0.83		1	 0
2003	 0.85		0	 0
2004	 0.82		0	 0
2005	 0.85		0	 0
2006	 0.88		0	 0
2007	 0.84		2	 0
2008	 0.86		0	 0
2009	 0.86		0	 0
2010	 0.83		1	 0
2011	 0.82		4	 0
2012	 0.83		1	 0
2013	 0.8		3	 0
2014	 0.82		1	 0
2015	 0.86		1	 0
2016	 0.84		3	 0
2017	 0.82		1	 0

TOTAL Day Violations:   18.0
TOTAL Batt Violations:  0.0

Run time: 0:30:44.611920


Seed ARG:  9
Device:  cpu
Train time: 0:30:08.025741
YEAR	AVG_RWD		VIOLATIONS
			DAY	BATT
2000	 0.47		13	 19
2001	 0.5		17	 32
2002	 -0.02		34	 248
2003	 0.55		8	 17
2004	 0.31		22	 33
2005	 0.59		8	 3
2006	 0.62		5	 1
2007	 0.4		19	 37
2008	 0.56		9	 2
2009	 0.5		12	 24
2010	 0.33		20	 36
2011	 0.4		22	 37
2012	 0.32		20	 26
2013	 0.24		28	 67
2014	 0.19		29	 53
2015	 0.3		25	 54
2016	 0.51		15	 28
2017	 0.36		26	 45

TOTAL Day Violations:   332.0
TOTAL Batt Violations:  762.0

Run time: 0:30:39.820429
