

Seed ARG:  0
Device:  cpu
Train time: 0:29:53.851241
YEAR	AVG_RWD		VIOLATIONS
			DAY	BATT
2000	 0.24		15	 55
2001	 0.62		0	 0
2002	 0.22		15	 125
2003	 0.41		11	 88
2004	 0.48		3	 0
2005	 0.67		0	 0
2006	 0.54		0	 0
2007	 0.55		2	 0
2008	 0.6		1	 0
2009	 0.57		0	 0
2010	 0.52		4	 0
2011	 0.6		3	 0
2012	 0.54		0	 0
2013	 0.5		6	 0
2014	 0.34		11	 56
2015	 0.47		2	 0
2016	 0.55		4	 0
2017	 0.49		7	 38

TOTAL Day Violations:   84.0
TOTAL Batt Violations:  362.0

Run time: 0:30:25.456918


Seed ARG:  1
Device:  cpu
Train time: 0:30:18.623210
YEAR	AVG_RWD		VIOLATIONS
			DAY	BATT
2000	 -0.7		60	 1108
2001	 0.86		4	 0
2002	 0.18		29	 466
2003	 0.07		32	 535
2004	 0.75		9	 4
2005	 0.89		3	 0
2006	 0.71		6	 70
2007	 0.8		8	 2
2008	 0.89		1	 0
2009	 0.86		3	 0
2010	 0.78		8	 6
2011	 0.85		7	 4
2012	 0.81		7	 2
2013	 0.74		15	 4
2014	 -0.06		42	 532
2015	 0.78		9	 2
2016	 0.84		9	 5
2017	 0.77		13	 0

TOTAL Day Violations:   265.0
TOTAL Batt Violations:  2740.0

Run time: 0:30:50.769271


Seed ARG:  2
Device:  cpu
Train time: 0:29:55.427060
YEAR	AVG_RWD		VIOLATIONS
			DAY	BATT
2000	 0.92		0	 0
2001	 0.96		0	 0
2002	 0.89		0	 0
2003	 0.94		0	 0
2004	 0.91		0	 0
2005	 0.94		0	 0
2006	 0.93		0	 0
2007	 0.93		0	 0
2008	 0.93		0	 0
2009	 0.94		0	 0
2010	 0.91		0	 0
2011	 0.94		0	 0
2012	 0.9		0	 0
2013	 0.93		0	 0
2014	 0.87		0	 0
2015	 0.92		0	 0
2016	 0.93		0	 0
2017	 0.92		0	 0

TOTAL Day Violations:   0.0
TOTAL Batt Violations:  0.0

Run time: 0:30:26.672405


Seed ARG:  3
Device:  cpu
Train time: 0:30:20.517302
YEAR	AVG_RWD		VIOLATIONS
			DAY	BATT
2000	 0.66		0	 0
2001	 0.73		0	 0
2002	 0.55		5	 29
2003	 0.53		7	 43
2004	 0.63		4	 3
2005	 0.71		2	 0
2006	 0.64		0	 0
2007	 0.64		3	 1
2008	 0.69		1	 0
2009	 0.68		0	 0
2010	 0.67		2	 3
2011	 0.67		6	 4
2012	 0.67		2	 0
2013	 0.64		4	 0
2014	 0.52		10	 57
2015	 0.61		2	 0
2016	 0.6		9	 3
2017	 0.63		7	 0

TOTAL Day Violations:   64.0
TOTAL Batt Violations:  143.0

Run time: 0:30:52.672829


Seed ARG:  4
Device:  cpu
Train time: 0:30:22.015060
YEAR	AVG_RWD		VIOLATIONS
			DAY	BATT
2000	 0.94		0	 0
2001	 0.96		0	 0
2002	 0.88		0	 0
2003	 0.86		3	 3
2004	 0.88		2	 0
2005	 0.96		0	 0
2006	 0.91		0	 0
2007	 0.91		2	 0
2008	 0.92		1	 0
2009	 0.93		0	 0
2010	 0.91		0	 0
2011	 0.96		0	 0
2012	 0.92		0	 0
2013	 0.95		0	 0
2014	 0.88		2	 2
2015	 0.91		1	 0
2016	 0.92		2	 0
2017	 0.97		0	 0

TOTAL Day Violations:   13.0
TOTAL Batt Violations:  5.0

Run time: 0:30:52.903287


Seed ARG:  5
Device:  cpu
Train time: 0:30:23.196925
YEAR	AVG_RWD		VIOLATIONS
			DAY	BATT
2000	 0.66		3	 0
2001	 0.66		6	 0
2002	 0.57		6	 1
2003	 0.68		2	 0
2004	 0.58		8	 0
2005	 0.74		2	 0
2006	 0.71		2	 0
2007	 0.63		7	 2
2008	 0.72		0	 0
2009	 0.67		5	 0
2010	 0.57		11	 1
2011	 0.65		7	 0
2012	 0.61		5	 1
2013	 0.55		14	 0
2014	 0.54		10	 0
2015	 0.52		13	 0
2016	 0.62		9	 1
2017	 0.6		11	 0

TOTAL Day Violations:   121.0
TOTAL Batt Violations:  6.0

Run time: 0:30:55.288077


Seed ARG:  6
Device:  cpu
Train time: 0:30:12.082185
YEAR	AVG_RWD		VIOLATIONS
			DAY	BATT
2000	 0.71		0	 0
2001	 0.72		0	 0
2002	 0.68		1	 0
2003	 0.7		1	 0
2004	 0.66		1	 0
2005	 0.7		0	 0
2006	 0.73		0	 0
2007	 0.69		1	 0
2008	 0.71		0	 0
2009	 0.72		0	 0
2010	 0.68		0	 0
2011	 0.67		0	 0
2012	 0.66		1	 0
2013	 0.67		1	 0
2014	 0.67		1	 0
2015	 0.71		0	 0
2016	 0.69		2	 0
2017	 0.67		0	 0

TOTAL Day Violations:   9.0
TOTAL Batt Violations:  0.0

Run time: 0:30:42.565257


Seed ARG:  7
Device:  cpu
Train time: 0:30:13.305861
YEAR	AVG_RWD		VIOLATIONS
			DAY	BATT
2000	 0.89		0	 0
2001	 0.92		0	 0
2002	 0.8		3	 0
2003	 0.9		0	 0
2004	 0.86		0	 0
2005	 0.91		0	 0
2006	 0.92		0	 0
2007	 0.91		0	 0
2008	 0.89		0	 0
2009	 0.9		0	 0
2010	 0.88		0	 0
2011	 0.9		0	 0
2012	 0.86		0	 0
2013	 0.88		0	 0
2014	 0.84		0	 0
2015	 0.88		0	 0
2016	 0.9		0	 0
2017	 0.88		0	 0

TOTAL Day Violations:   3.0
TOTAL Batt Violations:  0.0

Run time: 0:30:45.632866


Seed ARG:  8
Device:  cpu
Train time: 0:30:04.556869
YEAR	AVG_RWD		VIOLATIONS
			DAY	BATT
2000	 0.74		0	 0
2001	 0.76		0	 0
2002	 0.71		0	 0
2003	 0.76		1	 0
2004	 0.69		0	 0
2005	 0.74		0	 0
2006	 0.79		0	 0
2007	 0.71		2	 0
2008	 0.74		0	 0
2009	 0.75		0	 0
2010	 0.72		0	 0
2011	 0.73		0	 0
2012	 0.7		0	 0
2013	 0.68		1	 0
2014	 0.7		0	 0
2015	 0.74		0	 0
2016	 0.74		2	 0
2017	 0.69		1	 0

TOTAL Day Violations:   7.0
TOTAL Batt Violations:  0.0

Run time: 0:30:36.139150


Seed ARG:  9
Device:  cpu
Train time: 0:30:12.662193
YEAR	AVG_RWD		VIOLATIONS
			DAY	BATT
2000	 0.89		0	 0
2001	 0.9		0	 0
2002	 0.81		2	 0
2003	 0.07		31	 430
2004	 0.87		0	 0
2005	 0.92		0	 0
2006	 0.87		0	 0
2007	 0.88		2	 1
2008	 0.9		0	 0
2009	 0.9		0	 0
2010	 0.85		1	 0
2011	 0.88		2	 4
2012	 0.87		0	 0
2013	 0.86		1	 0
2014	 0.83		1	 0
2015	 0.87		1	 0
2016	 0.89		2	 0
2017	 0.86		1	 3

TOTAL Day Violations:   44.0
TOTAL Batt Violations:  438.0

Run time: 0:30:44.223177
