

Seed ARG:  0
Device:  cpu
Train time: 0:30:02.313933
YEAR	AVG_RWD		VIOLATIONS
			DAY	BATT
2000	 -2.56		123	 1503
2001	 -0.21		31	 264
2002	 -0.67		50	 605
2003	 -0.44		33	 508
2004	 -0.99		60	 695
2005	 0.3		5	 0
2006	 -0.36		32	 507
2007	 0.21		14	 13
2008	 0.34		3	 1
2009	 0.28		8	 8
2010	 0.17		16	 10
2011	 -0.44		36	 356
2012	 0.19		11	 7
2013	 0.07		21	 17
2014	 -0.67		49	 492
2015	 0.19		19	 11
2016	 0.26		11	 9
2017	 -1.86		95	 1185

TOTAL Day Violations:   617.0
TOTAL Batt Violations:  6191.0

Run time: 0:30:32.782609


Seed ARG:  1
Device:  cpu
Train time: 0:26:32.602170
YEAR	AVG_RWD		VIOLATIONS
			DAY	BATT
2000	 -2.2		108	 1939
2001	 -1.75		90	 1556
2002	 -0.44		38	 744
2003	 -0.74		51	 999
2004	 -1.72		88	 1661
2005	 -2.98		136	 2387
2006	 -1.97		100	 1748
2007	 -1.12		65	 1256
2008	 -1.99		101	 1738
2009	 -1.98		101	 1791
2010	 -0.6		44	 782
2011	 -0.19		29	 530
2012	 -0.85		54	 888
2013	 -0.84		54	 871
2014	 -0.41		36	 693
2015	 -0.75		50	 808
2016	 0.5		0	 0
2017	 -1.42		78	 1445

TOTAL Day Violations:   1223.0
TOTAL Batt Violations:  21836.0

Run time: 0:27:03.659125


Seed ARG:  2
Device:  cpu
Train time: 0:29:50.310162
YEAR	AVG_RWD		VIOLATIONS
			DAY	BATT
2000	 0.59		5	 4
2001	 0.74		0	 0
2002	 0.38		12	 56
2003	 0.41		14	 43
2004	 0.66		0	 0
2005	 0.74		0	 0
2006	 0.76		0	 0
2007	 0.71		0	 0
2008	 0.71		0	 0
2009	 0.73		0	 0
2010	 0.7		0	 0
2011	 0.56		6	 17
2012	 0.67		0	 0
2013	 0.66		0	 0
2014	 0.45		9	 64
2015	 0.71		0	 0
2016	 0.73		0	 0
2017	 0.53		7	 49

TOTAL Day Violations:   53.0
TOTAL Batt Violations:  233.0

Run time: 0:30:22.290928


Seed ARG:  3
Device:  cpu
Train time: 0:29:42.764025
YEAR	AVG_RWD		VIOLATIONS
			DAY	BATT
2000	 0.23		19	 27
2001	 0.15		26	 36
2002	 0.08		28	 32
2003	 0.23		14	 29
2004	 0.1		28	 39
2005	 0.34		8	 7
2006	 0.34		10	 10
2007	 0.17		25	 38
2008	 0.37		7	 8
2009	 0.28		15	 22
2010	 0.11		26	 37
2011	 0.2		23	 36
2012	 0.08		28	 39
2013	 0.03		35	 67
2014	 0.01		39	 61
2015	 0.07		33	 53
2016	 0.22		20	 33
2017	 0.11		32	 52

TOTAL Day Violations:   416.0
TOTAL Batt Violations:  626.0

Run time: 0:30:13.008266


Seed ARG:  4
Device:  cpu
Train time: 0:30:04.747387
YEAR	AVG_RWD		VIOLATIONS
			DAY	BATT
2000	 -1.41		86	 623
2001	 0.59		7	 9
2002	 -0.37		45	 378
2003	 -0.57		51	 455
2004	 0.4		11	 55
2005	 0.61		4	 2
2006	 -0.1		33	 326
2007	 0.53		11	 17
2008	 0.69		0	 0
2009	 0.21		26	 93
2010	 -1.07		76	 353
2011	 -0.24		39	 202
2012	 0.35		16	 30
2013	 0.42		15	 31
2014	 -0.35		44	 239
2015	 -0.39		47	 264
2016	 0.39		17	 41
2017	 0.12		32	 148

TOTAL Day Violations:   560.0
TOTAL Batt Violations:  3266.0

Run time: 0:30:36.526144


Seed ARG:  5
Device:  cpu
Train time: 0:29:52.154913
YEAR	AVG_RWD		VIOLATIONS
			DAY	BATT
2000	 -0.63		58	 1048
2001	 0.92		0	 0
2002	 -0.06		36	 662
2003	 -0.41		51	 885
2004	 0.9		0	 0
2005	 -1.07		74	 1133
2006	 -1.36		86	 1280
2007	 0.9		0	 0
2008	 -0.47		52	 866
2009	 0.91		0	 0
2010	 0.92		0	 0
2011	 0.18		28	 442
2012	 -0.43		50	 693
2013	 0.92		0	 0
2014	 -0.03		35	 619
2015	 0.91		0	 0
2016	 0.93		0	 0
2017	 -1.13		76	 1214

TOTAL Day Violations:   546.0
TOTAL Batt Violations:  8842.0

Run time: 0:30:23.491211


Seed ARG:  6
Device:  cpu
Train time: 0:29:46.399587
YEAR	AVG_RWD		VIOLATIONS
			DAY	BATT
2000	 -0.84		59	 1035
2001	 -0.58		51	 777
2002	 -0.24		37	 643
2003	 -0.57		51	 885
2004	 -0.43		42	 679
2005	 -1.23		74	 1120
2006	 0.23		22	 389
2007	 0.74		0	 0
2008	 -0.63		52	 850
2009	 -0.76		59	 919
2010	 -0.97		62	 963
2011	 0.11		23	 338
2012	 -0.67		52	 738
2013	 0.61		6	 0
2014	 -0.27		38	 595
2015	 0.71		0	 0
2016	 0.76		1	 0
2017	 -1.37		77	 1213

TOTAL Day Violations:   706.0
TOTAL Batt Violations:  11144.0

Run time: 0:30:17.767404


Seed ARG:  7
Device:  cpu
Train time: 0:30:05.841980
YEAR	AVG_RWD		VIOLATIONS
			DAY	BATT
2000	 -1.4		74	 930
2001	 0.17		18	 18
2002	 -0.52		40	 441
2003	 -0.61		37	 533
2004	 0.07		21	 21
2005	 0.27		5	 5
2006	 0.17		12	 50
2007	 0.16		16	 23
2008	 0.28		3	 2
2009	 -0.92		53	 655
2010	 0.09		20	 27
2011	 0.06		17	 21
2012	 0.11		13	 18
2013	 -0.04		24	 38
2014	 -0.76		53	 456
2015	 -0.87		59	 555
2016	 0.21		16	 19
2017	 -1.78		94	 944

TOTAL Day Violations:   575.0
TOTAL Batt Violations:  4756.0

Run time: 0:30:37.735382


Seed ARG:  8
Device:  cpu
Train time: 0:29:58.294790
YEAR	AVG_RWD		VIOLATIONS
			DAY	BATT
2000	 -0.6		63	 300
2001	 0.48		20	 42
2002	 -0.2		44	 263
2003	 0.12		30	 205
2004	 0.25		29	 75
2005	 0.65		5	 5
2006	 0.62		6	 5
2007	 0.45		19	 50
2008	 0.67		2	 2
2009	 0.46		17	 28
2010	 0.47		19	 45
2011	 0.45		22	 50
2012	 0.39		18	 42
2013	 0.31		31	 82
2014	 0.11		39	 121
2015	 0.32		29	 54
2016	 0.47		19	 32
2017	 0.2		38	 136

TOTAL Day Violations:   450.0
TOTAL Batt Violations:  1537.0

Run time: 0:30:30.609544


Seed ARG:  9
Device:  cpu
Train time: 0:26:26.306575
YEAR	AVG_RWD		VIOLATIONS
			DAY	BATT
2000	 0.6		9	 0
2001	 0.6		14	 1
2002	 0.01		31	 180
2003	 -0.61		54	 412
2004	 0.49		18	 2
2005	 0.67		5	 1
2006	 0.68		6	 1
2007	 0.56		15	 3
2008	 0.43		13	 70
2009	 0.61		9	 6
2010	 0.51		17	 7
2011	 -0.01		40	 78
2012	 0.46		14	 21
2013	 0.44		20	 9
2014	 -0.28		51	 187
2015	 0.52		15	 4
2016	 0.56		15	 8
2017	 0.26		31	 86

TOTAL Day Violations:   377.0
TOTAL Batt Violations:  1076.0

Run time: 0:26:57.928740
