

Seed ARG:  0
Device:  cpu
Train time: 0:53:44.447698
YEAR	AVG_RWD		VIOLATIONS
			DAY	BATT
2000	 0.07		0	 0
2001	 0.05		2	 0
2002	 0.05		1	 0
2003	 0.05		1	 0
2004	 -0.0		5	 0
2005	 0.08		0	 0
2006	 0.11		2	 0
2007	 0.03		2	 1
2008	 0.07		2	 0
2009	 0.08		1	 0
2010	 0.01		3	 0
2011	 -0.02		5	 0
2012	 -0.01		5	 0
2013	 -0.09		9	 0
2014	 -0.01		5	 1
2015	 0.02		3	 0
2016	 0.02		6	 0
2017	 -0.01		5	 0

TOTAL Day Violations:   57.0
TOTAL Batt Violations:  2.0

Run time: 0:54:09.774047


Seed ARG:  1
Device:  cpu
Train time: 0:50:45.691001
YEAR	AVG_RWD		VIOLATIONS
			DAY	BATT
2000	 -1.89		103	 606
2001	 -0.94		72	 204
2002	 -1.26		75	 404
2003	 -1.2		68	 425
2004	 -0.77		58	 157
2005	 -0.33		25	 77
2006	 -1.75		98	 589
2007	 -1.28		82	 324
2008	 -0.48		37	 109
2009	 -1.18		75	 389
2010	 -1.03		73	 266
2011	 -0.71		56	 137
2012	 -0.68		53	 105
2013	 -0.69		53	 136
2014	 -1.29		93	 322
2015	 -1.38		90	 350
2016	 -1.18		81	 303
2017	 -0.85		68	 169

TOTAL Day Violations:   1260.0
TOTAL Batt Violations:  5072.0

Run time: 0:51:41.276956


Seed ARG:  2
Device:  cpu
Train time: 0:53:51.282915
YEAR	AVG_RWD		VIOLATIONS
			DAY	BATT
2000	 -2.37		144	 114
2001	 -2.01		135	 96
2002	 -2.27		135	 151
2003	 -2.12		124	 122
2004	 -2.02		129	 96
2005	 -1.48		98	 42
2006	 -2.38		135	 90
2007	 -2.05		133	 55
2008	 -1.85		115	 30
2009	 -1.76		109	 110
2010	 -1.87		123	 85
2011	 -1.43		94	 65
2012	 -1.59		101	 57
2013	 -1.5		95	 88
2014	 -1.86		126	 123
2015	 -2.24		140	 92
2016	 -1.84		114	 58
2017	 -1.35		95	 121

TOTAL Day Violations:   2145.0
TOTAL Batt Violations:  1595.0

Run time: 0:54:16.083112


Seed ARG:  3
Device:  cpu
Train time: 0:53:59.158590
YEAR	AVG_RWD		VIOLATIONS
			DAY	BATT
2000	 0.02		7	 0
2001	 -0.0		11	 0
2002	 -0.02		12	 2
2003	 0.04		4	 2
2004	 -0.08		15	 4
2005	 0.03		5	 0
2006	 0.07		6	 0
2007	 -0.04		13	 4
2008	 0.03		5	 1
2009	 0.01		10	 1
2010	 -0.05		11	 3
2011	 -0.1		15	 3
2012	 -0.09		15	 4
2013	 -0.16		19	 3
2014	 -0.08		13	 7
2015	 -0.03		10	 0
2016	 -0.05		15	 5
2017	 -0.15		24	 0

TOTAL Day Violations:   210.0
TOTAL Batt Violations:  39.0

Run time: 0:54:22.525506


Seed ARG:  4
Device:  cpu
Train time: 0:53:45.151433
YEAR	AVG_RWD		VIOLATIONS
			DAY	BATT
2000	 0.13		34	 31
2001	 0.16		33	 49
2002	 0.08		38	 40
2003	 0.29		18	 16
2004	 0.07		39	 58
2005	 0.26		21	 16
2006	 0.3		22	 18
2007	 0.08		38	 43
2008	 0.24		23	 24
2009	 0.13		37	 27
2010	 -0.0		47	 50
2011	 0.04		41	 49
2012	 -0.01		44	 52
2013	 -0.06		46	 68
2014	 -0.09		56	 71
2015	 0.03		45	 65
2016	 0.14		34	 53
2017	 -0.01		46	 68

TOTAL Day Violations:   662.0
TOTAL Batt Violations:  798.0

Run time: 0:54:10.465184


Seed ARG:  5
Device:  cpu
Train time: 0:53:48.977892
YEAR	AVG_RWD		VIOLATIONS
			DAY	BATT
2000	 -0.8		31	 8
2001	 -0.82		33	 13
2002	 -0.82		32	 11
2003	 -0.67		15	 5
2004	 -0.88		37	 27
2005	 -0.71		17	 8
2006	 -0.66		18	 8
2007	 -0.88		38	 22
2008	 -0.74		21	 8
2009	 -0.79		30	 14
2010	 -0.95		46	 16
2011	 -0.96		44	 21
2012	 -0.92		42	 17
2013	 -0.99		46	 26
2014	 -1.03		55	 31
2015	 -0.91		42	 18
2016	 -0.85		33	 25
2017	 -0.89		39	 34

TOTAL Day Violations:   619.0
TOTAL Batt Violations:  312.0

Run time: 0:54:15.264344


Seed ARG:  6
Device:  cpu
Train time: 0:50:52.077229
YEAR	AVG_RWD		VIOLATIONS
			DAY	BATT
2000	 0.07		2	 0
2001	 0.06		7	 0
2002	 0.06		4	 0
2003	 0.1		1	 0
2004	 0.0		7	 2
2005	 0.08		2	 0
2006	 0.13		2	 0
2007	 -0.02		11	 1
2008	 0.08		3	 0
2009	 0.04		7	 0
2010	 0.02		7	 1
2011	 -0.05		10	 0
2012	 -0.02		8	 0
2013	 -0.09		13	 3
2014	 -0.01		9	 3
2015	 0.0		8	 1
2016	 -0.01		11	 6
2017	 -0.09		17	 1

TOTAL Day Violations:   129.0
TOTAL Batt Violations:  18.0

Run time: 0:51:45.732503


Seed ARG:  7
Device:  cpu
Train time: 0:51:18.488000
YEAR	AVG_RWD		VIOLATIONS
			DAY	BATT
2000	 0.15		5	 0
2001	 0.21		1	 0
2002	 0.15		4	 0
2003	 0.22		1	 0
2004	 0.08		11	 0
2005	 0.18		2	 0
2006	 0.21		4	 0
2007	 0.11		10	 1
2008	 0.19		2	 1
2009	 0.19		2	 0
2010	 0.1		9	 0
2011	 0.1		8	 0
2012	 0.11		6	 1
2013	 0.04		12	 1
2014	 0.09		9	 2
2015	 0.13		6	 0
2016	 0.11		9	 3
2017	 0.08		10	 0

TOTAL Day Violations:   111.0
TOTAL Batt Violations:  9.0

Run time: 0:52:04.854908


Seed ARG:  8
Device:  cpu
Train time: 0:50:51.526160
YEAR	AVG_RWD		VIOLATIONS
			DAY	BATT
2000	 -3.29		145	 2279
2001	 -2.72		125	 1803
2002	 -3.96		178	 2676
2003	 -2.38		105	 1787
2004	 -2.5		113	 1717
2005	 -3.76		159	 2512
2006	 -3.67		156	 2705
2007	 -3.58		157	 2414
2008	 -2.95		130	 1999
2009	 -3.01		132	 2100
2010	 -3.97		170	 2686
2011	 -1.45		72	 896
2012	 -1.87		89	 1122
2013	 -2.48		116	 1528
2014	 -2.25		107	 1452
2015	 -3.1		141	 2099
2016	 -3.55		155	 2447
2017	 -2.41		110	 1546

TOTAL Day Violations:   2360.0
TOTAL Batt Violations:  35768.0

Run time: 0:51:43.617243


Seed ARG:  9
Device:  cpu
Train time: 0:51:44.672808
YEAR	AVG_RWD		VIOLATIONS
			DAY	BATT
2000	 -2.75		210	 1302
2001	 -3.1		234	 1335
2002	 -2.74		207	 1294
2003	 -2.71		201	 1074
2004	 -3.13		239	 1497
2005	 -3.06		228	 1322
2006	 -2.63		200	 1084
2007	 -3.16		241	 1386
2008	 -2.98		226	 1294
2009	 -3.16		243	 1351
2010	 -3.03		230	 1368
2011	 -3.41		263	 1521
2012	 -3.31		255	 1560
2013	 -3.4		259	 1607
2014	 -3.19		244	 1480
2015	 -2.94		223	 1343
2016	 -2.95		222	 1266
2017	 -3.36		255	 1508

TOTAL Day Violations:   4180.0
TOTAL Batt Violations:  24592.0

Run time: 0:52:21.231070
