

Seed ARG:  0
Device:  cpu
Train time: 0:21:13.969490
YEAR	AVG_RWD		VIOLATIONS
			DAY	BATT
2000	 0.67		0	 0
2001	 0.71		0	 0
2002	 0.59		2	 0
2003	 0.68		2	 0
2004	 0.59		3	 0
2005	 0.73		0	 0
2006	 0.71		0	 0
2007	 0.65		2	 0
2008	 0.69		1	 0
2009	 0.69		0	 0
2010	 0.62		2	 0
2011	 0.68		3	 0
2012	 0.65		0	 0
2013	 0.61		6	 0
2014	 0.59		3	 0
2015	 0.64		1	 0
2016	 0.67		3	 0
2017	 0.65		3	 0

TOTAL Day Violations:   31.0
TOTAL Batt Violations:  0.0

Run time: 0:21:35.263292


Seed ARG:  1
Device:  cpu
Train time: 0:21:21.743842
YEAR	AVG_RWD		VIOLATIONS
			DAY	BATT
2000	 0.91		0	 0
2001	 0.94		0	 0
2002	 0.82		2	 0
2003	 0.82		3	 6
2004	 0.81		4	 2
2005	 0.9		1	 0
2006	 0.88		0	 0
2007	 0.85		3	 0
2008	 0.87		2	 0
2009	 0.9		0	 0
2010	 0.84		2	 0
2011	 0.87		4	 0
2012	 0.84		3	 2
2013	 0.89		1	 0
2014	 0.85		3	 2
2015	 0.89		1	 0
2016	 0.87		5	 1
2017	 0.89		2	 0

TOTAL Day Violations:   36.0
TOTAL Batt Violations:  13.0

Run time: 0:21:42.488115


Seed ARG:  2
Device:  cpu
Train time: 0:20:56.972628
YEAR	AVG_RWD		VIOLATIONS
			DAY	BATT
2000	 0.81		0	 0
2001	 0.83		0	 0
2002	 0.79		0	 0
2003	 0.71		3	 15
2004	 0.75		3	 1
2005	 0.78		1	 0
2006	 0.81		0	 0
2007	 0.8		2	 0
2008	 0.78		1	 0
2009	 0.81		0	 0
2010	 0.8		1	 0
2011	 0.77		2	 0
2012	 0.77		2	 0
2013	 0.79		1	 0
2014	 0.75		2	 0
2015	 0.82		1	 0
2016	 0.79		3	 0
2017	 0.76		2	 0

TOTAL Day Violations:   24.0
TOTAL Batt Violations:  16.0

Run time: 0:21:17.536142


Seed ARG:  3
Device:  cpu
Train time: 0:21:16.588051
YEAR	AVG_RWD		VIOLATIONS
			DAY	BATT
2000	 0.74		2	 1
2001	 0.68		11	 23
2002	 0.66		8	 10
2003	 0.72		4	 8
2004	 0.61		13	 37
2005	 0.78		4	 2
2006	 0.69		4	 0
2007	 0.74		5	 17
2008	 0.69		9	 10
2009	 0.75		3	 4
2010	 0.58		15	 26
2011	 0.62		14	 36
2012	 0.65		12	 12
2013	 0.58		16	 24
2014	 0.55		18	 34
2015	 0.69		8	 21
2016	 0.64		13	 25
2017	 0.68		9	 19

TOTAL Day Violations:   168.0
TOTAL Batt Violations:  309.0

Run time: 0:21:37.513452


Seed ARG:  4
Device:  cpu
Train time: 0:20:59.451636
YEAR	AVG_RWD		VIOLATIONS
			DAY	BATT
2000	 0.86		0	 0
2001	 0.9		0	 0
2002	 0.85		0	 0
2003	 0.85		2	 0
2004	 0.83		1	 0
2005	 0.89		0	 0
2006	 0.92		0	 0
2007	 0.87		2	 0
2008	 0.89		1	 0
2009	 0.89		0	 0
2010	 0.84		1	 0
2011	 0.87		0	 0
2012	 0.85		0	 0
2013	 0.85		2	 0
2014	 0.8		2	 0
2015	 0.87		0	 0
2016	 0.88		1	 0
2017	 0.82		2	 0

TOTAL Day Violations:   14.0
TOTAL Batt Violations:  0.0

Run time: 0:21:20.363612


Seed ARG:  5
Device:  cpu
Train time: 0:21:01.133084
YEAR	AVG_RWD		VIOLATIONS
			DAY	BATT
2000	 0.62		1	 0
2001	 0.67		2	 0
2002	 0.53		3	 0
2003	 0.61		3	 0
2004	 0.56		4	 0
2005	 0.71		0	 0
2006	 0.68		0	 0
2007	 0.61		4	 0
2008	 0.65		1	 0
2009	 0.61		4	 0
2010	 0.57		6	 0
2011	 0.62		5	 0
2012	 0.56		4	 0
2013	 0.47		15	 0
2014	 0.52		7	 0
2015	 0.53		7	 0
2016	 0.59		7	 0
2017	 0.56		8	 0

TOTAL Day Violations:   81.0
TOTAL Batt Violations:  0.0

Run time: 0:21:21.965851


Seed ARG:  6
Device:  cpu
Train time: 0:21:01.393372
YEAR	AVG_RWD		VIOLATIONS
			DAY	BATT
2000	 0.82		0	 0
2001	 0.85		0	 0
2002	 0.75		1	 0
2003	 0.8		2	 0
2004	 0.81		0	 0
2005	 0.91		0	 0
2006	 0.79		0	 0
2007	 0.81		0	 0
2008	 0.86		0	 0
2009	 0.82		0	 0
2010	 0.8		0	 0
2011	 0.86		0	 0
2012	 0.82		0	 0
2013	 0.8		0	 0
2014	 0.77		0	 0
2015	 0.74		0	 0
2016	 0.8		0	 0
2017	 0.82		1	 0

TOTAL Day Violations:   4.0
TOTAL Batt Violations:  0.0

Run time: 0:21:22.152462


Seed ARG:  7
Device:  cpu
Train time: 0:20:57.311905
YEAR	AVG_RWD		VIOLATIONS
			DAY	BATT
2000	 0.77		0	 0
2001	 0.83		0	 0
2002	 0.69		2	 0
2003	 0.78		2	 0
2004	 0.73		1	 0
2005	 0.84		0	 0
2006	 0.77		0	 0
2007	 0.77		1	 0
2008	 0.81		0	 0
2009	 0.81		0	 0
2010	 0.76		0	 0
2011	 0.82		0	 0
2012	 0.76		0	 0
2013	 0.73		2	 0
2014	 0.71		1	 0
2015	 0.76		0	 0
2016	 0.81		1	 0
2017	 0.76		1	 0

TOTAL Day Violations:   11.0
TOTAL Batt Violations:  0.0

Run time: 0:21:18.261585
