

Seed ARG:  0
Device:  cpu
Train time: 0:26:33.240566
YEAR	AVG_RWD		VIOLATIONS
			DAY	BATT
2000	 1.05		0	 0
2001	 1.06		0	 0
2002	 1.02		0	 0
2003	 1.03		0	 0
2004	 1.03		0	 0
2005	 1.08		0	 0
2006	 1.04		0	 0
2007	 1.07		0	 0
2008	 1.06		0	 0
2009	 1.05		0	 0
2010	 1.04		0	 0
2011	 1.08		0	 0
2012	 1.05		0	 0
2013	 1.07		0	 0
2014	 1.03		0	 0
2015	 1.04		0	 0
2016	 1.07		0	 0
2017	 1.06		0	 0

TOTAL Day Violations:   0.0
TOTAL Batt Violations:  0.0

Run time: 0:27:04.067214


Seed ARG:  1
Device:  cpu
Train time: 0:30:27.403278
YEAR	AVG_RWD		VIOLATIONS
			DAY	BATT
2000	 0.79		0	 0
2001	 0.89		0	 0
2002	 0.76		2	 0
2003	 0.77		3	 0
2004	 0.81		1	 0
2005	 0.88		0	 0
2006	 0.76		0	 0
2007	 0.83		1	 0
2008	 0.85		0	 0
2009	 0.85		0	 0
2010	 0.83		1	 0
2011	 0.88		1	 0
2012	 0.84		0	 0
2013	 0.86		0	 0
2014	 0.8		2	 0
2015	 0.81		1	 0
2016	 0.83		2	 0
2017	 0.86		1	 0

TOTAL Day Violations:   15.0
TOTAL Batt Violations:  0.0

Run time: 0:30:59.845042


Seed ARG:  2
Device:  cpu
Train time: 0:30:04.800447
YEAR	AVG_RWD		VIOLATIONS
			DAY	BATT
2000	 0.67		4	 0
2001	 0.84		0	 0
2002	 0.61		5	 20
2003	 0.69		2	 5
2004	 0.78		0	 0
2005	 0.82		0	 0
2006	 0.65		1	 0
2007	 0.77		1	 0
2008	 0.78		0	 0
2009	 0.79		0	 0
2010	 0.78		0	 0
2011	 0.84		0	 0
2012	 0.8		0	 0
2013	 0.84		0	 0
2014	 0.7		4	 0
2015	 0.74		0	 0
2016	 0.79		1	 0
2017	 0.83		0	 0

TOTAL Day Violations:   18.0
TOTAL Batt Violations:  25.0

Run time: 0:30:36.907617


Seed ARG:  3
Device:  cpu
Train time: 0:30:03.021457
YEAR	AVG_RWD		VIOLATIONS
			DAY	BATT
2000	 0.7		0	 0
2001	 0.73		0	 0
2002	 0.66		1	 0
2003	 0.71		2	 0
2004	 0.66		2	 0
2005	 0.76		0	 0
2006	 0.75		0	 0
2007	 0.7		2	 0
2008	 0.73		0	 0
2009	 0.74		0	 0
2010	 0.71		0	 0
2011	 0.76		0	 0
2012	 0.71		0	 0
2013	 0.7		2	 0
2014	 0.69		1	 0
2015	 0.7		0	 0
2016	 0.74		0	 0
2017	 0.74		0	 0

TOTAL Day Violations:   10.0
TOTAL Batt Violations:  0.0

Run time: 0:30:33.552686


Seed ARG:  4
Device:  cpu
Train time: 0:30:11.273066
YEAR	AVG_RWD		VIOLATIONS
			DAY	BATT
2000	 0.75		0	 0
2001	 0.87		0	 0
2002	 0.72		2	 0
2003	 0.74		4	 11
2004	 0.82		0	 0
2005	 0.88		0	 0
2006	 0.77		0	 0
2007	 0.82		1	 0
2008	 0.83		0	 0
2009	 0.8		0	 0
2010	 0.79		0	 0
2011	 0.87		0	 0
2012	 0.84		0	 0
2013	 0.81		0	 0
2014	 0.8		1	 0
2015	 0.75		0	 0
2016	 0.82		0	 0
2017	 0.84		1	 0

TOTAL Day Violations:   9.0
TOTAL Batt Violations:  11.0

Run time: 0:30:42.668568


Seed ARG:  5
Device:  cpu
Train time: 0:29:58.231666
YEAR	AVG_RWD		VIOLATIONS
			DAY	BATT
2000	 -0.72		59	 913
2001	 -0.47		50	 696
2002	 -0.12		37	 579
2003	 -0.46		51	 802
2004	 -1.4		85	 1217
2005	 -1.11		74	 969
2006	 -1.28		82	 1214
2007	 0.86		2	 0
2008	 -0.5		52	 762
2009	 0.87		0	 0
2010	 0.81		3	 0
2011	 0.11		30	 390
2012	 0.08		29	 350
2013	 0.54		14	 142
2014	 -0.14		38	 538
2015	 -1.6		94	 1258
2016	 0.89		1	 0
2017	 -1.28		80	 1121

TOTAL Day Violations:   781.0
TOTAL Batt Violations:  10951.0

Run time: 0:30:30.707306


Seed ARG:  6
Device:  cpu
Train time: 0:30:08.078237
YEAR	AVG_RWD		VIOLATIONS
			DAY	BATT
2000	 0.84		0	 0
2001	 0.86		0	 0
2002	 0.76		2	 0
2003	 0.82		2	 0
2004	 0.8		0	 0
2005	 0.88		0	 0
2006	 0.86		0	 0
2007	 0.83		1	 0
2008	 0.86		0	 0
2009	 0.84		0	 0
2010	 0.81		0	 0
2011	 0.85		0	 0
2012	 0.81		0	 0
2013	 0.8		0	 0
2014	 0.77		1	 0
2015	 0.81		0	 0
2016	 0.85		1	 0
2017	 0.83		0	 0

TOTAL Day Violations:   7.0
TOTAL Batt Violations:  0.0

Run time: 0:30:38.700185


Seed ARG:  7
Device:  cpu
Train time: 0:30:15.578096
YEAR	AVG_RWD		VIOLATIONS
			DAY	BATT
2000	 0.79		0	 0
2001	 0.81		0	 0
2002	 0.72		1	 0
2003	 0.81		1	 0
2004	 0.75		0	 0
2005	 0.83		0	 0
2006	 0.81		0	 0
2007	 0.79		0	 0
2008	 0.82		0	 0
2009	 0.8		0	 0
2010	 0.77		0	 0
2011	 0.79		0	 0
2012	 0.76		0	 0
2013	 0.76		0	 0
2014	 0.74		0	 0
2015	 0.75		0	 0
2016	 0.82		0	 0
2017	 0.77		0	 0

TOTAL Day Violations:   2.0
TOTAL Batt Violations:  0.0

Run time: 0:30:47.643393


Seed ARG:  8
Device:  cpu
Train time: 0:30:04.037540
YEAR	AVG_RWD		VIOLATIONS
			DAY	BATT
2000	 0.81		0	 0
2001	 0.78		1	 0
2002	 0.74		3	 1
2003	 0.8		1	 0
2004	 0.7		6	 2
2005	 0.82		1	 0
2006	 0.82		2	 0
2007	 0.75		4	 2
2008	 0.82		2	 0
2009	 0.8		1	 0
2010	 0.68		9	 3
2011	 0.69		10	 2
2012	 0.74		3	 3
2013	 0.66		11	 4
2014	 0.67		10	 2
2015	 0.7		7	 2
2016	 0.75		7	 5
2017	 0.65		11	 2

TOTAL Day Violations:   89.0
TOTAL Batt Violations:  28.0

Run time: 0:30:34.423525


Seed ARG:  9
Device:  cpu
Train time: 0:30:02.210167
YEAR	AVG_RWD		VIOLATIONS
			DAY	BATT
2000	 0.9		2	 0
2001	 0.9		3	 0
2002	 0.86		2	 0
2003	 0.9		2	 0
2004	 0.81		7	 0
2005	 0.94		1	 0
2006	 0.92		1	 0
2007	 0.86		6	 0
2008	 0.92		1	 0
2009	 0.9		1	 0
2010	 0.81		8	 0
2011	 0.86		7	 0
2012	 0.83		5	 0
2013	 0.82		8	 0
2014	 0.8		7	 0
2015	 0.85		5	 0
2016	 0.85		8	 0
2017	 0.79		11	 0

TOTAL Day Violations:   85.0
TOTAL Batt Violations:  0.0

Run time: 0:30:35.597133
