

Seed ARG:  0
Device:  cpu
Train time: 0:30:08.259768
YEAR	AVG_RWD		VIOLATIONS
			DAY	BATT
2000	 0.71		0	 0
2001	 0.73		0	 0
2002	 0.66		0	 0
2003	 0.73		0	 0
2004	 0.64		2	 0
2005	 0.74		0	 0
2006	 0.76		0	 0
2007	 0.69		2	 0
2008	 0.73		0	 0
2009	 0.72		0	 0
2010	 0.67		1	 0
2011	 0.7		0	 0
2012	 0.65		0	 0
2013	 0.63		2	 0
2014	 0.63		1	 0
2015	 0.67		0	 0
2016	 0.71		1	 0
2017	 0.67		0	 0

TOTAL Day Violations:   9.0
TOTAL Batt Violations:  0.0

Run time: 0:30:41.232083


Seed ARG:  1
Device:  cpu
Train time: 0:26:44.820651
YEAR	AVG_RWD		VIOLATIONS
			DAY	BATT
2000	 0.67		0	 0
2001	 0.72		0	 0
2002	 0.64		2	 0
2003	 0.62		5	 0
2004	 0.61		5	 11
2005	 0.71		0	 0
2006	 0.65		0	 0
2007	 0.66		2	 3
2008	 0.71		0	 0
2009	 0.71		0	 0
2010	 0.66		1	 0
2011	 0.69		0	 0
2012	 0.69		0	 0
2013	 0.62		4	 8
2014	 0.59		5	 4
2015	 0.65		2	 0
2016	 0.68		2	 0
2017	 0.65		2	 0

TOTAL Day Violations:   30.0
TOTAL Batt Violations:  26.0

Run time: 0:27:17.242471


Seed ARG:  2
Device:  cpu
Train time: 0:30:12.342274
YEAR	AVG_RWD		VIOLATIONS
			DAY	BATT
2000	 0.91		0	 0
2001	 0.95		0	 0
2002	 0.85		1	 0
2003	 0.83		2	 0
2004	 0.89		0	 0
2005	 0.92		0	 0
2006	 0.88		0	 0
2007	 0.91		0	 0
2008	 0.91		0	 0
2009	 0.9		0	 0
2010	 0.89		0	 0
2011	 0.93		0	 0
2012	 0.89		1	 0
2013	 0.93		0	 0
2014	 0.85		0	 0
2015	 0.9		0	 0
2016	 0.92		0	 0
2017	 0.93		0	 0

TOTAL Day Violations:   4.0
TOTAL Batt Violations:  0.0

Run time: 0:30:43.559377


Seed ARG:  3
Device:  cpu
Train time: 0:30:03.489705
YEAR	AVG_RWD		VIOLATIONS
			DAY	BATT
2000	 0.88		0	 0
2001	 0.92		0	 0
2002	 0.85		0	 0
2003	 0.86		0	 0
2004	 0.83		1	 0
2005	 0.88		0	 0
2006	 0.89		0	 0
2007	 0.87		2	 0
2008	 0.88		0	 0
2009	 0.89		0	 0
2010	 0.86		1	 0
2011	 0.87		0	 0
2012	 0.87		0	 0
2013	 0.88		0	 0
2014	 0.85		1	 0
2015	 0.88		1	 0
2016	 0.87		3	 0
2017	 0.87		0	 0

TOTAL Day Violations:   9.0
TOTAL Batt Violations:  0.0

Run time: 0:30:33.978510


Seed ARG:  4
Device:  cpu
Train time: 0:30:06.844336
YEAR	AVG_RWD		VIOLATIONS
			DAY	BATT
2000	 0.94		0	 0
2001	 0.98		0	 0
2002	 0.91		0	 0
2003	 0.9		2	 0
2004	 0.93		1	 0
2005	 0.97		0	 0
2006	 0.93		0	 0
2007	 0.94		1	 0
2008	 0.95		0	 0
2009	 0.95		0	 0
2010	 0.93		0	 0
2011	 0.99		0	 0
2012	 0.94		0	 0
2013	 0.98		0	 0
2014	 0.94		0	 0
2015	 0.93		0	 0
2016	 0.96		0	 0
2017	 0.97		0	 0

TOTAL Day Violations:   4.0
TOTAL Batt Violations:  0.0

Run time: 0:30:37.924599


Seed ARG:  5
Device:  cpu
Train time: 0:30:16.389179
YEAR	AVG_RWD		VIOLATIONS
			DAY	BATT
2000	 0.87		1	 0
2001	 0.88		1	 0
2002	 0.83		1	 0
2003	 0.9		1	 0
2004	 0.79		4	 0
2005	 0.91		0	 0
2006	 0.93		0	 0
2007	 0.83		5	 0
2008	 0.9		1	 0
2009	 0.88		1	 0
2010	 0.79		6	 0
2011	 0.84		4	 0
2012	 0.8		3	 0
2013	 0.75		8	 0
2014	 0.77		5	 0
2015	 0.81		4	 0
2016	 0.83		7	 0
2017	 0.8		4	 0

TOTAL Day Violations:   56.0
TOTAL Batt Violations:  0.0

Run time: 0:30:48.252889


Seed ARG:  6
Device:  cpu
Train time: 0:30:05.905786
YEAR	AVG_RWD		VIOLATIONS
			DAY	BATT
2000	 0.8		0	 0
2001	 0.86		0	 0
2002	 0.76		2	 0
2003	 0.8		3	 0
2004	 0.79		1	 0
2005	 0.9		0	 0
2006	 0.8		0	 0
2007	 0.81		1	 0
2008	 0.86		0	 0
2009	 0.84		0	 0
2010	 0.81		0	 0
2011	 0.85		0	 0
2012	 0.81		0	 0
2013	 0.78		1	 0
2014	 0.76		2	 0
2015	 0.77		0	 0
2016	 0.82		2	 0
2017	 0.84		0	 0

TOTAL Day Violations:   12.0
TOTAL Batt Violations:  0.0

Run time: 0:30:38.781214


Seed ARG:  7
Device:  cpu
Train time: 0:30:09.425978
YEAR	AVG_RWD		VIOLATIONS
			DAY	BATT
2000	 0.62		0	 0
2001	 0.61		0	 0
2002	 0.6		0	 0
2003	 0.6		1	 0
2004	 0.61		0	 0
2005	 0.64		0	 0
2006	 0.59		0	 0
2007	 0.61		0	 0
2008	 0.64		0	 0
2009	 0.62		0	 0
2010	 0.6		0	 0
2011	 0.65		0	 0
2012	 0.64		0	 0
2013	 0.64		0	 0
2014	 0.58		0	 0
2015	 0.6		0	 0
2016	 0.62		0	 0
2017	 0.64		0	 0

TOTAL Day Violations:   1.0
TOTAL Batt Violations:  0.0

Run time: 0:30:42.123777


Seed ARG:  8
Device:  cpu
Train time: 0:29:57.312565
YEAR	AVG_RWD		VIOLATIONS
			DAY	BATT
2000	 0.85		0	 0
2001	 0.85		0	 0
2002	 0.79		1	 0
2003	 0.82		1	 0
2004	 0.78		4	 0
2005	 0.81		1	 0
2006	 0.83		0	 0
2007	 0.82		3	 2
2008	 0.82		1	 0
2009	 0.85		0	 0
2010	 0.81		2	 1
2011	 0.8		4	 0
2012	 0.79		2	 0
2013	 0.81		3	 0
2014	 0.81		3	 0
2015	 0.83		1	 0
2016	 0.81		5	 2
2017	 0.82		2	 0

TOTAL Day Violations:   33.0
TOTAL Batt Violations:  5.0

Run time: 0:30:27.563804


Seed ARG:  9
Device:  cpu
Train time: 0:30:03.006093
YEAR	AVG_RWD		VIOLATIONS
			DAY	BATT
2000	 0.9		0	 0
2001	 0.9		0	 0
2002	 0.84		1	 0
2003	 0.9		1	 0
2004	 0.8		5	 0
2005	 0.89		2	 0
2006	 0.92		0	 0
2007	 0.83		4	 1
2008	 0.89		1	 0
2009	 0.88		1	 0
2010	 0.81		5	 0
2011	 0.85		4	 0
2012	 0.82		3	 0
2013	 0.79		6	 0
2014	 0.79		5	 1
2015	 0.84		2	 0
2016	 0.84		6	 0
2017	 0.8		6	 0

TOTAL Day Violations:   52.0
TOTAL Batt Violations:  2.0

Run time: 0:30:34.108380
