
MODEL :  P1
SEED  :  0
HOST  :  a76d7d3b3289
DEVICE:  cpu
Train time: 0:21:01.550997

YEAR	AVG_RWD		VIOLATIONS
				DAY	BATT
2000	 0.93		0	 0
2001	 0.94		0	 0
2002	 0.88		0	 0
2003	 0.91		0	 0
2004	 0.89		0	 0
2005	 0.95		0	 0
2006	 0.93		0	 0
2007	 0.92		0	 0
2008	 0.93		0	 0
2009	 0.93		0	 0
2010	 0.91		0	 0
2011	 0.94		0	 0
2012	 0.9		0	 0
2013	 0.91		0	 0
2014	 0.88		0	 0
2015	 0.89		0	 0
2016	 0.93		0	 0
2017	 0.9		0	 0

TOTAL Day Violations:   0.0
TOTAL Batt Violations:  0.0
************************************

MODEL :  P1
SEED  :  1
HOST  :  a76d7d3b3289
DEVICE:  cpu
Train time: 0:20:59.091565

YEAR	AVG_RWD		VIOLATIONS
				DAY	BATT
2000	 0.31		2	 0
2001	 0.38		0	 0
2002	 0.2		6	 0
2003	 0.28		4	 0
2004	 0.35		1	 0
2005	 0.44		1	 0
2006	 0.31		2	 0
2007	 0.34		1	 0
2008	 0.39		0	 0
2009	 0.35		3	 0
2010	 0.36		1	 0
2011	 0.4		0	 0
2012	 0.38		0	 0
2013	 0.35		4	 0
2014	 0.25		6	 0
2015	 0.3		1	 0
2016	 0.34		1	 0
2017	 0.36		5	 0

TOTAL Day Violations:   38.0
TOTAL Batt Violations:  0.0
************************************

MODEL :  P1
SEED  :  2
HOST  :  a76d7d3b3289
DEVICE:  cpu
Train time: 0:20:56.442954

YEAR	AVG_RWD		VIOLATIONS
				DAY	BATT
2000	 0.9		0	 0
2001	 0.92		0	 0
2002	 0.84		0	 0
2003	 0.87		1	 0
2004	 0.87		0	 0
2005	 0.93		0	 0
2006	 0.9		0	 0
2007	 0.9		0	 0
2008	 0.92		0	 0
2009	 0.88		0	 0
2010	 0.87		0	 0
2011	 0.92		0	 0
2012	 0.87		0	 0
2013	 0.89		0	 0
2014	 0.88		0	 0
2015	 0.88		0	 0
2016	 0.91		0	 0
2017	 0.91		0	 0

TOTAL Day Violations:   1.0
TOTAL Batt Violations:  0.0
************************************

MODEL :  P1
SEED  :  3
HOST  :  a76d7d3b3289
DEVICE:  cpu
Train time: 0:20:48.501368

YEAR	AVG_RWD		VIOLATIONS
				DAY	BATT
2000	 0.82		0	 0
2001	 0.84		0	 0
2002	 0.78		1	 0
2003	 0.85		1	 0
2004	 0.8		0	 0
2005	 0.89		0	 0
2006	 0.86		0	 0
2007	 0.84		0	 0
2008	 0.88		0	 0
2009	 0.85		0	 0
2010	 0.81		0	 0
2011	 0.86		0	 0
2012	 0.81		0	 0
2013	 0.83		0	 0
2014	 0.79		0	 0
2015	 0.8		0	 0
2016	 0.85		0	 0
2017	 0.83		0	 0

TOTAL Day Violations:   2.0
TOTAL Batt Violations:  0.0
************************************

MODEL :  P1
SEED  :  4
HOST  :  a76d7d3b3289
DEVICE:  cpu
Train time: 0:20:31.296671

YEAR	AVG_RWD		VIOLATIONS
				DAY	BATT
2000	 -0.44		7	 0
2001	 -0.51		10	 2
2002	 -0.49		14	 0
2003	 -0.54		11	 11
2004	 -0.42		11	 0
2005	 -0.36		3	 0
2006	 -0.61		13	 0
2007	 -0.42		4	 0
2008	 -0.4		4	 0
2009	 -0.54		13	 2
2010	 -0.48		10	 2
2011	 -0.42		7	 9
2012	 -0.35		5	 0
2013	 -0.43		14	 10
2014	 -0.48		14	 7
2015	 -0.45		8	 3
2016	 -0.36		1	 0
2017	 -0.54		10	 8

TOTAL Day Violations:   159.0
TOTAL Batt Violations:  54.0
************************************

MODEL :  P1
SEED  :  5
HOST  :  a76d7d3b3289
DEVICE:  cpu
Train time: 0:20:31.249041

YEAR	AVG_RWD		VIOLATIONS
				DAY	BATT
2000	 0.37		3	 0
2001	 0.39		4	 0
2002	 0.24		8	 2
2003	 0.39		4	 0
2004	 0.32		6	 1
2005	 0.48		1	 0
2006	 0.43		0	 0
2007	 0.35		5	 1
2008	 0.45		1	 0
2009	 0.44		3	 0
2010	 0.37		7	 0
2011	 0.39		7	 1
2012	 0.39		3	 0
2013	 0.31		11	 3
2014	 0.31		9	 2
2015	 0.32		5	 0
2016	 0.35		8	 0
2017	 0.38		10	 0

TOTAL Day Violations:   95.0
TOTAL Batt Violations:  10.0
************************************

MODEL :  P1
SEED  :  6
HOST  :  a76d7d3b3289
DEVICE:  cpu
Train time: 0:20:17.175086

YEAR	AVG_RWD		VIOLATIONS
				DAY	BATT
2000	 0.68		0	 0
2001	 0.71		0	 0
2002	 0.62		0	 0
2003	 0.7		0	 0
2004	 0.62		0	 0
2005	 0.69		0	 0
2006	 0.72		0	 0
2007	 0.66		0	 0
2008	 0.68		0	 0
2009	 0.68		0	 0
2010	 0.64		0	 0
2011	 0.65		0	 0
2012	 0.6		0	 0
2013	 0.6		0	 0
2014	 0.61		0	 0
2015	 0.65		0	 0
2016	 0.68		1	 0
2017	 0.64		0	 0

TOTAL Day Violations:   1.0
TOTAL Batt Violations:  0.0
************************************

MODEL :  P1
SEED  :  7
HOST  :  a76d7d3b3289
DEVICE:  cpu
Train time: 0:20:30.416310

YEAR	AVG_RWD		VIOLATIONS
				DAY	BATT
2000	 0.76		0	 0
2001	 0.76		0	 0
2002	 0.75		0	 0
2003	 0.76		1	 0
2004	 0.75		0	 0
2005	 0.82		0	 0
2006	 0.75		0	 0
2007	 0.78		0	 0
2008	 0.81		0	 0
2009	 0.76		0	 0
2010	 0.76		0	 0
2011	 0.8		0	 0
2012	 0.76		0	 0
2013	 0.8		0	 0
2014	 0.73		0	 0
2015	 0.75		0	 0
2016	 0.77		0	 0
2017	 0.78		0	 0

TOTAL Day Violations:   1.0
TOTAL Batt Violations:  0.0
************************************
