
MODEL :  P3
SEED  :  0
HOST  :  75471690b8bf
DEVICE:  cpu
Train time: 0:26:35.803338

YEAR	AVG_RWD		VIOLATIONS
				DAY	BATT
2000	 0.86		0	 0
2001	 0.86		0	 0
2002	 0.82		1	 0
2003	 0.89		0	 0
2004	 0.8		1	 0
2005	 0.88		0	 0
2006	 0.9		0	 0
2007	 0.85		1	 0
2008	 0.9		0	 0
2009	 0.86		0	 0
2010	 0.82		1	 0
2011	 0.84		1	 0
2012	 0.82		0	 0
2013	 0.79		3	 0
2014	 0.8		1	 0
2015	 0.84		0	 0
2016	 0.86		1	 0
2017	 0.82		0	 0

TOTAL Day Violations:   10.0
TOTAL Batt Violations:  0.0
************************************

MODEL :  P3
SEED  :  1
HOST  :  75471690b8bf
DEVICE:  cpu
Train time: 0:29:52.120527

YEAR	AVG_RWD		VIOLATIONS
				DAY	BATT
2000	 0.76		0	 0
2001	 0.78		0	 0
2002	 0.69		3	 0
2003	 0.76		2	 0
2004	 0.69		3	 0
2005	 0.79		0	 0
2006	 0.78		0	 0
2007	 0.74		3	 0
2008	 0.78		1	 0
2009	 0.78		0	 0
2010	 0.72		2	 0
2011	 0.74		3	 0
2012	 0.74		0	 0
2013	 0.7		4	 0
2014	 0.68		4	 0
2015	 0.75		2	 0
2016	 0.76		3	 0
2017	 0.72		2	 0

TOTAL Day Violations:   32.0
TOTAL Batt Violations:  0.0
************************************

MODEL :  P3
SEED  :  2
HOST  :  75471690b8bf
DEVICE:  cpu
Train time: 0:30:01.994543

YEAR	AVG_RWD		VIOLATIONS
				DAY	BATT
2000	 0.68		1	 0
2001	 0.68		0	 0
2002	 0.65		1	 0
2003	 0.72		0	 0
2004	 0.6		4	 0
2005	 0.68		1	 0
2006	 0.75		0	 0
2007	 0.65		3	 0
2008	 0.71		1	 0
2009	 0.69		0	 0
2010	 0.61		4	 0
2011	 0.61		5	 0
2012	 0.62		3	 0
2013	 0.6		5	 0
2014	 0.59		3	 0
2015	 0.63		4	 0
2016	 0.64		5	 0
2017	 0.6		5	 0

TOTAL Day Violations:   45.0
TOTAL Batt Violations:  0.0
************************************

MODEL :  P3
SEED  :  3
HOST  :  75471690b8bf
DEVICE:  cpu
Train time: 0:29:45.967090

YEAR	AVG_RWD		VIOLATIONS
				DAY	BATT
2000	 0.73		0	 0
2001	 0.75		0	 0
2002	 0.7		1	 0
2003	 0.76		1	 0
2004	 0.65		4	 0
2005	 0.78		0	 0
2006	 0.8		0	 0
2007	 0.72		3	 1
2008	 0.78		1	 0
2009	 0.76		0	 0
2010	 0.67		5	 0
2011	 0.68		6	 0
2012	 0.66		5	 0
2013	 0.64		6	 0
2014	 0.6		7	 0
2015	 0.68		5	 0
2016	 0.7		7	 0
2017	 0.6		11	 0

TOTAL Day Violations:   62.0
TOTAL Batt Violations:  1.0
************************************

MODEL :  P3
SEED  :  4
HOST  :  75471690b8bf
DEVICE:  cpu
Train time: 0:29:59.942651

YEAR	AVG_RWD		VIOLATIONS
				DAY	BATT
2000	 0.88		0	 0
2001	 0.9		0	 0
2002	 0.83		0	 0
2003	 0.88		0	 0
2004	 0.84		0	 0
2005	 0.91		0	 0
2006	 0.89		0	 0
2007	 0.89		0	 0
2008	 0.9		0	 0
2009	 0.87		0	 0
2010	 0.86		0	 0
2011	 0.9		0	 0
2012	 0.85		0	 0
2013	 0.87		0	 0
2014	 0.84		0	 0
2015	 0.85		0	 0
2016	 0.88		1	 0
2017	 0.87		0	 0

TOTAL Day Violations:   1.0
TOTAL Batt Violations:  0.0
************************************

MODEL :  P3
SEED  :  5
HOST  :  75471690b8bf
DEVICE:  cpu
Train time: 0:29:50.670778

YEAR	AVG_RWD		VIOLATIONS
				DAY	BATT
2000	 0.94		2	 0
2001	 0.97		2	 0
2002	 0.89		4	 0
2003	 0.97		1	 0
2004	 0.89		5	 0
2005	 1.02		0	 0
2006	 0.99		0	 0
2007	 0.94		3	 0
2008	 1.0		0	 0
2009	 0.96		1	 0
2010	 0.9		5	 0
2011	 0.96		3	 0
2012	 0.93		1	 0
2013	 0.89		8	 0
2014	 0.88		4	 0
2015	 0.88		6	 0
2016	 0.96		1	 0
2017	 0.94		3	 0

TOTAL Day Violations:   49.0
TOTAL Batt Violations:  0.0
************************************

MODEL :  P3
SEED  :  6
HOST  :  75471690b8bf
DEVICE:  cpu
Train time: 0:26:38.604758

YEAR	AVG_RWD		VIOLATIONS
				DAY	BATT
2000	 0.75		0	 0
2001	 0.76		0	 0
2002	 0.68		2	 0
2003	 0.73		3	 0
2004	 0.67		4	 0
2005	 0.79		0	 0
2006	 0.76		0	 0
2007	 0.72		2	 0
2008	 0.78		1	 0
2009	 0.77		0	 0
2010	 0.69		3	 0
2011	 0.73		3	 0
2012	 0.71		1	 0
2013	 0.68		4	 0
2014	 0.65		5	 0
2015	 0.7		1	 0
2016	 0.74		4	 0
2017	 0.71		2	 0

TOTAL Day Violations:   35.0
TOTAL Batt Violations:  0.0
************************************

MODEL :  P3
SEED  :  7
HOST  :  75471690b8bf
DEVICE:  cpu
Train time: 0:26:44.024201

YEAR	AVG_RWD		VIOLATIONS
				DAY	BATT
2000	 0.94		0	 0
2001	 0.95		0	 0
2002	 0.89		0	 0
2003	 0.95		0	 0
2004	 0.91		0	 0
2005	 0.98		0	 0
2006	 0.96		0	 0
2007	 0.94		0	 0
2008	 0.96		0	 0
2009	 0.95		0	 0
2010	 0.92		0	 0
2011	 0.96		0	 0
2012	 0.92		0	 0
2013	 0.92		0	 0
2014	 0.9		0	 0
2015	 0.91		0	 0
2016	 0.96		0	 0
2017	 0.93		0	 0

TOTAL Day Violations:   0.0
TOTAL Batt Violations:  0.0
************************************

MODEL :  P3
SEED  :  8
HOST  :  75471690b8bf
DEVICE:  cpu
Train time: 0:29:48.335830

YEAR	AVG_RWD		VIOLATIONS
				DAY	BATT
2000	 0.91		0	 0
2001	 0.92		0	 0
2002	 0.85		1	 0
2003	 0.93		1	 0
2004	 0.87		0	 0
2005	 0.97		0	 0
2006	 0.94		0	 0
2007	 0.91		0	 0
2008	 0.95		0	 0
2009	 0.91		0	 0
2010	 0.88		0	 0
2011	 0.93		0	 0
2012	 0.87		0	 0
2013	 0.88		0	 0
2014	 0.85		0	 0
2015	 0.86		0	 0
2016	 0.92		0	 0
2017	 0.9		0	 0

TOTAL Day Violations:   2.0
TOTAL Batt Violations:  0.0
************************************

MODEL :  P3
SEED  :  9
HOST  :  75471690b8bf
DEVICE:  cpu
Train time: 0:26:11.889359

YEAR	AVG_RWD		VIOLATIONS
				DAY	BATT
2000	 0.81		0	 0
2001	 0.79		0	 0
2002	 0.75		1	 0
2003	 0.81		1	 0
2004	 0.72		3	 0
2005	 0.8		0	 0
2006	 0.82		0	 0
2007	 0.77		2	 0
2008	 0.8		1	 0
2009	 0.8		0	 0
2010	 0.75		2	 0
2011	 0.75		2	 0
2012	 0.73		2	 0
2013	 0.72		3	 0
2014	 0.75		1	 0
2015	 0.75		1	 0
2016	 0.76		4	 0
2017	 0.73		4	 0

TOTAL Day Violations:   27.0
TOTAL Batt Violations:  0.0
************************************
