
MODEL :  Q1
SEED  :  0
HOST  :  7574709303cc
DEVICE:  cpu
Train time: 0:30:09.043475

YEAR	AVG_RWD		VIOLATIONS
				DAY	BATT
2000	 0.67		0	 0
2001	 0.65		0	 0
2002	 0.64		1	 0
2003	 0.69		0	 0
2004	 0.63		2	 0
2005	 0.65		0	 0
2006	 0.7		0	 0
2007	 0.65		2	 0
2008	 0.67		1	 0
2009	 0.66		0	 0
2010	 0.63		2	 0
2011	 0.64		3	 0
2012	 0.63		1	 0
2013	 0.63		3	 0
2014	 0.63		3	 0
2015	 0.64		2	 0
2016	 0.67		3	 0
2017	 0.63		1	 0
2018	 0.63		4	 0

TOTAL Day Violations:   28.0
TOTAL Batt Violations:  0.0
************************************

MODEL :  Q1
SEED  :  1
HOST  :  7574709303cc
DEVICE:  cpu
Train time: 0:30:01.396970

YEAR	AVG_RWD		VIOLATIONS
				DAY	BATT
2000	 1.04		0	 0
2001	 1.05		0	 0
2002	 1.01		0	 0
2003	 1.03		0	 0
2004	 1.01		0	 0
2005	 1.06		0	 0
2006	 1.04		0	 0
2007	 1.05		0	 0
2008	 1.04		0	 0
2009	 1.05		0	 0
2010	 1.03		1	 0
2011	 1.06		0	 0
2012	 1.03		0	 0
2013	 1.05		0	 0
2014	 1.02		0	 0
2015	 1.04		0	 0
2016	 1.06		0	 0
2017	 1.05		0	 0
2018	 1.04		3	 0

TOTAL Day Violations:   4.0
TOTAL Batt Violations:  0.0
************************************

MODEL :  Q1
SEED  :  2
HOST  :  7574709303cc
DEVICE:  cpu
Train time: 0:30:04.380009

YEAR	AVG_RWD		VIOLATIONS
				DAY	BATT
2000	 0.91		0	 0
2001	 0.91		0	 0
2002	 0.88		0	 0
2003	 0.92		0	 0
2004	 0.87		1	 0
2005	 0.91		0	 0
2006	 0.93		0	 0
2007	 0.91		1	 0
2008	 0.91		0	 0
2009	 0.91		0	 0
2010	 0.89		2	 0
2011	 0.89		0	 0
2012	 0.87		1	 0
2013	 0.89		0	 0
2014	 0.88		2	 0
2015	 0.9		0	 0
2016	 0.92		1	 0
2017	 0.89		0	 0
2018	 0.89		2	 0

TOTAL Day Violations:   10.0
TOTAL Batt Violations:  0.0
************************************

MODEL :  Q1
SEED  :  3
HOST  :  7574709303cc
DEVICE:  cpu
Train time: 0:29:52.382992

YEAR	AVG_RWD		VIOLATIONS
				DAY	BATT
2000	 0.77		1	 0
2001	 0.77		7	 0
2002	 0.73		8	 2
2003	 0.81		2	 1
2004	 0.72		10	 1
2005	 0.78		3	 0
2006	 0.81		3	 0
2007	 0.75		9	 3
2008	 0.78		3	 0
2009	 0.78		5	 0
2010	 0.74		9	 1
2011	 0.74		9	 1
2012	 0.72		8	 0
2013	 0.72		17	 3
2014	 0.71		12	 7
2015	 0.73		8	 1
2016	 0.77		11	 4
2017	 0.73		15	 0
2018	 0.72		18	 4

TOTAL Day Violations:   158.0
TOTAL Batt Violations:  28.0
************************************

MODEL :  Q1
SEED  :  4
HOST  :  7574709303cc
DEVICE:  cpu
Train time: 0:29:54.482391

YEAR	AVG_RWD		VIOLATIONS
				DAY	BATT
2000	 0.85		0	 0
2001	 0.86		0	 0
2002	 0.81		1	 0
2003	 0.88		0	 0
2004	 0.79		2	 0
2005	 0.87		0	 0
2006	 0.9		0	 0
2007	 0.83		2	 0
2008	 0.86		1	 0
2009	 0.86		0	 0
2010	 0.81		3	 0
2011	 0.84		5	 0
2012	 0.79		2	 0
2013	 0.8		2	 0
2014	 0.79		3	 0
2015	 0.83		2	 0
2016	 0.86		4	 0
2017	 0.82		2	 0
2018	 0.8		6	 0

TOTAL Day Violations:   35.0
TOTAL Batt Violations:  0.0
************************************

MODEL :  Q1
SEED  :  5
HOST  :  7574709303cc
DEVICE:  cpu
Train time: 0:29:44.085967

YEAR	AVG_RWD		VIOLATIONS
				DAY	BATT
2000	 0.81		0	 0
2001	 0.84		0	 0
2002	 0.77		1	 0
2003	 0.78		2	 0
2004	 0.8		1	 0
2005	 0.8		0	 0
2006	 0.81		0	 0
2007	 0.82		0	 0
2008	 0.8		0	 0
2009	 0.81		0	 0
2010	 0.81		0	 0
2011	 0.82		0	 0
2012	 0.8		0	 0
2013	 0.79		0	 0
2014	 0.78		2	 0
2015	 0.82		0	 0
2016	 0.83		0	 0
2017	 0.79		2	 0
2018	 0.83		1	 0

TOTAL Day Violations:   9.0
TOTAL Batt Violations:  0.0
************************************

MODEL :  Q1
SEED  :  6
HOST  :  7574709303cc
DEVICE:  cpu
Train time: 0:30:02.698418

YEAR	AVG_RWD		VIOLATIONS
				DAY	BATT
2000	 0.79		0	 0
2001	 0.78		1	 0
2002	 0.73		1	 0
2003	 0.8		2	 0
2004	 0.74		4	 0
2005	 0.78		1	 0
2006	 0.8		0	 0
2007	 0.77		3	 1
2008	 0.8		2	 0
2009	 0.78		0	 0
2010	 0.75		3	 0
2011	 0.77		6	 0
2012	 0.75		2	 0
2013	 0.74		4	 0
2014	 0.74		5	 0
2015	 0.76		3	 0
2016	 0.79		5	 0
2017	 0.75		5	 0
2018	 0.75		7	 0

TOTAL Day Violations:   54.0
TOTAL Batt Violations:  1.0
************************************

MODEL :  Q1
SEED  :  7
HOST  :  7574709303cc
DEVICE:  cpu
Train time: 0:27:07.213095

YEAR	AVG_RWD		VIOLATIONS
				DAY	BATT
2000	 0.77		0	 0
2001	 0.78		0	 0
2002	 0.76		0	 0
2003	 0.78		0	 0
2004	 0.74		3	 0
2005	 0.77		0	 0
2006	 0.8		0	 0
2007	 0.77		0	 0
2008	 0.77		0	 0
2009	 0.78		0	 0
2010	 0.76		2	 0
2011	 0.75		4	 0
2012	 0.75		1	 0
2013	 0.75		1	 0
2014	 0.75		1	 0
2015	 0.76		2	 0
2016	 0.78		0	 0
2017	 0.73		4	 0
2018	 0.75		4	 0

TOTAL Day Violations:   22.0
TOTAL Batt Violations:  0.0
************************************

MODEL :  Q1
SEED  :  8
HOST  :  7574709303cc
DEVICE:  cpu
Train time: 0:30:04.277234

YEAR	AVG_RWD		VIOLATIONS
				DAY	BATT
2000	 0.96		0	 0
2001	 0.97		0	 0
2002	 0.93		0	 0
2003	 0.95		0	 0
2004	 0.91		0	 0
2005	 0.95		0	 0
2006	 0.96		0	 0
2007	 0.96		2	 0
2008	 0.95		0	 0
2009	 0.96		0	 0
2010	 0.95		0	 0
2011	 0.94		0	 0
2012	 0.93		0	 0
2013	 0.95		0	 0
2014	 0.95		0	 0
2015	 0.96		0	 0
2016	 0.97		1	 0
2017	 0.95		0	 0
2018	 0.96		0	 0

TOTAL Day Violations:   3.0
TOTAL Batt Violations:  0.0
************************************

MODEL :  Q1
SEED  :  9
HOST  :  7574709303cc
DEVICE:  cpu
Train time: 0:26:06.707473

YEAR	AVG_RWD		VIOLATIONS
				DAY	BATT
2000	 0.89		0	 0
2001	 0.9		0	 0
2002	 0.86		1	 0
2003	 0.91		0	 0
2004	 0.85		1	 0
2005	 0.9		0	 0
2006	 0.92		0	 0
2007	 0.89		1	 0
2008	 0.9		1	 0
2009	 0.89		0	 0
2010	 0.87		1	 0
2011	 0.88		0	 0
2012	 0.85		1	 0
2013	 0.87		3	 0
2014	 0.85		3	 0
2015	 0.88		1	 0
2016	 0.9		4	 0
2017	 0.88		0	 0
2018	 0.87		4	 0

TOTAL Day Violations:   21.0
TOTAL Batt Violations:  0.0
************************************
