
MODEL :  Q2
SEED  :  0
HOST  :  e5155838fc98
DEVICE:  cpu
Train time: 0:20:11.793294

YEAR	AVG_RWD		VIOLATIONS
				DAY	BATT
2000	 0.89		0	 0
2001	 0.91		0	 0
2002	 0.82		1	 0
2003	 0.86		2	 0
2004	 0.85		0	 0
2005	 0.9		0	 0
2006	 0.87		0	 0
2007	 0.89		0	 0
2008	 0.88		0	 0
2009	 0.9		0	 0
2010	 0.87		0	 0
2011	 0.91		0	 0
2012	 0.87		0	 0
2013	 0.88		0	 0
2014	 0.86		0	 0
2015	 0.86		0	 0
2016	 0.92		0	 0
2017	 0.89		0	 0
2018	 0.9		0	 0

TOTAL Day Violations:   3.0
TOTAL Batt Violations:  0.0
************************************

MODEL :  Q2
SEED  :  1
HOST  :  e5155838fc98
DEVICE:  cpu
Train time: 0:18:11.155472

YEAR	AVG_RWD		VIOLATIONS
				DAY	BATT
2000	 0.75		0	 0
2001	 0.8		0	 0
2002	 0.7		1	 0
2003	 0.7		3	 0
2004	 0.75		1	 0
2005	 0.8		0	 0
2006	 0.72		0	 0
2007	 0.77		0	 0
2008	 0.75		0	 0
2009	 0.76		0	 0
2010	 0.77		0	 0
2011	 0.82		0	 0
2012	 0.77		0	 0
2013	 0.8		0	 0
2014	 0.76		1	 0
2015	 0.73		0	 0
2016	 0.76		1	 0
2017	 0.8		0	 0
2018	 0.78		0	 0

TOTAL Day Violations:   7.0
TOTAL Batt Violations:  0.0
************************************

MODEL :  Q2
SEED  :  2
HOST  :  e5155838fc98
DEVICE:  cpu
Train time: 0:20:02.984850

YEAR	AVG_RWD		VIOLATIONS
				DAY	BATT
2000	 0.84		0	 0
2001	 0.85		0	 0
2002	 0.8		2	 0
2003	 0.84		1	 0
2004	 0.75		4	 1
2005	 0.82		1	 0
2006	 0.87		0	 0
2007	 0.8		4	 2
2008	 0.81		2	 0
2009	 0.84		0	 0
2010	 0.78		3	 0
2011	 0.77		5	 0
2012	 0.78		2	 0
2013	 0.75		5	 0
2014	 0.74		6	 1
2015	 0.81		2	 0
2016	 0.81		4	 4
2017	 0.77		5	 0
2018	 0.76		6	 0

TOTAL Day Violations:   52.0
TOTAL Batt Violations:  8.0
************************************

MODEL :  Q2
SEED  :  3
HOST  :  e5155838fc98
DEVICE:  cpu
Train time: 0:19:54.961838

YEAR	AVG_RWD		VIOLATIONS
				DAY	BATT
2000	 0.58		1	 0
2001	 0.57		4	 0
2002	 0.53		5	 2
2003	 0.62		1	 2
2004	 0.45		10	 4
2005	 0.56		3	 0
2006	 0.63		2	 0
2007	 0.54		5	 4
2008	 0.53		7	 1
2009	 0.57		3	 0
2010	 0.52		5	 2
2011	 0.47		10	 1
2012	 0.5		6	 2
2013	 0.49		6	 5
2014	 0.47		8	 5
2015	 0.53		7	 0
2016	 0.56		6	 7
2017	 0.49		8	 0
2018	 0.45		11	 6

TOTAL Day Violations:   108.0
TOTAL Batt Violations:  41.0
************************************

MODEL :  Q2
SEED  :  4
HOST  :  e5155838fc98
DEVICE:  cpu
Train time: 0:20:27.773083

YEAR	AVG_RWD		VIOLATIONS
				DAY	BATT
2000	 0.9		0	 0
2001	 0.89		0	 0
2002	 0.84		1	 0
2003	 0.89		0	 0
2004	 0.81		4	 0
2005	 0.88		1	 0
2006	 0.88		0	 0
2007	 0.87		2	 0
2008	 0.87		1	 0
2009	 0.89		0	 0
2010	 0.83		3	 0
2011	 0.85		5	 0
2012	 0.85		2	 0
2013	 0.84		3	 0
2014	 0.84		2	 0
2015	 0.86		2	 0
2016	 0.87		4	 0
2017	 0.85		4	 0
2018	 0.85		4	 0

TOTAL Day Violations:   38.0
TOTAL Batt Violations:  0.0
************************************

MODEL :  Q2
SEED  :  5
HOST  :  e5155838fc98
DEVICE:  cpu
Train time: 0:20:30.038270

YEAR	AVG_RWD		VIOLATIONS
				DAY	BATT
2000	 0.88		0	 0
2001	 0.94		0	 0
2002	 0.85		0	 0
2003	 0.88		2	 0
2004	 0.89		0	 0
2005	 0.96		0	 0
2006	 0.89		0	 0
2007	 0.9		0	 0
2008	 0.94		0	 0
2009	 0.9		0	 0
2010	 0.89		0	 0
2011	 0.94		0	 0
2012	 0.88		0	 0
2013	 0.89		0	 0
2014	 0.86		0	 0
2015	 0.87		0	 0
2016	 0.9		0	 0
2017	 0.9		0	 0
2018	 0.88		0	 0

TOTAL Day Violations:   2.0
TOTAL Batt Violations:  0.0
************************************

MODEL :  Q2
SEED  :  6
HOST  :  e5155838fc98
DEVICE:  cpu
Train time: 0:20:37.797529

YEAR	AVG_RWD		VIOLATIONS
				DAY	BATT
2000	 0.77		0	 0
2001	 0.83		0	 0
2002	 0.75		0	 0
2003	 0.79		2	 0
2004	 0.77		0	 0
2005	 0.83		0	 0
2006	 0.75		0	 0
2007	 0.79		1	 0
2008	 0.82		0	 0
2009	 0.82		0	 0
2010	 0.78		0	 0
2011	 0.81		0	 0
2012	 0.78		0	 0
2013	 0.78		0	 0
2014	 0.77		0	 0
2015	 0.78		0	 0
2016	 0.81		1	 0
2017	 0.8		0	 0
2018	 0.81		0	 0

TOTAL Day Violations:   4.0
TOTAL Batt Violations:  0.0
************************************

MODEL :  Q2
SEED  :  7
HOST  :  e5155838fc98
DEVICE:  cpu
Train time: 0:18:55.376565

YEAR	AVG_RWD		VIOLATIONS
				DAY	BATT
2000	 0.96		0	 0
2001	 0.98		0	 0
2002	 0.93		0	 0
2003	 0.94		0	 0
2004	 0.94		0	 0
2005	 0.95		0	 0
2006	 0.96		0	 0
2007	 0.96		0	 0
2008	 0.95		0	 0
2009	 0.96		0	 0
2010	 0.96		0	 0
2011	 0.97		0	 0
2012	 0.94		0	 0
2013	 0.97		0	 0
2014	 0.95		0	 0
2015	 0.95		0	 0
2016	 0.97		0	 0
2017	 0.95		0	 0
2018	 0.97		0	 0

TOTAL Day Violations:   0.0
TOTAL Batt Violations:  0.0
************************************

MODEL :  Q2
SEED  :  8
HOST  :  e5155838fc98
DEVICE:  cpu
Train time: 0:18:12.441344

YEAR	AVG_RWD		VIOLATIONS
				DAY	BATT
2000	 0.88		0	 0
2001	 0.89		0	 0
2002	 0.84		0	 0
2003	 0.82		2	 0
2004	 0.84		1	 0
2005	 0.86		0	 0
2006	 0.86		0	 0
2007	 0.85		2	 0
2008	 0.86		0	 0
2009	 0.88		0	 0
2010	 0.85		0	 0
2011	 0.88		1	 0
2012	 0.86		0	 0
2013	 0.87		0	 0
2014	 0.86		0	 0
2015	 0.85		0	 0
2016	 0.88		0	 0
2017	 0.87		0	 0
2018	 0.88		1	 0

TOTAL Day Violations:   7.0
TOTAL Batt Violations:  0.0
************************************

MODEL :  Q2
SEED  :  9
HOST  :  e5155838fc98
DEVICE:  cpu
Train time: 0:18:36.808548

YEAR	AVG_RWD		VIOLATIONS
				DAY	BATT
2000	 0.91		0	 0
2001	 0.92		0	 0
2002	 0.86		1	 0
2003	 0.93		1	 0
2004	 0.85		2	 0
2005	 0.94		0	 0
2006	 0.95		0	 0
2007	 0.87		4	 0
2008	 0.92		1	 0
2009	 0.91		0	 0
2010	 0.85		3	 0
2011	 0.89		1	 0
2012	 0.84		2	 0
2013	 0.84		4	 0
2014	 0.83		3	 0
2015	 0.87		1	 0
2016	 0.89		4	 0
2017	 0.86		2	 0
2018	 0.83		4	 0

TOTAL Day Violations:   33.0
TOTAL Batt Violations:  0.0
************************************
