
MODEL :  Q3
SEED  :  0
HOST  :  e5155838fc98
DEVICE:  cpu
Train time: 0:20:47.918712

YEAR	AVG_RWD		VIOLATIONS
				DAY	BATT
2000	 1.42		0	 0
2001	 1.42		0	 0
2002	 1.32		0	 0
2003	 1.4		0	 0
2004	 1.33		0	 0
2005	 1.42		0	 0
2006	 1.39		0	 0
2007	 1.41		1	 0
2008	 1.44		0	 0
2009	 1.4		0	 0
2010	 1.36		0	 0
2011	 1.41		0	 0
2012	 1.35		0	 0
2013	 1.38		0	 0
2014	 1.36		0	 0
2015	 1.38		0	 0
2016	 1.41		0	 0
2017	 1.36		0	 0
2018	 1.38		0	 0

TOTAL Day Violations:   1.0
TOTAL Batt Violations:  0.0
************************************

MODEL :  Q3
SEED  :  1
HOST  :  e5155838fc98
DEVICE:  cpu
Train time: 0:18:50.282857

YEAR	AVG_RWD		VIOLATIONS
				DAY	BATT
2000	 1.12		0	 0
2001	 1.12		0	 0
2002	 1.07		0	 0
2003	 1.16		0	 0
2004	 1.03		1	 0
2005	 1.16		0	 0
2006	 1.19		0	 0
2007	 1.1		1	 0
2008	 1.16		0	 0
2009	 1.12		0	 0
2010	 1.07		0	 0
2011	 1.08		0	 0
2012	 1.06		1	 0
2013	 1.07		0	 0
2014	 1.04		0	 0
2015	 1.08		0	 0
2016	 1.13		1	 0
2017	 1.06		0	 0
2018	 1.05		0	 0

TOTAL Day Violations:   4.0
TOTAL Batt Violations:  0.0
************************************

MODEL :  Q3
SEED  :  2
HOST  :  e5155838fc98
DEVICE:  cpu
Train time: 0:20:24.871771

YEAR	AVG_RWD		VIOLATIONS
				DAY	BATT
2000	 1.47		0	 0
2001	 1.51		0	 0
2002	 1.39		1	 0
2003	 1.43		0	 0
2004	 1.42		1	 0
2005	 1.48		0	 0
2006	 1.46		0	 0
2007	 1.47		0	 0
2008	 1.44		0	 0
2009	 1.46		0	 0
2010	 1.45		0	 0
2011	 1.48		1	 0
2012	 1.43		0	 0
2013	 1.48		1	 0
2014	 1.41		2	 0
2015	 1.43		1	 0
2016	 1.47		1	 0
2017	 1.47		0	 0
2018	 1.47		1	 0

TOTAL Day Violations:   9.0
TOTAL Batt Violations:  0.0
************************************

MODEL :  Q3
SEED  :  3
HOST  :  e5155838fc98
DEVICE:  cpu
Train time: 0:18:44.150193

YEAR	AVG_RWD		VIOLATIONS
				DAY	BATT
2000	 1.12		0	 0
2001	 1.13		0	 0
2002	 1.02		1	 0
2003	 1.12		2	 0
2004	 1.05		4	 0
2005	 1.13		1	 0
2006	 1.13		0	 0
2007	 1.1		3	 0
2008	 1.11		1	 0
2009	 1.1		0	 0
2010	 1.09		3	 0
2011	 1.09		4	 0
2012	 1.03		2	 0
2013	 1.06		4	 0
2014	 1.03		5	 1
2015	 1.08		2	 0
2016	 1.13		4	 3
2017	 1.09		4	 0
2018	 1.08		6	 0

TOTAL Day Violations:   46.0
TOTAL Batt Violations:  4.0
************************************

MODEL :  Q3
SEED  :  4
HOST  :  e5155838fc98
DEVICE:  cpu
Train time: 0:18:23.522581

YEAR	AVG_RWD		VIOLATIONS
				DAY	BATT
2000	 1.31		0	 0
2001	 1.36		0	 0
2002	 1.23		0	 0
2003	 1.31		1	 0
2004	 1.26		0	 0
2005	 1.39		0	 0
2006	 1.25		0	 0
2007	 1.34		0	 0
2008	 1.37		0	 0
2009	 1.33		0	 0
2010	 1.31		0	 0
2011	 1.38		0	 0
2012	 1.31		0	 0
2013	 1.34		0	 0
2014	 1.29		0	 0
2015	 1.29		0	 0
2016	 1.36		0	 0
2017	 1.36		0	 0
2018	 1.33		0	 0

TOTAL Day Violations:   1.0
TOTAL Batt Violations:  0.0
************************************

MODEL :  Q3
SEED  :  5
HOST  :  e5155838fc98
DEVICE:  cpu
Train time: 0:20:16.215022

YEAR	AVG_RWD		VIOLATIONS
				DAY	BATT
2000	 1.07		0	 0
2001	 1.15		0	 0
2002	 0.96		1	 0
2003	 1.06		2	 0
2004	 1.05		3	 0
2005	 1.18		1	 0
2006	 1.09		0	 0
2007	 1.08		2	 1
2008	 1.11		1	 0
2009	 1.11		0	 0
2010	 1.07		4	 0
2011	 1.14		4	 0
2012	 1.04		2	 0
2013	 1.07		9	 0
2014	 0.99		3	 0
2015	 1.0		1	 0
2016	 1.08		4	 0
2017	 1.07		5	 0
2018	 1.01		7	 0

TOTAL Day Violations:   49.0
TOTAL Batt Violations:  1.0
************************************

MODEL :  Q3
SEED  :  6
HOST  :  e5155838fc98
DEVICE:  cpu
Train time: 0:20:26.678162

YEAR	AVG_RWD		VIOLATIONS
				DAY	BATT
2000	 1.28		0	 0
2001	 1.41		0	 0
2002	 1.23		0	 0
2003	 1.25		2	 0
2004	 1.32		1	 0
2005	 1.4		0	 0
2006	 1.31		0	 0
2007	 1.34		0	 0
2008	 1.39		0	 0
2009	 1.3		0	 0
2010	 1.31		0	 0
2011	 1.38		0	 0
2012	 1.33		0	 0
2013	 1.37		1	 0
2014	 1.28		1	 0
2015	 1.28		0	 0
2016	 1.34		0	 0
2017	 1.33		0	 0
2018	 1.31		0	 0

TOTAL Day Violations:   5.0
TOTAL Batt Violations:  0.0
************************************

MODEL :  Q3
SEED  :  7
HOST  :  e5155838fc98
DEVICE:  cpu
Train time: 0:18:24.675235

YEAR	AVG_RWD		VIOLATIONS
				DAY	BATT
2000	 1.17		0	 0
2001	 1.17		0	 0
2002	 1.11		0	 0
2003	 1.19		0	 0
2004	 1.1		2	 0
2005	 1.16		1	 0
2006	 1.22		0	 0
2007	 1.16		1	 0
2008	 1.2		1	 0
2009	 1.17		0	 0
2010	 1.14		1	 0
2011	 1.13		1	 0
2012	 1.11		2	 0
2013	 1.12		0	 0
2014	 1.11		1	 0
2015	 1.15		0	 0
2016	 1.17		2	 0
2017	 1.09		0	 0
2018	 1.12		1	 0

TOTAL Day Violations:   13.0
TOTAL Batt Violations:  0.0
************************************

MODEL :  Q3
SEED  :  8
HOST  :  e5155838fc98
DEVICE:  cpu
Train time: 0:18:07.625041

YEAR	AVG_RWD		VIOLATIONS
				DAY	BATT
2000	 1.19		0	 0
2001	 1.21		0	 0
2002	 1.11		1	 0
2003	 1.18		1	 0
2004	 1.11		4	 0
2005	 1.2		0	 0
2006	 1.22		0	 0
2007	 1.19		3	 0
2008	 1.23		1	 0
2009	 1.2		0	 0
2010	 1.14		1	 0
2011	 1.17		3	 0
2012	 1.12		2	 0
2013	 1.15		4	 0
2014	 1.12		3	 0
2015	 1.13		1	 0
2016	 1.17		4	 0
2017	 1.14		1	 0
2018	 1.15		6	 0

TOTAL Day Violations:   35.0
TOTAL Batt Violations:  0.0
************************************

MODEL :  Q3
SEED  :  9
HOST  :  e5155838fc98
DEVICE:  cpu
Train time: 0:17:58.809855

YEAR	AVG_RWD		VIOLATIONS
				DAY	BATT
2000	 1.39		0	 0
2001	 1.42		0	 0
2002	 1.3		0	 0
2003	 1.38		0	 0
2004	 1.34		0	 0
2005	 1.46		0	 0
2006	 1.39		0	 0
2007	 1.4		0	 0
2008	 1.42		0	 0
2009	 1.4		0	 0
2010	 1.37		0	 0
2011	 1.45		0	 0
2012	 1.36		0	 0
2013	 1.4		0	 0
2014	 1.33		0	 0
2015	 1.36		0	 0
2016	 1.41		0	 0
2017	 1.39		0	 0
2018	 1.39		0	 0

TOTAL Day Violations:   0.0
TOTAL Batt Violations:  0.0
************************************
