
MODEL :  Q4
SEED  :  0
HOST  :  7574709303cc
DEVICE:  cpu
Train time: 0:26:22.017000

YEAR	AVG_RWD		VIOLATIONS
				DAY	BATT
2000	 1.34		0	 0
2001	 1.35		0	 0
2002	 1.24		0	 0
2003	 1.3		0	 0
2004	 1.23		0	 0
2005	 1.35		0	 0
2006	 1.37		0	 0
2007	 1.34		0	 0
2008	 1.34		0	 0
2009	 1.33		0	 0
2010	 1.28		0	 0
2011	 1.3		0	 0
2012	 1.27		0	 0
2013	 1.28		0	 0
2014	 1.24		0	 0
2015	 1.29		0	 0
2016	 1.35		0	 0
2017	 1.23		0	 0
2018	 1.31		0	 0

TOTAL Day Violations:   0.0
TOTAL Batt Violations:  0.0
************************************

MODEL :  Q4
SEED  :  1
HOST  :  7574709303cc
DEVICE:  cpu
Train time: 0:29:45.730632

YEAR	AVG_RWD		VIOLATIONS
				DAY	BATT
2000	 1.24		0	 0
2001	 1.4		0	 0
2002	 1.17		1	 0
2003	 1.21		3	 0
2004	 1.28		0	 0
2005	 1.41		0	 0
2006	 1.24		0	 0
2007	 1.34		0	 0
2008	 1.4		0	 0
2009	 1.31		0	 0
2010	 1.33		0	 0
2011	 1.38		0	 0
2012	 1.33		0	 0
2013	 1.35		0	 0
2014	 1.3		0	 0
2015	 1.32		0	 0
2016	 1.34		0	 0
2017	 1.33		0	 0
2018	 1.35		0	 0

TOTAL Day Violations:   4.0
TOTAL Batt Violations:  0.0
************************************

MODEL :  Q4
SEED  :  2
HOST  :  7574709303cc
DEVICE:  cpu
Train time: 0:29:41.576394

YEAR	AVG_RWD		VIOLATIONS
				DAY	BATT
2000	 1.4		0	 0
2001	 1.46		0	 0
2002	 1.32		1	 0
2003	 1.29		2	 0
2004	 1.35		0	 0
2005	 1.42		0	 0
2006	 1.35		0	 0
2007	 1.42		0	 0
2008	 1.42		0	 0
2009	 1.4		0	 0
2010	 1.39		0	 0
2011	 1.42		0	 0
2012	 1.39		0	 0
2013	 1.44		0	 0
2014	 1.34		0	 0
2015	 1.41		0	 0
2016	 1.4		0	 0
2017	 1.38		1	 0
2018	 1.48		0	 0

TOTAL Day Violations:   4.0
TOTAL Batt Violations:  0.0
************************************

MODEL :  Q4
SEED  :  3
HOST  :  7574709303cc
DEVICE:  cpu
Train time: 0:26:33.114687

YEAR	AVG_RWD		VIOLATIONS
				DAY	BATT
2000	 1.25		0	 0
2001	 1.28		0	 0
2002	 1.2		1	 0
2003	 1.25		0	 0
2004	 1.2		0	 0
2005	 1.25		0	 0
2006	 1.27		0	 0
2007	 1.25		2	 0
2008	 1.25		0	 0
2009	 1.25		0	 0
2010	 1.23		1	 0
2011	 1.24		0	 0
2012	 1.21		1	 0
2013	 1.25		0	 0
2014	 1.21		1	 0
2015	 1.25		0	 0
2016	 1.26		1	 0
2017	 1.22		0	 0
2018	 1.25		1	 0

TOTAL Day Violations:   8.0
TOTAL Batt Violations:  0.0
************************************

MODEL :  Q4
SEED  :  4
HOST  :  7574709303cc
DEVICE:  cpu
Train time: 0:29:49.854966

YEAR	AVG_RWD		VIOLATIONS
				DAY	BATT
2000	 -0.15		8	 0
2001	 -0.05		9	 0
2002	 -0.26		14	 2
2003	 -0.05		4	 1
2004	 -0.24		15	 3
2005	 -0.03		4	 0
2006	 -0.01		3	 0
2007	 -0.15		11	 4
2008	 -0.02		8	 1
2009	 -0.1		8	 0
2010	 -0.21		11	 5
2011	 -0.2		16	 5
2012	 -0.26		11	 2
2013	 -0.31		21	 6
2014	 -0.26		17	 5
2015	 -0.24		13	 4
2016	 -0.09		12	 5
2017	 -0.23		19	 2
2018	 -0.25		20	 9

TOTAL Day Violations:   224.0
TOTAL Batt Violations:  54.0
************************************

MODEL :  Q4
SEED  :  5
HOST  :  7574709303cc
DEVICE:  cpu
Train time: 0:30:13.252552

YEAR	AVG_RWD		VIOLATIONS
				DAY	BATT
2000	 1.27		0	 0
2001	 1.29		0	 0
2002	 1.2		0	 0
2003	 1.29		0	 0
2004	 1.19		0	 0
2005	 1.31		0	 0
2006	 1.32		0	 0
2007	 1.26		0	 0
2008	 1.31		0	 0
2009	 1.29		0	 0
2010	 1.23		0	 0
2011	 1.28		0	 0
2012	 1.2		0	 0
2013	 1.21		0	 0
2014	 1.19		0	 0
2015	 1.21		0	 0
2016	 1.28		0	 0
2017	 1.21		0	 0
2018	 1.21		0	 0

TOTAL Day Violations:   0.0
TOTAL Batt Violations:  0.0
************************************

MODEL :  Q4
SEED  :  6
HOST  :  7574709303cc
DEVICE:  cpu
Train time: 0:26:42.150940

YEAR	AVG_RWD		VIOLATIONS
				DAY	BATT
2000	 1.38		0	 0
2001	 1.39		0	 0
2002	 1.32		1	 0
2003	 1.36		0	 0
2004	 1.3		1	 0
2005	 1.4		0	 0
2006	 1.41		0	 0
2007	 1.38		1	 0
2008	 1.41		0	 0
2009	 1.4		0	 0
2010	 1.33		0	 0
2011	 1.37		0	 0
2012	 1.32		0	 0
2013	 1.35		1	 0
2014	 1.25		1	 0
2015	 1.35		1	 0
2016	 1.39		1	 0
2017	 1.3		0	 0
2018	 1.35		1	 0

TOTAL Day Violations:   8.0
TOTAL Batt Violations:  0.0
************************************

MODEL :  Q4
SEED  :  7
HOST  :  7574709303cc
DEVICE:  cpu
Train time: 0:29:51.728759

YEAR	AVG_RWD		VIOLATIONS
				DAY	BATT
2000	 1.29		0	 0
2001	 1.31		0	 0
2002	 1.21		1	 0
2003	 1.31		0	 0
2004	 1.18		2	 0
2005	 1.36		0	 0
2006	 1.34		0	 0
2007	 1.25		3	 0
2008	 1.33		0	 0
2009	 1.32		0	 0
2010	 1.23		2	 0
2011	 1.28		1	 0
2012	 1.21		1	 0
2013	 1.22		2	 0
2014	 1.16		2	 0
2015	 1.18		1	 0
2016	 1.26		1	 0
2017	 1.21		1	 0
2018	 1.14		4	 0

TOTAL Day Violations:   21.0
TOTAL Batt Violations:  0.0
************************************

MODEL :  Q4
SEED  :  8
HOST  :  7574709303cc
DEVICE:  cpu
Train time: 0:30:02.510663

YEAR	AVG_RWD		VIOLATIONS
				DAY	BATT
2000	 1.24		0	 0
2001	 1.24		0	 0
2002	 1.16		0	 0
2003	 1.26		0	 0
2004	 1.12		0	 0
2005	 1.27		0	 0
2006	 1.31		0	 0
2007	 1.2		1	 0
2008	 1.25		0	 0
2009	 1.24		0	 0
2010	 1.17		0	 0
2011	 1.2		0	 0
2012	 1.14		0	 0
2013	 1.14		0	 0
2014	 1.11		0	 0
2015	 1.18		0	 0
2016	 1.24		1	 0
2017	 1.17		0	 0
2018	 1.15		0	 0

TOTAL Day Violations:   2.0
TOTAL Batt Violations:  0.0
************************************

MODEL :  Q4
SEED  :  9
HOST  :  7574709303cc
DEVICE:  cpu
Train time: 0:29:53.022677

YEAR	AVG_RWD		VIOLATIONS
				DAY	BATT
2000	 1.17		4	 0
2001	 1.16		5	 0
2002	 1.09		5	 2
2003	 1.21		2	 1
2004	 1.01		8	 4
2005	 1.21		2	 1
2006	 1.25		1	 0
2007	 1.1		9	 3
2008	 1.2		4	 3
2009	 1.15		5	 0
2010	 1.04		10	 2
2011	 1.09		8	 2
2012	 1.03		7	 2
2013	 0.98		15	 6
2014	 1.0		10	 7
2015	 1.03		13	 0
2016	 1.1		12	 7
2017	 1.02		13	 2
2018	 0.96		17	 5

TOTAL Day Violations:   150.0
TOTAL Batt Violations:  47.0
************************************
