
MODEL :  S1
SEED  :  0
HOST  :  p108
START :  2019-03-02 00:41:42.283420
DEVICE:  cpu
Train time: 13:48:41.524728

YEAR	AVG_RWD		VIOLATIONS
				DAY	BATT
2000	 1.16		0	 0
2001	 1.21		0	 0
2002	 1.11		1	 0
2003	 1.17		1	 0
2004	 1.12		1	 0
2005	 1.18		0	 0
2006	 1.21		0	 0
2007	 1.16		2	 0
2008	 1.2		1	 0
2009	 1.17		0	 0
2010	 1.13		1	 0
2011	 1.15		1	 0
2012	 1.14		0	 0
2013	 1.11		3	 0
2014	 1.09		2	 0
2015	 1.11		0	 0
2016	 1.19		0	 0
2017	 1.13		0	 0
2018	 1.13		3	 0

TOTAL Day Violations:   16.0
TOTAL Batt Violations:  0.0
************************************
MODEL :  S1
SEED  :  1
HOST  :  p109
START :  2019-03-02 00:41:42.277570
DEVICE:  cpu
Train time: 16:57:58.893212

YEAR	AVG_RWD		VIOLATIONS
				DAY	BATT
2000	 1.38		0	 0
2001	 1.43		0	 0
2002	 1.32		0	 0
2003	 1.34		0	 0
2004	 1.34		0	 0
2005	 1.42		0	 0
2006	 1.36		0	 0
2007	 1.39		0	 0
2008	 1.39		0	 0
2009	 1.38		0	 0
2010	 1.4		0	 0
2011	 1.42		0	 0
2012	 1.37		0	 0
2013	 1.4		0	 0
2014	 1.35		0	 0
2015	 1.37		0	 0
2016	 1.41		0	 0
2017	 1.39		0	 0
2018	 1.39		0	 0

TOTAL Day Violations:   0.0
TOTAL Batt Violations:  0.0
************************************

MODEL :  S1
SEED  :  2
HOST  :  p109
START :  2019-03-02 00:41:42.277820
DEVICE:  cpu
Train time: 15:50:01.727551

YEAR	AVG_RWD		VIOLATIONS
				DAY	BATT
2000	 1.15		0	 0
2001	 1.15		1	 0
2002	 1.07		1	 2
2003	 1.15		1	 0
2004	 1.05		6	 2
2005	 1.16		1	 0
2006	 1.18		0	 0
2007	 1.13		4	 3
2008	 1.15		3	 0
2009	 1.15		1	 0
2010	 1.1		4	 0
2011	 1.12		5	 1
2012	 1.06		4	 1
2013	 1.04		9	 4
2014	 1.07		9	 2
2015	 1.1		3	 0
2016	 1.14		7	 3
2017	 1.07		8	 1
2018	 1.06		8	 2

TOTAL Day Violations:   75.0
TOTAL Batt Violations:  21.0
************************************

MODEL :  S1
SEED  :  3
HOST  :  p109
START :  2019-03-02 00:41:42.278047
DEVICE:  cpu
Train time: 17:02:46.514339

YEAR	AVG_RWD		VIOLATIONS
				DAY	BATT
2000	 0.95		0	 0
2001	 0.97		0	 0
2002	 0.88		1	 0
2003	 0.98		1	 0
2004	 0.83		3	 0
2005	 0.94		1	 0
2006	 1.04		0	 0
2007	 0.92		3	 1
2008	 0.93		1	 0
2009	 0.96		0	 0
2010	 0.89		3	 0
2011	 0.89		4	 0
2012	 0.85		2	 0
2013	 0.84		4	 0
2014	 0.82		5	 0
2015	 0.92		2	 0
2016	 0.96		5	 1
2017	 0.89		5	 0
2018	 0.85		5	 0

TOTAL Day Violations:   45.0
TOTAL Batt Violations:  2.0
************************************

MODEL :  S1
SEED  :  4
HOST  :  p109
START :  2019-03-02 00:41:42.277358
DEVICE:  cpu
Train time: 17:03:05.096719

YEAR	AVG_RWD		VIOLATIONS
				DAY	BATT
2000	 1.13		0	 0
2001	 1.13		0	 0
2002	 1.06		1	 0
2003	 1.16		1	 0
2004	 1.04		3	 0
2005	 1.14		0	 0
2006	 1.21		0	 0
2007	 1.1		2	 0
2008	 1.13		1	 0
2009	 1.13		0	 0
2010	 1.08		3	 0
2011	 1.08		4	 0
2012	 1.03		1	 0
2013	 1.03		4	 0
2014	 1.02		5	 0
2015	 1.09		2	 0
2016	 1.13		4	 0
2017	 1.03		3	 0
2018	 1.03		6	 0

TOTAL Day Violations:   40.0
TOTAL Batt Violations:  0.0
************************************

MODEL :  S1
SEED  :  5
HOST  :  p109
START :  2019-03-02 00:41:42.277287
DEVICE:  cpu
Train time: 15:35:52.920174

YEAR	AVG_RWD		VIOLATIONS
				DAY	BATT
2000	 0.94		3	 0
2001	 0.97		4	 0
2002	 0.89		3	 1
2003	 0.99		1	 0
2004	 0.86		8	 0
2005	 0.97		2	 0
2006	 1.02		3	 0
2007	 0.91		9	 2
2008	 0.97		3	 0
2009	 0.96		5	 0
2010	 0.89		9	 0
2011	 0.9		6	 0
2012	 0.86		6	 1
2013	 0.84		13	 3
2014	 0.82		9	 3
2015	 0.91		8	 0
2016	 0.97		10	 2
2017	 0.86		16	 0
2018	 0.84		13	 2

TOTAL Day Violations:   131.0
TOTAL Batt Violations:  14.0
************************************

MODEL :  S1
SEED  :  6
HOST  :  p109
START :  2019-03-02 00:41:42.283020
DEVICE:  cpu
Train time: 16:47:20.245400

YEAR	AVG_RWD		VIOLATIONS
				DAY	BATT
2000	 1.4		0	 0
2001	 1.44		0	 0
2002	 1.31		0	 0
2003	 1.38		1	 0
2004	 1.34		0	 0
2005	 1.46		0	 0
2006	 1.41		0	 0
2007	 1.4		0	 0
2008	 1.42		0	 0
2009	 1.4		0	 0
2010	 1.38		0	 0
2011	 1.41		0	 0
2012	 1.35		0	 0
2013	 1.36		0	 0
2014	 1.34		0	 0
2015	 1.34		0	 0
2016	 1.41		0	 0
2017	 1.37		0	 0
2018	 1.35		0	 0

TOTAL Day Violations:   1.0
TOTAL Batt Violations:  0.0
************************************

MODEL :  S1
SEED  :  7
HOST  :  p109
START :  2019-03-02 00:41:42.277515
DEVICE:  cpu
Train time: 15:47:04.430739

YEAR	AVG_RWD		VIOLATIONS
				DAY	BATT
2000	 1.12		0	 0
2001	 1.13		0	 0
2002	 1.1		1	 0
2003	 1.12		1	 0
2004	 1.07		1	 0
2005	 1.15		0	 0
2006	 1.17		0	 0
2007	 1.13		4	 0
2008	 1.18		1	 0
2009	 1.13		0	 0
2010	 1.08		3	 0
2011	 1.07		2	 0
2012	 1.08		1	 0
2013	 1.05		1	 0
2014	 1.07		4	 0
2015	 1.08		2	 0
2016	 1.09		5	 0
2017	 1.04		1	 0
2018	 1.1		4	 0

TOTAL Day Violations:   31.0
TOTAL Batt Violations:  0.0
************************************

MODEL :  S1
SEED  :  8
HOST  :  p109
START :  2019-03-02 00:41:42.277788
DEVICE:  cpu
Train time: 15:38:11.353255

YEAR	AVG_RWD		VIOLATIONS
				DAY	BATT
2000	 1.12		0	 0
2001	 1.13		0	 0
2002	 1.09		1	 0
2003	 1.14		0	 0
2004	 1.05		0	 0
2005	 1.13		0	 0
2006	 1.15		0	 0
2007	 1.11		1	 0
2008	 1.13		0	 0
2009	 1.13		0	 0
2010	 1.1		0	 0
2011	 1.08		0	 0
2012	 1.06		1	 0
2013	 1.06		0	 0
2014	 1.06		0	 0
2015	 1.09		0	 0
2016	 1.11		1	 0
2017	 1.05		0	 0
2018	 1.07		0	 0

TOTAL Day Violations:   4.0
TOTAL Batt Violations:  0.0
************************************

MODEL :  S1
SEED  :  9
HOST  :  p109
START :  2019-03-02 00:41:42.282847
DEVICE:  cpu
Train time: 16:56:39.984532

YEAR	AVG_RWD		VIOLATIONS
				DAY	BATT
2000	 1.37		0	 0
2001	 1.38		2	 0
2002	 1.27		1	 0
2003	 1.41		1	 0
2004	 1.27		6	 0
2005	 1.44		1	 0
2006	 1.42		2	 0
2007	 1.35		5	 0
2008	 1.42		1	 0
2009	 1.38		4	 0
2010	 1.3		7	 0
2011	 1.38		6	 0
2012	 1.29		6	 0
2013	 1.3		12	 0
2014	 1.24		7	 0
2015	 1.3		4	 0
2016	 1.35		10	 0
2017	 1.31		8	 0
2018	 1.27		10	 0

TOTAL Day Violations:   93.0
TOTAL Batt Violations:  0.0
************************************
