MODEL :  S2
SEED  :  0
HOST  :  p109
START :  2019-03-02 00:41:42.282671
DEVICE:  cpu
Train time: 16:52:00.338731

YEAR	AVG_RWD		VIOLATIONS
				DAY	BATT
2000	 1.43		0	 0
2001	 1.46		0	 0
2002	 1.37		0	 0
2003	 1.44		0	 0
2004	 1.38		0	 0
2005	 1.53		0	 0
2006	 1.46		0	 0
2007	 1.45		0	 0
2008	 1.51		0	 0
2009	 1.43		0	 0
2010	 1.41		0	 0
2011	 1.48		0	 0
2012	 1.4		0	 0
2013	 1.43		0	 0
2014	 1.35		0	 0
2015	 1.4		0	 0
2016	 1.46		0	 0
2017	 1.39		0	 0
2018	 1.41		0	 0

TOTAL Day Violations:   0.0
TOTAL Batt Violations:  0.0
************************************

MODEL :  S2
SEED  :  1
HOST  :  p109
START :  2019-03-02 00:41:42.277562
DEVICE:  cpu
Train time: 16:44:30.683895

YEAR	AVG_RWD		VIOLATIONS
				DAY	BATT
2000	 1.15		0	 0
2001	 1.18		0	 0
2002	 1.06		1	 0
2003	 1.11		0	 0
2004	 1.09		3	 0
2005	 1.17		0	 0
2006	 1.18		0	 0
2007	 1.15		2	 0
2008	 1.18		1	 0
2009	 1.16		0	 0
2010	 1.13		2	 0
2011	 1.11		3	 0
2012	 1.13		1	 0
2013	 1.14		2	 0
2014	 1.08		5	 0
2015	 1.15		2	 0
2016	 1.17		3	 0
2017	 1.09		0	 0
2018	 1.11		4	 0

TOTAL Day Violations:   29.0
TOTAL Batt Violations:  0.0
************************************

MODEL :  S2
SEED  :  2
HOST  :  p109
START :  2019-03-02 00:41:42.278021
DEVICE:  cpu
Train time: 16:49:35.087928

YEAR	AVG_RWD		VIOLATIONS
				DAY	BATT
2000	 1.22		0	 0
2001	 1.26		0	 0
2002	 1.14		1	 0
2003	 1.2		1	 0
2004	 1.15		2	 0
2005	 1.24		0	 0
2006	 1.27		0	 0
2007	 1.23		2	 0
2008	 1.23		0	 0
2009	 1.21		0	 0
2010	 1.19		2	 0
2011	 1.19		0	 0
2012	 1.16		2	 0
2013	 1.17		4	 0
2014	 1.17		3	 0
2015	 1.22		2	 0
2016	 1.22		2	 0
2017	 1.16		2	 0
2018	 1.19		4	 0

TOTAL Day Violations:   27.0
TOTAL Batt Violations:  0.0
************************************

MODEL :  S2
SEED  :  3
HOST  :  p109
START :  2019-03-02 00:41:42.277987
DEVICE:  cpu
Train time: 16:17:26.366617

YEAR	AVG_RWD		VIOLATIONS
				DAY	BATT
2000	 1.31		0	 0
2001	 1.31		0	 0
2002	 1.22		1	 0
2003	 1.33		0	 0
2004	 1.17		3	 0
2005	 1.37		0	 0
2006	 1.37		0	 0
2007	 1.26		2	 0
2008	 1.32		1	 0
2009	 1.29		0	 0
2010	 1.23		1	 0
2011	 1.26		2	 0
2012	 1.18		2	 0
2013	 1.22		4	 0
2014	 1.18		4	 0
2015	 1.21		1	 0
2016	 1.28		3	 0
2017	 1.19		1	 0
2018	 1.16		4	 0

TOTAL Day Violations:   29.0
TOTAL Batt Violations:  0.0
************************************

MODEL :  S2
SEED  :  4
HOST  :  p109
START :  2019-03-02 00:41:42.277727
DEVICE:  cpu
Train time: 15:47:51.919491

YEAR	AVG_RWD		VIOLATIONS
				DAY	BATT
2000	 1.46		0	 0
2001	 1.49		0	 0
2002	 1.4		0	 0
2003	 1.44		0	 0
2004	 1.39		1	 0
2005	 1.47		0	 0
2006	 1.48		0	 0
2007	 1.46		2	 0
2008	 1.44		0	 0
2009	 1.47		0	 0
2010	 1.42		0	 0
2011	 1.46		0	 0
2012	 1.41		0	 0
2013	 1.44		1	 0
2014	 1.43		1	 0
2015	 1.44		0	 0
2016	 1.46		1	 0
2017	 1.43		0	 0
2018	 1.47		2	 0

TOTAL Day Violations:   8.0
TOTAL Batt Violations:  0.0
************************************

MODEL :  S2
SEED  :  5
HOST  :  p109
START :  2019-03-02 00:41:42.277992
DEVICE:  cpu
Train time: 16:13:33.558418

YEAR	AVG_RWD		VIOLATIONS
				DAY	BATT
2000	 1.13		0	 0
2001	 1.13		0	 0
2002	 1.02		1	 0
2003	 1.16		1	 0
2004	 1.02		4	 0
2005	 1.14		1	 0
2006	 1.19		0	 0
2007	 1.11		4	 0
2008	 1.15		1	 0
2009	 1.13		0	 0
2010	 1.07		3	 0
2011	 1.09		5	 0
2012	 1.03		3	 0
2013	 1.02		6	 0
2014	 1.01		3	 0
2015	 1.06		1	 0
2016	 1.13		4	 0
2017	 1.05		5	 0
2018	 1.03		5	 0

TOTAL Day Violations:   47.0
TOTAL Batt Violations:  0.0
************************************

MODEL :  S2
SEED  :  6
HOST  :  p109
START :  2019-03-02 00:41:42.282847
DEVICE:  cpu
Train time: 16:47:16.138488

YEAR	AVG_RWD		VIOLATIONS
				DAY	BATT
2000	 1.25		0	 0
2001	 1.29		0	 0
2002	 1.13		1	 0
2003	 1.2		2	 0
2004	 1.2		1	 0
2005	 1.25		0	 0
2006	 1.2		0	 0
2007	 1.22		2	 0
2008	 1.21		1	 0
2009	 1.23		0	 0
2010	 1.19		3	 0
2011	 1.3		3	 0
2012	 1.21		0	 0
2013	 1.2		2	 0
2014	 1.19		4	 0
2015	 1.18		1	 0
2016	 1.22		3	 0
2017	 1.23		1	 0
2018	 1.22		2	 0

TOTAL Day Violations:   26.0
TOTAL Batt Violations:  0.0
************************************

MODEL :  S2
SEED  :  7
HOST  :  p109
START :  2019-03-02 00:41:42.277234
DEVICE:  cpu
Train time: 15:37:04.793918

YEAR	AVG_RWD		VIOLATIONS
				DAY	BATT
2000	 1.11		4	 0
2001	 1.11		4	 0
2002	 1.03		5	 1
2003	 1.15		1	 0
2004	 1.01		9	 1
2005	 1.14		3	 0
2006	 1.18		3	 0
2007	 1.09		8	 1
2008	 1.16		3	 0
2009	 1.13		4	 0
2010	 1.06		9	 0
2011	 1.08		7	 0
2012	 1.03		7	 2
2013	 1.03		12	 1
2014	 0.99		11	 1
2015	 1.05		9	 0
2016	 1.1		13	 1
2017	 1.03		10	 0
2018	 1.02		16	 1

TOTAL Day Violations:   138.0
TOTAL Batt Violations:  9.0
************************************

MODEL :  S2
SEED  :  8
HOST  :  p109
START :  2019-03-02 00:41:42.277830
DEVICE:  cpu
Train time: 16:53:51.563906

YEAR	AVG_RWD		VIOLATIONS
				DAY	BATT
2000	 1.26		3	 3
2001	 0.92		17	 59
2002	 0.93		9	 23
2003	 1.3		3	 1
2004	 0.62		25	 91
2005	 1.3		3	 6
2006	 1.26		2	 0
2007	 0.62		31	 124
2008	 1.17		6	 14
2009	 1.03		9	 28
2010	 0.67		28	 115
2011	 0.87		17	 72
2012	 0.59		24	 78
2013	 0.61		27	 108
2014	 0.71		21	 72
2015	 0.89		10	 23
2016	 1.06		8	 29
2017	 0.66		27	 72
2018	 0.54		28	 111

TOTAL Day Violations:   298.0
TOTAL Batt Violations:  1029.0
************************************

MODEL :  S2
SEED  :  9
HOST  :  p109
START :  2019-03-02 00:41:42.282602
DEVICE:  cpu
Train time: 16:59:21.685390

YEAR	AVG_RWD		VIOLATIONS
				DAY	BATT
2000	 1.21		0	 0
2001	 1.22		0	 0
2002	 1.13		1	 0
2003	 1.19		0	 0
2004	 1.12		2	 0
2005	 1.23		0	 0
2006	 1.23		0	 0
2007	 1.19		3	 0
2008	 1.22		1	 0
2009	 1.18		0	 0
2010	 1.15		1	 0
2011	 1.16		2	 0
2012	 1.12		1	 0
2013	 1.14		2	 0
2014	 1.13		2	 0
2015	 1.13		1	 0
2016	 1.2		2	 0
2017	 1.11		2	 0
2018	 1.16		2	 0

TOTAL Day Violations:   22.0
TOTAL Batt Violations:  0.0
************************************
