MODEL :  S3
SEED  :  0
HOST  :  p109
START :  2019-03-02 00:41:42.277325
DEVICE:  cpu
Train time: 16:35:36.606849

YEAR	AVG_RWD		VIOLATIONS
				DAY	BATT
2000	 1.19		0	 0
2001	 1.17		0	 0
2002	 1.12		0	 0
2003	 1.17		0	 0
2004	 1.11		0	 0
2005	 1.22		0	 0
2006	 1.2		0	 0
2007	 1.19		1	 0
2008	 1.2		0	 0
2009	 1.18		0	 0
2010	 1.16		0	 0
2011	 1.14		0	 0
2012	 1.16		0	 0
2013	 1.14		0	 0
2014	 1.12		0	 0
2015	 1.15		0	 0
2016	 1.17		0	 0
2017	 1.1		0	 0
2018	 1.13		0	 0

TOTAL Day Violations:   1.0
TOTAL Batt Violations:  0.0
************************************

MODEL :  S3
SEED  :  1
HOST  :  p109
START :  2019-03-02 00:41:42.277622
DEVICE:  cpu
Train time: 15:39:13.633328

YEAR	AVG_RWD		VIOLATIONS
				DAY	BATT
2000	 1.28		0	 0
2001	 1.31		0	 0
2002	 1.18		1	 0
2003	 1.28		1	 0
2004	 1.2		3	 0
2005	 1.32		0	 0
2006	 1.29		0	 0
2007	 1.27		2	 0
2008	 1.29		1	 0
2009	 1.28		0	 0
2010	 1.22		3	 0
2011	 1.27		4	 0
2012	 1.2		2	 0
2013	 1.22		4	 0
2014	 1.18		5	 0
2015	 1.23		2	 0
2016	 1.28		4	 1
2017	 1.24		2	 0
2018	 1.21		5	 0

TOTAL Day Violations:   39.0
TOTAL Batt Violations:  1.0
************************************

MODEL :  S3
SEED  :  2
HOST  :  p109
START :  2019-03-02 00:41:42.275871
DEVICE:  cpu
Train time: 16:58:39.240406

YEAR	AVG_RWD		VIOLATIONS
				DAY	BATT
2000	 1.43		0	 0
2001	 1.54		0	 0
2002	 1.39		0	 0
2003	 1.42		1	 0
2004	 1.44		0	 0
2005	 1.49		0	 0
2006	 1.4		0	 0
2007	 1.47		1	 0
2008	 1.47		0	 0
2009	 1.44		0	 0
2010	 1.45		0	 0
2011	 1.51		0	 0
2012	 1.45		0	 0
2013	 1.49		0	 0
2014	 1.45		0	 0
2015	 1.45		0	 0
2016	 1.48		0	 0
2017	 1.49		0	 0
2018	 1.49		0	 0

TOTAL Day Violations:   2.0
TOTAL Batt Violations:  0.0
************************************

MODEL :  S3
SEED  :  3
HOST  :  p109
START :  2019-03-02 00:41:42.282978
DEVICE:  cpu
Train time: 16:53:41.481509

YEAR	AVG_RWD		VIOLATIONS
				DAY	BATT
2000	 1.28		0	 0
2001	 1.28		0	 0
2002	 1.22		0	 0
2003	 1.27		0	 0
2004	 1.19		0	 0
2005	 1.27		0	 0
2006	 1.32		0	 0
2007	 1.28		0	 0
2008	 1.27		0	 0
2009	 1.27		0	 0
2010	 1.22		0	 0
2011	 1.25		0	 0
2012	 1.2		0	 0
2013	 1.22		0	 0
2014	 1.19		0	 0
2015	 1.25		0	 0
2016	 1.28		0	 0
2017	 1.21		0	 0
2018	 1.22		0	 0

TOTAL Day Violations:   0.0
TOTAL Batt Violations:  0.0
************************************

MODEL :  S3
SEED  :  4
HOST  :  p109
START :  2019-03-02 00:41:42.282682
DEVICE:  cpu
Train time: 16:54:48.649645

YEAR	AVG_RWD		VIOLATIONS
				DAY	BATT
2000	 1.09		0	 0
2001	 1.09		0	 0
2002	 1.07		0	 0
2003	 1.07		0	 0
2004	 1.02		0	 0
2005	 1.08		0	 0
2006	 1.11		0	 0
2007	 1.07		0	 0
2008	 1.11		0	 0
2009	 1.07		0	 0
2010	 1.06		0	 0
2011	 1.05		0	 0
2012	 1.06		0	 0
2013	 1.07		0	 0
2014	 1.05		0	 0
2015	 1.08		0	 0
2016	 1.11		0	 0
2017	 1.04		0	 0
2018	 1.06		0	 0

TOTAL Day Violations:   0.0
TOTAL Batt Violations:  0.0
************************************

MODEL :  S3
SEED  :  5
HOST  :  p109
START :  2019-03-02 00:41:42.277304
DEVICE:  cpu
Train time: 16:20:12.294947

YEAR	AVG_RWD		VIOLATIONS
				DAY	BATT
2000	 1.1		0	 0
2001	 1.14		0	 0
2002	 1.01		0	 0
2003	 1.09		1	 0
2004	 1.04		0	 0
2005	 1.14		0	 0
2006	 1.14		0	 0
2007	 1.11		1	 0
2008	 1.13		0	 0
2009	 1.11		0	 0
2010	 1.06		0	 0
2011	 1.12		0	 0
2012	 1.05		0	 0
2013	 1.04		0	 0
2014	 1.01		0	 0
2015	 1.06		0	 0
2016	 1.12		0	 0
2017	 1.06		0	 0
2018	 1.06		0	 0

TOTAL Day Violations:   2.0
TOTAL Batt Violations:  0.0
************************************

MODEL :  S3
SEED  :  6
HOST  :  p109
START :  2019-03-02 00:41:42.277026
DEVICE:  cpu
Train time: 15:50:42.943559

YEAR	AVG_RWD		VIOLATIONS
				DAY	BATT
2000	 1.43		0	 0
2001	 1.41		0	 0
2002	 1.34		0	 0
2003	 1.39		0	 0
2004	 1.32		0	 0
2005	 1.43		0	 0
2006	 1.42		0	 0
2007	 1.39		0	 0
2008	 1.45		0	 0
2009	 1.4		0	 0
2010	 1.36		0	 0
2011	 1.38		0	 0
2012	 1.34		0	 0
2013	 1.35		0	 0
2014	 1.33		0	 0
2015	 1.36		0	 0
2016	 1.4		0	 0
2017	 1.34		0	 0
2018	 1.34		1	 0

TOTAL Day Violations:   1.0
TOTAL Batt Violations:  0.0
************************************

MODEL :  S3
SEED  :  7
HOST  :  p109
START :  2019-03-02 00:41:42.277737
DEVICE:  cpu
Train time: 16:24:37.382334

YEAR	AVG_RWD		VIOLATIONS
				DAY	BATT
2000	 1.18		0	 0
2001	 1.17		0	 0
2002	 1.08		1	 0
2003	 1.19		0	 0
2004	 1.03		2	 0
2005	 1.18		0	 0
2006	 1.24		0	 0
2007	 1.14		1	 0
2008	 1.17		1	 0
2009	 1.17		0	 0
2010	 1.09		3	 0
2011	 1.11		2	 0
2012	 1.04		1	 0
2013	 1.05		3	 0
2014	 1.02		3	 0
2015	 1.1		1	 0
2016	 1.16		4	 0
2017	 1.08		1	 0
2018	 1.05		5	 0

TOTAL Day Violations:   28.0
TOTAL Batt Violations:  0.0
************************************

MODEL :  S3
SEED  :  8
HOST  :  p109
START :  2019-03-02 00:41:42.277360
DEVICE:  cpu
Train time: 15:46:09.031181

YEAR	AVG_RWD		VIOLATIONS
				DAY	BATT
2000	 0.65		0	 0
2001	 0.76		0	 0
2002	 0.55		2	 0
2003	 0.63		3	 0
2004	 0.71		0	 0
2005	 0.87		0	 0
2006	 0.59		0	 0
2007	 0.75		0	 0
2008	 0.78		0	 0
2009	 0.71		0	 0
2010	 0.75		0	 0
2011	 0.89		1	 0
2012	 0.81		0	 0
2013	 0.89		0	 0
2014	 0.71		0	 0
2015	 0.63		0	 0
2016	 0.74		0	 0
2017	 0.84		1	 0
2018	 0.75		1	 0

TOTAL Day Violations:   8.0
TOTAL Batt Violations:  0.0
************************************

MODEL :  S3
SEED  :  9
HOST  :  p109
START :  2019-03-02 00:41:42.277083
DEVICE:  cpu
Train time: 15:47:55.628548

YEAR	AVG_RWD		VIOLATIONS
				DAY	BATT
2000	 1.41		0	 0
2001	 1.41		0	 0
2002	 1.36		0	 0
2003	 1.41		0	 0
2004	 1.33		0	 0
2005	 1.44		0	 0
2006	 1.44		0	 0
2007	 1.41		0	 0
2008	 1.45		0	 0
2009	 1.4		0	 0
2010	 1.37		0	 0
2011	 1.4		0	 0
2012	 1.36		0	 0
2013	 1.37		0	 0
2014	 1.36		0	 0
2015	 1.37		0	 0
2016	 1.43		0	 0
2017	 1.37		0	 0
2018	 1.38		0	 0

TOTAL Day Violations:   0.0
TOTAL Batt Violations:  0.0
************************************
