
MODEL :  S4
SEED  :  0
HOST  :  p108
START :  2019-03-02 00:41:42.277829
DEVICE:  cpu
Train time: 14:08:38.581250

YEAR	AVG_RWD		VIOLATIONS
				DAY	BATT
2000	 0.99		0	 0
2001	 1.07		0	 0
2002	 0.89		0	 0
2003	 1.0		2	 0
2004	 0.99		0	 0
2005	 1.12		0	 0
2006	 1.0		0	 0
2007	 1.02		0	 0
2008	 1.05		0	 0
2009	 1.01		0	 0
2010	 1.01		0	 0
2011	 1.1		0	 0
2012	 1.01		0	 0
2013	 1.03		0	 0
2014	 0.95		0	 0
2015	 0.95		0	 0
2016	 1.04		0	 0
2017	 1.05		0	 0
2018	 1.01		0	 0

TOTAL Day Violations:   2.0
TOTAL Batt Violations:  0.0
************************************

MODEL :  S4
SEED  :  1
HOST  :  p108
START :  2019-03-02 00:41:42.277593
DEVICE:  cpu
Train time: 16:49:57.049040

YEAR	AVG_RWD		VIOLATIONS
				DAY	BATT
2000	 1.37		0	 0
2001	 1.41		0	 0
2002	 1.31		0	 0
2003	 1.36		0	 0
2004	 1.33		0	 0
2005	 1.38		0	 0
2006	 1.41		0	 0
2007	 1.4		0	 0
2008	 1.39		0	 0
2009	 1.39		0	 0
2010	 1.34		0	 0
2011	 1.37		0	 0
2012	 1.31		0	 0
2013	 1.36		0	 0
2014	 1.32		0	 0
2015	 1.38		0	 0
2016	 1.39		0	 0
2017	 1.33		0	 0
2018	 1.37		0	 0

TOTAL Day Violations:   0.0
TOTAL Batt Violations:  0.0
************************************

MODEL :  S4
SEED  :  2
HOST  :  p108
START :  2019-03-02 00:41:42.278020
DEVICE:  cpu
Train time: 16:53:04.757204

YEAR	AVG_RWD		VIOLATIONS
				DAY	BATT
2000	 1.3		1	 0
2001	 1.29		2	 0
2002	 1.21		2	 2
2003	 1.32		1	 0
2004	 1.19		6	 2
2005	 1.31		4	 0
2006	 1.35		2	 0
2007	 1.27		5	 3
2008	 1.29		3	 0
2009	 1.3		4	 0
2010	 1.23		10	 3
2011	 1.26		7	 4
2012	 1.2		7	 3
2013	 1.2		11	 4
2014	 1.19		7	 4
2015	 1.24		6	 2
2016	 1.29		10	 5
2017	 1.22		9	 1
2018	 1.22		12	 8

TOTAL Day Violations:   109.0
TOTAL Batt Violations:  41.0
************************************

MODEL :  S4
SEED  :  3
HOST  :  p108
START :  2019-03-02 00:41:42.277899
DEVICE:  cpu
Train time: 16:27:05.857984

YEAR	AVG_RWD		VIOLATIONS
				DAY	BATT
2000	 1.22		0	 0
2001	 1.21		0	 0
2002	 1.14		1	 0
2003	 1.21		0	 0
2004	 1.12		0	 0
2005	 1.2		0	 0
2006	 1.26		0	 0
2007	 1.21		1	 0
2008	 1.21		0	 0
2009	 1.21		0	 0
2010	 1.17		0	 0
2011	 1.17		0	 0
2012	 1.13		0	 0
2013	 1.14		0	 0
2014	 1.15		0	 0
2015	 1.19		0	 0
2016	 1.21		1	 0
2017	 1.16		0	 0
2018	 1.16		0	 0

TOTAL Day Violations:   3.0
TOTAL Batt Violations:  0.0
************************************

MODEL :  S4
SEED  :  4
HOST  :  p108
START :  2019-03-02 00:41:42.277496
DEVICE:  cpu
Train time: 16:44:46.119175

YEAR	AVG_RWD		VIOLATIONS
				DAY	BATT
2000	 1.43		0	 0
2001	 1.46		0	 0
2002	 1.35		1	 0
2003	 1.38		1	 0
2004	 1.39		3	 0
2005	 1.44		0	 0
2006	 1.41		0	 0
2007	 1.42		2	 0
2008	 1.42		1	 0
2009	 1.43		0	 0
2010	 1.4		2	 0
2011	 1.45		1	 0
2012	 1.4		1	 0
2013	 1.42		3	 0
2014	 1.38		2	 0
2015	 1.41		2	 0
2016	 1.43		3	 0
2017	 1.4		2	 0
2018	 1.43		4	 0

TOTAL Day Violations:   28.0
TOTAL Batt Violations:  0.0
************************************

MODEL :  S4
SEED  :  5
HOST  :  p108
START :  2019-03-02 00:41:42.277879
DEVICE:  cpu
Train time: 16:46:44.575718

YEAR	AVG_RWD		VIOLATIONS
				DAY	BATT
2000	 1.14		0	 0
2001	 1.15		0	 0
2002	 1.08		0	 0
2003	 1.14		0	 0
2004	 1.09		1	 0
2005	 1.17		0	 0
2006	 1.17		0	 0
2007	 1.15		1	 0
2008	 1.17		0	 0
2009	 1.14		0	 0
2010	 1.1		0	 0
2011	 1.14		0	 0
2012	 1.1		0	 0
2013	 1.1		2	 0
2014	 1.07		1	 0
2015	 1.11		0	 0
2016	 1.15		1	 0
2017	 1.11		0	 0
2018	 1.09		1	 0

TOTAL Day Violations:   7.0
TOTAL Batt Violations:  0.0
************************************

MODEL :  S4
SEED  :  6
HOST  :  p108
START :  2019-03-02 00:41:42.289536
DEVICE:  cpu
Train time: 14:04:41.597574

YEAR	AVG_RWD		VIOLATIONS
				DAY	BATT
2000	 1.32		0	 0
2001	 1.37		0	 0
2002	 1.25		0	 0
2003	 1.35		0	 0
2004	 1.27		0	 0
2005	 1.41		0	 0
2006	 1.38		0	 0
2007	 1.33		1	 0
2008	 1.37		0	 0
2009	 1.34		0	 0
2010	 1.29		1	 0
2011	 1.34		2	 0
2012	 1.28		0	 0
2013	 1.3		2	 0
2014	 1.22		1	 0
2015	 1.27		1	 0
2016	 1.36		0	 0
2017	 1.3		0	 0
2018	 1.28		1	 0

TOTAL Day Violations:   9.0
TOTAL Batt Violations:  0.0
************************************

MODEL :  S4
SEED  :  7
HOST  :  p108
START :  2019-03-02 00:41:42.278215
DEVICE:  cpu
Train time: 14:16:17.858470

YEAR	AVG_RWD		VIOLATIONS
				DAY	BATT
2000	 0.78		0	 0
2001	 0.87		0	 0
2002	 0.7		1	 0
2003	 0.78		2	 0
2004	 0.74		0	 0
2005	 0.93		0	 0
2006	 0.79		0	 0
2007	 0.82		1	 0
2008	 0.86		0	 0
2009	 0.82		0	 0
2010	 0.79		0	 0
2011	 0.87		0	 0
2012	 0.79		0	 0
2013	 0.81		2	 0
2014	 0.75		0	 0
2015	 0.75		0	 0
2016	 0.83		1	 0
2017	 0.82		0	 0
2018	 0.77		0	 0

TOTAL Day Violations:   7.0
TOTAL Batt Violations:  0.0
************************************

MODEL :  S4
SEED  :  8
HOST  :  p108
START :  2019-03-02 00:41:42.289409
DEVICE:  cpu
Train time: 14:00:30.503333

YEAR	AVG_RWD		VIOLATIONS
				DAY	BATT
2000	 0.96		1	 0
2001	 0.97		4	 0
2002	 0.9		2	 0
2003	 1.01		1	 0
2004	 0.85		5	 0
2005	 0.98		0	 0
2006	 1.05		2	 0
2007	 0.94		6	 0
2008	 1.0		2	 0
2009	 0.96		5	 0
2010	 0.9		6	 0
2011	 0.88		5	 0
2012	 0.86		7	 0
2013	 0.87		10	 0
2014	 0.86		8	 0
2015	 0.92		5	 0
2016	 0.96		7	 0
2017	 0.87		14	 0
2018	 0.85		15	 0

TOTAL Day Violations:   105.0
TOTAL Batt Violations:  0.0
************************************

MODEL :  S4
SEED  :  9
HOST  :  p108
START :  2019-03-02 00:41:42.289556
DEVICE:  cpu
Train time: 16:40:58.290890

YEAR	AVG_RWD		VIOLATIONS
				DAY	BATT
2000	 1.42		0	 0
2001	 1.45		0	 0
2002	 1.36		0	 0
2003	 1.43		0	 0
2004	 1.37		0	 0
2005	 1.48		0	 0
2006	 1.44		0	 0
2007	 1.45		0	 0
2008	 1.48		0	 0
2009	 1.44		0	 0
2010	 1.41		0	 0
2011	 1.45		0	 0
2012	 1.4		0	 0
2013	 1.41		0	 0
2014	 1.38		0	 0
2015	 1.4		0	 0
2016	 1.45		0	 0
2017	 1.39		0	 0
2018	 1.4		0	 0

TOTAL Day Violations:   0.0
TOTAL Batt Violations:  0.0
************************************