
MODEL :  T2
SEED  :  0
HOST  :  p110
START :  2019-03-02 02:43:54.026084
DEVICE:  cpu
Train time: 0:27:35.823936

YEAR	AVG_RWD		VIOLATIONS
				DAY	BATT
2000	 0.82		0	 0
2001	 0.83		0	 0
2002	 0.79		0	 0
2003	 0.87		0	 0
2004	 0.74		1	 0
2005	 0.86		0	 0
2006	 0.91		0	 0
2007	 0.8		1	 0
2008	 0.87		0	 0
2009	 0.84		0	 0
2010	 0.77		0	 0
2011	 0.77		0	 0
2012	 0.75		0	 0
2013	 0.71		0	 0
2014	 0.71		0	 0
2015	 0.78		0	 0
2016	 0.82		1	 0
2017	 0.75		0	 0
2018	 0.7		0	 0

TOTAL Day Violations:   3.0
TOTAL Batt Violations:  0.0
************************************

MODEL :  T2
SEED  :  1
HOST  :  p110
START :  2019-03-02 02:43:54.026007
DEVICE:  cpu
Train time: 0:31:11.305137

YEAR	AVG_RWD		VIOLATIONS
				DAY	BATT
2000	 0.33		22	 0
2001	 0.36		24	 0
2002	 0.25		20	 5
2003	 0.42		10	 2
2004	 0.14		28	 9
2005	 0.28		18	 2
2006	 0.52		16	 0
2007	 0.27		33	 6
2008	 0.31		23	 5
2009	 0.35		24	 1
2010	 0.21		37	 7
2011	 0.19		29	 11
2012	 0.09		36	 4
2013	 0.04		41	 11
2014	 0.12		38	 14
2015	 0.26		34	 4
2016	 0.32		26	 13
2017	 0.18		30	 8
2018	 0.12		36	 13

TOTAL Day Violations:   525.0
TOTAL Batt Violations:  115.0
************************************

MODEL :  T2
SEED  :  2
HOST  :  p110
START :  2019-03-02 02:43:54.025983
DEVICE:  cpu
Train time: 0:30:56.188647

YEAR	AVG_RWD		VIOLATIONS
				DAY	BATT
2000	 0.79		0	 0
2001	 0.82		0	 0
2002	 0.74		1	 0
2003	 0.84		1	 0
2004	 0.68		4	 0
2005	 0.82		1	 0
2006	 0.9		0	 0
2007	 0.78		4	 0
2008	 0.82		2	 0
2009	 0.81		0	 0
2010	 0.73		3	 0
2011	 0.71		5	 0
2012	 0.68		2	 0
2013	 0.67		6	 0
2014	 0.68		5	 0
2015	 0.73		2	 0
2016	 0.78		5	 0
2017	 0.68		4	 0
2018	 0.65		5	 0

TOTAL Day Violations:   50.0
TOTAL Batt Violations:  0.0
************************************

MODEL :  T2
SEED  :  3
HOST  :  p110
START :  2019-03-02 02:43:54.026003
DEVICE:  cpu
Train time: 0:28:07.243725

YEAR	AVG_RWD		VIOLATIONS
				DAY	BATT
2000	 0.76		6	 0
2001	 0.72		15	 12
2002	 0.65		7	 8
2003	 0.91		1	 0
2004	 0.52		10	 11
2005	 0.83		2	 0
2006	 1.0		2	 0
2007	 0.69		13	 7
2008	 0.84		2	 0
2009	 0.81		4	 5
2010	 0.58		13	 14
2011	 0.61		13	 22
2012	 0.47		8	 6
2013	 0.41		20	 31
2014	 0.38		19	 25
2015	 0.58		15	 12
2016	 0.75		12	 10
2017	 0.57		12	 15
2018	 0.42		20	 25

TOTAL Day Violations:   194.0
TOTAL Batt Violations:  203.0
************************************

MODEL :  T2
SEED  :  4
HOST  :  p110
START :  2019-03-02 02:43:54.025967
DEVICE:  cpu
Train time: 0:27:47.822326

YEAR	AVG_RWD		VIOLATIONS
				DAY	BATT
2000	 -0.22		35	 6
2001	 -0.22		35	 8
2002	 -0.27		37	 11
2003	 -0.17		20	 5
2004	 -0.33		44	 21
2005	 -0.26		21	 6
2006	 -0.08		24	 3
2007	 -0.28		42	 21
2008	 -0.2		24	 11
2009	 -0.21		37	 11
2010	 -0.31		50	 18
2011	 -0.33		47	 20
2012	 -0.33		47	 14
2013	 -0.41		48	 33
2014	 -0.35		57	 26
2015	 -0.27		48	 17
2016	 -0.25		37	 25
2017	 -0.35		42	 26
2018	 -0.38		58	 32

TOTAL Day Violations:   753.0
TOTAL Batt Violations:  314.0
************************************

MODEL :  T2
SEED  :  5
HOST  :  p110
START :  2019-03-02 02:43:54.026070
DEVICE:  cpu
Train time: 0:30:57.063210

YEAR	AVG_RWD		VIOLATIONS
				DAY	BATT
2000	 1.14		2	 0
2001	 1.15		3	 0
2002	 1.04		1	 0
2003	 1.2		0	 0
2004	 0.99		4	 0
2005	 1.19		0	 0
2006	 1.26		2	 0
2007	 1.1		7	 0
2008	 1.18		0	 0
2009	 1.15		2	 0
2010	 1.05		7	 0
2011	 1.08		4	 0
2012	 0.98		6	 0
2013	 0.97		7	 0
2014	 0.97		5	 0
2015	 1.05		3	 0
2016	 1.15		5	 0
2017	 1.03		5	 0
2018	 0.98		7	 0

TOTAL Day Violations:   70.0
TOTAL Batt Violations:  0.0
************************************

MODEL :  T2
SEED  :  6
HOST  :  p110
START :  2019-03-02 02:43:54.026016
DEVICE:  cpu
Train time: 0:28:52.768412

YEAR	AVG_RWD		VIOLATIONS
				DAY	BATT
2000	 1.38		0	 0
2001	 1.43		0	 0
2002	 1.33		0	 0
2003	 1.39		0	 0
2004	 1.33		0	 0
2005	 1.44		0	 0
2006	 1.43		0	 0
2007	 1.41		0	 0
2008	 1.42		0	 0
2009	 1.4		0	 0
2010	 1.38		0	 0
2011	 1.4		0	 0
2012	 1.33		0	 0
2013	 1.37		0	 0
2014	 1.34		0	 0
2015	 1.38		0	 0
2016	 1.43		0	 0
2017	 1.36		0	 0
2018	 1.39		0	 0

TOTAL Day Violations:   0.0
TOTAL Batt Violations:  0.0
************************************

MODEL :  T2
SEED  :  7
HOST  :  p110
START :  2019-03-02 02:43:54.025999
DEVICE:  cpu
Train time: 0:31:04.110815

YEAR	AVG_RWD		VIOLATIONS
				DAY	BATT
2000	 1.38		0	 0
2001	 1.4		0	 0
2002	 1.31		1	 0
2003	 1.4		0	 0
2004	 1.28		0	 0
2005	 1.42		0	 0
2006	 1.44		0	 0
2007	 1.38		1	 0
2008	 1.41		0	 0
2009	 1.39		0	 0
2010	 1.33		0	 0
2011	 1.36		0	 0
2012	 1.3		0	 0
2013	 1.31		1	 0
2014	 1.27		0	 0
2015	 1.35		0	 0
2016	 1.39		1	 0
2017	 1.34		0	 0
2018	 1.32		1	 0

TOTAL Day Violations:   5.0
TOTAL Batt Violations:  0.0
************************************

MODEL :  T2
SEED  :  8
HOST  :  p110
START :  2019-03-02 02:43:54.026019
DEVICE:  cpu
Train time: 0:30:37.621240

YEAR	AVG_RWD		VIOLATIONS
				DAY	BATT
2000	 0.4		3	 0
2001	 0.41		8	 0
2002	 0.42		3	 1
2003	 0.49		1	 0
2004	 0.33		12	 2
2005	 0.43		5	 0
2006	 0.52		2	 0
2007	 0.4		11	 3
2008	 0.46		4	 0
2009	 0.44		4	 0
2010	 0.37		9	 1
2011	 0.35		10	 3
2012	 0.36		10	 0
2013	 0.31		16	 0
2014	 0.35		15	 1
2015	 0.41		9	 2
2016	 0.38		9	 2
2017	 0.32		13	 1
2018	 0.32		17	 2

TOTAL Day Violations:   161.0
TOTAL Batt Violations:  18.0
************************************

MODEL :  T2
SEED  :  9
HOST  :  p110
START :  2019-03-02 02:43:54.026015
DEVICE:  cpu
Train time: 0:30:22.450417

YEAR	AVG_RWD		VIOLATIONS
				DAY	BATT
2000	 1.24		0	 0
2001	 1.28		0	 0
2002	 1.16		1	 0
2003	 1.27		0	 0
2004	 1.14		0	 0
2005	 1.26		0	 0
2006	 1.32		0	 0
2007	 1.24		0	 0
2008	 1.24		0	 0
2009	 1.25		0	 0
2010	 1.2		0	 0
2011	 1.21		0	 0
2012	 1.13		0	 0
2013	 1.14		0	 0
2014	 1.16		0	 0
2015	 1.2		0	 0
2016	 1.26		1	 0
2017	 1.17		0	 0
2018	 1.16		0	 0

TOTAL Day Violations:   2.0
TOTAL Batt Violations:  0.0
************************************
